<?xml version="1.0" encoding="UTF-8"?>
<testsuites>
  <testsuite name="Tests\Unit\Services\AdPlatforms\GoogleAdsPlatformTest" file="/home/user/cmis.marketing.limited/tests/Unit/Services/AdPlatforms/GoogleAdsPlatformTest.php" tests="47" assertions="0" errors="47" failures="0" skipped="0" time="0.000000">
    <testcase name="it_adds_keywords_to_ad_group" file="/home/user/cmis.marketing.limited/tests/Unit/Services/AdPlatforms/GoogleAdsPlatformTest.php" line="191" class="Tests\Unit\Services\AdPlatforms\GoogleAdsPlatformTest" classname="Tests.Unit.Services.AdPlatforms.GoogleAdsPlatformTest" assertions="0" time="0.000000">
      <error type="Illuminate\Database\QueryException">Tests\Unit\Services\AdPlatforms\GoogleAdsPlatformTest::it_adds_keywords_to_ad_group
Illuminate\Database\QueryException: SQLSTATE[08006] [7] connection to server at "127.0.0.1", port 5432 failed: FATAL:  password authentication failed for user "begin" (Connection: pgsql, SQL: select exists (select 1 from pg_class c, pg_namespace n where n.nspname = current_schema() and c.relname = 'migrations' and c.relkind in ('r', 'p') and n.oid = c.relnamespace))

/home/user/cmis.marketing.limited/vendor/laravel/framework/src/Illuminate/Database/Connection.php:824
/home/user/cmis.marketing.limited/vendor/laravel/framework/src/Illuminate/Database/Connection.php:778
/home/user/cmis.marketing.limited/vendor/laravel/framework/src/Illuminate/Database/Connection.php:397
/home/user/cmis.marketing.limited/vendor/laravel/framework/src/Illuminate/Database/Connection.php:343
/home/user/cmis.marketing.limited/vendor/laravel/framework/src/Illuminate/Database/Connection.php:360
/home/user/cmis.marketing.limited/vendor/laravel/framework/src/Illuminate/Database/Schema/Builder.php:174
/home/user/cmis.marketing.limited/vendor/laravel/framework/src/Illuminate/Database/Migrations/DatabaseMigrationRepository.php:185
/home/user/cmis.marketing.limited/vendor/laravel/framework/src/Illuminate/Database/Migrations/Migrator.php:753
/home/user/cmis.marketing.limited/vendor/laravel/framework/src/Illuminate/Database/Console/Migrations/FreshCommand.php:67
/home/user/cmis.marketing.limited/vendor/laravel/framework/src/Illuminate/Database/Migrations/Migrator.php:666
/home/user/cmis.marketing.limited/vendor/laravel/framework/src/Illuminate/Database/Console/Migrations/FreshCommand.php:66
/home/user/cmis.marketing.limited/vendor/laravel/framework/src/Illuminate/Container/BoundMethod.php:36
/home/user/cmis.marketing.limited/vendor/laravel/framework/src/Illuminate/Container/Util.php:43
/home/user/cmis.marketing.limited/vendor/laravel/framework/src/Illuminate/Container/BoundMethod.php:96
/home/user/cmis.marketing.limited/vendor/laravel/framework/src/Illuminate/Container/BoundMethod.php:35
/home/user/cmis.marketing.limited/vendor/laravel/framework/src/Illuminate/Container/Container.php:836
/home/user/cmis.marketing.limited/vendor/laravel/framework/src/Illuminate/Console/Command.php:211
/home/user/cmis.marketing.limited/vendor/symfony/console/Command/Command.php:318
/home/user/cmis.marketing.limited/vendor/laravel/framework/src/Illuminate/Console/Command.php:180
/home/user/cmis.marketing.limited/vendor/symfony/console/Application.php:1073
/home/user/cmis.marketing.limited/vendor/symfony/console/Application.php:356
/home/user/cmis.marketing.limited/vendor/symfony/console/Application.php:195
/home/user/cmis.marketing.limited/vendor/laravel/framework/src/Illuminate/Console/Application.php:165
/home/user/cmis.marketing.limited/vendor/laravel/framework/src/Illuminate/Foundation/Console/Kernel.php:426
/home/user/cmis.marketing.limited/vendor/laravel/framework/src/Illuminate/Testing/PendingCommand.php:451
/home/user/cmis.marketing.limited/vendor/laravel/framework/src/Illuminate/Testing/PendingCommand.php:675
/home/user/cmis.marketing.limited/vendor/laravel/framework/src/Illuminate/Foundation/Testing/Concerns/InteractsWithConsole.php:87
/home/user/cmis.marketing.limited/vendor/laravel/framework/src/Illuminate/Foundation/Testing/RefreshDatabase.php:101
/home/user/cmis.marketing.limited/vendor/laravel/framework/src/Illuminate/Foundation/Testing/RefreshDatabase.php:84
/home/user/cmis.marketing.limited/vendor/laravel/framework/src/Illuminate/Foundation/Testing/RefreshDatabase.php:25
/home/user/cmis.marketing.limited/vendor/laravel/framework/src/Illuminate/Foundation/Testing/Concerns/InteractsWithTestCaseLifecycle.php:209
/home/user/cmis.marketing.limited/vendor/laravel/framework/src/Illuminate/Foundation/Testing/Concerns/InteractsWithTestCaseLifecycle.php:97
/home/user/cmis.marketing.limited/vendor/laravel/framework/src/Illuminate/Foundation/Testing/TestCase.php:63
/home/user/cmis.marketing.limited/tests/TestCase.php:32
/home/user/cmis.marketing.limited/tests/Unit/Services/AdPlatforms/GoogleAdsPlatformTest.php:27</error>
    </testcase>
    <testcase name="it_creates_remarketing_list" file="/home/user/cmis.marketing.limited/tests/Unit/Services/AdPlatforms/GoogleAdsPlatformTest.php" line="678" class="Tests\Unit\Services\AdPlatforms\GoogleAdsPlatformTest" classname="Tests.Unit.Services.AdPlatforms.GoogleAdsPlatformTest" assertions="0" time="0.000000">
      <error type="Illuminate\Database\QueryException">Tests\Unit\Services\AdPlatforms\GoogleAdsPlatformTest::it_creates_remarketing_list
Illuminate\Database\QueryException: SQLSTATE[08006] [7] connection to server at "127.0.0.1", port 5432 failed: FATAL:  password authentication failed for user "begin" (Connection: pgsql, SQL: select exists (select 1 from pg_class c, pg_namespace n where n.nspname = current_schema() and c.relname = 'migrations' and c.relkind in ('r', 'p') and n.oid = c.relnamespace))

/home/user/cmis.marketing.limited/vendor/laravel/framework/src/Illuminate/Database/Connection.php:824
/home/user/cmis.marketing.limited/vendor/laravel/framework/src/Illuminate/Database/Connection.php:778
/home/user/cmis.marketing.limited/vendor/laravel/framework/src/Illuminate/Database/Connection.php:397
/home/user/cmis.marketing.limited/vendor/laravel/framework/src/Illuminate/Database/Connection.php:343
/home/user/cmis.marketing.limited/vendor/laravel/framework/src/Illuminate/Database/Connection.php:360
/home/user/cmis.marketing.limited/vendor/laravel/framework/src/Illuminate/Database/Schema/Builder.php:174
/home/user/cmis.marketing.limited/vendor/laravel/framework/src/Illuminate/Database/Migrations/DatabaseMigrationRepository.php:185
/home/user/cmis.marketing.limited/vendor/laravel/framework/src/Illuminate/Database/Migrations/Migrator.php:753
/home/user/cmis.marketing.limited/vendor/laravel/framework/src/Illuminate/Database/Console/Migrations/FreshCommand.php:67
/home/user/cmis.marketing.limited/vendor/laravel/framework/src/Illuminate/Database/Migrations/Migrator.php:666
/home/user/cmis.marketing.limited/vendor/laravel/framework/src/Illuminate/Database/Console/Migrations/FreshCommand.php:66
/home/user/cmis.marketing.limited/vendor/laravel/framework/src/Illuminate/Container/BoundMethod.php:36
/home/user/cmis.marketing.limited/vendor/laravel/framework/src/Illuminate/Container/Util.php:43
/home/user/cmis.marketing.limited/vendor/laravel/framework/src/Illuminate/Container/BoundMethod.php:96
/home/user/cmis.marketing.limited/vendor/laravel/framework/src/Illuminate/Container/BoundMethod.php:35
/home/user/cmis.marketing.limited/vendor/laravel/framework/src/Illuminate/Container/Container.php:836
/home/user/cmis.marketing.limited/vendor/laravel/framework/src/Illuminate/Console/Command.php:211
/home/user/cmis.marketing.limited/vendor/symfony/console/Command/Command.php:318
/home/user/cmis.marketing.limited/vendor/laravel/framework/src/Illuminate/Console/Command.php:180
/home/user/cmis.marketing.limited/vendor/symfony/console/Application.php:1073
/home/user/cmis.marketing.limited/vendor/symfony/console/Application.php:356
/home/user/cmis.marketing.limited/vendor/symfony/console/Application.php:195
/home/user/cmis.marketing.limited/vendor/laravel/framework/src/Illuminate/Console/Application.php:165
/home/user/cmis.marketing.limited/vendor/laravel/framework/src/Illuminate/Foundation/Console/Kernel.php:426
/home/user/cmis.marketing.limited/vendor/laravel/framework/src/Illuminate/Testing/PendingCommand.php:451
/home/user/cmis.marketing.limited/vendor/laravel/framework/src/Illuminate/Testing/PendingCommand.php:675
/home/user/cmis.marketing.limited/vendor/laravel/framework/src/Illuminate/Foundation/Testing/Concerns/InteractsWithConsole.php:87
/home/user/cmis.marketing.limited/vendor/laravel/framework/src/Illuminate/Foundation/Testing/RefreshDatabase.php:101
/home/user/cmis.marketing.limited/vendor/laravel/framework/src/Illuminate/Foundation/Testing/RefreshDatabase.php:84
/home/user/cmis.marketing.limited/vendor/laravel/framework/src/Illuminate/Foundation/Testing/RefreshDatabase.php:25
/home/user/cmis.marketing.limited/vendor/laravel/framework/src/Illuminate/Foundation/Testing/Concerns/InteractsWithTestCaseLifecycle.php:209
/home/user/cmis.marketing.limited/vendor/laravel/framework/src/Illuminate/Foundation/Testing/Concerns/InteractsWithTestCaseLifecycle.php:97
/home/user/cmis.marketing.limited/vendor/laravel/framework/src/Illuminate/Foundation/Testing/TestCase.php:63
/home/user/cmis.marketing.limited/tests/TestCase.php:32
/home/user/cmis.marketing.limited/tests/Unit/Services/AdPlatforms/GoogleAdsPlatformTest.php:27</error>
    </testcase>
    <testcase name="it_adds_placement_targeting" file="/home/user/cmis.marketing.limited/tests/Unit/Services/AdPlatforms/GoogleAdsPlatformTest.php" line="463" class="Tests\Unit\Services\AdPlatforms\GoogleAdsPlatformTest" classname="Tests.Unit.Services.AdPlatforms.GoogleAdsPlatformTest" assertions="0" time="0.000000">
      <error type="Illuminate\Database\QueryException">Tests\Unit\Services\AdPlatforms\GoogleAdsPlatformTest::it_adds_placement_targeting
Illuminate\Database\QueryException: SQLSTATE[08006] [7] connection to server at "127.0.0.1", port 5432 failed: FATAL:  password authentication failed for user "begin" (Connection: pgsql, SQL: select exists (select 1 from pg_class c, pg_namespace n where n.nspname = current_schema() and c.relname = 'migrations' and c.relkind in ('r', 'p') and n.oid = c.relnamespace))

/home/user/cmis.marketing.limited/vendor/laravel/framework/src/Illuminate/Database/Connection.php:824
/home/user/cmis.marketing.limited/vendor/laravel/framework/src/Illuminate/Database/Connection.php:778
/home/user/cmis.marketing.limited/vendor/laravel/framework/src/Illuminate/Database/Connection.php:397
/home/user/cmis.marketing.limited/vendor/laravel/framework/src/Illuminate/Database/Connection.php:343
/home/user/cmis.marketing.limited/vendor/laravel/framework/src/Illuminate/Database/Connection.php:360
/home/user/cmis.marketing.limited/vendor/laravel/framework/src/Illuminate/Database/Schema/Builder.php:174
/home/user/cmis.marketing.limited/vendor/laravel/framework/src/Illuminate/Database/Migrations/DatabaseMigrationRepository.php:185
/home/user/cmis.marketing.limited/vendor/laravel/framework/src/Illuminate/Database/Migrations/Migrator.php:753
/home/user/cmis.marketing.limited/vendor/laravel/framework/src/Illuminate/Database/Console/Migrations/FreshCommand.php:67
/home/user/cmis.marketing.limited/vendor/laravel/framework/src/Illuminate/Database/Migrations/Migrator.php:666
/home/user/cmis.marketing.limited/vendor/laravel/framework/src/Illuminate/Database/Console/Migrations/FreshCommand.php:66
/home/user/cmis.marketing.limited/vendor/laravel/framework/src/Illuminate/Container/BoundMethod.php:36
/home/user/cmis.marketing.limited/vendor/laravel/framework/src/Illuminate/Container/Util.php:43
/home/user/cmis.marketing.limited/vendor/laravel/framework/src/Illuminate/Container/BoundMethod.php:96
/home/user/cmis.marketing.limited/vendor/laravel/framework/src/Illuminate/Container/BoundMethod.php:35
/home/user/cmis.marketing.limited/vendor/laravel/framework/src/Illuminate/Container/Container.php:836
/home/user/cmis.marketing.limited/vendor/laravel/framework/src/Illuminate/Console/Command.php:211
/home/user/cmis.marketing.limited/vendor/symfony/console/Command/Command.php:318
/home/user/cmis.marketing.limited/vendor/laravel/framework/src/Illuminate/Console/Command.php:180
/home/user/cmis.marketing.limited/vendor/symfony/console/Application.php:1073
/home/user/cmis.marketing.limited/vendor/symfony/console/Application.php:356
/home/user/cmis.marketing.limited/vendor/symfony/console/Application.php:195
/home/user/cmis.marketing.limited/vendor/laravel/framework/src/Illuminate/Console/Application.php:165
/home/user/cmis.marketing.limited/vendor/laravel/framework/src/Illuminate/Foundation/Console/Kernel.php:426
/home/user/cmis.marketing.limited/vendor/laravel/framework/src/Illuminate/Testing/PendingCommand.php:451
/home/user/cmis.marketing.limited/vendor/laravel/framework/src/Illuminate/Testing/PendingCommand.php:675
/home/user/cmis.marketing.limited/vendor/laravel/framework/src/Illuminate/Foundation/Testing/Concerns/InteractsWithConsole.php:87
/home/user/cmis.marketing.limited/vendor/laravel/framework/src/Illuminate/Foundation/Testing/RefreshDatabase.php:101
/home/user/cmis.marketing.limited/vendor/laravel/framework/src/Illuminate/Foundation/Testing/RefreshDatabase.php:84
/home/user/cmis.marketing.limited/vendor/laravel/framework/src/Illuminate/Foundation/Testing/RefreshDatabase.php:25
/home/user/cmis.marketing.limited/vendor/laravel/framework/src/Illuminate/Foundation/Testing/Concerns/InteractsWithTestCaseLifecycle.php:209
/home/user/cmis.marketing.limited/vendor/laravel/framework/src/Illuminate/Foundation/Testing/Concerns/InteractsWithTestCaseLifecycle.php:97
/home/user/cmis.marketing.limited/vendor/laravel/framework/src/Illuminate/Foundation/Testing/TestCase.php:63
/home/user/cmis.marketing.limited/tests/TestCase.php:32
/home/user/cmis.marketing.limited/tests/Unit/Services/AdPlatforms/GoogleAdsPlatformTest.php:27</error>
    </testcase>
    <testcase name="it_assigns_bidding_strategy_to_campaign" file="/home/user/cmis.marketing.limited/tests/Unit/Services/AdPlatforms/GoogleAdsPlatformTest.php" line="753" class="Tests\Unit\Services\AdPlatforms\GoogleAdsPlatformTest" classname="Tests.Unit.Services.AdPlatforms.GoogleAdsPlatformTest" assertions="0" time="0.000000">
      <error type="Illuminate\Database\QueryException">Tests\Unit\Services\AdPlatforms\GoogleAdsPlatformTest::it_assigns_bidding_strategy_to_campaign
Illuminate\Database\QueryException: SQLSTATE[08006] [7] connection to server at "127.0.0.1", port 5432 failed: FATAL:  password authentication failed for user "begin" (Connection: pgsql, SQL: select exists (select 1 from pg_class c, pg_namespace n where n.nspname = current_schema() and c.relname = 'migrations' and c.relkind in ('r', 'p') and n.oid = c.relnamespace))

/home/user/cmis.marketing.limited/vendor/laravel/framework/src/Illuminate/Database/Connection.php:824
/home/user/cmis.marketing.limited/vendor/laravel/framework/src/Illuminate/Database/Connection.php:778
/home/user/cmis.marketing.limited/vendor/laravel/framework/src/Illuminate/Database/Connection.php:397
/home/user/cmis.marketing.limited/vendor/laravel/framework/src/Illuminate/Database/Connection.php:343
/home/user/cmis.marketing.limited/vendor/laravel/framework/src/Illuminate/Database/Connection.php:360
/home/user/cmis.marketing.limited/vendor/laravel/framework/src/Illuminate/Database/Schema/Builder.php:174
/home/user/cmis.marketing.limited/vendor/laravel/framework/src/Illuminate/Database/Migrations/DatabaseMigrationRepository.php:185
/home/user/cmis.marketing.limited/vendor/laravel/framework/src/Illuminate/Database/Migrations/Migrator.php:753
/home/user/cmis.marketing.limited/vendor/laravel/framework/src/Illuminate/Database/Console/Migrations/FreshCommand.php:67
/home/user/cmis.marketing.limited/vendor/laravel/framework/src/Illuminate/Database/Migrations/Migrator.php:666
/home/user/cmis.marketing.limited/vendor/laravel/framework/src/Illuminate/Database/Console/Migrations/FreshCommand.php:66
/home/user/cmis.marketing.limited/vendor/laravel/framework/src/Illuminate/Container/BoundMethod.php:36
/home/user/cmis.marketing.limited/vendor/laravel/framework/src/Illuminate/Container/Util.php:43
/home/user/cmis.marketing.limited/vendor/laravel/framework/src/Illuminate/Container/BoundMethod.php:96
/home/user/cmis.marketing.limited/vendor/laravel/framework/src/Illuminate/Container/BoundMethod.php:35
/home/user/cmis.marketing.limited/vendor/laravel/framework/src/Illuminate/Container/Container.php:836
/home/user/cmis.marketing.limited/vendor/laravel/framework/src/Illuminate/Console/Command.php:211
/home/user/cmis.marketing.limited/vendor/symfony/console/Command/Command.php:318
/home/user/cmis.marketing.limited/vendor/laravel/framework/src/Illuminate/Console/Command.php:180
/home/user/cmis.marketing.limited/vendor/symfony/console/Application.php:1073
/home/user/cmis.marketing.limited/vendor/symfony/console/Application.php:356
/home/user/cmis.marketing.limited/vendor/symfony/console/Application.php:195
/home/user/cmis.marketing.limited/vendor/laravel/framework/src/Illuminate/Console/Application.php:165
/home/user/cmis.marketing.limited/vendor/laravel/framework/src/Illuminate/Foundation/Console/Kernel.php:426
/home/user/cmis.marketing.limited/vendor/laravel/framework/src/Illuminate/Testing/PendingCommand.php:451
/home/user/cmis.marketing.limited/vendor/laravel/framework/src/Illuminate/Testing/PendingCommand.php:675
/home/user/cmis.marketing.limited/vendor/laravel/framework/src/Illuminate/Foundation/Testing/Concerns/InteractsWithConsole.php:87
/home/user/cmis.marketing.limited/vendor/laravel/framework/src/Illuminate/Foundation/Testing/RefreshDatabase.php:101
/home/user/cmis.marketing.limited/vendor/laravel/framework/src/Illuminate/Foundation/Testing/RefreshDatabase.php:84
/home/user/cmis.marketing.limited/vendor/laravel/framework/src/Illuminate/Foundation/Testing/RefreshDatabase.php:25
/home/user/cmis.marketing.limited/vendor/laravel/framework/src/Illuminate/Foundation/Testing/Concerns/InteractsWithTestCaseLifecycle.php:209
/home/user/cmis.marketing.limited/vendor/laravel/framework/src/Illuminate/Foundation/Testing/Concerns/InteractsWithTestCaseLifecycle.php:97
/home/user/cmis.marketing.limited/vendor/laravel/framework/src/Illuminate/Foundation/Testing/TestCase.php:63
/home/user/cmis.marketing.limited/tests/TestCase.php:32
/home/user/cmis.marketing.limited/tests/Unit/Services/AdPlatforms/GoogleAdsPlatformTest.php:27</error>
    </testcase>
    <testcase name="it_adds_promotion_extensions" file="/home/user/cmis.marketing.limited/tests/Unit/Services/AdPlatforms/GoogleAdsPlatformTest.php" line="371" class="Tests\Unit\Services\AdPlatforms\GoogleAdsPlatformTest" classname="Tests.Unit.Services.AdPlatforms.GoogleAdsPlatformTest" assertions="0" time="0.000000">
      <error type="Illuminate\Database\QueryException">Tests\Unit\Services\AdPlatforms\GoogleAdsPlatformTest::it_adds_promotion_extensions
Illuminate\Database\QueryException: SQLSTATE[08006] [7] connection to server at "127.0.0.1", port 5432 failed: FATAL:  password authentication failed for user "begin" (Connection: pgsql, SQL: select exists (select 1 from pg_class c, pg_namespace n where n.nspname = current_schema() and c.relname = 'migrations' and c.relkind in ('r', 'p') and n.oid = c.relnamespace))

/home/user/cmis.marketing.limited/vendor/laravel/framework/src/Illuminate/Database/Connection.php:824
/home/user/cmis.marketing.limited/vendor/laravel/framework/src/Illuminate/Database/Connection.php:778
/home/user/cmis.marketing.limited/vendor/laravel/framework/src/Illuminate/Database/Connection.php:397
/home/user/cmis.marketing.limited/vendor/laravel/framework/src/Illuminate/Database/Connection.php:343
/home/user/cmis.marketing.limited/vendor/laravel/framework/src/Illuminate/Database/Connection.php:360
/home/user/cmis.marketing.limited/vendor/laravel/framework/src/Illuminate/Database/Schema/Builder.php:174
/home/user/cmis.marketing.limited/vendor/laravel/framework/src/Illuminate/Database/Migrations/DatabaseMigrationRepository.php:185
/home/user/cmis.marketing.limited/vendor/laravel/framework/src/Illuminate/Database/Migrations/Migrator.php:753
/home/user/cmis.marketing.limited/vendor/laravel/framework/src/Illuminate/Database/Console/Migrations/FreshCommand.php:67
/home/user/cmis.marketing.limited/vendor/laravel/framework/src/Illuminate/Database/Migrations/Migrator.php:666
/home/user/cmis.marketing.limited/vendor/laravel/framework/src/Illuminate/Database/Console/Migrations/FreshCommand.php:66
/home/user/cmis.marketing.limited/vendor/laravel/framework/src/Illuminate/Container/BoundMethod.php:36
/home/user/cmis.marketing.limited/vendor/laravel/framework/src/Illuminate/Container/Util.php:43
/home/user/cmis.marketing.limited/vendor/laravel/framework/src/Illuminate/Container/BoundMethod.php:96
/home/user/cmis.marketing.limited/vendor/laravel/framework/src/Illuminate/Container/BoundMethod.php:35
/home/user/cmis.marketing.limited/vendor/laravel/framework/src/Illuminate/Container/Container.php:836
/home/user/cmis.marketing.limited/vendor/laravel/framework/src/Illuminate/Console/Command.php:211
/home/user/cmis.marketing.limited/vendor/symfony/console/Command/Command.php:318
/home/user/cmis.marketing.limited/vendor/laravel/framework/src/Illuminate/Console/Command.php:180
/home/user/cmis.marketing.limited/vendor/symfony/console/Application.php:1073
/home/user/cmis.marketing.limited/vendor/symfony/console/Application.php:356
/home/user/cmis.marketing.limited/vendor/symfony/console/Application.php:195
/home/user/cmis.marketing.limited/vendor/laravel/framework/src/Illuminate/Console/Application.php:165
/home/user/cmis.marketing.limited/vendor/laravel/framework/src/Illuminate/Foundation/Console/Kernel.php:426
/home/user/cmis.marketing.limited/vendor/laravel/framework/src/Illuminate/Testing/PendingCommand.php:451
/home/user/cmis.marketing.limited/vendor/laravel/framework/src/Illuminate/Testing/PendingCommand.php:675
/home/user/cmis.marketing.limited/vendor/laravel/framework/src/Illuminate/Foundation/Testing/Concerns/InteractsWithConsole.php:87
/home/user/cmis.marketing.limited/vendor/laravel/framework/src/Illuminate/Foundation/Testing/RefreshDatabase.php:101
/home/user/cmis.marketing.limited/vendor/laravel/framework/src/Illuminate/Foundation/Testing/RefreshDatabase.php:84
/home/user/cmis.marketing.limited/vendor/laravel/framework/src/Illuminate/Foundation/Testing/RefreshDatabase.php:25
/home/user/cmis.marketing.limited/vendor/laravel/framework/src/Illuminate/Foundation/Testing/Concerns/InteractsWithTestCaseLifecycle.php:209
/home/user/cmis.marketing.limited/vendor/laravel/framework/src/Illuminate/Foundation/Testing/Concerns/InteractsWithTestCaseLifecycle.php:97
/home/user/cmis.marketing.limited/vendor/laravel/framework/src/Illuminate/Foundation/Testing/TestCase.php:63
/home/user/cmis.marketing.limited/tests/TestCase.php:32
/home/user/cmis.marketing.limited/tests/Unit/Services/AdPlatforms/GoogleAdsPlatformTest.php:27</error>
    </testcase>
    <testcase name="it_gets_available_campaign_types" file="/home/user/cmis.marketing.limited/tests/Unit/Services/AdPlatforms/GoogleAdsPlatformTest.php" line="837" class="Tests\Unit\Services\AdPlatforms\GoogleAdsPlatformTest" classname="Tests.Unit.Services.AdPlatforms.GoogleAdsPlatformTest" assertions="0" time="0.000000">
      <error type="Illuminate\Database\QueryException">Tests\Unit\Services\AdPlatforms\GoogleAdsPlatformTest::it_gets_available_campaign_types
Illuminate\Database\QueryException: SQLSTATE[08006] [7] connection to server at "127.0.0.1", port 5432 failed: FATAL:  password authentication failed for user "begin" (Connection: pgsql, SQL: select exists (select 1 from pg_class c, pg_namespace n where n.nspname = current_schema() and c.relname = 'migrations' and c.relkind in ('r', 'p') and n.oid = c.relnamespace))

/home/user/cmis.marketing.limited/vendor/laravel/framework/src/Illuminate/Database/Connection.php:824
/home/user/cmis.marketing.limited/vendor/laravel/framework/src/Illuminate/Database/Connection.php:778
/home/user/cmis.marketing.limited/vendor/laravel/framework/src/Illuminate/Database/Connection.php:397
/home/user/cmis.marketing.limited/vendor/laravel/framework/src/Illuminate/Database/Connection.php:343
/home/user/cmis.marketing.limited/vendor/laravel/framework/src/Illuminate/Database/Connection.php:360
/home/user/cmis.marketing.limited/vendor/laravel/framework/src/Illuminate/Database/Schema/Builder.php:174
/home/user/cmis.marketing.limited/vendor/laravel/framework/src/Illuminate/Database/Migrations/DatabaseMigrationRepository.php:185
/home/user/cmis.marketing.limited/vendor/laravel/framework/src/Illuminate/Database/Migrations/Migrator.php:753
/home/user/cmis.marketing.limited/vendor/laravel/framework/src/Illuminate/Database/Console/Migrations/FreshCommand.php:67
/home/user/cmis.marketing.limited/vendor/laravel/framework/src/Illuminate/Database/Migrations/Migrator.php:666
/home/user/cmis.marketing.limited/vendor/laravel/framework/src/Illuminate/Database/Console/Migrations/FreshCommand.php:66
/home/user/cmis.marketing.limited/vendor/laravel/framework/src/Illuminate/Container/BoundMethod.php:36
/home/user/cmis.marketing.limited/vendor/laravel/framework/src/Illuminate/Container/Util.php:43
/home/user/cmis.marketing.limited/vendor/laravel/framework/src/Illuminate/Container/BoundMethod.php:96
/home/user/cmis.marketing.limited/vendor/laravel/framework/src/Illuminate/Container/BoundMethod.php:35
/home/user/cmis.marketing.limited/vendor/laravel/framework/src/Illuminate/Container/Container.php:836
/home/user/cmis.marketing.limited/vendor/laravel/framework/src/Illuminate/Console/Command.php:211
/home/user/cmis.marketing.limited/vendor/symfony/console/Command/Command.php:318
/home/user/cmis.marketing.limited/vendor/laravel/framework/src/Illuminate/Console/Command.php:180
/home/user/cmis.marketing.limited/vendor/symfony/console/Application.php:1073
/home/user/cmis.marketing.limited/vendor/symfony/console/Application.php:356
/home/user/cmis.marketing.limited/vendor/symfony/console/Application.php:195
/home/user/cmis.marketing.limited/vendor/laravel/framework/src/Illuminate/Console/Application.php:165
/home/user/cmis.marketing.limited/vendor/laravel/framework/src/Illuminate/Foundation/Console/Kernel.php:426
/home/user/cmis.marketing.limited/vendor/laravel/framework/src/Illuminate/Testing/PendingCommand.php:451
/home/user/cmis.marketing.limited/vendor/laravel/framework/src/Illuminate/Testing/PendingCommand.php:675
/home/user/cmis.marketing.limited/vendor/laravel/framework/src/Illuminate/Foundation/Testing/Concerns/InteractsWithConsole.php:87
/home/user/cmis.marketing.limited/vendor/laravel/framework/src/Illuminate/Foundation/Testing/RefreshDatabase.php:101
/home/user/cmis.marketing.limited/vendor/laravel/framework/src/Illuminate/Foundation/Testing/RefreshDatabase.php:84
/home/user/cmis.marketing.limited/vendor/laravel/framework/src/Illuminate/Foundation/Testing/RefreshDatabase.php:25
/home/user/cmis.marketing.limited/vendor/laravel/framework/src/Illuminate/Foundation/Testing/Concerns/InteractsWithTestCaseLifecycle.php:209
/home/user/cmis.marketing.limited/vendor/laravel/framework/src/Illuminate/Foundation/Testing/Concerns/InteractsWithTestCaseLifecycle.php:97
/home/user/cmis.marketing.limited/vendor/laravel/framework/src/Illuminate/Foundation/Testing/TestCase.php:63
/home/user/cmis.marketing.limited/tests/TestCase.php:32
/home/user/cmis.marketing.limited/tests/Unit/Services/AdPlatforms/GoogleAdsPlatformTest.php:27</error>
    </testcase>
    <testcase name="it_adds_price_extensions" file="/home/user/cmis.marketing.limited/tests/Unit/Services/AdPlatforms/GoogleAdsPlatformTest.php" line="353" class="Tests\Unit\Services\AdPlatforms\GoogleAdsPlatformTest" classname="Tests.Unit.Services.AdPlatforms.GoogleAdsPlatformTest" assertions="0" time="0.000000">
      <error type="Illuminate\Database\QueryException">Tests\Unit\Services\AdPlatforms\GoogleAdsPlatformTest::it_adds_price_extensions
Illuminate\Database\QueryException: SQLSTATE[08006] [7] connection to server at "127.0.0.1", port 5432 failed: FATAL:  password authentication failed for user "begin" (Connection: pgsql, SQL: select exists (select 1 from pg_class c, pg_namespace n where n.nspname = current_schema() and c.relname = 'migrations' and c.relkind in ('r', 'p') and n.oid = c.relnamespace))

/home/user/cmis.marketing.limited/vendor/laravel/framework/src/Illuminate/Database/Connection.php:824
/home/user/cmis.marketing.limited/vendor/laravel/framework/src/Illuminate/Database/Connection.php:778
/home/user/cmis.marketing.limited/vendor/laravel/framework/src/Illuminate/Database/Connection.php:397
/home/user/cmis.marketing.limited/vendor/laravel/framework/src/Illuminate/Database/Connection.php:343
/home/user/cmis.marketing.limited/vendor/laravel/framework/src/Illuminate/Database/Connection.php:360
/home/user/cmis.marketing.limited/vendor/laravel/framework/src/Illuminate/Database/Schema/Builder.php:174
/home/user/cmis.marketing.limited/vendor/laravel/framework/src/Illuminate/Database/Migrations/DatabaseMigrationRepository.php:185
/home/user/cmis.marketing.limited/vendor/laravel/framework/src/Illuminate/Database/Migrations/Migrator.php:753
/home/user/cmis.marketing.limited/vendor/laravel/framework/src/Illuminate/Database/Console/Migrations/FreshCommand.php:67
/home/user/cmis.marketing.limited/vendor/laravel/framework/src/Illuminate/Database/Migrations/Migrator.php:666
/home/user/cmis.marketing.limited/vendor/laravel/framework/src/Illuminate/Database/Console/Migrations/FreshCommand.php:66
/home/user/cmis.marketing.limited/vendor/laravel/framework/src/Illuminate/Container/BoundMethod.php:36
/home/user/cmis.marketing.limited/vendor/laravel/framework/src/Illuminate/Container/Util.php:43
/home/user/cmis.marketing.limited/vendor/laravel/framework/src/Illuminate/Container/BoundMethod.php:96
/home/user/cmis.marketing.limited/vendor/laravel/framework/src/Illuminate/Container/BoundMethod.php:35
/home/user/cmis.marketing.limited/vendor/laravel/framework/src/Illuminate/Container/Container.php:836
/home/user/cmis.marketing.limited/vendor/laravel/framework/src/Illuminate/Console/Command.php:211
/home/user/cmis.marketing.limited/vendor/symfony/console/Command/Command.php:318
/home/user/cmis.marketing.limited/vendor/laravel/framework/src/Illuminate/Console/Command.php:180
/home/user/cmis.marketing.limited/vendor/symfony/console/Application.php:1073
/home/user/cmis.marketing.limited/vendor/symfony/console/Application.php:356
/home/user/cmis.marketing.limited/vendor/symfony/console/Application.php:195
/home/user/cmis.marketing.limited/vendor/laravel/framework/src/Illuminate/Console/Application.php:165
/home/user/cmis.marketing.limited/vendor/laravel/framework/src/Illuminate/Foundation/Console/Kernel.php:426
/home/user/cmis.marketing.limited/vendor/laravel/framework/src/Illuminate/Testing/PendingCommand.php:451
/home/user/cmis.marketing.limited/vendor/laravel/framework/src/Illuminate/Testing/PendingCommand.php:675
/home/user/cmis.marketing.limited/vendor/laravel/framework/src/Illuminate/Foundation/Testing/Concerns/InteractsWithConsole.php:87
/home/user/cmis.marketing.limited/vendor/laravel/framework/src/Illuminate/Foundation/Testing/RefreshDatabase.php:101
/home/user/cmis.marketing.limited/vendor/laravel/framework/src/Illuminate/Foundation/Testing/RefreshDatabase.php:84
/home/user/cmis.marketing.limited/vendor/laravel/framework/src/Illuminate/Foundation/Testing/RefreshDatabase.php:25
/home/user/cmis.marketing.limited/vendor/laravel/framework/src/Illuminate/Foundation/Testing/Concerns/InteractsWithTestCaseLifecycle.php:209
/home/user/cmis.marketing.limited/vendor/laravel/framework/src/Illuminate/Foundation/Testing/Concerns/InteractsWithTestCaseLifecycle.php:97
/home/user/cmis.marketing.limited/vendor/laravel/framework/src/Illuminate/Foundation/Testing/TestCase.php:63
/home/user/cmis.marketing.limited/tests/TestCase.php:32
/home/user/cmis.marketing.limited/tests/Unit/Services/AdPlatforms/GoogleAdsPlatformTest.php:27</error>
    </testcase>
    <testcase name="it_creates_custom_audience" file="/home/user/cmis.marketing.limited/tests/Unit/Services/AdPlatforms/GoogleAdsPlatformTest.php" line="643" class="Tests\Unit\Services\AdPlatforms\GoogleAdsPlatformTest" classname="Tests.Unit.Services.AdPlatforms.GoogleAdsPlatformTest" assertions="0" time="0.000000">
      <error type="Illuminate\Database\QueryException">Tests\Unit\Services\AdPlatforms\GoogleAdsPlatformTest::it_creates_custom_audience
Illuminate\Database\QueryException: SQLSTATE[08006] [7] connection to server at "127.0.0.1", port 5432 failed: FATAL:  password authentication failed for user "begin" (Connection: pgsql, SQL: select exists (select 1 from pg_class c, pg_namespace n where n.nspname = current_schema() and c.relname = 'migrations' and c.relkind in ('r', 'p') and n.oid = c.relnamespace))

/home/user/cmis.marketing.limited/vendor/laravel/framework/src/Illuminate/Database/Connection.php:824
/home/user/cmis.marketing.limited/vendor/laravel/framework/src/Illuminate/Database/Connection.php:778
/home/user/cmis.marketing.limited/vendor/laravel/framework/src/Illuminate/Database/Connection.php:397
/home/user/cmis.marketing.limited/vendor/laravel/framework/src/Illuminate/Database/Connection.php:343
/home/user/cmis.marketing.limited/vendor/laravel/framework/src/Illuminate/Database/Connection.php:360
/home/user/cmis.marketing.limited/vendor/laravel/framework/src/Illuminate/Database/Schema/Builder.php:174
/home/user/cmis.marketing.limited/vendor/laravel/framework/src/Illuminate/Database/Migrations/DatabaseMigrationRepository.php:185
/home/user/cmis.marketing.limited/vendor/laravel/framework/src/Illuminate/Database/Migrations/Migrator.php:753
/home/user/cmis.marketing.limited/vendor/laravel/framework/src/Illuminate/Database/Console/Migrations/FreshCommand.php:67
/home/user/cmis.marketing.limited/vendor/laravel/framework/src/Illuminate/Database/Migrations/Migrator.php:666
/home/user/cmis.marketing.limited/vendor/laravel/framework/src/Illuminate/Database/Console/Migrations/FreshCommand.php:66
/home/user/cmis.marketing.limited/vendor/laravel/framework/src/Illuminate/Container/BoundMethod.php:36
/home/user/cmis.marketing.limited/vendor/laravel/framework/src/Illuminate/Container/Util.php:43
/home/user/cmis.marketing.limited/vendor/laravel/framework/src/Illuminate/Container/BoundMethod.php:96
/home/user/cmis.marketing.limited/vendor/laravel/framework/src/Illuminate/Container/BoundMethod.php:35
/home/user/cmis.marketing.limited/vendor/laravel/framework/src/Illuminate/Container/Container.php:836
/home/user/cmis.marketing.limited/vendor/laravel/framework/src/Illuminate/Console/Command.php:211
/home/user/cmis.marketing.limited/vendor/symfony/console/Command/Command.php:318
/home/user/cmis.marketing.limited/vendor/laravel/framework/src/Illuminate/Console/Command.php:180
/home/user/cmis.marketing.limited/vendor/symfony/console/Application.php:1073
/home/user/cmis.marketing.limited/vendor/symfony/console/Application.php:356
/home/user/cmis.marketing.limited/vendor/symfony/console/Application.php:195
/home/user/cmis.marketing.limited/vendor/laravel/framework/src/Illuminate/Console/Application.php:165
/home/user/cmis.marketing.limited/vendor/laravel/framework/src/Illuminate/Foundation/Console/Kernel.php:426
/home/user/cmis.marketing.limited/vendor/laravel/framework/src/Illuminate/Testing/PendingCommand.php:451
/home/user/cmis.marketing.limited/vendor/laravel/framework/src/Illuminate/Testing/PendingCommand.php:675
/home/user/cmis.marketing.limited/vendor/laravel/framework/src/Illuminate/Foundation/Testing/Concerns/InteractsWithConsole.php:87
/home/user/cmis.marketing.limited/vendor/laravel/framework/src/Illuminate/Foundation/Testing/RefreshDatabase.php:101
/home/user/cmis.marketing.limited/vendor/laravel/framework/src/Illuminate/Foundation/Testing/RefreshDatabase.php:84
/home/user/cmis.marketing.limited/vendor/laravel/framework/src/Illuminate/Foundation/Testing/RefreshDatabase.php:25
/home/user/cmis.marketing.limited/vendor/laravel/framework/src/Illuminate/Foundation/Testing/Concerns/InteractsWithTestCaseLifecycle.php:209
/home/user/cmis.marketing.limited/vendor/laravel/framework/src/Illuminate/Foundation/Testing/Concerns/InteractsWithTestCaseLifecycle.php:97
/home/user/cmis.marketing.limited/vendor/laravel/framework/src/Illuminate/Foundation/Testing/TestCase.php:63
/home/user/cmis.marketing.limited/tests/TestCase.php:32
/home/user/cmis.marketing.limited/tests/Unit/Services/AdPlatforms/GoogleAdsPlatformTest.php:27</error>
    </testcase>
    <testcase name="it_adds_location_targeting" file="/home/user/cmis.marketing.limited/tests/Unit/Services/AdPlatforms/GoogleAdsPlatformTest.php" line="496" class="Tests\Unit\Services\AdPlatforms\GoogleAdsPlatformTest" classname="Tests.Unit.Services.AdPlatforms.GoogleAdsPlatformTest" assertions="0" time="0.000000">
      <error type="Illuminate\Database\QueryException">Tests\Unit\Services\AdPlatforms\GoogleAdsPlatformTest::it_adds_location_targeting
Illuminate\Database\QueryException: SQLSTATE[08006] [7] connection to server at "127.0.0.1", port 5432 failed: FATAL:  password authentication failed for user "begin" (Connection: pgsql, SQL: select exists (select 1 from pg_class c, pg_namespace n where n.nspname = current_schema() and c.relname = 'migrations' and c.relkind in ('r', 'p') and n.oid = c.relnamespace))

/home/user/cmis.marketing.limited/vendor/laravel/framework/src/Illuminate/Database/Connection.php:824
/home/user/cmis.marketing.limited/vendor/laravel/framework/src/Illuminate/Database/Connection.php:778
/home/user/cmis.marketing.limited/vendor/laravel/framework/src/Illuminate/Database/Connection.php:397
/home/user/cmis.marketing.limited/vendor/laravel/framework/src/Illuminate/Database/Connection.php:343
/home/user/cmis.marketing.limited/vendor/laravel/framework/src/Illuminate/Database/Connection.php:360
/home/user/cmis.marketing.limited/vendor/laravel/framework/src/Illuminate/Database/Schema/Builder.php:174
/home/user/cmis.marketing.limited/vendor/laravel/framework/src/Illuminate/Database/Migrations/DatabaseMigrationRepository.php:185
/home/user/cmis.marketing.limited/vendor/laravel/framework/src/Illuminate/Database/Migrations/Migrator.php:753
/home/user/cmis.marketing.limited/vendor/laravel/framework/src/Illuminate/Database/Console/Migrations/FreshCommand.php:67
/home/user/cmis.marketing.limited/vendor/laravel/framework/src/Illuminate/Database/Migrations/Migrator.php:666
/home/user/cmis.marketing.limited/vendor/laravel/framework/src/Illuminate/Database/Console/Migrations/FreshCommand.php:66
/home/user/cmis.marketing.limited/vendor/laravel/framework/src/Illuminate/Container/BoundMethod.php:36
/home/user/cmis.marketing.limited/vendor/laravel/framework/src/Illuminate/Container/Util.php:43
/home/user/cmis.marketing.limited/vendor/laravel/framework/src/Illuminate/Container/BoundMethod.php:96
/home/user/cmis.marketing.limited/vendor/laravel/framework/src/Illuminate/Container/BoundMethod.php:35
/home/user/cmis.marketing.limited/vendor/laravel/framework/src/Illuminate/Container/Container.php:836
/home/user/cmis.marketing.limited/vendor/laravel/framework/src/Illuminate/Console/Command.php:211
/home/user/cmis.marketing.limited/vendor/symfony/console/Command/Command.php:318
/home/user/cmis.marketing.limited/vendor/laravel/framework/src/Illuminate/Console/Command.php:180
/home/user/cmis.marketing.limited/vendor/symfony/console/Application.php:1073
/home/user/cmis.marketing.limited/vendor/symfony/console/Application.php:356
/home/user/cmis.marketing.limited/vendor/symfony/console/Application.php:195
/home/user/cmis.marketing.limited/vendor/laravel/framework/src/Illuminate/Console/Application.php:165
/home/user/cmis.marketing.limited/vendor/laravel/framework/src/Illuminate/Foundation/Console/Kernel.php:426
/home/user/cmis.marketing.limited/vendor/laravel/framework/src/Illuminate/Testing/PendingCommand.php:451
/home/user/cmis.marketing.limited/vendor/laravel/framework/src/Illuminate/Testing/PendingCommand.php:675
/home/user/cmis.marketing.limited/vendor/laravel/framework/src/Illuminate/Foundation/Testing/Concerns/InteractsWithConsole.php:87
/home/user/cmis.marketing.limited/vendor/laravel/framework/src/Illuminate/Foundation/Testing/RefreshDatabase.php:101
/home/user/cmis.marketing.limited/vendor/laravel/framework/src/Illuminate/Foundation/Testing/RefreshDatabase.php:84
/home/user/cmis.marketing.limited/vendor/laravel/framework/src/Illuminate/Foundation/Testing/RefreshDatabase.php:25
/home/user/cmis.marketing.limited/vendor/laravel/framework/src/Illuminate/Foundation/Testing/Concerns/InteractsWithTestCaseLifecycle.php:209
/home/user/cmis.marketing.limited/vendor/laravel/framework/src/Illuminate/Foundation/Testing/Concerns/InteractsWithTestCaseLifecycle.php:97
/home/user/cmis.marketing.limited/vendor/laravel/framework/src/Illuminate/Foundation/Testing/TestCase.php:63
/home/user/cmis.marketing.limited/tests/TestCase.php:32
/home/user/cmis.marketing.limited/tests/Unit/Services/AdPlatforms/GoogleAdsPlatformTest.php:27</error>
    </testcase>
    <testcase name="it_adds_parental_status_targeting" file="/home/user/cmis.marketing.limited/tests/Unit/Services/AdPlatforms/GoogleAdsPlatformTest.php" line="579" class="Tests\Unit\Services\AdPlatforms\GoogleAdsPlatformTest" classname="Tests.Unit.Services.AdPlatforms.GoogleAdsPlatformTest" assertions="0" time="0.000000">
      <error type="Illuminate\Database\QueryException">Tests\Unit\Services\AdPlatforms\GoogleAdsPlatformTest::it_adds_parental_status_targeting
Illuminate\Database\QueryException: SQLSTATE[08006] [7] connection to server at "127.0.0.1", port 5432 failed: FATAL:  password authentication failed for user "begin" (Connection: pgsql, SQL: select exists (select 1 from pg_class c, pg_namespace n where n.nspname = current_schema() and c.relname = 'migrations' and c.relkind in ('r', 'p') and n.oid = c.relnamespace))

/home/user/cmis.marketing.limited/vendor/laravel/framework/src/Illuminate/Database/Connection.php:824
/home/user/cmis.marketing.limited/vendor/laravel/framework/src/Illuminate/Database/Connection.php:778
/home/user/cmis.marketing.limited/vendor/laravel/framework/src/Illuminate/Database/Connection.php:397
/home/user/cmis.marketing.limited/vendor/laravel/framework/src/Illuminate/Database/Connection.php:343
/home/user/cmis.marketing.limited/vendor/laravel/framework/src/Illuminate/Database/Connection.php:360
/home/user/cmis.marketing.limited/vendor/laravel/framework/src/Illuminate/Database/Schema/Builder.php:174
/home/user/cmis.marketing.limited/vendor/laravel/framework/src/Illuminate/Database/Migrations/DatabaseMigrationRepository.php:185
/home/user/cmis.marketing.limited/vendor/laravel/framework/src/Illuminate/Database/Migrations/Migrator.php:753
/home/user/cmis.marketing.limited/vendor/laravel/framework/src/Illuminate/Database/Console/Migrations/FreshCommand.php:67
/home/user/cmis.marketing.limited/vendor/laravel/framework/src/Illuminate/Database/Migrations/Migrator.php:666
/home/user/cmis.marketing.limited/vendor/laravel/framework/src/Illuminate/Database/Console/Migrations/FreshCommand.php:66
/home/user/cmis.marketing.limited/vendor/laravel/framework/src/Illuminate/Container/BoundMethod.php:36
/home/user/cmis.marketing.limited/vendor/laravel/framework/src/Illuminate/Container/Util.php:43
/home/user/cmis.marketing.limited/vendor/laravel/framework/src/Illuminate/Container/BoundMethod.php:96
/home/user/cmis.marketing.limited/vendor/laravel/framework/src/Illuminate/Container/BoundMethod.php:35
/home/user/cmis.marketing.limited/vendor/laravel/framework/src/Illuminate/Container/Container.php:836
/home/user/cmis.marketing.limited/vendor/laravel/framework/src/Illuminate/Console/Command.php:211
/home/user/cmis.marketing.limited/vendor/symfony/console/Command/Command.php:318
/home/user/cmis.marketing.limited/vendor/laravel/framework/src/Illuminate/Console/Command.php:180
/home/user/cmis.marketing.limited/vendor/symfony/console/Application.php:1073
/home/user/cmis.marketing.limited/vendor/symfony/console/Application.php:356
/home/user/cmis.marketing.limited/vendor/symfony/console/Application.php:195
/home/user/cmis.marketing.limited/vendor/laravel/framework/src/Illuminate/Console/Application.php:165
/home/user/cmis.marketing.limited/vendor/laravel/framework/src/Illuminate/Foundation/Console/Kernel.php:426
/home/user/cmis.marketing.limited/vendor/laravel/framework/src/Illuminate/Testing/PendingCommand.php:451
/home/user/cmis.marketing.limited/vendor/laravel/framework/src/Illuminate/Testing/PendingCommand.php:675
/home/user/cmis.marketing.limited/vendor/laravel/framework/src/Illuminate/Foundation/Testing/Concerns/InteractsWithConsole.php:87
/home/user/cmis.marketing.limited/vendor/laravel/framework/src/Illuminate/Foundation/Testing/RefreshDatabase.php:101
/home/user/cmis.marketing.limited/vendor/laravel/framework/src/Illuminate/Foundation/Testing/RefreshDatabase.php:84
/home/user/cmis.marketing.limited/vendor/laravel/framework/src/Illuminate/Foundation/Testing/RefreshDatabase.php:25
/home/user/cmis.marketing.limited/vendor/laravel/framework/src/Illuminate/Foundation/Testing/Concerns/InteractsWithTestCaseLifecycle.php:209
/home/user/cmis.marketing.limited/vendor/laravel/framework/src/Illuminate/Foundation/Testing/Concerns/InteractsWithTestCaseLifecycle.php:97
/home/user/cmis.marketing.limited/vendor/laravel/framework/src/Illuminate/Foundation/Testing/TestCase.php:63
/home/user/cmis.marketing.limited/tests/TestCase.php:32
/home/user/cmis.marketing.limited/tests/Unit/Services/AdPlatforms/GoogleAdsPlatformTest.php:27</error>
    </testcase>
    <testcase name="it_creates_campaign_successfully" file="/home/user/cmis.marketing.limited/tests/Unit/Services/AdPlatforms/GoogleAdsPlatformTest.php" line="46" class="Tests\Unit\Services\AdPlatforms\GoogleAdsPlatformTest" classname="Tests.Unit.Services.AdPlatforms.GoogleAdsPlatformTest" assertions="0" time="0.000000">
      <error type="Illuminate\Database\QueryException">Tests\Unit\Services\AdPlatforms\GoogleAdsPlatformTest::it_creates_campaign_successfully
Illuminate\Database\QueryException: SQLSTATE[08006] [7] connection to server at "127.0.0.1", port 5432 failed: FATAL:  password authentication failed for user "begin" (Connection: pgsql, SQL: select exists (select 1 from pg_class c, pg_namespace n where n.nspname = current_schema() and c.relname = 'migrations' and c.relkind in ('r', 'p') and n.oid = c.relnamespace))

/home/user/cmis.marketing.limited/vendor/laravel/framework/src/Illuminate/Database/Connection.php:824
/home/user/cmis.marketing.limited/vendor/laravel/framework/src/Illuminate/Database/Connection.php:778
/home/user/cmis.marketing.limited/vendor/laravel/framework/src/Illuminate/Database/Connection.php:397
/home/user/cmis.marketing.limited/vendor/laravel/framework/src/Illuminate/Database/Connection.php:343
/home/user/cmis.marketing.limited/vendor/laravel/framework/src/Illuminate/Database/Connection.php:360
/home/user/cmis.marketing.limited/vendor/laravel/framework/src/Illuminate/Database/Schema/Builder.php:174
/home/user/cmis.marketing.limited/vendor/laravel/framework/src/Illuminate/Database/Migrations/DatabaseMigrationRepository.php:185
/home/user/cmis.marketing.limited/vendor/laravel/framework/src/Illuminate/Database/Migrations/Migrator.php:753
/home/user/cmis.marketing.limited/vendor/laravel/framework/src/Illuminate/Database/Console/Migrations/FreshCommand.php:67
/home/user/cmis.marketing.limited/vendor/laravel/framework/src/Illuminate/Database/Migrations/Migrator.php:666
/home/user/cmis.marketing.limited/vendor/laravel/framework/src/Illuminate/Database/Console/Migrations/FreshCommand.php:66
/home/user/cmis.marketing.limited/vendor/laravel/framework/src/Illuminate/Container/BoundMethod.php:36
/home/user/cmis.marketing.limited/vendor/laravel/framework/src/Illuminate/Container/Util.php:43
/home/user/cmis.marketing.limited/vendor/laravel/framework/src/Illuminate/Container/BoundMethod.php:96
/home/user/cmis.marketing.limited/vendor/laravel/framework/src/Illuminate/Container/BoundMethod.php:35
/home/user/cmis.marketing.limited/vendor/laravel/framework/src/Illuminate/Container/Container.php:836
/home/user/cmis.marketing.limited/vendor/laravel/framework/src/Illuminate/Console/Command.php:211
/home/user/cmis.marketing.limited/vendor/symfony/console/Command/Command.php:318
/home/user/cmis.marketing.limited/vendor/laravel/framework/src/Illuminate/Console/Command.php:180
/home/user/cmis.marketing.limited/vendor/symfony/console/Application.php:1073
/home/user/cmis.marketing.limited/vendor/symfony/console/Application.php:356
/home/user/cmis.marketing.limited/vendor/symfony/console/Application.php:195
/home/user/cmis.marketing.limited/vendor/laravel/framework/src/Illuminate/Console/Application.php:165
/home/user/cmis.marketing.limited/vendor/laravel/framework/src/Illuminate/Foundation/Console/Kernel.php:426
/home/user/cmis.marketing.limited/vendor/laravel/framework/src/Illuminate/Testing/PendingCommand.php:451
/home/user/cmis.marketing.limited/vendor/laravel/framework/src/Illuminate/Testing/PendingCommand.php:675
/home/user/cmis.marketing.limited/vendor/laravel/framework/src/Illuminate/Foundation/Testing/Concerns/InteractsWithConsole.php:87
/home/user/cmis.marketing.limited/vendor/laravel/framework/src/Illuminate/Foundation/Testing/RefreshDatabase.php:101
/home/user/cmis.marketing.limited/vendor/laravel/framework/src/Illuminate/Foundation/Testing/RefreshDatabase.php:84
/home/user/cmis.marketing.limited/vendor/laravel/framework/src/Illuminate/Foundation/Testing/RefreshDatabase.php:25
/home/user/cmis.marketing.limited/vendor/laravel/framework/src/Illuminate/Foundation/Testing/Concerns/InteractsWithTestCaseLifecycle.php:209
/home/user/cmis.marketing.limited/vendor/laravel/framework/src/Illuminate/Foundation/Testing/Concerns/InteractsWithTestCaseLifecycle.php:97
/home/user/cmis.marketing.limited/vendor/laravel/framework/src/Illuminate/Foundation/Testing/TestCase.php:63
/home/user/cmis.marketing.limited/tests/TestCase.php:32
/home/user/cmis.marketing.limited/tests/Unit/Services/AdPlatforms/GoogleAdsPlatformTest.php:27</error>
    </testcase>
    <testcase name="it_creates_responsive_search_ad" file="/home/user/cmis.marketing.limited/tests/Unit/Services/AdPlatforms/GoogleAdsPlatformTest.php" line="264" class="Tests\Unit\Services\AdPlatforms\GoogleAdsPlatformTest" classname="Tests.Unit.Services.AdPlatforms.GoogleAdsPlatformTest" assertions="0" time="0.000000">
      <error type="Illuminate\Database\QueryException">Tests\Unit\Services\AdPlatforms\GoogleAdsPlatformTest::it_creates_responsive_search_ad
Illuminate\Database\QueryException: SQLSTATE[08006] [7] connection to server at "127.0.0.1", port 5432 failed: FATAL:  password authentication failed for user "begin" (Connection: pgsql, SQL: select exists (select 1 from pg_class c, pg_namespace n where n.nspname = current_schema() and c.relname = 'migrations' and c.relkind in ('r', 'p') and n.oid = c.relnamespace))

/home/user/cmis.marketing.limited/vendor/laravel/framework/src/Illuminate/Database/Connection.php:824
/home/user/cmis.marketing.limited/vendor/laravel/framework/src/Illuminate/Database/Connection.php:778
/home/user/cmis.marketing.limited/vendor/laravel/framework/src/Illuminate/Database/Connection.php:397
/home/user/cmis.marketing.limited/vendor/laravel/framework/src/Illuminate/Database/Connection.php:343
/home/user/cmis.marketing.limited/vendor/laravel/framework/src/Illuminate/Database/Connection.php:360
/home/user/cmis.marketing.limited/vendor/laravel/framework/src/Illuminate/Database/Schema/Builder.php:174
/home/user/cmis.marketing.limited/vendor/laravel/framework/src/Illuminate/Database/Migrations/DatabaseMigrationRepository.php:185
/home/user/cmis.marketing.limited/vendor/laravel/framework/src/Illuminate/Database/Migrations/Migrator.php:753
/home/user/cmis.marketing.limited/vendor/laravel/framework/src/Illuminate/Database/Console/Migrations/FreshCommand.php:67
/home/user/cmis.marketing.limited/vendor/laravel/framework/src/Illuminate/Database/Migrations/Migrator.php:666
/home/user/cmis.marketing.limited/vendor/laravel/framework/src/Illuminate/Database/Console/Migrations/FreshCommand.php:66
/home/user/cmis.marketing.limited/vendor/laravel/framework/src/Illuminate/Container/BoundMethod.php:36
/home/user/cmis.marketing.limited/vendor/laravel/framework/src/Illuminate/Container/Util.php:43
/home/user/cmis.marketing.limited/vendor/laravel/framework/src/Illuminate/Container/BoundMethod.php:96
/home/user/cmis.marketing.limited/vendor/laravel/framework/src/Illuminate/Container/BoundMethod.php:35
/home/user/cmis.marketing.limited/vendor/laravel/framework/src/Illuminate/Container/Container.php:836
/home/user/cmis.marketing.limited/vendor/laravel/framework/src/Illuminate/Console/Command.php:211
/home/user/cmis.marketing.limited/vendor/symfony/console/Command/Command.php:318
/home/user/cmis.marketing.limited/vendor/laravel/framework/src/Illuminate/Console/Command.php:180
/home/user/cmis.marketing.limited/vendor/symfony/console/Application.php:1073
/home/user/cmis.marketing.limited/vendor/symfony/console/Application.php:356
/home/user/cmis.marketing.limited/vendor/symfony/console/Application.php:195
/home/user/cmis.marketing.limited/vendor/laravel/framework/src/Illuminate/Console/Application.php:165
/home/user/cmis.marketing.limited/vendor/laravel/framework/src/Illuminate/Foundation/Console/Kernel.php:426
/home/user/cmis.marketing.limited/vendor/laravel/framework/src/Illuminate/Testing/PendingCommand.php:451
/home/user/cmis.marketing.limited/vendor/laravel/framework/src/Illuminate/Testing/PendingCommand.php:675
/home/user/cmis.marketing.limited/vendor/laravel/framework/src/Illuminate/Foundation/Testing/Concerns/InteractsWithConsole.php:87
/home/user/cmis.marketing.limited/vendor/laravel/framework/src/Illuminate/Foundation/Testing/RefreshDatabase.php:101
/home/user/cmis.marketing.limited/vendor/laravel/framework/src/Illuminate/Foundation/Testing/RefreshDatabase.php:84
/home/user/cmis.marketing.limited/vendor/laravel/framework/src/Illuminate/Foundation/Testing/RefreshDatabase.php:25
/home/user/cmis.marketing.limited/vendor/laravel/framework/src/Illuminate/Foundation/Testing/Concerns/InteractsWithTestCaseLifecycle.php:209
/home/user/cmis.marketing.limited/vendor/laravel/framework/src/Illuminate/Foundation/Testing/Concerns/InteractsWithTestCaseLifecycle.php:97
/home/user/cmis.marketing.limited/vendor/laravel/framework/src/Illuminate/Foundation/Testing/TestCase.php:63
/home/user/cmis.marketing.limited/tests/TestCase.php:32
/home/user/cmis.marketing.limited/tests/Unit/Services/AdPlatforms/GoogleAdsPlatformTest.php:27</error>
    </testcase>
    <testcase name="it_adds_ad_schedule" file="/home/user/cmis.marketing.limited/tests/Unit/Services/AdPlatforms/GoogleAdsPlatformTest.php" line="562" class="Tests\Unit\Services\AdPlatforms\GoogleAdsPlatformTest" classname="Tests.Unit.Services.AdPlatforms.GoogleAdsPlatformTest" assertions="0" time="0.000000">
      <error type="Illuminate\Database\QueryException">Tests\Unit\Services\AdPlatforms\GoogleAdsPlatformTest::it_adds_ad_schedule
Illuminate\Database\QueryException: SQLSTATE[08006] [7] connection to server at "127.0.0.1", port 5432 failed: FATAL:  password authentication failed for user "begin" (Connection: pgsql, SQL: select exists (select 1 from pg_class c, pg_namespace n where n.nspname = current_schema() and c.relname = 'migrations' and c.relkind in ('r', 'p') and n.oid = c.relnamespace))

/home/user/cmis.marketing.limited/vendor/laravel/framework/src/Illuminate/Database/Connection.php:824
/home/user/cmis.marketing.limited/vendor/laravel/framework/src/Illuminate/Database/Connection.php:778
/home/user/cmis.marketing.limited/vendor/laravel/framework/src/Illuminate/Database/Connection.php:397
/home/user/cmis.marketing.limited/vendor/laravel/framework/src/Illuminate/Database/Connection.php:343
/home/user/cmis.marketing.limited/vendor/laravel/framework/src/Illuminate/Database/Connection.php:360
/home/user/cmis.marketing.limited/vendor/laravel/framework/src/Illuminate/Database/Schema/Builder.php:174
/home/user/cmis.marketing.limited/vendor/laravel/framework/src/Illuminate/Database/Migrations/DatabaseMigrationRepository.php:185
/home/user/cmis.marketing.limited/vendor/laravel/framework/src/Illuminate/Database/Migrations/Migrator.php:753
/home/user/cmis.marketing.limited/vendor/laravel/framework/src/Illuminate/Database/Console/Migrations/FreshCommand.php:67
/home/user/cmis.marketing.limited/vendor/laravel/framework/src/Illuminate/Database/Migrations/Migrator.php:666
/home/user/cmis.marketing.limited/vendor/laravel/framework/src/Illuminate/Database/Console/Migrations/FreshCommand.php:66
/home/user/cmis.marketing.limited/vendor/laravel/framework/src/Illuminate/Container/BoundMethod.php:36
/home/user/cmis.marketing.limited/vendor/laravel/framework/src/Illuminate/Container/Util.php:43
/home/user/cmis.marketing.limited/vendor/laravel/framework/src/Illuminate/Container/BoundMethod.php:96
/home/user/cmis.marketing.limited/vendor/laravel/framework/src/Illuminate/Container/BoundMethod.php:35
/home/user/cmis.marketing.limited/vendor/laravel/framework/src/Illuminate/Container/Container.php:836
/home/user/cmis.marketing.limited/vendor/laravel/framework/src/Illuminate/Console/Command.php:211
/home/user/cmis.marketing.limited/vendor/symfony/console/Command/Command.php:318
/home/user/cmis.marketing.limited/vendor/laravel/framework/src/Illuminate/Console/Command.php:180
/home/user/cmis.marketing.limited/vendor/symfony/console/Application.php:1073
/home/user/cmis.marketing.limited/vendor/symfony/console/Application.php:356
/home/user/cmis.marketing.limited/vendor/symfony/console/Application.php:195
/home/user/cmis.marketing.limited/vendor/laravel/framework/src/Illuminate/Console/Application.php:165
/home/user/cmis.marketing.limited/vendor/laravel/framework/src/Illuminate/Foundation/Console/Kernel.php:426
/home/user/cmis.marketing.limited/vendor/laravel/framework/src/Illuminate/Testing/PendingCommand.php:451
/home/user/cmis.marketing.limited/vendor/laravel/framework/src/Illuminate/Testing/PendingCommand.php:675
/home/user/cmis.marketing.limited/vendor/laravel/framework/src/Illuminate/Foundation/Testing/Concerns/InteractsWithConsole.php:87
/home/user/cmis.marketing.limited/vendor/laravel/framework/src/Illuminate/Foundation/Testing/RefreshDatabase.php:101
/home/user/cmis.marketing.limited/vendor/laravel/framework/src/Illuminate/Foundation/Testing/RefreshDatabase.php:84
/home/user/cmis.marketing.limited/vendor/laravel/framework/src/Illuminate/Foundation/Testing/RefreshDatabase.php:25
/home/user/cmis.marketing.limited/vendor/laravel/framework/src/Illuminate/Foundation/Testing/Concerns/InteractsWithTestCaseLifecycle.php:209
/home/user/cmis.marketing.limited/vendor/laravel/framework/src/Illuminate/Foundation/Testing/Concerns/InteractsWithTestCaseLifecycle.php:97
/home/user/cmis.marketing.limited/vendor/laravel/framework/src/Illuminate/Foundation/Testing/TestCase.php:63
/home/user/cmis.marketing.limited/tests/TestCase.php:32
/home/user/cmis.marketing.limited/tests/Unit/Services/AdPlatforms/GoogleAdsPlatformTest.php:27</error>
    </testcase>
    <testcase name="it_creates_bidding_strategy" file="/home/user/cmis.marketing.limited/tests/Unit/Services/AdPlatforms/GoogleAdsPlatformTest.php" line="732" class="Tests\Unit\Services\AdPlatforms\GoogleAdsPlatformTest" classname="Tests.Unit.Services.AdPlatforms.GoogleAdsPlatformTest" assertions="0" time="0.000000">
      <error type="Illuminate\Database\QueryException">Tests\Unit\Services\AdPlatforms\GoogleAdsPlatformTest::it_creates_bidding_strategy
Illuminate\Database\QueryException: SQLSTATE[08006] [7] connection to server at "127.0.0.1", port 5432 failed: FATAL:  password authentication failed for user "begin" (Connection: pgsql, SQL: select exists (select 1 from pg_class c, pg_namespace n where n.nspname = current_schema() and c.relname = 'migrations' and c.relkind in ('r', 'p') and n.oid = c.relnamespace))

/home/user/cmis.marketing.limited/vendor/laravel/framework/src/Illuminate/Database/Connection.php:824
/home/user/cmis.marketing.limited/vendor/laravel/framework/src/Illuminate/Database/Connection.php:778
/home/user/cmis.marketing.limited/vendor/laravel/framework/src/Illuminate/Database/Connection.php:397
/home/user/cmis.marketing.limited/vendor/laravel/framework/src/Illuminate/Database/Connection.php:343
/home/user/cmis.marketing.limited/vendor/laravel/framework/src/Illuminate/Database/Connection.php:360
/home/user/cmis.marketing.limited/vendor/laravel/framework/src/Illuminate/Database/Schema/Builder.php:174
/home/user/cmis.marketing.limited/vendor/laravel/framework/src/Illuminate/Database/Migrations/DatabaseMigrationRepository.php:185
/home/user/cmis.marketing.limited/vendor/laravel/framework/src/Illuminate/Database/Migrations/Migrator.php:753
/home/user/cmis.marketing.limited/vendor/laravel/framework/src/Illuminate/Database/Console/Migrations/FreshCommand.php:67
/home/user/cmis.marketing.limited/vendor/laravel/framework/src/Illuminate/Database/Migrations/Migrator.php:666
/home/user/cmis.marketing.limited/vendor/laravel/framework/src/Illuminate/Database/Console/Migrations/FreshCommand.php:66
/home/user/cmis.marketing.limited/vendor/laravel/framework/src/Illuminate/Container/BoundMethod.php:36
/home/user/cmis.marketing.limited/vendor/laravel/framework/src/Illuminate/Container/Util.php:43
/home/user/cmis.marketing.limited/vendor/laravel/framework/src/Illuminate/Container/BoundMethod.php:96
/home/user/cmis.marketing.limited/vendor/laravel/framework/src/Illuminate/Container/BoundMethod.php:35
/home/user/cmis.marketing.limited/vendor/laravel/framework/src/Illuminate/Container/Container.php:836
/home/user/cmis.marketing.limited/vendor/laravel/framework/src/Illuminate/Console/Command.php:211
/home/user/cmis.marketing.limited/vendor/symfony/console/Command/Command.php:318
/home/user/cmis.marketing.limited/vendor/laravel/framework/src/Illuminate/Console/Command.php:180
/home/user/cmis.marketing.limited/vendor/symfony/console/Application.php:1073
/home/user/cmis.marketing.limited/vendor/symfony/console/Application.php:356
/home/user/cmis.marketing.limited/vendor/symfony/console/Application.php:195
/home/user/cmis.marketing.limited/vendor/laravel/framework/src/Illuminate/Console/Application.php:165
/home/user/cmis.marketing.limited/vendor/laravel/framework/src/Illuminate/Foundation/Console/Kernel.php:426
/home/user/cmis.marketing.limited/vendor/laravel/framework/src/Illuminate/Testing/PendingCommand.php:451
/home/user/cmis.marketing.limited/vendor/laravel/framework/src/Illuminate/Testing/PendingCommand.php:675
/home/user/cmis.marketing.limited/vendor/laravel/framework/src/Illuminate/Foundation/Testing/Concerns/InteractsWithConsole.php:87
/home/user/cmis.marketing.limited/vendor/laravel/framework/src/Illuminate/Foundation/Testing/RefreshDatabase.php:101
/home/user/cmis.marketing.limited/vendor/laravel/framework/src/Illuminate/Foundation/Testing/RefreshDatabase.php:84
/home/user/cmis.marketing.limited/vendor/laravel/framework/src/Illuminate/Foundation/Testing/RefreshDatabase.php:25
/home/user/cmis.marketing.limited/vendor/laravel/framework/src/Illuminate/Foundation/Testing/Concerns/InteractsWithTestCaseLifecycle.php:209
/home/user/cmis.marketing.limited/vendor/laravel/framework/src/Illuminate/Foundation/Testing/Concerns/InteractsWithTestCaseLifecycle.php:97
/home/user/cmis.marketing.limited/vendor/laravel/framework/src/Illuminate/Foundation/Testing/TestCase.php:63
/home/user/cmis.marketing.limited/tests/TestCase.php:32
/home/user/cmis.marketing.limited/tests/Unit/Services/AdPlatforms/GoogleAdsPlatformTest.php:27</error>
    </testcase>
    <testcase name="it_adds_callout_extensions" file="/home/user/cmis.marketing.limited/tests/Unit/Services/AdPlatforms/GoogleAdsPlatformTest.php" line="305" class="Tests\Unit\Services\AdPlatforms\GoogleAdsPlatformTest" classname="Tests.Unit.Services.AdPlatforms.GoogleAdsPlatformTest" assertions="0" time="0.000000">
      <error type="Illuminate\Database\QueryException">Tests\Unit\Services\AdPlatforms\GoogleAdsPlatformTest::it_adds_callout_extensions
Illuminate\Database\QueryException: SQLSTATE[08006] [7] connection to server at "127.0.0.1", port 5432 failed: FATAL:  password authentication failed for user "begin" (Connection: pgsql, SQL: select exists (select 1 from pg_class c, pg_namespace n where n.nspname = current_schema() and c.relname = 'migrations' and c.relkind in ('r', 'p') and n.oid = c.relnamespace))

/home/user/cmis.marketing.limited/vendor/laravel/framework/src/Illuminate/Database/Connection.php:824
/home/user/cmis.marketing.limited/vendor/laravel/framework/src/Illuminate/Database/Connection.php:778
/home/user/cmis.marketing.limited/vendor/laravel/framework/src/Illuminate/Database/Connection.php:397
/home/user/cmis.marketing.limited/vendor/laravel/framework/src/Illuminate/Database/Connection.php:343
/home/user/cmis.marketing.limited/vendor/laravel/framework/src/Illuminate/Database/Connection.php:360
/home/user/cmis.marketing.limited/vendor/laravel/framework/src/Illuminate/Database/Schema/Builder.php:174
/home/user/cmis.marketing.limited/vendor/laravel/framework/src/Illuminate/Database/Migrations/DatabaseMigrationRepository.php:185
/home/user/cmis.marketing.limited/vendor/laravel/framework/src/Illuminate/Database/Migrations/Migrator.php:753
/home/user/cmis.marketing.limited/vendor/laravel/framework/src/Illuminate/Database/Console/Migrations/FreshCommand.php:67
/home/user/cmis.marketing.limited/vendor/laravel/framework/src/Illuminate/Database/Migrations/Migrator.php:666
/home/user/cmis.marketing.limited/vendor/laravel/framework/src/Illuminate/Database/Console/Migrations/FreshCommand.php:66
/home/user/cmis.marketing.limited/vendor/laravel/framework/src/Illuminate/Container/BoundMethod.php:36
/home/user/cmis.marketing.limited/vendor/laravel/framework/src/Illuminate/Container/Util.php:43
/home/user/cmis.marketing.limited/vendor/laravel/framework/src/Illuminate/Container/BoundMethod.php:96
/home/user/cmis.marketing.limited/vendor/laravel/framework/src/Illuminate/Container/BoundMethod.php:35
/home/user/cmis.marketing.limited/vendor/laravel/framework/src/Illuminate/Container/Container.php:836
/home/user/cmis.marketing.limited/vendor/laravel/framework/src/Illuminate/Console/Command.php:211
/home/user/cmis.marketing.limited/vendor/symfony/console/Command/Command.php:318
/home/user/cmis.marketing.limited/vendor/laravel/framework/src/Illuminate/Console/Command.php:180
/home/user/cmis.marketing.limited/vendor/symfony/console/Application.php:1073
/home/user/cmis.marketing.limited/vendor/symfony/console/Application.php:356
/home/user/cmis.marketing.limited/vendor/symfony/console/Application.php:195
/home/user/cmis.marketing.limited/vendor/laravel/framework/src/Illuminate/Console/Application.php:165
/home/user/cmis.marketing.limited/vendor/laravel/framework/src/Illuminate/Foundation/Console/Kernel.php:426
/home/user/cmis.marketing.limited/vendor/laravel/framework/src/Illuminate/Testing/PendingCommand.php:451
/home/user/cmis.marketing.limited/vendor/laravel/framework/src/Illuminate/Testing/PendingCommand.php:675
/home/user/cmis.marketing.limited/vendor/laravel/framework/src/Illuminate/Foundation/Testing/Concerns/InteractsWithConsole.php:87
/home/user/cmis.marketing.limited/vendor/laravel/framework/src/Illuminate/Foundation/Testing/RefreshDatabase.php:101
/home/user/cmis.marketing.limited/vendor/laravel/framework/src/Illuminate/Foundation/Testing/RefreshDatabase.php:84
/home/user/cmis.marketing.limited/vendor/laravel/framework/src/Illuminate/Foundation/Testing/RefreshDatabase.php:25
/home/user/cmis.marketing.limited/vendor/laravel/framework/src/Illuminate/Foundation/Testing/Concerns/InteractsWithTestCaseLifecycle.php:209
/home/user/cmis.marketing.limited/vendor/laravel/framework/src/Illuminate/Foundation/Testing/Concerns/InteractsWithTestCaseLifecycle.php:97
/home/user/cmis.marketing.limited/vendor/laravel/framework/src/Illuminate/Foundation/Testing/TestCase.php:63
/home/user/cmis.marketing.limited/tests/TestCase.php:32
/home/user/cmis.marketing.limited/tests/Unit/Services/AdPlatforms/GoogleAdsPlatformTest.php:27</error>
    </testcase>
    <testcase name="it_adds_affinity_audience" file="/home/user/cmis.marketing.limited/tests/Unit/Services/AdPlatforms/GoogleAdsPlatformTest.php" line="628" class="Tests\Unit\Services\AdPlatforms\GoogleAdsPlatformTest" classname="Tests.Unit.Services.AdPlatforms.GoogleAdsPlatformTest" assertions="0" time="0.000000">
      <error type="Illuminate\Database\QueryException">Tests\Unit\Services\AdPlatforms\GoogleAdsPlatformTest::it_adds_affinity_audience
Illuminate\Database\QueryException: SQLSTATE[08006] [7] connection to server at "127.0.0.1", port 5432 failed: FATAL:  password authentication failed for user "begin" (Connection: pgsql, SQL: select exists (select 1 from pg_class c, pg_namespace n where n.nspname = current_schema() and c.relname = 'migrations' and c.relkind in ('r', 'p') and n.oid = c.relnamespace))

/home/user/cmis.marketing.limited/vendor/laravel/framework/src/Illuminate/Database/Connection.php:824
/home/user/cmis.marketing.limited/vendor/laravel/framework/src/Illuminate/Database/Connection.php:778
/home/user/cmis.marketing.limited/vendor/laravel/framework/src/Illuminate/Database/Connection.php:397
/home/user/cmis.marketing.limited/vendor/laravel/framework/src/Illuminate/Database/Connection.php:343
/home/user/cmis.marketing.limited/vendor/laravel/framework/src/Illuminate/Database/Connection.php:360
/home/user/cmis.marketing.limited/vendor/laravel/framework/src/Illuminate/Database/Schema/Builder.php:174
/home/user/cmis.marketing.limited/vendor/laravel/framework/src/Illuminate/Database/Migrations/DatabaseMigrationRepository.php:185
/home/user/cmis.marketing.limited/vendor/laravel/framework/src/Illuminate/Database/Migrations/Migrator.php:753
/home/user/cmis.marketing.limited/vendor/laravel/framework/src/Illuminate/Database/Console/Migrations/FreshCommand.php:67
/home/user/cmis.marketing.limited/vendor/laravel/framework/src/Illuminate/Database/Migrations/Migrator.php:666
/home/user/cmis.marketing.limited/vendor/laravel/framework/src/Illuminate/Database/Console/Migrations/FreshCommand.php:66
/home/user/cmis.marketing.limited/vendor/laravel/framework/src/Illuminate/Container/BoundMethod.php:36
/home/user/cmis.marketing.limited/vendor/laravel/framework/src/Illuminate/Container/Util.php:43
/home/user/cmis.marketing.limited/vendor/laravel/framework/src/Illuminate/Container/BoundMethod.php:96
/home/user/cmis.marketing.limited/vendor/laravel/framework/src/Illuminate/Container/BoundMethod.php:35
/home/user/cmis.marketing.limited/vendor/laravel/framework/src/Illuminate/Container/Container.php:836
/home/user/cmis.marketing.limited/vendor/laravel/framework/src/Illuminate/Console/Command.php:211
/home/user/cmis.marketing.limited/vendor/symfony/console/Command/Command.php:318
/home/user/cmis.marketing.limited/vendor/laravel/framework/src/Illuminate/Console/Command.php:180
/home/user/cmis.marketing.limited/vendor/symfony/console/Application.php:1073
/home/user/cmis.marketing.limited/vendor/symfony/console/Application.php:356
/home/user/cmis.marketing.limited/vendor/symfony/console/Application.php:195
/home/user/cmis.marketing.limited/vendor/laravel/framework/src/Illuminate/Console/Application.php:165
/home/user/cmis.marketing.limited/vendor/laravel/framework/src/Illuminate/Foundation/Console/Kernel.php:426
/home/user/cmis.marketing.limited/vendor/laravel/framework/src/Illuminate/Testing/PendingCommand.php:451
/home/user/cmis.marketing.limited/vendor/laravel/framework/src/Illuminate/Testing/PendingCommand.php:675
/home/user/cmis.marketing.limited/vendor/laravel/framework/src/Illuminate/Foundation/Testing/Concerns/InteractsWithConsole.php:87
/home/user/cmis.marketing.limited/vendor/laravel/framework/src/Illuminate/Foundation/Testing/RefreshDatabase.php:101
/home/user/cmis.marketing.limited/vendor/laravel/framework/src/Illuminate/Foundation/Testing/RefreshDatabase.php:84
/home/user/cmis.marketing.limited/vendor/laravel/framework/src/Illuminate/Foundation/Testing/RefreshDatabase.php:25
/home/user/cmis.marketing.limited/vendor/laravel/framework/src/Illuminate/Foundation/Testing/Concerns/InteractsWithTestCaseLifecycle.php:209
/home/user/cmis.marketing.limited/vendor/laravel/framework/src/Illuminate/Foundation/Testing/Concerns/InteractsWithTestCaseLifecycle.php:97
/home/user/cmis.marketing.limited/vendor/laravel/framework/src/Illuminate/Foundation/Testing/TestCase.php:63
/home/user/cmis.marketing.limited/tests/TestCase.php:32
/home/user/cmis.marketing.limited/tests/Unit/Services/AdPlatforms/GoogleAdsPlatformTest.php:27</error>
    </testcase>
    <testcase name="it_uploads_customer_match_data" file="/home/user/cmis.marketing.limited/tests/Unit/Services/AdPlatforms/GoogleAdsPlatformTest.php" line="698" class="Tests\Unit\Services\AdPlatforms\GoogleAdsPlatformTest" classname="Tests.Unit.Services.AdPlatforms.GoogleAdsPlatformTest" assertions="0" time="0.000000">
      <error type="Illuminate\Database\QueryException">Tests\Unit\Services\AdPlatforms\GoogleAdsPlatformTest::it_uploads_customer_match_data
Illuminate\Database\QueryException: SQLSTATE[08006] [7] connection to server at "127.0.0.1", port 5432 failed: FATAL:  password authentication failed for user "begin" (Connection: pgsql, SQL: select exists (select 1 from pg_class c, pg_namespace n where n.nspname = current_schema() and c.relname = 'migrations' and c.relkind in ('r', 'p') and n.oid = c.relnamespace))

/home/user/cmis.marketing.limited/vendor/laravel/framework/src/Illuminate/Database/Connection.php:824
/home/user/cmis.marketing.limited/vendor/laravel/framework/src/Illuminate/Database/Connection.php:778
/home/user/cmis.marketing.limited/vendor/laravel/framework/src/Illuminate/Database/Connection.php:397
/home/user/cmis.marketing.limited/vendor/laravel/framework/src/Illuminate/Database/Connection.php:343
/home/user/cmis.marketing.limited/vendor/laravel/framework/src/Illuminate/Database/Connection.php:360
/home/user/cmis.marketing.limited/vendor/laravel/framework/src/Illuminate/Database/Schema/Builder.php:174
/home/user/cmis.marketing.limited/vendor/laravel/framework/src/Illuminate/Database/Migrations/DatabaseMigrationRepository.php:185
/home/user/cmis.marketing.limited/vendor/laravel/framework/src/Illuminate/Database/Migrations/Migrator.php:753
/home/user/cmis.marketing.limited/vendor/laravel/framework/src/Illuminate/Database/Console/Migrations/FreshCommand.php:67
/home/user/cmis.marketing.limited/vendor/laravel/framework/src/Illuminate/Database/Migrations/Migrator.php:666
/home/user/cmis.marketing.limited/vendor/laravel/framework/src/Illuminate/Database/Console/Migrations/FreshCommand.php:66
/home/user/cmis.marketing.limited/vendor/laravel/framework/src/Illuminate/Container/BoundMethod.php:36
/home/user/cmis.marketing.limited/vendor/laravel/framework/src/Illuminate/Container/Util.php:43
/home/user/cmis.marketing.limited/vendor/laravel/framework/src/Illuminate/Container/BoundMethod.php:96
/home/user/cmis.marketing.limited/vendor/laravel/framework/src/Illuminate/Container/BoundMethod.php:35
/home/user/cmis.marketing.limited/vendor/laravel/framework/src/Illuminate/Container/Container.php:836
/home/user/cmis.marketing.limited/vendor/laravel/framework/src/Illuminate/Console/Command.php:211
/home/user/cmis.marketing.limited/vendor/symfony/console/Command/Command.php:318
/home/user/cmis.marketing.limited/vendor/laravel/framework/src/Illuminate/Console/Command.php:180
/home/user/cmis.marketing.limited/vendor/symfony/console/Application.php:1073
/home/user/cmis.marketing.limited/vendor/symfony/console/Application.php:356
/home/user/cmis.marketing.limited/vendor/symfony/console/Application.php:195
/home/user/cmis.marketing.limited/vendor/laravel/framework/src/Illuminate/Console/Application.php:165
/home/user/cmis.marketing.limited/vendor/laravel/framework/src/Illuminate/Foundation/Console/Kernel.php:426
/home/user/cmis.marketing.limited/vendor/laravel/framework/src/Illuminate/Testing/PendingCommand.php:451
/home/user/cmis.marketing.limited/vendor/laravel/framework/src/Illuminate/Testing/PendingCommand.php:675
/home/user/cmis.marketing.limited/vendor/laravel/framework/src/Illuminate/Foundation/Testing/Concerns/InteractsWithConsole.php:87
/home/user/cmis.marketing.limited/vendor/laravel/framework/src/Illuminate/Foundation/Testing/RefreshDatabase.php:101
/home/user/cmis.marketing.limited/vendor/laravel/framework/src/Illuminate/Foundation/Testing/RefreshDatabase.php:84
/home/user/cmis.marketing.limited/vendor/laravel/framework/src/Illuminate/Foundation/Testing/RefreshDatabase.php:25
/home/user/cmis.marketing.limited/vendor/laravel/framework/src/Illuminate/Foundation/Testing/Concerns/InteractsWithTestCaseLifecycle.php:209
/home/user/cmis.marketing.limited/vendor/laravel/framework/src/Illuminate/Foundation/Testing/Concerns/InteractsWithTestCaseLifecycle.php:97
/home/user/cmis.marketing.limited/vendor/laravel/framework/src/Illuminate/Foundation/Testing/TestCase.php:63
/home/user/cmis.marketing.limited/tests/TestCase.php:32
/home/user/cmis.marketing.limited/tests/Unit/Services/AdPlatforms/GoogleAdsPlatformTest.php:27</error>
    </testcase>
    <testcase name="it_syncs_account_successfully" file="/home/user/cmis.marketing.limited/tests/Unit/Services/AdPlatforms/GoogleAdsPlatformTest.php" line="848" class="Tests\Unit\Services\AdPlatforms\GoogleAdsPlatformTest" classname="Tests.Unit.Services.AdPlatforms.GoogleAdsPlatformTest" assertions="0" time="0.000000">
      <error type="Illuminate\Database\QueryException">Tests\Unit\Services\AdPlatforms\GoogleAdsPlatformTest::it_syncs_account_successfully
Illuminate\Database\QueryException: SQLSTATE[08006] [7] connection to server at "127.0.0.1", port 5432 failed: FATAL:  password authentication failed for user "begin" (Connection: pgsql, SQL: select exists (select 1 from pg_class c, pg_namespace n where n.nspname = current_schema() and c.relname = 'migrations' and c.relkind in ('r', 'p') and n.oid = c.relnamespace))

/home/user/cmis.marketing.limited/vendor/laravel/framework/src/Illuminate/Database/Connection.php:824
/home/user/cmis.marketing.limited/vendor/laravel/framework/src/Illuminate/Database/Connection.php:778
/home/user/cmis.marketing.limited/vendor/laravel/framework/src/Illuminate/Database/Connection.php:397
/home/user/cmis.marketing.limited/vendor/laravel/framework/src/Illuminate/Database/Connection.php:343
/home/user/cmis.marketing.limited/vendor/laravel/framework/src/Illuminate/Database/Connection.php:360
/home/user/cmis.marketing.limited/vendor/laravel/framework/src/Illuminate/Database/Schema/Builder.php:174
/home/user/cmis.marketing.limited/vendor/laravel/framework/src/Illuminate/Database/Migrations/DatabaseMigrationRepository.php:185
/home/user/cmis.marketing.limited/vendor/laravel/framework/src/Illuminate/Database/Migrations/Migrator.php:753
/home/user/cmis.marketing.limited/vendor/laravel/framework/src/Illuminate/Database/Console/Migrations/FreshCommand.php:67
/home/user/cmis.marketing.limited/vendor/laravel/framework/src/Illuminate/Database/Migrations/Migrator.php:666
/home/user/cmis.marketing.limited/vendor/laravel/framework/src/Illuminate/Database/Console/Migrations/FreshCommand.php:66
/home/user/cmis.marketing.limited/vendor/laravel/framework/src/Illuminate/Container/BoundMethod.php:36
/home/user/cmis.marketing.limited/vendor/laravel/framework/src/Illuminate/Container/Util.php:43
/home/user/cmis.marketing.limited/vendor/laravel/framework/src/Illuminate/Container/BoundMethod.php:96
/home/user/cmis.marketing.limited/vendor/laravel/framework/src/Illuminate/Container/BoundMethod.php:35
/home/user/cmis.marketing.limited/vendor/laravel/framework/src/Illuminate/Container/Container.php:836
/home/user/cmis.marketing.limited/vendor/laravel/framework/src/Illuminate/Console/Command.php:211
/home/user/cmis.marketing.limited/vendor/symfony/console/Command/Command.php:318
/home/user/cmis.marketing.limited/vendor/laravel/framework/src/Illuminate/Console/Command.php:180
[...]
/home/user/cmis.marketing.limited/vendor/laravel/framework/src/Illuminate/Console/Command.php:180
/home/user/cmis.marketing.limited/vendor/symfony/console/Application.php:1073
/home/user/cmis.marketing.limited/vendor/symfony/console/Application.php:356
/home/user/cmis.marketing.limited/vendor/symfony/console/Application.php:195
/home/user/cmis.marketing.limited/vendor/laravel/framework/src/Illuminate/Console/Application.php:165
/home/user/cmis.marketing.limited/vendor/laravel/framework/src/Illuminate/Foundation/Console/Kernel.php:426
/home/user/cmis.marketing.limited/vendor/laravel/framework/src/Illuminate/Testing/PendingCommand.php:451
/home/user/cmis.marketing.limited/vendor/laravel/framework/src/Illuminate/Testing/PendingCommand.php:675
/home/user/cmis.marketing.limited/vendor/laravel/framework/src/Illuminate/Foundation/Testing/Concerns/InteractsWithConsole.php:87
/home/user/cmis.marketing.limited/vendor/laravel/framework/src/Illuminate/Foundation/Testing/RefreshDatabase.php:101
/home/user/cmis.marketing.limited/vendor/laravel/framework/src/Illuminate/Foundation/Testing/RefreshDatabase.php:84
/home/user/cmis.marketing.limited/vendor/laravel/framework/src/Illuminate/Foundation/Testing/RefreshDatabase.php:25
/home/user/cmis.marketing.limited/vendor/laravel/framework/src/Illuminate/Foundation/Testing/Concerns/InteractsWithTestCaseLifecycle.php:209
/home/user/cmis.marketing.limited/vendor/laravel/framework/src/Illuminate/Foundation/Testing/Concerns/InteractsWithTestCaseLifecycle.php:97
/home/user/cmis.marketing.limited/vendor/laravel/framework/src/Illuminate/Foundation/Testing/TestCase.php:63
/home/user/cmis.marketing.limited/tests/TestCase.php:32
/home/user/cmis.marketing.limited/tests/Unit/Services/AdPlatforms/GoogleAdsPlatformTest.php:27</error>
    </testcase>
    <testcase name="it_adds_in_market_audience" file="/home/user/cmis.marketing.limited/tests/Unit/Services/AdPlatforms/GoogleAdsPlatformTest.php" line="613" class="Tests\Unit\Services\AdPlatforms\GoogleAdsPlatformTest" classname="Tests.Unit.Services.AdPlatforms.GoogleAdsPlatformTest" assertions="0" time="0.000000">
      <error type="Illuminate\Database\QueryException">Tests\Unit\Services\AdPlatforms\GoogleAdsPlatformTest::it_adds_in_market_audience
Illuminate\Database\QueryException: SQLSTATE[08006] [7] connection to server at "127.0.0.1", port 5432 failed: FATAL:  password authentication failed for user "begin" (Connection: pgsql, SQL: select exists (select 1 from pg_class c, pg_namespace n where n.nspname = current_schema() and c.relname = 'migrations' and c.relkind in ('r', 'p') and n.oid = c.relnamespace))

/home/user/cmis.marketing.limited/vendor/laravel/framework/src/Illuminate/Database/Connection.php:824
/home/user/cmis.marketing.limited/vendor/laravel/framework/src/Illuminate/Database/Connection.php:778
/home/user/cmis.marketing.limited/vendor/laravel/framework/src/Illuminate/Database/Connection.php:397
/home/user/cmis.marketing.limited/vendor/laravel/framework/src/Illuminate/Database/Connection.php:343
/home/user/cmis.marketing.limited/vendor/laravel/framework/src/Illuminate/Database/Connection.php:360
/home/user/cmis.marketing.limited/vendor/laravel/framework/src/Illuminate/Database/Schema/Builder.php:174
/home/user/cmis.marketing.limited/vendor/laravel/framework/src/Illuminate/Database/Migrations/DatabaseMigrationRepository.php:185
/home/user/cmis.marketing.limited/vendor/laravel/framework/src/Illuminate/Database/Migrations/Migrator.php:753
/home/user/cmis.marketing.limited/vendor/laravel/framework/src/Illuminate/Database/Console/Migrations/FreshCommand.php:67
/home/user/cmis.marketing.limited/vendor/laravel/framework/src/Illuminate/Database/Migrations/Migrator.php:666
/home/user/cmis.marketing.limited/vendor/laravel/framework/src/Illuminate/Database/Console/Migrations/FreshCommand.php:66
/home/user/cmis.marketing.limited/vendor/laravel/framework/src/Illuminate/Container/BoundMethod.php:36
/home/user/cmis.marketing.limited/vendor/laravel/framework/src/Illuminate/Container/Util.php:43
/home/user/cmis.marketing.limited/vendor/laravel/framework/src/Illuminate/Container/BoundMethod.php:96
/home/user/cmis.marketing.limited/vendor/laravel/framework/src/Illuminate/Container/BoundMethod.php:35
/home/user/cmis.marketing.limited/vendor/laravel/framework/src/Illuminate/Container/Container.php:836
/home/user/cmis.marketing.limited/vendor/laravel/framework/src/Illuminate/Console/Command.php:211
/home/user/cmis.marketing.limited/vendor/symfony/console/Command/Command.php:318
/home/user/cmis.marketing.limited/vendor/laravel/framework/src/Illuminate/Console/Command.php:180
/home/user/cmis.marketing.limited/vendor/symfony/console/Application.php:1073
/home/user/cmis.marketing.limited/vendor/symfony/console/Application.php:356
/home/user/cmis.marketing.limited/vendor/symfony/console/Application.php:195
/home/user/cmis.marketing.limited/vendor/laravel/framework/src/Illuminate/Console/Application.php:165
/home/user/cmis.marketing.limited/vendor/laravel/framework/src/Illuminate/Foundation/Console/Kernel.php:426
/home/user/cmis.marketing.limited/vendor/laravel/framework/src/Illuminate/Testing/PendingCommand.php:451
/home/user/cmis.marketing.limited/vendor/laravel/framework/src/Illuminate/Testing/PendingCommand.php:675
/home/user/cmis.marketing.limited/vendor/laravel/framework/src/Illuminate/Foundation/Testing/Concerns/InteractsWithConsole.php:87
/home/user/cmis.marketing.limited/vendor/laravel/framework/src/Illuminate/Foundation/Testing/RefreshDatabase.php:101
/home/user/cmis.marketing.limited/vendor/laravel/framework/src/Illuminate/Foundation/Testing/RefreshDatabase.php:84
/home/user/cmis.marketing.limited/vendor/laravel/framework/src/Illuminate/Foundation/Testing/RefreshDatabase.php:25
/home/user/cmis.marketing.limited/vendor/laravel/framework/src/Illuminate/Foundation/Testing/Concerns/InteractsWithTestCaseLifecycle.php:209
/home/user/cmis.marketing.limited/vendor/laravel/framework/src/Illuminate/Foundation/Testing/Concerns/InteractsWithTestCaseLifecycle.php:97
/home/user/cmis.marketing.limited/vendor/laravel/framework/src/Illuminate/Foundation/Testing/TestCase.php:63
/home/user/cmis.marketing.limited/tests/TestCase.php:32
/home/user/cmis.marketing.limited/tests/Unit/Services/AdPlatforms/GoogleAdsPlatformTest.php:27</error>
    </testcase>
    <testcase name="it_gets_available_objectives" file="/home/user/cmis.marketing.limited/tests/Unit/Services/AdPlatforms/GoogleAdsPlatformTest.php" line="827" class="Tests\Unit\Services\AdPlatforms\GoogleAdsPlatformTest" classname="Tests.Unit.Services.AdPlatforms.GoogleAdsPlatformTest" assertions="0" time="0.000000">
      <error type="Illuminate\Database\QueryException">Tests\Unit\Services\AdPlatforms\GoogleAdsPlatformTest::it_gets_available_objectives
Illuminate\Database\QueryException: SQLSTATE[08006] [7] connection to server at "127.0.0.1", port 5432 failed: FATAL:  password authentication failed for user "begin" (Connection: pgsql, SQL: select exists (select 1 from pg_class c, pg_namespace n where n.nspname = current_schema() and c.relname = 'migrations' and c.relkind in ('r', 'p') and n.oid = c.relnamespace))

/home/user/cmis.marketing.limited/vendor/laravel/framework/src/Illuminate/Database/Connection.php:824
/home/user/cmis.marketing.limited/vendor/laravel/framework/src/Illuminate/Database/Connection.php:778
/home/user/cmis.marketing.limited/vendor/laravel/framework/src/Illuminate/Database/Connection.php:397
/home/user/cmis.marketing.limited/vendor/laravel/framework/src/Illuminate/Database/Connection.php:343
/home/user/cmis.marketing.limited/vendor/laravel/framework/src/Illuminate/Database/Connection.php:360
/home/user/cmis.marketing.limited/vendor/laravel/framework/src/Illuminate/Database/Schema/Builder.php:174
/home/user/cmis.marketing.limited/vendor/laravel/framework/src/Illuminate/Database/Migrations/DatabaseMigrationRepository.php:185
/home/user/cmis.marketing.limited/vendor/laravel/framework/src/Illuminate/Database/Migrations/Migrator.php:753
/home/user/cmis.marketing.limited/vendor/laravel/framework/src/Illuminate/Database/Console/Migrations/FreshCommand.php:67
/home/user/cmis.marketing.limited/vendor/laravel/framework/src/Illuminate/Database/Migrations/Migrator.php:666
/home/user/cmis.marketing.limited/vendor/laravel/framework/src/Illuminate/Database/Console/Migrations/FreshCommand.php:66
/home/user/cmis.marketing.limited/vendor/laravel/framework/src/Illuminate/Container/BoundMethod.php:36
/home/user/cmis.marketing.limited/vendor/laravel/framework/src/Illuminate/Container/Util.php:43
/home/user/cmis.marketing.limited/vendor/laravel/framework/src/Illuminate/Container/BoundMethod.php:96
/home/user/cmis.marketing.limited/vendor/laravel/framework/src/Illuminate/Container/BoundMethod.php:35
/home/user/cmis.marketing.limited/vendor/laravel/framework/src/Illuminate/Container/Container.php:836
/home/user/cmis.marketing.limited/vendor/laravel/framework/src/Illuminate/Console/Command.php:211
/home/user/cmis.marketing.limited/vendor/symfony/console/Command/Command.php:318
/home/user/cmis.marketing.limited/vendor/laravel/framework/src/Illuminate/Console/Command.php:180
/home/user/cmis.marketing.limited/vendor/symfony/console/Application.php:1073
/home/user/cmis.marketing.limited/vendor/symfony/console/Application.php:356
/home/user/cmis.marketing.limited/vendor/symfony/console/Application.php:195
/home/user/cmis.marketing.limited/vendor/laravel/framework/src/Illuminate/Console/Application.php:165
/home/user/cmis.marketing.limited/vendor/laravel/framework/src/Illuminate/Foundation/Console/Kernel.php:426
/home/user/cmis.marketing.limited/vendor/laravel/framework/src/Illuminate/Testing/PendingCommand.php:451
/home/user/cmis.marketing.limited/vendor/laravel/framework/src/Illuminate/Testing/PendingCommand.php:675
/home/user/cmis.marketing.limited/vendor/laravel/framework/src/Illuminate/Foundation/Testing/Concerns/InteractsWithConsole.php:87
/home/user/cmis.marketing.limited/vendor/laravel/framework/src/Illuminate/Foundation/Testing/RefreshDatabase.php:101
/home/user/cmis.marketing.limited/vendor/laravel/framework/src/Illuminate/Foundation/Testing/RefreshDatabase.php:84
/home/user/cmis.marketing.limited/vendor/laravel/framework/src/Illuminate/Foundation/Testing/RefreshDatabase.php:25
/home/user/cmis.marketing.limited/vendor/laravel/framework/src/Illuminate/Foundation/Testing/Concerns/InteractsWithTestCaseLifecycle.php:209
/home/user/cmis.marketing.limited/vendor/laravel/framework/src/Illuminate/Foundation/Testing/Concerns/InteractsWithTestCaseLifecycle.php:97
/home/user/cmis.marketing.limited/vendor/laravel/framework/src/Illuminate/Foundation/Testing/TestCase.php:63
/home/user/cmis.marketing.limited/tests/TestCase.php:32
/home/user/cmis.marketing.limited/tests/Unit/Services/AdPlatforms/GoogleAdsPlatformTest.php:27</error>
    </testcase>
    <testcase name="it_updates_campaign_successfully" file="/home/user/cmis.marketing.limited/tests/Unit/Services/AdPlatforms/GoogleAdsPlatformTest.php" line="84" class="Tests\Unit\Services\AdPlatforms\GoogleAdsPlatformTest" classname="Tests.Unit.Services.AdPlatforms.GoogleAdsPlatformTest" assertions="0" time="0.000000">
      <error type="Illuminate\Database\QueryException">Tests\Unit\Services\AdPlatforms\GoogleAdsPlatformTest::it_updates_campaign_successfully
Illuminate\Database\QueryException: SQLSTATE[08006] [7] connection to server at "127.0.0.1", port 5432 failed: FATAL:  password authentication failed for user "begin" (Connection: pgsql, SQL: select exists (select 1 from pg_class c, pg_namespace n where n.nspname = current_schema() and c.relname = 'migrations' and c.relkind in ('r', 'p') and n.oid = c.relnamespace))

/home/user/cmis.marketing.limited/vendor/laravel/framework/src/Illuminate/Database/Connection.php:824
/home/user/cmis.marketing.limited/vendor/laravel/framework/src/Illuminate/Database/Connection.php:778
/home/user/cmis.marketing.limited/vendor/laravel/framework/src/Illuminate/Database/Connection.php:397
/home/user/cmis.marketing.limited/vendor/laravel/framework/src/Illuminate/Database/Connection.php:343
/home/user/cmis.marketing.limited/vendor/laravel/framework/src/Illuminate/Database/Connection.php:360
/home/user/cmis.marketing.limited/vendor/laravel/framework/src/Illuminate/Database/Schema/Builder.php:174
/home/user/cmis.marketing.limited/vendor/laravel/framework/src/Illuminate/Database/Migrations/DatabaseMigrationRepository.php:185
/home/user/cmis.marketing.limited/vendor/laravel/framework/src/Illuminate/Database/Migrations/Migrator.php:753
/home/user/cmis.marketing.limited/vendor/laravel/framework/src/Illuminate/Database/Console/Migrations/FreshCommand.php:67
/home/user/cmis.marketing.limited/vendor/laravel/framework/src/Illuminate/Database/Migrations/Migrator.php:666
/home/user/cmis.marketing.limited/vendor/laravel/framework/src/Illuminate/Database/Console/Migrations/FreshCommand.php:66
/home/user/cmis.marketing.limited/vendor/laravel/framework/src/Illuminate/Container/BoundMethod.php:36
/home/user/cmis.marketing.limited/vendor/laravel/framework/src/Illuminate/Container/Util.php:43
/home/user/cmis.marketing.limited/vendor/laravel/framework/src/Illuminate/Container/BoundMethod.php:96
/home/user/cmis.marketing.limited/vendor/laravel/framework/src/Illuminate/Container/BoundMethod.php:35
/home/user/cmis.marketing.limited/vendor/laravel/framework/src/Illuminate/Container/Container.php:836
/home/user/cmis.marketing.limited/vendor/laravel/framework/src/Illuminate/Console/Command.php:211
/home/user/cmis.marketing.limited/vendor/symfony/console/Command/Command.php:318
/home/user/cmis.marketing.limited/vendor/laravel/framework/src/Illuminate/Console/Command.php:180
/home/user/cmis.marketing.limited/vendor/symfony/console/Application.php:1073
/home/user/cmis.marketing.limited/vendor/symfony/console/Application.php:356
/home/user/cmis.marketing.limited/vendor/symfony/console/Application.php:195
/home/user/cmis.marketing.limited/vendor/laravel/framework/src/Illuminate/Console/Application.php:165
/home/user/cmis.marketing.limited/vendor/laravel/framework/src/Illuminate/Foundation/Console/Kernel.php:426
/home/user/cmis.marketing.limited/vendor/laravel/framework/src/Illuminate/Testing/PendingCommand.php:451
/home/user/cmis.marketing.limited/vendor/laravel/framework/src/Illuminate/Testing/PendingCommand.php:675
/home/user/cmis.marketing.limited/vendor/laravel/framework/src/Illuminate/Foundation/Testing/Concerns/InteractsWithConsole.php:87
/home/user/cmis.marketing.limited/vendor/laravel/framework/src/Illuminate/Foundation/Testing/RefreshDatabase.php:101
/home/user/cmis.marketing.limited/vendor/laravel/framework/src/Illuminate/Foundation/Testing/RefreshDatabase.php:84
/home/user/cmis.marketing.limited/vendor/laravel/framework/src/Illuminate/Foundation/Testing/RefreshDatabase.php:25
/home/user/cmis.marketing.limited/vendor/laravel/framework/src/Illuminate/Foundation/Testing/Concerns/InteractsWithTestCaseLifecycle.php:209
/home/user/cmis.marketing.limited/vendor/laravel/framework/src/Illuminate/Foundation/Testing/Concerns/InteractsWithTestCaseLifecycle.php:97
/home/user/cmis.marketing.limited/vendor/laravel/framework/src/Illuminate/Foundation/Testing/TestCase.php:63
/home/user/cmis.marketing.limited/tests/TestCase.php:32
/home/user/cmis.marketing.limited/tests/Unit/Services/AdPlatforms/GoogleAdsPlatformTest.php:27</error>
    </testcase>
    <testcase name="it_adds_custom_audience_to_ad_group" file="/home/user/cmis.marketing.limited/tests/Unit/Services/AdPlatforms/GoogleAdsPlatformTest.php" line="663" class="Tests\Unit\Services\AdPlatforms\GoogleAdsPlatformTest" classname="Tests.Unit.Services.AdPlatforms.GoogleAdsPlatformTest" assertions="0" time="0.000000">
      <error type="Illuminate\Database\QueryException">Tests\Unit\Services\AdPlatforms\GoogleAdsPlatformTest::it_adds_custom_audience_to_ad_group
Illuminate\Database\QueryException: SQLSTATE[08006] [7] connection to server at "127.0.0.1", port 5432 failed: FATAL:  password authentication failed for user "begin" (Connection: pgsql, SQL: select exists (select 1 from pg_class c, pg_namespace n where n.nspname = current_schema() and c.relname = 'migrations' and c.relkind in ('r', 'p') and n.oid = c.relnamespace))

/home/user/cmis.marketing.limited/vendor/laravel/framework/src/Illuminate/Database/Connection.php:824
/home/user/cmis.marketing.limited/vendor/laravel/framework/src/Illuminate/Database/Connection.php:778
/home/user/cmis.marketing.limited/vendor/laravel/framework/src/Illuminate/Database/Connection.php:397
/home/user/cmis.marketing.limited/vendor/laravel/framework/src/Illuminate/Database/Connection.php:343
/home/user/cmis.marketing.limited/vendor/laravel/framework/src/Illuminate/Database/Connection.php:360
/home/user/cmis.marketing.limited/vendor/laravel/framework/src/Illuminate/Database/Schema/Builder.php:174
/home/user/cmis.marketing.limited/vendor/laravel/framework/src/Illuminate/Database/Migrations/DatabaseMigrationRepository.php:185
/home/user/cmis.marketing.limited/vendor/laravel/framework/src/Illuminate/Database/Migrations/Migrator.php:753
/home/user/cmis.marketing.limited/vendor/laravel/framework/src/Illuminate/Database/Console/Migrations/FreshCommand.php:67
/home/user/cmis.marketing.limited/vendor/laravel/framework/src/Illuminate/Database/Migrations/Migrator.php:666
/home/user/cmis.marketing.limited/vendor/laravel/framework/src/Illuminate/Database/Console/Migrations/FreshCommand.php:66
/home/user/cmis.marketing.limited/vendor/laravel/framework/src/Illuminate/Container/BoundMethod.php:36
/home/user/cmis.marketing.limited/vendor/laravel/framework/src/Illuminate/Container/Util.php:43
/home/user/cmis.marketing.limited/vendor/laravel/framework/src/Illuminate/Container/BoundMethod.php:96
/home/user/cmis.marketing.limited/vendor/laravel/framework/src/Illuminate/Container/BoundMethod.php:35
/home/user/cmis.marketing.limited/vendor/laravel/framework/src/Illuminate/Container/Container.php:836
/home/user/cmis.marketing.limited/vendor/laravel/framework/src/Illuminate/Console/Command.php:211
/home/user/cmis.marketing.limited/vendor/symfony/console/Command/Command.php:318
/home/user/cmis.marketing.limited/vendor/laravel/framework/src/Illuminate/Console/Command.php:180
/home/user/cmis.marketing.limited/vendor/symfony/console/Application.php:1073
/home/user/cmis.marketing.limited/vendor/symfony/console/Application.php:356
/home/user/cmis.marketing.limited/vendor/symfony/console/Application.php:195
/home/user/cmis.marketing.limited/vendor/laravel/framework/src/Illuminate/Console/Application.php:165
/home/user/cmis.marketing.limited/vendor/laravel/framework/src/Illuminate/Foundation/Console/Kernel.php:426
/home/user/cmis.marketing.limited/vendor/laravel/framework/src/Illuminate/Testing/PendingCommand.php:451
/home/user/cmis.marketing.limited/vendor/laravel/framework/src/Illuminate/Testing/PendingCommand.php:675
/home/user/cmis.marketing.limited/vendor/laravel/framework/src/Illuminate/Foundation/Testing/Concerns/InteractsWithConsole.php:87
/home/user/cmis.marketing.limited/vendor/laravel/framework/src/Illuminate/Foundation/Testing/RefreshDatabase.php:101
/home/user/cmis.marketing.limited/vendor/laravel/framework/src/Illuminate/Foundation/Testing/RefreshDatabase.php:84
/home/user/cmis.marketing.limited/vendor/laravel/framework/src/Illuminate/Foundation/Testing/RefreshDatabase.php:25
/home/user/cmis.marketing.limited/vendor/laravel/framework/src/Illuminate/Foundation/Testing/Concerns/InteractsWithTestCaseLifecycle.php:209
/home/user/cmis.marketing.limited/vendor/laravel/framework/src/Illuminate/Foundation/Testing/Concerns/InteractsWithTestCaseLifecycle.php:97
/home/user/cmis.marketing.limited/vendor/laravel/framework/src/Illuminate/Foundation/Testing/TestCase.php:63
/home/user/cmis.marketing.limited/tests/TestCase.php:32
/home/user/cmis.marketing.limited/tests/Unit/Services/AdPlatforms/GoogleAdsPlatformTest.php:27</error>
    </testcase>
  </testsuite>
</testsuites>
