<?xml version="1.0" encoding="UTF-8"?>
<testsuites>
  <testsuite name="/home/cmis-test/public_html/phpunit.xml" tests="27" assertions="39" errors="1" failures="1" skipped="0" time="20.569959">
    <testsuite name="Unit" tests="27" assertions="39" errors="1" failures="1" skipped="0" time="20.569959">
      <testsuite name="Tests\Unit\Models\Social\SocialPostTest" file="/home/cmis-test/public_html/tests/Unit/Models/Social/SocialPostTest.php" tests="11" assertions="18" errors="0" failures="0" skipped="0" time="18.177734">
        <testcase name="it_stores_carousel_children_media" file="/home/cmis-test/public_html/tests/Unit/Models/Social/SocialPostTest.php" line="307" class="Tests\Unit\Models\Social\SocialPostTest" classname="Tests.Unit.Models.Social.SocialPostTest" assertions="3" time="17.181889">
          <system-out>Enabling RLS on cmis.orgs...
Enabling RLS on cmis.org_markets...
Enabling RLS on cmis.user_orgs...
Enabling RLS on cmis.campaigns...
Enabling RLS on cmis.content_plans...
Enabling RLS on cmis.content_items...
Enabling RLS on cmis.creative_assets...
Enabling RLS on cmis.ad_accounts...
Enabling RLS on cmis.ad_campaigns...
Enabling RLS on cmis.ad_sets...
Enabling RLS on cmis.ad_entities...
Enabling RLS on cmis.ad_metrics...
Creating RLS policy for cmis.orgs...
Creating RLS policy for cmis.org_markets...
Creating RLS policy for cmis.user_orgs...
Creating RLS policy for cmis.campaigns...
Creating RLS policy for cmis.content_plans...
Creating RLS policy for cmis.content_items...
Creating RLS policy for cmis.creative_assets...
Creating RLS policy for cmis.ad_accounts...
Creating RLS policy for cmis.ad_campaigns...
Creating RLS policy for cmis.ad_sets...
Creating RLS policy for cmis.ad_entities...
Creating RLS policy for cmis.ad_metrics...
Row-Level Security enabled successfully!

âš ï¸  CRITICAL MIGRATION: Converting users.user_id from BIGINT to UUID
This will invalidate all existing user sessions and API tokens.
Press Ctrl+C within 10 seconds to abort...

Step 1/10: Checking current schema...
âœ“ Users table already uses UUID. Skipping migration.

ğŸ“Š Adding performance indexes...

Creating indexes for campaigns table...
âœ“ Created index: idx_campaigns_org_status
âœ“ Created index: idx_campaigns_dates
âœ“ Created index: idx_campaigns_created
Creating indexes for content_plans table...
âœ“ Created index: idx_content_plans_campaign
âœ“ Created index: idx_content_plans_org_created
Creating indexes for content_items table...
âœ“ Created index: idx_content_items_plan
âœ“ Created index: idx_content_items_status
Creating indexes for ad_accounts table...
âœ“ Created index: idx_ad_accounts_status
Creating indexes for ad_campaigns table...
âœ“ Created index: idx_ad_campaigns_dates
Creating indexes for ad_metrics table...
Creating indexes for user_orgs table...
âœ“ Created index: idx_user_orgs_user
âœ“ Created index: idx_user_orgs_org
Creating indexes for creative_assets table...
âœ“ Created index: idx_creative_assets_created
Creating indexes for compliance_audits table...
âœ“ Created index: idx_compliance_audits_status

âœ“ All performance indexes created successfully!
âœ“ Query performance should be significantly improved


ğŸ“Š Adding foreign key constraints for user reference columns...

âš ï¸  Could not add FK fk_user_permissions_user: SQLSTATE[42830]: Invalid foreign key: 7 ERROR:  there is no unique constraint matching given keys fo...
âš ï¸  Could not add FK fk_user_activities_user: SQLSTATE[42830]: Invalid foreign key: 7 ERROR:  there is no unique constraint matching given keys fo...
âš ï¸  Could not add FK fk_user_sessions_user: SQLSTATE[42830]: Invalid foreign key: 7 ERROR:  there is no unique constraint matching given keys fo...
âš ï¸  Could not add FK fk_sessions_user: SQLSTATE[42830]: Invalid foreign key: 7 ERROR:  there is no unique constraint matching given keys fo...
âš ï¸  Could not add FK fk_scheduled_social_posts_user: SQLSTATE[42830]: Invalid foreign key: 7 ERROR:  there is no unique constraint matching given keys fo...
âš ï¸  Could not add FK fk_security_context_audit_user: SQLSTATE[42830]: Invalid foreign key: 7 ERROR:  there is no unique constraint matching given keys fo...
âš ï¸  Could not add FK fk_audience_templates_created_by: SQLSTATE[42830]: Invalid foreign key: 7 ERROR:  there is no unique constraint matching given keys fo...
âš ï¸  Could not add FK fk_campaign_context_links_created_by: SQLSTATE[42830]: Invalid foreign key: 7 ERROR:  there is no unique constraint matching given keys fo...
âš ï¸  Could not add FK fk_campaigns_created_by: SQLSTATE[42830]: Invalid foreign key: 7 ERROR:  there is no unique constraint matching given keys fo...
âš ï¸  Could not add FK fk_integrations_created_by: SQLSTATE[42830]: Invalid foreign key: 7 ERROR:  there is no unique constraint matching given keys fo...
âš ï¸  Could not add FK fk_roles_created_by: SQLSTATE[42830]: Invalid foreign key: 7 ERROR:  there is no unique constraint matching given keys fo...
âš ï¸  Could not add FK fk_campaign_context_links_updated_by: SQLSTATE[42830]: Invalid foreign key: 7 ERROR:  there is no unique constraint matching given keys fo...
âš ï¸  Could not add FK fk_integrations_updated_by: SQLSTATE[42830]: Invalid foreign key: 7 ERROR:  there is no unique constraint matching given keys fo...
âš ï¸  Could not add FK fk_team_invitations_invited_by: SQLSTATE[42830]: Invalid foreign key: 7 ERROR:  there is no unique constraint matching given keys fo...
âš ï¸  Could not add FK fk_user_orgs_invited_by: SQLSTATE[42830]: Invalid foreign key: 7 ERROR:  there is no unique constraint matching given keys fo...

âœ… Foreign key migration complete!
   Added: 0
   Skipped: 15

âœ“ Fixed performance_metrics constraints
âœ“ Notifications table created with RLS policies

ğŸ“Š Creating foreign keys directly...

âš ï¸  Could not add FK fk_user_permissions_user: SQLSTATE[42830]: Invalid foreign key: 7 ERROR:  there is no unique constraint ma...
âš ï¸  Could not add FK fk_user_activities_user: SQLSTATE[42830]: Invalid foreign key: 7 ERROR:  there is no unique constraint ma...
âš ï¸  Could not add FK fk_user_sessions_user: SQLSTATE[42830]: Invalid foreign key: 7 ERROR:  there is no unique constraint ma...
âš ï¸  Could not add FK fk_sessions_user: SQLSTATE[42830]: Invalid foreign key: 7 ERROR:  there is no unique constraint ma...
âš ï¸  Could not add FK fk_scheduled_social_posts_user: SQLSTATE[42830]: Invalid foreign key: 7 ERROR:  there is no unique constraint ma...
âš ï¸  Could not add FK fk_security_context_audit_user: SQLSTATE[42830]: Invalid foreign key: 7 ERROR:  there is no unique constraint ma...
âš ï¸  Could not add FK fk_notifications_user: SQLSTATE[42830]: Invalid foreign key: 7 ERROR:  there is no unique constraint ma...
âš ï¸  Could not add FK fk_audience_templates_created_by: SQLSTATE[42830]: Invalid foreign key: 7 ERROR:  there is no unique constraint ma...
âš ï¸  Could not add FK fk_campaign_context_links_created_by: SQLSTATE[42830]: Invalid foreign key: 7 ERROR:  there is no unique constraint ma...
âš ï¸  Could not add FK fk_campaigns_created_by: SQLSTATE[42830]: Invalid foreign key: 7 ERROR:  there is no unique constraint ma...
âš ï¸  Could not add FK fk_integrations_created_by: SQLSTATE[42830]: Invalid foreign key: 7 ERROR:  there is no unique constraint ma...
âš ï¸  Could not add FK fk_roles_created_by: SQLSTATE[42830]: Invalid foreign key: 7 ERROR:  there is no unique constraint ma...
âš ï¸  Could not add FK fk_campaign_context_links_updated_by: SQLSTATE[42830]: Invalid foreign key: 7 ERROR:  there is no unique constraint ma...
âš ï¸  Could not add FK fk_integrations_updated_by: SQLSTATE[42830]: Invalid foreign key: 7 ERROR:  there is no unique constraint ma...
âš ï¸  Could not add FK fk_team_invitations_invited_by: SQLSTATE[42830]: Invalid foreign key: 7 ERROR:  there is no unique constraint ma...
âš ï¸  Could not add FK fk_user_orgs_invited_by: SQLSTATE[42830]: Invalid foreign key: 7 ERROR:  there is no unique constraint ma...
âœ“ Added FK: fk_notifications_org on cmis.notifications.org_id -&gt; cmis.orgs.org_id

âœ… Foreign key creation complete!
   Added: 1
   Skipped: 16

âœ“ Added updated_at to cmis.orgs
âœ“ Added created_at to cmis.user_orgs
âœ“ Added updated_at to cmis.user_orgs
âœ“ Added created_at to cmis.org_markets
âœ“ Added updated_at to cmis.org_markets
âœ“ Added updated_at to cmis.ad_campaigns
âœ“ Added updated_at to cmis.ad_metrics
âœ“ Added updated_at to cmis.ai_actions
âœ“ Added updated_at to cmis.ai_generated_campaigns
âœ“ Added updated_at to cmis.ai_models
âœ“ Added updated_at to cmis.cognitive_tracker_template
âœ“ Added updated_at to cmis.cognitive_trends
âœ“ Added updated_at to cmis.compliance_audits
âœ“ Added updated_at to cmis.content_plans
âœ“ Added updated_at to cmis.contexts
âœ“ Added updated_at to cmis.contexts_base
âœ“ Added updated_at to cmis.copy_components
âœ“ Added updated_at to cmis.creative_assets
âœ“ Added updated_at to cmis.creative_briefs
âœ“ Added updated_at to cmis.experiments
âœ“ Added updated_at to cmis.export_bundles
âœ“ Added updated_at to cmis.field_definitions
âœ“ Added updated_at to cmis.field_values
âœ“ Added updated_at to cmis.job_batches
âœ“ Added updated_at to cmis.jobs
âœ“ Added updated_at to cmis.meta_documentation
âœ“ Added updated_at to cmis.meta_field_dictionary
âœ“ Added updated_at to cmis.meta_function_descriptions
âœ“ Added updated_at to cmis.offerings_full_details
âœ“ Added updated_at to cmis.offerings_old
âœ“ Added updated_at to cmis.password_reset_tokens
âœ“ Added updated_at to cmis.predictive_visual_engine
âœ“ Added updated_at to cmis.reference_entities
âœ“ Added updated_at to cmis.roles
âœ“ Added updated_at to cmis.security_context_audit
âœ“ Added updated_at to cmis.social_post_metrics
âœ“ Added updated_at to cmis.social_posts
âœ“ Added updated_at to cmis.team_account_access
âœ“ Added updated_at to cmis.user_activities
âœ“ Added updated_at to cmis.user_sessions
âœ“ Added updated_at to cmis.value_contexts
âœ“ Added created_at to cmis.permissions
âœ“ Added updated_at to cmis.permissions
âœ“ Added created_at to cmis.role_permissions
âœ“ Added updated_at to cmis.role_permissions
âœ“ Added created_at to cmis.user_permissions
âœ“ Added updated_at to cmis.user_permissions
âœ“ Added created_at to cmis.social_accounts
âœ“ Added created_at to cmis.team_invitations
âœ“ Added updated_at to cmis.team_invitations
âœ“ Added created_at to cmis.sessions
âœ“ Added updated_at to cmis.sessions
âœ“ Added current_org_id to cmis.users
âœ“ Added status to cmis.users
âœ“ Added id column to cmis.notifications
âœ“ Created transaction context functions
âœ“ Added notifiable_type and notifiable_id to cmis.notifications
âœ“ Added post_id to cmis.scheduled_social_posts
âœ“ Added metadata to cmis.users
âœ“ Added primary key to cmis.users(user_id)
âœ“ Added account_username to cmis.integrations
âœ“ Added account_name to cmis.integrations
âœ“ Added refresh_token to cmis.integrations
âœ“ Added token_expires_at to cmis.integrations
âœ“ Added expires_at to cmis.integrations
âœ“ Added status to cmis.integrations
âœ“ Added metadata to cmis.integrations
âœ“ Added scopes to cmis.integrations
âœ“ Added user_org_id to cmis.user_orgs
âœ“ Added invited_at to cmis.user_orgs
âœ“ Made campaign_external_id nullable in cmis.ad_campaigns
âœ“ Created table: cmis.team_members
âœ“ Created table: cmis.leads
âœ“ Created table: cmis.webhooks
âœ“ Created table: cmis.contacts
âœ“ Created table: cmis.knowledge_index
âœ“ Created table: cmis.subscriptions
âœ“ Created table: cmis.api_logs
âœ“ Created table: cmis.content_plan_items
âœ“ Created table: cmis.offerings
âœ“ Created table: cmis.content
âœ“ Created table: cmis.platform_connections
âœ“ Created table: cmis.assets
âœ“ Created table: cmis.invoices
âœ“ Created table: cmis.audiences
âœ“ Created table: cmis.templates
âœ“ Created table: cmis.posts
âœ“ Created table: cmis.custom_fields
âœ“ Created table: cmis.comments
âœ“ Created table: cmis.budgets
âœ“ Created table: cmis.audit_logs

âœ… Migration complete! Created 20 missing tables.
âœ“ Added code column to public.markets
âœ“ Updated cmis.markets view to include code column
âœ“ Added name column to cmis.permissions

âœ… Added missing columns successfully!
âœ“ Created table: cmis.audience_segments
âœ“ Created table: cmis.analytics_snapshots
âœ“ Created table: cmis.analytics_reports
âœ“ Created table: cmis.activities
âœ“ Created table: cmis.workflows
âœ“ Created table: cmis.tags
âœ“ Created table: cmis.notification_preferences
âœ“ Created table: cmis.metrics
âœ“ Created table: cmis.content_media
âœ“ Created table: cmis.campaign_budgets

âœ… Migration complete! Created 10 additional tables.
âœ“ Added team_member_id to team_members
âœ“ Added updated_at to api_logs
âœ“ Added name to markets
âœ“ Added knowledge_id to knowledge_index
âœ“ Added platform to posts
âœ“ Added commentable_type to comments
âœ“ Added commentable_id to comments
âœ“ Added total_amount to budgets
âœ“ Added title to knowledge_index
âœ“ Added score to leads
âœ“ Added log_id to audit_logs

âœ… All column fixes applied successfully!
âœ“ Created table: cmis.activity_logs
âœ“ Created table: cmis.settings
âœ“ Created table: cmis.schedules
âœ“ Created table: cmis.campaign_analytics
âœ“ Created table: cmis.social_posts_v2
âœ“ Created table: cmis.social_accounts_v2
âœ“ Created table: cmis.content_plans_v2
âœ“ Created table: cmis.scheduled_social_posts_v2
âœ“ Created table: cmis.embeddings_cache
âœ“ Created table: cmis.campaign_metrics

âœ… Migration complete! Created 10 additional tables.
âœ“ Made event_type nullable in webhooks
âœ“ Made plan_id nullable in content_plan_items
âœ“ Made role_name nullable in roles
âœ“ Made permission_code nullable in permissions
âœ“ Made brief_data nullable in creative_briefs

âœ… All NULL constraint fixes applied!
âœ“ Added usage_count to assets
âœ“ Added report_name to analytics_reports
âœ“ Added activity_id to activity_logs
âœ“ Added status column to cmis.user_orgs
âœ“ Added ad_account_id to cmis.ad_campaigns
âœ“ Added updated_at to public.markets
âœ“ Created personal_access_tokens table
âœ“ Made role_code nullable in cmis.roles
âœ“ Made audience_id nullable in cmis.audience_segments
âœ“ Updated cmis.markets view with correct columns

âœ… All critical schema fixes applied successfully!
âœ“ Made user_id nullable in cmis.team_members
âœ“ Made permission_name nullable in cmis.permissions
âœ“ Made content_id nullable in cmis.content_media
âœ“ Verified plan_id is nullable in cmis.content_items
âœ“ Updated cmis.markets view to include both market_name and name

âœ… All NOT NULL constraint fixes applied successfully!
Fixing pgvector dimension mismatch (1536 â†’ 768)...
âœ“ cmis.knowledge_index.embedding already correct or doesn't exist

âœ… All pgvector dimension fixes applied successfully!
Note: Gemini text-embedding-004 produces 768-dimensional vectors.

ğŸ”§ Fixing remaining schema issues for tests...

âŠ˜ ad_account_id already exists in cmis.ad_campaigns
âœ“ users.user_id has primary key constraint
âŠ˜ personal_access_tokens table already exists
âŠ˜ status column already exists in cmis.user_orgs
âŠ˜ updated_at already exists in public.markets

âœ… All schema fixes completed successfully!
   You can now run the test suite.

</system-out>
        </testcase>
        <testcase name="it_stores_video_urls" file="/home/cmis-test/public_html/tests/Unit/Models/Social/SocialPostTest.php" line="275" class="Tests\Unit\Models\Social\SocialPostTest" classname="Tests.Unit.Models.Social.SocialPostTest" assertions="2" time="0.097542"/>
        <testcase name="it_can_find_by_post_external_id" file="/home/cmis-test/public_html/tests/Unit/Models/Social/SocialPostTest.php" line="242" class="Tests\Unit\Models\Social\SocialPostTest" classname="Tests.Unit.Models.Social.SocialPostTest" assertions="2" time="0.113839"/>
        <testcase name="it_stores_metrics_as_json" file="/home/cmis-test/public_html/tests/Unit/Models/Social/SocialPostTest.php" line="87" class="Tests\Unit\Models\Social\SocialPostTest" classname="Tests.Unit.Models.Social.SocialPostTest" assertions="2" time="0.097714"/>
        <testcase name="it_validates_media_type" file="/home/cmis-test/public_html/tests/Unit/Models/Social/SocialPostTest.php" line="126" class="Tests\Unit\Models\Social\SocialPostTest" classname="Tests.Unit.Models.Social.SocialPostTest" assertions="1" time="0.087998"/>
        <testcase name="it_belongs_to_organization_and_integration" file="/home/cmis-test/public_html/tests/Unit/Models/Social/SocialPostTest.php" line="58" class="Tests\Unit\Models\Social\SocialPostTest" classname="Tests.Unit.Models.Social.SocialPostTest" assertions="2" time="0.097818"/>
        <testcase name="it_can_be_soft_deleted" file="/home/cmis-test/public_html/tests/Unit/Models/Social/SocialPostTest.php" line="210" class="Tests\Unit\Models\Social\SocialPostTest" classname="Tests.Unit.Models.Social.SocialPostTest" assertions="2" time="0.096678"/>
        <testcase name="it_generates_uuid_for_primary_key" file="/home/cmis-test/public_html/tests/Unit/Models/Social/SocialPostTest.php" line="183" class="Tests\Unit\Models\Social\SocialPostTest" classname="Tests.Unit.Models.Social.SocialPostTest" assertions="1" time="0.137811"/>
        <testcase name="it_can_create_a_social_post" file="/home/cmis-test/public_html/tests/Unit/Models/Social/SocialPostTest.php" line="27" class="Tests\Unit\Models\Social\SocialPostTest" classname="Tests.Unit.Models.Social.SocialPostTest" assertions="1" time="0.092846"/>
        <testcase name="it_calculates_engagement_rate" file="/home/cmis-test/public_html/tests/Unit/Models/Social/SocialPostTest.php" line="345" class="Tests\Unit\Models\Social\SocialPostTest" classname="Tests.Unit.Models.Social.SocialPostTest" assertions="1" time="0.088135"/>
        <testcase name="it_validates_provider" file="/home/cmis-test/public_html/tests/Unit/Models/Social/SocialPostTest.php" line="155" class="Tests\Unit\Models\Social\SocialPostTest" classname="Tests.Unit.Models.Social.SocialPostTest" assertions="1" time="0.085464"/>
      </testsuite>
      <testsuite name="Tests\Unit\Formatters\DateFormatterTest" file="/home/cmis-test/public_html/tests/Unit/Formatters/DateFormatterTest.php" tests="13" assertions="19" errors="0" failures="0" skipped="0" time="1.138980">
        <testcase name="it_formats_date_with_time" file="/home/cmis-test/public_html/tests/Unit/Formatters/DateFormatterTest.php" line="42" class="Tests\Unit\Formatters\DateFormatterTest" classname="Tests.Unit.Formatters.DateFormatterTest" assertions="1" time="0.091028"/>
        <testcase name="it_formats_date_for_display" file="/home/cmis-test/public_html/tests/Unit/Formatters/DateFormatterTest.php" line="22" class="Tests\Unit\Formatters\DateFormatterTest" classname="Tests.Unit.Formatters.DateFormatterTest" assertions="1" time="0.076833"/>
        <testcase name="it_gets_quarter_from_date" file="/home/cmis-test/public_html/tests/Unit/Formatters/DateFormatterTest.php" line="246" class="Tests\Unit\Formatters\DateFormatterTest" classname="Tests.Unit.Formatters.DateFormatterTest" assertions="4" time="0.074071"/>
        <testcase name="it_converts_to_timezone" file="/home/cmis-test/public_html/tests/Unit/Formatters/DateFormatterTest.php" line="104" class="Tests\Unit\Formatters\DateFormatterTest" classname="Tests.Unit.Formatters.DateFormatterTest" assertions="1" time="0.085408"/>
        <testcase name="it_formats_month_year" file="/home/cmis-test/public_html/tests/Unit/Formatters/DateFormatterTest.php" line="226" class="Tests\Unit\Formatters\DateFormatterTest" classname="Tests.Unit.Formatters.DateFormatterTest" assertions="1" time="0.081879"/>
        <testcase name="it_formats_date_for_humans" file="/home/cmis-test/public_html/tests/Unit/Formatters/DateFormatterTest.php" line="62" class="Tests\Unit\Formatters\DateFormatterTest" classname="Tests.Unit.Formatters.DateFormatterTest" assertions="1" time="0.091946"/>
        <testcase name="it_gets_start_of_day" file="/home/cmis-test/public_html/tests/Unit/Formatters/DateFormatterTest.php" line="124" class="Tests\Unit\Formatters\DateFormatterTest" classname="Tests.Unit.Formatters.DateFormatterTest" assertions="1" time="0.117920"/>
        <testcase name="it_checks_if_date_is_past" file="/home/cmis-test/public_html/tests/Unit/Formatters/DateFormatterTest.php" line="184" class="Tests\Unit\Formatters\DateFormatterTest" classname="Tests.Unit.Formatters.DateFormatterTest" assertions="2" time="0.078359"/>
        <testcase name="it_calculates_age_from_date" file="/home/cmis-test/public_html/tests/Unit/Formatters/DateFormatterTest.php" line="164" class="Tests\Unit\Formatters\DateFormatterTest" classname="Tests.Unit.Formatters.DateFormatterTest" assertions="1" time="0.090724"/>
        <testcase name="it_formats_iso8601" file="/home/cmis-test/public_html/tests/Unit/Formatters/DateFormatterTest.php" line="271" class="Tests\Unit\Formatters\DateFormatterTest" classname="Tests.Unit.Formatters.DateFormatterTest" assertions="2" time="0.074596"/>
        <testcase name="it_gets_end_of_day" file="/home/cmis-test/public_html/tests/Unit/Formatters/DateFormatterTest.php" line="144" class="Tests\Unit\Formatters\DateFormatterTest" classname="Tests.Unit.Formatters.DateFormatterTest" assertions="1" time="0.079355"/>
        <testcase name="it_checks_if_date_is_future" file="/home/cmis-test/public_html/tests/Unit/Formatters/DateFormatterTest.php" line="205" class="Tests\Unit\Formatters\DateFormatterTest" classname="Tests.Unit.Formatters.DateFormatterTest" assertions="2" time="0.096481"/>
        <testcase name="it_formats_arabic_dates" file="/home/cmis-test/public_html/tests/Unit/Formatters/DateFormatterTest.php" line="82" class="Tests\Unit\Formatters\DateFormatterTest" classname="Tests.Unit.Formatters.DateFormatterTest" assertions="1" time="0.100380"/>
      </testsuite>
      <testsuite name="Tests\Unit\Services\FacebookServiceTest" file="/home/cmis-test/public_html/tests/Unit/Services/FacebookServiceTest.php" tests="3" assertions="2" errors="1" failures="1" skipped="0" time="1.253245">
        <testcase name="it_can_get_comments" file="/home/cmis-test/public_html/tests/Unit/Services/FacebookServiceTest.php" line="198" class="Tests\Unit\Services\FacebookServiceTest" classname="Tests.Unit.Services.FacebookServiceTest" assertions="0" time="0.444105">
          <error type="ErrorException">Tests\Unit\Services\FacebookServiceTest::it_can_get_comments
ErrorException: Undefined array key "success"

/home/cmis-test/public_html/vendor/laravel/framework/src/Illuminate/Foundation/Bootstrap/HandleExceptions.php:258
/home/cmis-test/public_html/tests/Unit/Services/FacebookServiceTest.php:218</error>
        </testcase>
        <testcase name="it_can_reply_to_comment" file="/home/cmis-test/public_html/tests/Unit/Services/FacebookServiceTest.php" line="228" class="Tests\Unit\Services\FacebookServiceTest" classname="Tests.Unit.Services.FacebookServiceTest" assertions="1" time="0.419889"/>
        <testcase name="it_handles_api_errors" file="/home/cmis-test/public_html/tests/Unit/Services/FacebookServiceTest.php" line="300" class="Tests\Unit\Services\FacebookServiceTest" classname="Tests.Unit.Services.FacebookServiceTest" assertions="1" time="0.389252">
          <failure type="PHPUnit\Framework\ExpectationFailedException">Tests\Unit\Services\FacebookServiceTest::it_handles_api_errors
Failed asserting that true is false.

/home/cmis-test/public_html/tests/Unit/Services/FacebookServiceTest.php:313</failure>
        </testcase>
      </testsuite>
    </testsuite>
  </testsuite>
</testsuites>
