<?xml version="1.0" encoding="UTF-8"?>
<testsuites>
  <testsuite name="CLI Arguments" tests="106" assertions="0" errors="106" failures="0" skipped="0" time="0.000000">
    <testsuite name="Tests\Unit\Services\AdPlatforms\TikTokAdsPlatformTest" file="/home/user/cmis.marketing.limited/tests/Unit/Services/AdPlatforms/TikTokAdsPlatformTest.php" tests="28" assertions="0" errors="28" failures="0" skipped="0" time="0.000000">
      <testcase name="it_gets_available_bid_types" file="/home/user/cmis.marketing.limited/tests/Unit/Services/AdPlatforms/TikTokAdsPlatformTest.php" line="410" class="Tests\Unit\Services\AdPlatforms\TikTokAdsPlatformTest" classname="Tests.Unit.Services.AdPlatforms.TikTokAdsPlatformTest" assertions="0" time="0.000000">
        <error type="Illuminate\Database\QueryException">Tests\Unit\Services\AdPlatforms\TikTokAdsPlatformTest::it_gets_available_bid_types
Illuminate\Database\QueryException: SQLSTATE[08006] [7] connection to server at "127.0.0.1", port 5432 failed: Connection refused
	Is the server running on that host and accepting TCP/IP connections? (Connection: pgsql, SQL: select exists (select 1 from pg_class c, pg_namespace n where n.nspname = current_schema() and c.relname = 'migrations' and c.relkind in ('r', 'p') and n.oid = c.relnamespace))

/home/user/cmis.marketing.limited/vendor/laravel/framework/src/Illuminate/Database/Connection.php:824
/home/user/cmis.marketing.limited/vendor/laravel/framework/src/Illuminate/Database/Connection.php:778
/home/user/cmis.marketing.limited/vendor/laravel/framework/src/Illuminate/Database/Connection.php:397
/home/user/cmis.marketing.limited/vendor/laravel/framework/src/Illuminate/Database/Connection.php:343
/home/user/cmis.marketing.limited/vendor/laravel/framework/src/Illuminate/Database/Connection.php:360
/home/user/cmis.marketing.limited/vendor/laravel/framework/src/Illuminate/Database/Schema/Builder.php:174
/home/user/cmis.marketing.limited/vendor/laravel/framework/src/Illuminate/Database/Migrations/DatabaseMigrationRepository.php:185
/home/user/cmis.marketing.limited/vendor/laravel/framework/src/Illuminate/Database/Migrations/Migrator.php:753
/home/user/cmis.marketing.limited/vendor/laravel/framework/src/Illuminate/Database/Console/Migrations/FreshCommand.php:67
/home/user/cmis.marketing.limited/vendor/laravel/framework/src/Illuminate/Database/Migrations/Migrator.php:666
/home/user/cmis.marketing.limited/vendor/laravel/framework/src/Illuminate/Database/Console/Migrations/FreshCommand.php:66
/home/user/cmis.marketing.limited/vendor/laravel/framework/src/Illuminate/Container/BoundMethod.php:36
/home/user/cmis.marketing.limited/vendor/laravel/framework/src/Illuminate/Container/Util.php:43
/home/user/cmis.marketing.limited/vendor/laravel/framework/src/Illuminate/Container/BoundMethod.php:96
/home/user/cmis.marketing.limited/vendor/laravel/framework/src/Illuminate/Container/BoundMethod.php:35
/home/user/cmis.marketing.limited/vendor/laravel/framework/src/Illuminate/Container/Container.php:836
/home/user/cmis.marketing.limited/vendor/laravel/framework/src/Illuminate/Console/Command.php:211
/home/user/cmis.marketing.limited/vendor/symfony/console/Command/Command.php:318
/home/user/cmis.marketing.limited/vendor/laravel/framework/src/Illuminate/Console/Command.php:180
/home/user/cmis.marketing.limited/vendor/symfony/console/Application.php:1073
/home/user/cmis.marketing.limited/vendor/symfony/console/Application.php:356
/home/user/cmis.marketing.limited/vendor/symfony/console/Application.php:195
/home/user/cmis.marketing.limited/vendor/laravel/framework/src/Illuminate/Console/Application.php:165
/home/user/cmis.marketing.limited/vendor/laravel/framework/src/Illuminate/Foundation/Console/Kernel.php:426
/home/user/cmis.marketing.limited/vendor/laravel/framework/src/Illuminate/Testing/PendingCommand.php:451
/home/user/cmis.marketing.limited/vendor/laravel/framework/src/Illuminate/Testing/PendingCommand.php:675
/home/user/cmis.marketing.limited/vendor/laravel/framework/src/Illuminate/Foundation/Testing/Concerns/InteractsWithConsole.php:87
/home/user/cmis.marketing.limited/vendor/laravel/framework/src/Illuminate/Foundation/Testing/RefreshDatabase.php:101
/home/user/cmis.marketing.limited/vendor/laravel/framework/src/Illuminate/Foundation/Testing/RefreshDatabase.php:84
/home/user/cmis.marketing.limited/vendor/laravel/framework/src/Illuminate/Foundation/Testing/RefreshDatabase.php:25
/home/user/cmis.marketing.limited/vendor/laravel/framework/src/Illuminate/Foundation/Testing/Concerns/InteractsWithTestCaseLifecycle.php:209
/home/user/cmis.marketing.limited/vendor/laravel/framework/src/Illuminate/Foundation/Testing/Concerns/InteractsWithTestCaseLifecycle.php:97
/home/user/cmis.marketing.limited/vendor/laravel/framework/src/Illuminate/Foundation/Testing/TestCase.php:63
/home/user/cmis.marketing.limited/tests/TestCase.php:32
/home/user/cmis.marketing.limited/tests/Unit/Services/AdPlatforms/TikTokAdsPlatformTest.php:27</error>
      </testcase>
      <testcase name="it_handles_api_rate_limit" file="/home/user/cmis.marketing.limited/tests/Unit/Services/AdPlatforms/TikTokAdsPlatformTest.php" line="543" class="Tests\Unit\Services\AdPlatforms\TikTokAdsPlatformTest" classname="Tests.Unit.Services.AdPlatforms.TikTokAdsPlatformTest" assertions="0" time="0.000000">
        <error type="Illuminate\Database\QueryException">Tests\Unit\Services\AdPlatforms\TikTokAdsPlatformTest::it_handles_api_rate_limit
Illuminate\Database\QueryException: SQLSTATE[08006] [7] connection to server at "127.0.0.1", port 5432 failed: Connection refused
	Is the server running on that host and accepting TCP/IP connections? (Connection: pgsql, SQL: select exists (select 1 from pg_class c, pg_namespace n where n.nspname = current_schema() and c.relname = 'migrations' and c.relkind in ('r', 'p') and n.oid = c.relnamespace))

/home/user/cmis.marketing.limited/vendor/laravel/framework/src/Illuminate/Database/Connection.php:824
/home/user/cmis.marketing.limited/vendor/laravel/framework/src/Illuminate/Database/Connection.php:778
/home/user/cmis.marketing.limited/vendor/laravel/framework/src/Illuminate/Database/Connection.php:397
/home/user/cmis.marketing.limited/vendor/laravel/framework/src/Illuminate/Database/Connection.php:343
/home/user/cmis.marketing.limited/vendor/laravel/framework/src/Illuminate/Database/Connection.php:360
/home/user/cmis.marketing.limited/vendor/laravel/framework/src/Illuminate/Database/Schema/Builder.php:174
/home/user/cmis.marketing.limited/vendor/laravel/framework/src/Illuminate/Database/Migrations/DatabaseMigrationRepository.php:185
/home/user/cmis.marketing.limited/vendor/laravel/framework/src/Illuminate/Database/Migrations/Migrator.php:753
/home/user/cmis.marketing.limited/vendor/laravel/framework/src/Illuminate/Database/Console/Migrations/FreshCommand.php:67
/home/user/cmis.marketing.limited/vendor/laravel/framework/src/Illuminate/Database/Migrations/Migrator.php:666
/home/user/cmis.marketing.limited/vendor/laravel/framework/src/Illuminate/Database/Console/Migrations/FreshCommand.php:66
/home/user/cmis.marketing.limited/vendor/laravel/framework/src/Illuminate/Container/BoundMethod.php:36
/home/user/cmis.marketing.limited/vendor/laravel/framework/src/Illuminate/Container/Util.php:43
/home/user/cmis.marketing.limited/vendor/laravel/framework/src/Illuminate/Container/BoundMethod.php:96
/home/user/cmis.marketing.limited/vendor/laravel/framework/src/Illuminate/Container/BoundMethod.php:35
/home/user/cmis.marketing.limited/vendor/laravel/framework/src/Illuminate/Container/Container.php:836
/home/user/cmis.marketing.limited/vendor/laravel/framework/src/Illuminate/Console/Command.php:211
/home/user/cmis.marketing.limited/vendor/symfony/console/Command/Command.php:318
/home/user/cmis.marketing.limited/vendor/laravel/framework/src/Illuminate/Console/Command.php:180
/home/user/cmis.marketing.limited/vendor/symfony/console/Application.php:1073
/home/user/cmis.marketing.limited/vendor/symfony/console/Application.php:356
/home/user/cmis.marketing.limited/vendor/symfony/console/Application.php:195
/home/user/cmis.marketing.limited/vendor/laravel/framework/src/Illuminate/Console/Application.php:165
/home/user/cmis.marketing.limited/vendor/laravel/framework/src/Illuminate/Foundation/Console/Kernel.php:426
/home/user/cmis.marketing.limited/vendor/laravel/framework/src/Illuminate/Testing/PendingCommand.php:451
/home/user/cmis.marketing.limited/vendor/laravel/framework/src/Illuminate/Testing/PendingCommand.php:675
/home/user/cmis.marketing.limited/vendor/laravel/framework/src/Illuminate/Foundation/Testing/Concerns/InteractsWithConsole.php:87
/home/user/cmis.marketing.limited/vendor/laravel/framework/src/Illuminate/Foundation/Testing/RefreshDatabase.php:101
/home/user/cmis.marketing.limited/vendor/laravel/framework/src/Illuminate/Foundation/Testing/RefreshDatabase.php:84
/home/user/cmis.marketing.limited/vendor/laravel/framework/src/Illuminate/Foundation/Testing/RefreshDatabase.php:25
/home/user/cmis.marketing.limited/vendor/laravel/framework/src/Illuminate/Foundation/Testing/Concerns/InteractsWithTestCaseLifecycle.php:209
/home/user/cmis.marketing.limited/vendor/laravel/framework/src/Illuminate/Foundation/Testing/Concerns/InteractsWithTestCaseLifecycle.php:97
/home/user/cmis.marketing.limited/vendor/laravel/framework/src/Illuminate/Foundation/Testing/TestCase.php:63
/home/user/cmis.marketing.limited/tests/TestCase.php:32
/home/user/cmis.marketing.limited/tests/Unit/Services/AdPlatforms/TikTokAdsPlatformTest.php:27</error>
      </testcase>
      <testcase name="it_handles_campaign_creation_failure" file="/home/user/cmis.marketing.limited/tests/Unit/Services/AdPlatforms/TikTokAdsPlatformTest.php" line="70" class="Tests\Unit\Services\AdPlatforms\TikTokAdsPlatformTest" classname="Tests.Unit.Services.AdPlatforms.TikTokAdsPlatformTest" assertions="0" time="0.000000">
        <error type="Illuminate\Database\QueryException">Tests\Unit\Services\AdPlatforms\TikTokAdsPlatformTest::it_handles_campaign_creation_failure
Illuminate\Database\QueryException: SQLSTATE[08006] [7] connection to server at "127.0.0.1", port 5432 failed: Connection refused
	Is the server running on that host and accepting TCP/IP connections? (Connection: pgsql, SQL: select exists (select 1 from pg_class c, pg_namespace n where n.nspname = current_schema() and c.relname = 'migrations' and c.relkind in ('r', 'p') and n.oid = c.relnamespace))

/home/user/cmis.marketing.limited/vendor/laravel/framework/src/Illuminate/Database/Connection.php:824
/home/user/cmis.marketing.limited/vendor/laravel/framework/src/Illuminate/Database/Connection.php:778
/home/user/cmis.marketing.limited/vendor/laravel/framework/src/Illuminate/Database/Connection.php:397
/home/user/cmis.marketing.limited/vendor/laravel/framework/src/Illuminate/Database/Connection.php:343
/home/user/cmis.marketing.limited/vendor/laravel/framework/src/Illuminate/Database/Connection.php:360
/home/user/cmis.marketing.limited/vendor/laravel/framework/src/Illuminate/Database/Schema/Builder.php:174
/home/user/cmis.marketing.limited/vendor/laravel/framework/src/Illuminate/Database/Migrations/DatabaseMigrationRepository.php:185
/home/user/cmis.marketing.limited/vendor/laravel/framework/src/Illuminate/Database/Migrations/Migrator.php:753
/home/user/cmis.marketing.limited/vendor/laravel/framework/src/Illuminate/Database/Console/Migrations/FreshCommand.php:67
/home/user/cmis.marketing.limited/vendor/laravel/framework/src/Illuminate/Database/Migrations/Migrator.php:666
/home/user/cmis.marketing.limited/vendor/laravel/framework/src/Illuminate/Database/Console/Migrations/FreshCommand.php:66
/home/user/cmis.marketing.limited/vendor/laravel/framework/src/Illuminate/Container/BoundMethod.php:36
/home/user/cmis.marketing.limited/vendor/laravel/framework/src/Illuminate/Container/Util.php:43
/home/user/cmis.marketing.limited/vendor/laravel/framework/src/Illuminate/Container/BoundMethod.php:96
/home/user/cmis.marketing.limited/vendor/laravel/framework/src/Illuminate/Container/BoundMethod.php:35
/home/user/cmis.marketing.limited/vendor/laravel/framework/src/Illuminate/Container/Container.php:836
/home/user/cmis.marketing.limited/vendor/laravel/framework/src/Illuminate/Console/Command.php:211
/home/user/cmis.marketing.limited/vendor/symfony/console/Command/Command.php:318
/home/user/cmis.marketing.limited/vendor/laravel/framework/src/Illuminate/Console/Command.php:180
/home/user/cmis.marketing.limited/vendor/symfony/console/Application.php:1073
/home/user/cmis.marketing.limited/vendor/symfony/console/Application.php:356
/home/user/cmis.marketing.limited/vendor/symfony/console/Application.php:195
/home/user/cmis.marketing.limited/vendor/laravel/framework/src/Illuminate/Console/Application.php:165
/home/user/cmis.marketing.limited/vendor/laravel/framework/src/Illuminate/Foundation/Console/Kernel.php:426
/home/user/cmis.marketing.limited/vendor/laravel/framework/src/Illuminate/Testing/PendingCommand.php:451
/home/user/cmis.marketing.limited/vendor/laravel/framework/src/Illuminate/Testing/PendingCommand.php:675
/home/user/cmis.marketing.limited/vendor/laravel/framework/src/Illuminate/Foundation/Testing/Concerns/InteractsWithConsole.php:87
/home/user/cmis.marketing.limited/vendor/laravel/framework/src/Illuminate/Foundation/Testing/RefreshDatabase.php:101
/home/user/cmis.marketing.limited/vendor/laravel/framework/src/Illuminate/Foundation/Testing/RefreshDatabase.php:84
/home/user/cmis.marketing.limited/vendor/laravel/framework/src/Illuminate/Foundation/Testing/RefreshDatabase.php:25
/home/user/cmis.marketing.limited/vendor/laravel/framework/src/Illuminate/Foundation/Testing/Concerns/InteractsWithTestCaseLifecycle.php:209
/home/user/cmis.marketing.limited/vendor/laravel/framework/src/Illuminate/Foundation/Testing/Concerns/InteractsWithTestCaseLifecycle.php:97
/home/user/cmis.marketing.limited/vendor/laravel/framework/src/Illuminate/Foundation/Testing/TestCase.php:63
/home/user/cmis.marketing.limited/tests/TestCase.php:32
/home/user/cmis.marketing.limited/tests/Unit/Services/AdPlatforms/TikTokAdsPlatformTest.php:27</error>
      </testcase>
      <testcase name="it_handles_token_refresh_failure" file="/home/user/cmis.marketing.limited/tests/Unit/Services/AdPlatforms/TikTokAdsPlatformTest.php" line="481" class="Tests\Unit\Services\AdPlatforms\TikTokAdsPlatformTest" classname="Tests.Unit.Services.AdPlatforms.TikTokAdsPlatformTest" assertions="0" time="0.000000">
        <error type="Illuminate\Database\QueryException">Tests\Unit\Services\AdPlatforms\TikTokAdsPlatformTest::it_handles_token_refresh_failure
Illuminate\Database\QueryException: SQLSTATE[08006] [7] connection to server at "127.0.0.1", port 5432 failed: Connection refused
	Is the server running on that host and accepting TCP/IP connections? (Connection: pgsql, SQL: select exists (select 1 from pg_class c, pg_namespace n where n.nspname = current_schema() and c.relname = 'migrations' and c.relkind in ('r', 'p') and n.oid = c.relnamespace))

/home/user/cmis.marketing.limited/vendor/laravel/framework/src/Illuminate/Database/Connection.php:824
/home/user/cmis.marketing.limited/vendor/laravel/framework/src/Illuminate/Database/Connection.php:778
/home/user/cmis.marketing.limited/vendor/laravel/framework/src/Illuminate/Database/Connection.php:397
/home/user/cmis.marketing.limited/vendor/laravel/framework/src/Illuminate/Database/Connection.php:343
/home/user/cmis.marketing.limited/vendor/laravel/framework/src/Illuminate/Database/Connection.php:360
/home/user/cmis.marketing.limited/vendor/laravel/framework/src/Illuminate/Database/Schema/Builder.php:174
/home/user/cmis.marketing.limited/vendor/laravel/framework/src/Illuminate/Database/Migrations/DatabaseMigrationRepository.php:185
/home/user/cmis.marketing.limited/vendor/laravel/framework/src/Illuminate/Database/Migrations/Migrator.php:753
/home/user/cmis.marketing.limited/vendor/laravel/framework/src/Illuminate/Database/Console/Migrations/FreshCommand.php:67
/home/user/cmis.marketing.limited/vendor/laravel/framework/src/Illuminate/Database/Migrations/Migrator.php:666
/home/user/cmis.marketing.limited/vendor/laravel/framework/src/Illuminate/Database/Console/Migrations/FreshCommand.php:66
/home/user/cmis.marketing.limited/vendor/laravel/framework/src/Illuminate/Container/BoundMethod.php:36
/home/user/cmis.marketing.limited/vendor/laravel/framework/src/Illuminate/Container/Util.php:43
/home/user/cmis.marketing.limited/vendor/laravel/framework/src/Illuminate/Container/BoundMethod.php:96
/home/user/cmis.marketing.limited/vendor/laravel/framework/src/Illuminate/Container/BoundMethod.php:35
/home/user/cmis.marketing.limited/vendor/laravel/framework/src/Illuminate/Container/Container.php:836
/home/user/cmis.marketing.limited/vendor/laravel/framework/src/Illuminate/Console/Command.php:211
/home/user/cmis.marketing.limited/vendor/symfony/console/Command/Command.php:318
/home/user/cmis.marketing.limited/vendor/laravel/framework/src/Illuminate/Console/Command.php:180
/home/user/cmis.marketing.limited/vendor/symfony/console/Application.php:1073
/home/user/cmis.marketing.limited/vendor/symfony/console/Application.php:356
/home/user/cmis.marketing.limited/vendor/symfony/console/Application.php:195
/home/user/cmis.marketing.limited/vendor/laravel/framework/src/Illuminate/Console/Application.php:165
/home/user/cmis.marketing.limited/vendor/laravel/framework/src/Illuminate/Foundation/Console/Kernel.php:426
/home/user/cmis.marketing.limited/vendor/laravel/framework/src/Illuminate/Testing/PendingCommand.php:451
/home/user/cmis.marketing.limited/vendor/laravel/framework/src/Illuminate/Testing/PendingCommand.php:675
/home/user/cmis.marketing.limited/vendor/laravel/framework/src/Illuminate/Foundation/Testing/Concerns/InteractsWithConsole.php:87
/home/user/cmis.marketing.limited/vendor/laravel/framework/src/Illuminate/Foundation/Testing/RefreshDatabase.php:101
/home/user/cmis.marketing.limited/vendor/laravel/framework/src/Illuminate/Foundation/Testing/RefreshDatabase.php:84
/home/user/cmis.marketing.limited/vendor/laravel/framework/src/Illuminate/Foundation/Testing/RefreshDatabase.php:25
/home/user/cmis.marketing.limited/vendor/laravel/framework/src/Illuminate/Foundation/Testing/Concerns/InteractsWithTestCaseLifecycle.php:209
/home/user/cmis.marketing.limited/vendor/laravel/framework/src/Illuminate/Foundation/Testing/Concerns/InteractsWithTestCaseLifecycle.php:97
/home/user/cmis.marketing.limited/vendor/laravel/framework/src/Illuminate/Foundation/Testing/TestCase.php:63
/home/user/cmis.marketing.limited/tests/TestCase.php:32
/home/user/cmis.marketing.limited/tests/Unit/Services/AdPlatforms/TikTokAdsPlatformTest.php:27</error>
      </testcase>
      <testcase name="it_gets_available_optimization_goals" file="/home/user/cmis.marketing.limited/tests/Unit/Services/AdPlatforms/TikTokAdsPlatformTest.php" line="399" class="Tests\Unit\Services\AdPlatforms\TikTokAdsPlatformTest" classname="Tests.Unit.Services.AdPlatforms.TikTokAdsPlatformTest" assertions="0" time="0.000000">
        <error type="Illuminate\Database\QueryException">Tests\Unit\Services\AdPlatforms\TikTokAdsPlatformTest::it_gets_available_optimization_goals
Illuminate\Database\QueryException: SQLSTATE[08006] [7] connection to server at "127.0.0.1", port 5432 failed: Connection refused
	Is the server running on that host and accepting TCP/IP connections? (Connection: pgsql, SQL: select exists (select 1 from pg_class c, pg_namespace n where n.nspname = current_schema() and c.relname = 'migrations' and c.relkind in ('r', 'p') and n.oid = c.relnamespace))

/home/user/cmis.marketing.limited/vendor/laravel/framework/src/Illuminate/Database/Connection.php:824
/home/user/cmis.marketing.limited/vendor/laravel/framework/src/Illuminate/Database/Connection.php:778
/home/user/cmis.marketing.limited/vendor/laravel/framework/src/Illuminate/Database/Connection.php:397
/home/user/cmis.marketing.limited/vendor/laravel/framework/src/Illuminate/Database/Connection.php:343
/home/user/cmis.marketing.limited/vendor/laravel/framework/src/Illuminate/Database/Connection.php:360
/home/user/cmis.marketing.limited/vendor/laravel/framework/src/Illuminate/Database/Schema/Builder.php:174
/home/user/cmis.marketing.limited/vendor/laravel/framework/src/Illuminate/Database/Migrations/DatabaseMigrationRepository.php:185
/home/user/cmis.marketing.limited/vendor/laravel/framework/src/Illuminate/Database/Migrations/Migrator.php:753
/home/user/cmis.marketing.limited/vendor/laravel/framework/src/Illuminate/Database/Console/Migrations/FreshCommand.php:67
/home/user/cmis.marketing.limited/vendor/laravel/framework/src/Illuminate/Database/Migrations/Migrator.php:666
/home/user/cmis.marketing.limited/vendor/laravel/framework/src/Illuminate/Database/Console/Migrations/FreshCommand.php:66
/home/user/cmis.marketing.limited/vendor/laravel/framework/src/Illuminate/Container/BoundMethod.php:36
/home/user/cmis.marketing.limited/vendor/laravel/framework/src/Illuminate/Container/Util.php:43
/home/user/cmis.marketing.limited/vendor/laravel/framework/src/Illuminate/Container/BoundMethod.php:96
/home/user/cmis.marketing.limited/vendor/laravel/framework/src/Illuminate/Container/BoundMethod.php:35
/home/user/cmis.marketing.limited/vendor/laravel/framework/src/Illuminate/Container/Container.php:836
/home/user/cmis.marketing.limited/vendor/laravel/framework/src/Illuminate/Console/Command.php:211
/home/user/cmis.marketing.limited/vendor/symfony/console/Command/Command.php:318
/home/user/cmis.marketing.limited/vendor/laravel/framework/src/Illuminate/Console/Command.php:180
/home/user/cmis.marketing.limited/vendor/symfony/console/Application.php:1073
/home/user/cmis.marketing.limited/vendor/symfony/console/Application.php:356
/home/user/cmis.marketing.limited/vendor/symfony/console/Application.php:195
/home/user/cmis.marketing.limited/vendor/laravel/framework/src/Illuminate/Console/Application.php:165
/home/user/cmis.marketing.limited/vendor/laravel/framework/src/Illuminate/Foundation/Console/Kernel.php:426
/home/user/cmis.marketing.limited/vendor/laravel/framework/src/Illuminate/Testing/PendingCommand.php:451
/home/user/cmis.marketing.limited/vendor/laravel/framework/src/Illuminate/Testing/PendingCommand.php:675
/home/user/cmis.marketing.limited/vendor/laravel/framework/src/Illuminate/Foundation/Testing/Concerns/InteractsWithConsole.php:87
/home/user/cmis.marketing.limited/vendor/laravel/framework/src/Illuminate/Foundation/Testing/RefreshDatabase.php:101
/home/user/cmis.marketing.limited/vendor/laravel/framework/src/Illuminate/Foundation/Testing/RefreshDatabase.php:84
/home/user/cmis.marketing.limited/vendor/laravel/framework/src/Illuminate/Foundation/Testing/RefreshDatabase.php:25
/home/user/cmis.marketing.limited/vendor/laravel/framework/src/Illuminate/Foundation/Testing/Concerns/InteractsWithTestCaseLifecycle.php:209
/home/user/cmis.marketing.limited/vendor/laravel/framework/src/Illuminate/Foundation/Testing/Concerns/InteractsWithTestCaseLifecycle.php:97
/home/user/cmis.marketing.limited/vendor/laravel/framework/src/Illuminate/Foundation/Testing/TestCase.php:63
/home/user/cmis.marketing.limited/tests/TestCase.php:32
/home/user/cmis.marketing.limited/tests/Unit/Services/AdPlatforms/TikTokAdsPlatformTest.php:27</error>
      </testcase>
      <testcase name="it_creates_ad_successfully" file="/home/user/cmis.marketing.limited/tests/Unit/Services/AdPlatforms/TikTokAdsPlatformTest.php" line="246" class="Tests\Unit\Services\AdPlatforms\TikTokAdsPlatformTest" classname="Tests.Unit.Services.AdPlatforms.TikTokAdsPlatformTest" assertions="0" time="0.000000">
        <error type="Illuminate\Database\QueryException">Tests\Unit\Services\AdPlatforms\TikTokAdsPlatformTest::it_creates_ad_successfully
Illuminate\Database\QueryException: SQLSTATE[08006] [7] connection to server at "127.0.0.1", port 5432 failed: Connection refused
	Is the server running on that host and accepting TCP/IP connections? (Connection: pgsql, SQL: select exists (select 1 from pg_class c, pg_namespace n where n.nspname = current_schema() and c.relname = 'migrations' and c.relkind in ('r', 'p') and n.oid = c.relnamespace))

/home/user/cmis.marketing.limited/vendor/laravel/framework/src/Illuminate/Database/Connection.php:824
/home/user/cmis.marketing.limited/vendor/laravel/framework/src/Illuminate/Database/Connection.php:778
/home/user/cmis.marketing.limited/vendor/laravel/framework/src/Illuminate/Database/Connection.php:397
/home/user/cmis.marketing.limited/vendor/laravel/framework/src/Illuminate/Database/Connection.php:343
/home/user/cmis.marketing.limited/vendor/laravel/framework/src/Illuminate/Database/Connection.php:360
/home/user/cmis.marketing.limited/vendor/laravel/framework/src/Illuminate/Database/Schema/Builder.php:174
/home/user/cmis.marketing.limited/vendor/laravel/framework/src/Illuminate/Database/Migrations/DatabaseMigrationRepository.php:185
/home/user/cmis.marketing.limited/vendor/laravel/framework/src/Illuminate/Database/Migrations/Migrator.php:753
/home/user/cmis.marketing.limited/vendor/laravel/framework/src/Illuminate/Database/Console/Migrations/FreshCommand.php:67
/home/user/cmis.marketing.limited/vendor/laravel/framework/src/Illuminate/Database/Migrations/Migrator.php:666
/home/user/cmis.marketing.limited/vendor/laravel/framework/src/Illuminate/Database/Console/Migrations/FreshCommand.php:66
/home/user/cmis.marketing.limited/vendor/laravel/framework/src/Illuminate/Container/BoundMethod.php:36
/home/user/cmis.marketing.limited/vendor/laravel/framework/src/Illuminate/Container/Util.php:43
/home/user/cmis.marketing.limited/vendor/laravel/framework/src/Illuminate/Container/BoundMethod.php:96
/home/user/cmis.marketing.limited/vendor/laravel/framework/src/Illuminate/Container/BoundMethod.php:35
/home/user/cmis.marketing.limited/vendor/laravel/framework/src/Illuminate/Container/Container.php:836
/home/user/cmis.marketing.limited/vendor/laravel/framework/src/Illuminate/Console/Command.php:211
/home/user/cmis.marketing.limited/vendor/symfony/console/Command/Command.php:318
/home/user/cmis.marketing.limited/vendor/laravel/framework/src/Illuminate/Console/Command.php:180
/home/user/cmis.marketing.limited/vendor/symfony/console/Application.php:1073
/home/user/cmis.marketing.limited/vendor/symfony/console/Application.php:356
/home/user/cmis.marketing.limited/vendor/symfony/console/Application.php:195
/home/user/cmis.marketing.limited/vendor/laravel/framework/src/Illuminate/Console/Application.php:165
/home/user/cmis.marketing.limited/vendor/laravel/framework/src/Illuminate/Foundation/Console/Kernel.php:426
/home/user/cmis.marketing.limited/vendor/laravel/framework/src/Illuminate/Testing/PendingCommand.php:451
/home/user/cmis.marketing.limited/vendor/laravel/framework/src/Illuminate/Testing/PendingCommand.php:675
/home/user/cmis.marketing.limited/vendor/laravel/framework/src/Illuminate/Foundation/Testing/Concerns/InteractsWithConsole.php:87
/home/user/cmis.marketing.limited/vendor/laravel/framework/src/Illuminate/Foundation/Testing/RefreshDatabase.php:101
/home/user/cmis.marketing.limited/vendor/laravel/framework/src/Illuminate/Foundation/Testing/RefreshDatabase.php:84
/home/user/cmis.marketing.limited/vendor/laravel/framework/src/Illuminate/Foundation/Testing/RefreshDatabase.php:25
/home/user/cmis.marketing.limited/vendor/laravel/framework/src/Illuminate/Foundation/Testing/Concerns/InteractsWithTestCaseLifecycle.php:209
/home/user/cmis.marketing.limited/vendor/laravel/framework/src/Illuminate/Foundation/Testing/Concerns/InteractsWithTestCaseLifecycle.php:97
/home/user/cmis.marketing.limited/vendor/laravel/framework/src/Illuminate/Foundation/Testing/TestCase.php:63
/home/user/cmis.marketing.limited/tests/TestCase.php:32
/home/user/cmis.marketing.limited/tests/Unit/Services/AdPlatforms/TikTokAdsPlatformTest.php:27</error>
      </testcase>
      <testcase name="it_handles_ad_set_creation_failure" file="/home/user/cmis.marketing.limited/tests/Unit/Services/AdPlatforms/TikTokAdsPlatformTest.php" line="225" class="Tests\Unit\Services\AdPlatforms\TikTokAdsPlatformTest" classname="Tests.Unit.Services.AdPlatforms.TikTokAdsPlatformTest" assertions="0" time="0.000000">
        <error type="Illuminate\Database\QueryException">Tests\Unit\Services\AdPlatforms\TikTokAdsPlatformTest::it_handles_ad_set_creation_failure
Illuminate\Database\QueryException: SQLSTATE[08006] [7] connection to server at "127.0.0.1", port 5432 failed: Connection refused
	Is the server running on that host and accepting TCP/IP connections? (Connection: pgsql, SQL: select exists (select 1 from pg_class c, pg_namespace n where n.nspname = current_schema() and c.relname = 'migrations' and c.relkind in ('r', 'p') and n.oid = c.relnamespace))

/home/user/cmis.marketing.limited/vendor/laravel/framework/src/Illuminate/Database/Connection.php:824
/home/user/cmis.marketing.limited/vendor/laravel/framework/src/Illuminate/Database/Connection.php:778
/home/user/cmis.marketing.limited/vendor/laravel/framework/src/Illuminate/Database/Connection.php:397
/home/user/cmis.marketing.limited/vendor/laravel/framework/src/Illuminate/Database/Connection.php:343
/home/user/cmis.marketing.limited/vendor/laravel/framework/src/Illuminate/Database/Connection.php:360
/home/user/cmis.marketing.limited/vendor/laravel/framework/src/Illuminate/Database/Schema/Builder.php:174
/home/user/cmis.marketing.limited/vendor/laravel/framework/src/Illuminate/Database/Migrations/DatabaseMigrationRepository.php:185
/home/user/cmis.marketing.limited/vendor/laravel/framework/src/Illuminate/Database/Migrations/Migrator.php:753
/home/user/cmis.marketing.limited/vendor/laravel/framework/src/Illuminate/Database/Console/Migrations/FreshCommand.php:67
/home/user/cmis.marketing.limited/vendor/laravel/framework/src/Illuminate/Database/Migrations/Migrator.php:666
/home/user/cmis.marketing.limited/vendor/laravel/framework/src/Illuminate/Database/Console/Migrations/FreshCommand.php:66
/home/user/cmis.marketing.limited/vendor/laravel/framework/src/Illuminate/Container/BoundMethod.php:36
/home/user/cmis.marketing.limited/vendor/laravel/framework/src/Illuminate/Container/Util.php:43
/home/user/cmis.marketing.limited/vendor/laravel/framework/src/Illuminate/Container/BoundMethod.php:96
/home/user/cmis.marketing.limited/vendor/laravel/framework/src/Illuminate/Container/BoundMethod.php:35
/home/user/cmis.marketing.limited/vendor/laravel/framework/src/Illuminate/Container/Container.php:836
/home/user/cmis.marketing.limited/vendor/laravel/framework/src/Illuminate/Console/Command.php:211
/home/user/cmis.marketing.limited/vendor/symfony/console/Command/Command.php:318
/home/user/cmis.marketing.limited/vendor/laravel/framework/src/Illuminate/Console/Command.php:180
/home/user/cmis.marketing.limited/vendor/symfony/console/Application.php:1073
/home/user/cmis.marketing.limited/vendor/symfony/console/Application.php:356
/home/user/cmis.marketing.limited/vendor/symfony/console/Application.php:195
/home/user/cmis.marketing.limited/vendor/laravel/framework/src/Illuminate/Console/Application.php:165
/home/user/cmis.marketing.limited/vendor/laravel/framework/src/Illuminate/Foundation/Console/Kernel.php:426
/home/user/cmis.marketing.limited/vendor/laravel/framework/src/Illuminate/Testing/PendingCommand.php:451
/home/user/cmis.marketing.limited/vendor/laravel/framework/src/Illuminate/Testing/PendingCommand.php:675
/home/user/cmis.marketing.limited/vendor/laravel/framework/src/Illuminate/Foundation/Testing/Concerns/InteractsWithConsole.php:87
/home/user/cmis.marketing.limited/vendor/laravel/framework/src/Illuminate/Foundation/Testing/RefreshDatabase.php:101
/home/user/cmis.marketing.limited/vendor/laravel/framework/src/Illuminate/Foundation/Testing/RefreshDatabase.php:84
/home/user/cmis.marketing.limited/vendor/laravel/framework/src/Illuminate/Foundation/Testing/RefreshDatabase.php:25
/home/user/cmis.marketing.limited/vendor/laravel/framework/src/Illuminate/Foundation/Testing/Concerns/InteractsWithTestCaseLifecycle.php:209
/home/user/cmis.marketing.limited/vendor/laravel/framework/src/Illuminate/Foundation/Testing/Concerns/InteractsWithTestCaseLifecycle.php:97
/home/user/cmis.marketing.limited/vendor/laravel/framework/src/Illuminate/Foundation/Testing/TestCase.php:63
/home/user/cmis.marketing.limited/tests/TestCase.php:32
/home/user/cmis.marketing.limited/tests/Unit/Services/AdPlatforms/TikTokAdsPlatformTest.php:27</error>
      </testcase>
      <testcase name="it_refreshes_access_token_successfully" file="/home/user/cmis.marketing.limited/tests/Unit/Services/AdPlatforms/TikTokAdsPlatformTest.php" line="460" class="Tests\Unit\Services\AdPlatforms\TikTokAdsPlatformTest" classname="Tests.Unit.Services.AdPlatforms.TikTokAdsPlatformTest" assertions="0" time="0.000000">
        <error type="Illuminate\Database\QueryException">Tests\Unit\Services\AdPlatforms\TikTokAdsPlatformTest::it_refreshes_access_token_successfully
Illuminate\Database\QueryException: SQLSTATE[08006] [7] connection to server at "127.0.0.1", port 5432 failed: Connection refused
	Is the server running on that host and accepting TCP/IP connections? (Connection: pgsql, SQL: select exists (select 1 from pg_class c, pg_namespace n where n.nspname = current_schema() and c.relname = 'migrations' and c.relkind in ('r', 'p') and n.oid = c.relnamespace))

/home/user/cmis.marketing.limited/vendor/laravel/framework/src/Illuminate/Database/Connection.php:824
/home/user/cmis.marketing.limited/vendor/laravel/framework/src/Illuminate/Database/Connection.php:778
/home/user/cmis.marketing.limited/vendor/laravel/framework/src/Illuminate/Database/Connection.php:397
/home/user/cmis.marketing.limited/vendor/laravel/framework/src/Illuminate/Database/Connection.php:343
/home/user/cmis.marketing.limited/vendor/laravel/framework/src/Illuminate/Database/Connection.php:360
/home/user/cmis.marketing.limited/vendor/laravel/framework/src/Illuminate/Database/Schema/Builder.php:174
/home/user/cmis.marketing.limited/vendor/laravel/framework/src/Illuminate/Database/Migrations/DatabaseMigrationRepository.php:185
/home/user/cmis.marketing.limited/vendor/laravel/framework/src/Illuminate/Database/Migrations/Migrator.php:753
/home/user/cmis.marketing.limited/vendor/laravel/framework/src/Illuminate/Database/Console/Migrations/FreshCommand.php:67
/home/user/cmis.marketing.limited/vendor/laravel/framework/src/Illuminate/Database/Migrations/Migrator.php:666
/home/user/cmis.marketing.limited/vendor/laravel/framework/src/Illuminate/Database/Console/Migrations/FreshCommand.php:66
/home/user/cmis.marketing.limited/vendor/laravel/framework/src/Illuminate/Container/BoundMethod.php:36
/home/user/cmis.marketing.limited/vendor/laravel/framework/src/Illuminate/Container/Util.php:43
/home/user/cmis.marketing.limited/vendor/laravel/framework/src/Illuminate/Container/BoundMethod.php:96
/home/user/cmis.marketing.limited/vendor/laravel/framework/src/Illuminate/Container/BoundMethod.php:35
/home/user/cmis.marketing.limited/vendor/laravel/framework/src/Illuminate/Container/Container.php:836
/home/user/cmis.marketing.limited/vendor/laravel/framework/src/Illuminate/Console/Command.php:211
/home/user/cmis.marketing.limited/vendor/symfony/console/Command/Command.php:318
/home/user/cmis.marketing.limited/vendor/laravel/framework/src/Illuminate/Console/Command.php:180
/home/user/cmis.marketing.limited/vendor/symfony/console/Application.php:1073
/home/user/cmis.marketing.limited/vendor/symfony/console/Application.php:356
/home/user/cmis.marketing.limited/vendor/symfony/console/Application.php:195
/home/user/cmis.marketing.limited/vendor/laravel/framework/src/Illuminate/Console/Application.php:165
/home/user/cmis.marketing.limited/vendor/laravel/framework/src/Illuminate/Foundation/Console/Kernel.php:426
/home/user/cmis.marketing.limited/vendor/laravel/framework/src/Illuminate/Testing/PendingCommand.php:451
/home/user/cmis.marketing.limited/vendor/laravel/framework/src/Illuminate/Testing/PendingCommand.php:675
/home/user/cmis.marketing.limited/vendor/laravel/framework/src/Illuminate/Foundation/Testing/Concerns/InteractsWithConsole.php:87
/home/user/cmis.marketing.limited/vendor/laravel/framework/src/Illuminate/Foundation/Testing/RefreshDatabase.php:101
/home/user/cmis.marketing.limited/vendor/laravel/framework/src/Illuminate/Foundation/Testing/RefreshDatabase.php:84
/home/user/cmis.marketing.limited/vendor/laravel/framework/src/Illuminate/Foundation/Testing/RefreshDatabase.php:25
/home/user/cmis.marketing.limited/vendor/laravel/framework/src/Illuminate/Foundation/Testing/Concerns/InteractsWithTestCaseLifecycle.php:209
/home/user/cmis.marketing.limited/vendor/laravel/framework/src/Illuminate/Foundation/Testing/Concerns/InteractsWithTestCaseLifecycle.php:97
/home/user/cmis.marketing.limited/vendor/laravel/framework/src/Illuminate/Foundation/Testing/TestCase.php:63
/home/user/cmis.marketing.limited/tests/TestCase.php:32
/home/user/cmis.marketing.limited/tests/Unit/Services/AdPlatforms/TikTokAdsPlatformTest.php:27</error>
      </testcase>
      <testcase name="it_handles_image_upload_missing_file" file="/home/user/cmis.marketing.limited/tests/Unit/Services/AdPlatforms/TikTokAdsPlatformTest.php" line="340" class="Tests\Unit\Services\AdPlatforms\TikTokAdsPlatformTest" classname="Tests.Unit.Services.AdPlatforms.TikTokAdsPlatformTest" assertions="0" time="0.000000">
        <error type="Illuminate\Database\QueryException">Tests\Unit\Services\AdPlatforms\TikTokAdsPlatformTest::it_handles_image_upload_missing_file
Illuminate\Database\QueryException: SQLSTATE[08006] [7] connection to server at "127.0.0.1", port 5432 failed: Connection refused
	Is the server running on that host and accepting TCP/IP connections? (Connection: pgsql, SQL: select exists (select 1 from pg_class c, pg_namespace n where n.nspname = current_schema() and c.relname = 'migrations' and c.relkind in ('r', 'p') and n.oid = c.relnamespace))

/home/user/cmis.marketing.limited/vendor/laravel/framework/src/Illuminate/Database/Connection.php:824
/home/user/cmis.marketing.limited/vendor/laravel/framework/src/Illuminate/Database/Connection.php:778
/home/user/cmis.marketing.limited/vendor/laravel/framework/src/Illuminate/Database/Connection.php:397
/home/user/cmis.marketing.limited/vendor/laravel/framework/src/Illuminate/Database/Connection.php:343
/home/user/cmis.marketing.limited/vendor/laravel/framework/src/Illuminate/Database/Connection.php:360
/home/user/cmis.marketing.limited/vendor/laravel/framework/src/Illuminate/Database/Schema/Builder.php:174
/home/user/cmis.marketing.limited/vendor/laravel/framework/src/Illuminate/Database/Migrations/DatabaseMigrationRepository.php:185
/home/user/cmis.marketing.limited/vendor/laravel/framework/src/Illuminate/Database/Migrations/Migrator.php:753
/home/user/cmis.marketing.limited/vendor/laravel/framework/src/Illuminate/Database/Console/Migrations/FreshCommand.php:67
/home/user/cmis.marketing.limited/vendor/laravel/framework/src/Illuminate/Database/Migrations/Migrator.php:666
/home/user/cmis.marketing.limited/vendor/laravel/framework/src/Illuminate/Database/Console/Migrations/FreshCommand.php:66
/home/user/cmis.marketing.limited/vendor/laravel/framework/src/Illuminate/Container/BoundMethod.php:36
/home/user/cmis.marketing.limited/vendor/laravel/framework/src/Illuminate/Container/Util.php:43
/home/user/cmis.marketing.limited/vendor/laravel/framework/src/Illuminate/Container/BoundMethod.php:96
/home/user/cmis.marketing.limited/vendor/laravel/framework/src/Illuminate/Container/BoundMethod.php:35
/home/user/cmis.marketing.limited/vendor/laravel/framework/src/Illuminate/Container/Container.php:836
/home/user/cmis.marketing.limited/vendor/laravel/framework/src/Illuminate/Console/Command.php:211
/home/user/cmis.marketing.limited/vendor/symfony/console/Command/Command.php:318
/home/user/cmis.marketing.limited/vendor/laravel/framework/src/Illuminate/Console/Command.php:180
/home/user/cmis.marketing.limited/vendor/symfony/console/Application.php:1073
/home/user/cmis.marketing.limited/vendor/symfony/console/Application.php:356
/home/user/cmis.marketing.limited/vendor/symfony/console/Application.php:195
/home/user/cmis.marketing.limited/vendor/laravel/framework/src/Illuminate/Console/Application.php:165
/home/user/cmis.marketing.limited/vendor/laravel/framework/src/Illuminate/Foundation/Console/Kernel.php:426
/home/user/cmis.marketing.limited/vendor/laravel/framework/src/Illuminate/Testing/PendingCommand.php:451
/home/user/cmis.marketing.limited/vendor/laravel/framework/src/Illuminate/Testing/PendingCommand.php:675
/home/user/cmis.marketing.limited/vendor/laravel/framework/src/Illuminate/Foundation/Testing/Concerns/InteractsWithConsole.php:87
/home/user/cmis.marketing.limited/vendor/laravel/framework/src/Illuminate/Foundation/Testing/RefreshDatabase.php:101
/home/user/cmis.marketing.limited/vendor/laravel/framework/src/Illuminate/Foundation/Testing/RefreshDatabase.php:84
/home/user/cmis.marketing.limited/vendor/laravel/framework/src/Illuminate/Foundation/Testing/RefreshDatabase.php:25
/home/user/cmis.marketing.limited/vendor/laravel/framework/src/Illuminate/Foundation/Testing/Concerns/InteractsWithTestCaseLifecycle.php:209
/home/user/cmis.marketing.limited/vendor/laravel/framework/src/Illuminate/Foundation/Testing/Concerns/InteractsWithTestCaseLifecycle.php:97
/home/user/cmis.marketing.limited/vendor/laravel/framework/src/Illuminate/Foundation/Testing/TestCase.php:63
/home/user/cmis.marketing.limited/tests/TestCase.php:32
/home/user/cmis.marketing.limited/tests/Unit/Services/AdPlatforms/TikTokAdsPlatformTest.php:27</error>
      </testcase>
      <testcase name="it_uploads_video_successfully" file="/home/user/cmis.marketing.limited/tests/Unit/Services/AdPlatforms/TikTokAdsPlatformTest.php" line="289" class="Tests\Unit\Services\AdPlatforms\TikTokAdsPlatformTest" classname="Tests.Unit.Services.AdPlatforms.TikTokAdsPlatformTest" assertions="0" time="0.000000">
        <error type="Illuminate\Database\QueryException">Tests\Unit\Services\AdPlatforms\TikTokAdsPlatformTest::it_uploads_video_successfully
Illuminate\Database\QueryException: SQLSTATE[08006] [7] connection to server at "127.0.0.1", port 5432 failed: Connection refused
	Is the server running on that host and accepting TCP/IP connections? (Connection: pgsql, SQL: select exists (select 1 from pg_class c, pg_namespace n where n.nspname = current_schema() and c.relname = 'migrations' and c.relkind in ('r', 'p') and n.oid = c.relnamespace))

/home/user/cmis.marketing.limited/vendor/laravel/framework/src/Illuminate/Database/Connection.php:824
/home/user/cmis.marketing.limited/vendor/laravel/framework/src/Illuminate/Database/Connection.php:778
/home/user/cmis.marketing.limited/vendor/laravel/framework/src/Illuminate/Database/Connection.php:397
/home/user/cmis.marketing.limited/vendor/laravel/framework/src/Illuminate/Database/Connection.php:343
/home/user/cmis.marketing.limited/vendor/laravel/framework/src/Illuminate/Database/Connection.php:360
/home/user/cmis.marketing.limited/vendor/laravel/framework/src/Illuminate/Database/Schema/Builder.php:174
/home/user/cmis.marketing.limited/vendor/laravel/framework/src/Illuminate/Database/Migrations/DatabaseMigrationRepository.php:185
/home/user/cmis.marketing.limited/vendor/laravel/framework/src/Illuminate/Database/Migrations/Migrator.php:753
/home/user/cmis.marketing.limited/vendor/laravel/framework/src/Illuminate/Database/Console/Migrations/FreshCommand.php:67
/home/user/cmis.marketing.limited/vendor/laravel/framework/src/Illuminate/Database/Migrations/Migrator.php:666
/home/user/cmis.marketing.limited/vendor/laravel/framework/src/Illuminate/Database/Console/Migrations/FreshCommand.php:66
/home/user/cmis.marketing.limited/vendor/laravel/framework/src/Illuminate/Container/BoundMethod.php:36
/home/user/cmis.marketing.limited/vendor/laravel/framework/src/Illuminate/Container/Util.php:43
/home/user/cmis.marketing.limited/vendor/laravel/framework/src/Illuminate/Container/BoundMethod.php:96
/home/user/cmis.marketing.limited/vendor/laravel/framework/src/Illuminate/Container/BoundMethod.php:35
/home/user/cmis.marketing.limited/vendor/laravel/framework/src/Illuminate/Container/Container.php:836
/home/user/cmis.marketing.limited/vendor/laravel/framework/src/Illuminate/Console/Command.php:211
/home/user/cmis.marketing.limited/vendor/symfony/console/Command/Command.php:318
/home/user/cmis.marketing.limited/vendor/laravel/framework/src/Illuminate/Console/Command.php:180
/home/user/cmis.marketing.limited/vendor/symfony/console/Application.php:1073
/home/user/cmis.marketing.limited/vendor/symfony/console/Application.php:356
/home/user/cmis.marketing.limited/vendor/symfony/console/Application.php:195
/home/user/cmis.marketing.limited/vendor/laravel/framework/src/Illuminate/Console/Application.php:165
/home/user/cmis.marketing.limited/vendor/laravel/framework/src/Illuminate/Foundation/Console/Kernel.php:426
/home/user/cmis.marketing.limited/vendor/laravel/framework/src/Illuminate/Testing/PendingCommand.php:451
/home/user/cmis.marketing.limited/vendor/laravel/framework/src/Illuminate/Testing/PendingCommand.php:675
/home/user/cmis.marketing.limited/vendor/laravel/framework/src/Illuminate/Foundation/Testing/Concerns/InteractsWithConsole.php:87
/home/user/cmis.marketing.limited/vendor/laravel/framework/src/Illuminate/Foundation/Testing/RefreshDatabase.php:101
/home/user/cmis.marketing.limited/vendor/laravel/framework/src/Illuminate/Foundation/Testing/RefreshDatabase.php:84
/home/user/cmis.marketing.limited/vendor/laravel/framework/src/Illuminate/Foundation/Testing/RefreshDatabase.php:25
/home/user/cmis.marketing.limited/vendor/laravel/framework/src/Illuminate/Foundation/Testing/Concerns/InteractsWithTestCaseLifecycle.php:209
/home/user/cmis.marketing.limited/vendor/laravel/framework/src/Illuminate/Foundation/Testing/Concerns/InteractsWithTestCaseLifecycle.php:97
/home/user/cmis.marketing.limited/vendor/laravel/framework/src/Illuminate/Foundation/Testing/TestCase.php:63
/home/user/cmis.marketing.limited/tests/TestCase.php:32
/home/user/cmis.marketing.limited/tests/Unit/Services/AdPlatforms/TikTokAdsPlatformTest.php:27</error>
      </testcase>
      <testcase name="it_gets_campaign_metrics" file="/home/user/cmis.marketing.limited/tests/Unit/Services/AdPlatforms/TikTokAdsPlatformTest.php" line="168" class="Tests\Unit\Services\AdPlatforms\TikTokAdsPlatformTest" classname="Tests.Unit.Services.AdPlatforms.TikTokAdsPlatformTest" assertions="0" time="0.000000">
        <error type="Illuminate\Database\QueryException">Tests\Unit\Services\AdPlatforms\TikTokAdsPlatformTest::it_gets_campaign_metrics
Illuminate\Database\QueryException: SQLSTATE[08006] [7] connection to server at "127.0.0.1", port 5432 failed: Connection refused
	Is the server running on that host and accepting TCP/IP connections? (Connection: pgsql, SQL: select exists (select 1 from pg_class c, pg_namespace n where n.nspname = current_schema() and c.relname = 'migrations' and c.relkind in ('r', 'p') and n.oid = c.relnamespace))

/home/user/cmis.marketing.limited/vendor/laravel/framework/src/Illuminate/Database/Connection.php:824
/home/user/cmis.marketing.limited/vendor/laravel/framework/src/Illuminate/Database/Connection.php:778
/home/user/cmis.marketing.limited/vendor/laravel/framework/src/Illuminate/Database/Connection.php:397
/home/user/cmis.marketing.limited/vendor/laravel/framework/src/Illuminate/Database/Connection.php:343
/home/user/cmis.marketing.limited/vendor/laravel/framework/src/Illuminate/Database/Connection.php:360
/home/user/cmis.marketing.limited/vendor/laravel/framework/src/Illuminate/Database/Schema/Builder.php:174
/home/user/cmis.marketing.limited/vendor/laravel/framework/src/Illuminate/Database/Migrations/DatabaseMigrationRepository.php:185
/home/user/cmis.marketing.limited/vendor/laravel/framework/src/Illuminate/Database/Migrations/Migrator.php:753
/home/user/cmis.marketing.limited/vendor/laravel/framework/src/Illuminate/Database/Console/Migrations/FreshCommand.php:67
/home/user/cmis.marketing.limited/vendor/laravel/framework/src/Illuminate/Database/Migrations/Migrator.php:666
/home/user/cmis.marketing.limited/vendor/laravel/framework/src/Illuminate/Database/Console/Migrations/FreshCommand.php:66
/home/user/cmis.marketing.limited/vendor/laravel/framework/src/Illuminate/Container/BoundMethod.php:36
/home/user/cmis.marketing.limited/vendor/laravel/framework/src/Illuminate/Container/Util.php:43
/home/user/cmis.marketing.limited/vendor/laravel/framework/src/Illuminate/Container/BoundMethod.php:96
/home/user/cmis.marketing.limited/vendor/laravel/framework/src/Illuminate/Container/BoundMethod.php:35
/home/user/cmis.marketing.limited/vendor/laravel/framework/src/Illuminate/Container/Container.php:836
/home/user/cmis.marketing.limited/vendor/laravel/framework/src/Illuminate/Console/Command.php:211
/home/user/cmis.marketing.limited/vendor/symfony/console/Command/Command.php:318
/home/user/cmis.marketing.limited/vendor/laravel/framework/src/Illuminate/Console/Command.php:180
/home/user/cmis.marketing.limited/vendor/symfony/console/Application.php:1073
/home/user/cmis.marketing.limited/vendor/symfony/console/Application.php:356
/home/user/cmis.marketing.limited/vendor/symfony/console/Application.php:195
/home/user/cmis.marketing.limited/vendor/laravel/framework/src/Illuminate/Console/Application.php:165
/home/user/cmis.marketing.limited/vendor/laravel/framework/src/Illuminate/Foundation/Console/Kernel.php:426
/home/user/cmis.marketing.limited/vendor/laravel/framework/src/Illuminate/Testing/PendingCommand.php:451
/home/user/cmis.marketing.limited/vendor/laravel/framework/src/Illuminate/Testing/PendingCommand.php:675
/home/user/cmis.marketing.limited/vendor/laravel/framework/src/Illuminate/Foundation/Testing/Concerns/InteractsWithConsole.php:87
/home/user/cmis.marketing.limited/vendor/laravel/framework/src/Illuminate/Foundation/Testing/RefreshDatabase.php:101
/home/user/cmis.marketing.limited/vendor/laravel/framework/src/Illuminate/Foundation/Testing/RefreshDatabase.php:84
/home/user/cmis.marketing.limited/vendor/laravel/framework/src/Illuminate/Foundation/Testing/RefreshDatabase.php:25
/home/user/cmis.marketing.limited/vendor/laravel/framework/src/Illuminate/Foundation/Testing/Concerns/InteractsWithTestCaseLifecycle.php:209
/home/user/cmis.marketing.limited/vendor/laravel/framework/src/Illuminate/Foundation/Testing/Concerns/InteractsWithTestCaseLifecycle.php:97
/home/user/cmis.marketing.limited/vendor/laravel/framework/src/Illuminate/Foundation/Testing/TestCase.php:63
/home/user/cmis.marketing.limited/tests/TestCase.php:32
/home/user/cmis.marketing.limited/tests/Unit/Services/AdPlatforms/TikTokAdsPlatformTest.php:27</error>
      </testcase>
      <testcase name="it_fetches_campaigns_with_filters" file="/home/user/cmis.marketing.limited/tests/Unit/Services/AdPlatforms/TikTokAdsPlatformTest.php" line="141" class="Tests\Unit\Services\AdPlatforms\TikTokAdsPlatformTest" classname="Tests.Unit.Services.AdPlatforms.TikTokAdsPlatformTest" assertions="0" time="0.000000">
        <error type="Illuminate\Database\QueryException">Tests\Unit\Services\AdPlatforms\TikTokAdsPlatformTest::it_fetches_campaigns_with_filters
Illuminate\Database\QueryException: SQLSTATE[08006] [7] connection to server at "127.0.0.1", port 5432 failed: Connection refused
	Is the server running on that host and accepting TCP/IP connections? (Connection: pgsql, SQL: select exists (select 1 from pg_class c, pg_namespace n where n.nspname = current_schema() and c.relname = 'migrations' and c.relkind in ('r', 'p') and n.oid = c.relnamespace))

/home/user/cmis.marketing.limited/vendor/laravel/framework/src/Illuminate/Database/Connection.php:824
/home/user/cmis.marketing.limited/vendor/laravel/framework/src/Illuminate/Database/Connection.php:778
/home/user/cmis.marketing.limited/vendor/laravel/framework/src/Illuminate/Database/Connection.php:397
/home/user/cmis.marketing.limited/vendor/laravel/framework/src/Illuminate/Database/Connection.php:343
/home/user/cmis.marketing.limited/vendor/laravel/framework/src/Illuminate/Database/Connection.php:360
/home/user/cmis.marketing.limited/vendor/laravel/framework/src/Illuminate/Database/Schema/Builder.php:174
/home/user/cmis.marketing.limited/vendor/laravel/framework/src/Illuminate/Database/Migrations/DatabaseMigrationRepository.php:185
/home/user/cmis.marketing.limited/vendor/laravel/framework/src/Illuminate/Database/Migrations/Migrator.php:753
/home/user/cmis.marketing.limited/vendor/laravel/framework/src/Illuminate/Database/Console/Migrations/FreshCommand.php:67
/home/user/cmis.marketing.limited/vendor/laravel/framework/src/Illuminate/Database/Migrations/Migrator.php:666
/home/user/cmis.marketing.limited/vendor/laravel/framework/src/Illuminate/Database/Console/Migrations/FreshCommand.php:66
/home/user/cmis.marketing.limited/vendor/laravel/framework/src/Illuminate/Container/BoundMethod.php:36
/home/user/cmis.marketing.limited/vendor/laravel/framework/src/Illuminate/Container/Util.php:43
/home/user/cmis.marketing.limited/vendor/laravel/framework/src/Illuminate/Container/BoundMethod.php:96
/home/user/cmis.marketing.limited/vendor/laravel/framework/src/Illuminate/Container/BoundMethod.php:35
/home/user/cmis.marketing.limited/vendor/laravel/framework/src/Illuminate/Container/Container.php:836
/home/user/cmis.marketing.limited/vendor/laravel/framework/src/Illuminate/Console/Command.php:211
/home/user/cmis.marketing.limited/vendor/symfony/console/Command/Command.php:318
/home/user/cmis.marketing.limited/vendor/laravel/framework/src/Illuminate/Console/Command.php:180
/home/user/cmis.marketing.limited/vendor/symfony/console/Application.php:1073
/home/user/cmis.marketing.limited/vendor/symfony/console/Application.php:356
/home/user/cmis.marketing.limited/vendor/symfony/console/Application.php:195
/home/user/cmis.marketing.limited/vendor/laravel/framework/src/Illuminate/Console/Application.php:165
/home/user/cmis.marketing.limited/vendor/laravel/framework/src/Illuminate/Foundation/Console/Kernel.php:426
/home/user/cmis.marketing.limited/vendor/laravel/framework/src/Illuminate/Testing/PendingCommand.php:451
/home/user/cmis.marketing.limited/vendor/laravel/framework/src/Illuminate/Testing/PendingCommand.php:675
/home/user/cmis.marketing.limited/vendor/laravel/framework/src/Illuminate/Foundation/Testing/Concerns/InteractsWithConsole.php:87
/home/user/cmis.marketing.limited/vendor/laravel/framework/src/Illuminate/Foundation/Testing/RefreshDatabase.php:101
/home/user/cmis.marketing.limited/vendor/laravel/framework/src/Illuminate/Foundation/Testing/RefreshDatabase.php:84
/home/user/cmis.marketing.limited/vendor/laravel/framework/src/Illuminate/Foundation/Testing/RefreshDatabase.php:25
/home/user/cmis.marketing.limited/vendor/laravel/framework/src/Illuminate/Foundation/Testing/Concerns/InteractsWithTestCaseLifecycle.php:209
/home/user/cmis.marketing.limited/vendor/laravel/framework/src/Illuminate/Foundation/Testing/Concerns/InteractsWithTestCaseLifecycle.php:97
/home/user/cmis.marketing.limited/vendor/laravel/framework/src/Illuminate/Foundation/Testing/TestCase.php:63
/home/user/cmis.marketing.limited/tests/TestCase.php:32
/home/user/cmis.marketing.limited/tests/Unit/Services/AdPlatforms/TikTokAdsPlatformTest.php:27</error>
      </testcase>
      <testcase name="it_creates_campaign_successfully" file="/home/user/cmis.marketing.limited/tests/Unit/Services/AdPlatforms/TikTokAdsPlatformTest.php" line="49" class="Tests\Unit\Services\AdPlatforms\TikTokAdsPlatformTest" classname="Tests.Unit.Services.AdPlatforms.TikTokAdsPlatformTest" assertions="0" time="0.000000">
        <error type="Illuminate\Database\QueryException">Tests\Unit\Services\AdPlatforms\TikTokAdsPlatformTest::it_creates_campaign_successfully
Illuminate\Database\QueryException: SQLSTATE[08006] [7] connection to server at "127.0.0.1", port 5432 failed: Connection refused
	Is the server running on that host and accepting TCP/IP connections? (Connection: pgsql, SQL: select exists (select 1 from pg_class c, pg_namespace n where n.nspname = current_schema() and c.relname = 'migrations' and c.relkind in ('r', 'p') and n.oid = c.relnamespace))

/home/user/cmis.marketing.limited/vendor/laravel/framework/src/Illuminate/Database/Connection.php:824
/home/user/cmis.marketing.limited/vendor/laravel/framework/src/Illuminate/Database/Connection.php:778
/home/user/cmis.marketing.limited/vendor/laravel/framework/src/Illuminate/Database/Connection.php:397
/home/user/cmis.marketing.limited/vendor/laravel/framework/src/Illuminate/Database/Connection.php:343
/home/user/cmis.marketing.limited/vendor/laravel/framework/src/Illuminate/Database/Connection.php:360
/home/user/cmis.marketing.limited/vendor/laravel/framework/src/Illuminate/Database/Schema/Builder.php:174
/home/user/cmis.marketing.limited/vendor/laravel/framework/src/Illuminate/Database/Migrations/DatabaseMigrationRepository.php:185
/home/user/cmis.marketing.limited/vendor/laravel/framework/src/Illuminate/Database/Migrations/Migrator.php:753
/home/user/cmis.marketing.limited/vendor/laravel/framework/src/Illuminate/Database/Console/Migrations/FreshCommand.php:67
/home/user/cmis.marketing.limited/vendor/laravel/framework/src/Illuminate/Database/Migrations/Migrator.php:666
/home/user/cmis.marketing.limited/vendor/laravel/framework/src/Illuminate/Database/Console/Migrations/FreshCommand.php:66
/home/user/cmis.marketing.limited/vendor/laravel/framework/src/Illuminate/Container/BoundMethod.php:36
/home/user/cmis.marketing.limited/vendor/laravel/framework/src/Illuminate/Container/Util.php:43
/home/user/cmis.marketing.limited/vendor/laravel/framework/src/Illuminate/Container/BoundMethod.php:96
/home/user/cmis.marketing.limited/vendor/laravel/framework/src/Illuminate/Container/BoundMethod.php:35
/home/user/cmis.marketing.limited/vendor/laravel/framework/src/Illuminate/Container/Container.php:836
/home/user/cmis.marketing.limited/vendor/laravel/framework/src/Illuminate/Console/Command.php:211
/home/user/cmis.marketing.limited/vendor/symfony/console/Command/Command.php:318
/home/user/cmis.marketing.limited/vendor/laravel/framework/src/Illuminate/Console/Command.php:180
/home/user/cmis.marketing.limited/vendor/symfony/console/Application.php:1073
/home/user/cmis.marketing.limited/vendor/symfony/console/Application.php:356
/home/user/cmis.marketing.limited/vendor/symfony/console/Application.php:195
/home/user/cmis.marketing.limited/vendor/laravel/framework/src/Illuminate/Console/Application.php:165
/home/user/cmis.marketing.limited/vendor/laravel/framework/src/Illuminate/Foundation/Console/Kernel.php:426
/home/user/cmis.marketing.limited/vendor/laravel/framework/src/Illuminate/Testing/PendingCommand.php:451
/home/user/cmis.marketing.limited/vendor/laravel/framework/src/Illuminate/Testing/PendingCommand.php:675
/home/user/cmis.marketing.limited/vendor/laravel/framework/src/Illuminate/Foundation/Testing/Concerns/InteractsWithConsole.php:87
/home/user/cmis.marketing.limited/vendor/laravel/framework/src/Illuminate/Foundation/Testing/RefreshDatabase.php:101
/home/user/cmis.marketing.limited/vendor/laravel/framework/src/Illuminate/Foundation/Testing/RefreshDatabase.php:84
/home/user/cmis.marketing.limited/vendor/laravel/framework/src/Illuminate/Foundation/Testing/RefreshDatabase.php:25
/home/user/cmis.marketing.limited/vendor/laravel/framework/src/Illuminate/Foundation/Testing/Concerns/InteractsWithTestCaseLifecycle.php:209
/home/user/cmis.marketing.limited/vendor/laravel/framework/src/Illuminate/Foundation/Testing/Concerns/InteractsWithTestCaseLifecycle.php:97
/home/user/cmis.marketing.limited/vendor/laravel/framework/src/Illuminate/Foundation/Testing/TestCase.php:63
/home/user/cmis.marketing.limited/tests/TestCase.php:32
/home/user/cmis.marketing.limited/tests/Unit/Services/AdPlatforms/TikTokAdsPlatformTest.php:27</error>
      </testcase>
      <testcase name="it_creates_ad_set_successfully" file="/home/user/cmis.marketing.limited/tests/Unit/Services/AdPlatforms/TikTokAdsPlatformTest.php" line="201" class="Tests\Unit\Services\AdPlatforms\TikTokAdsPlatformTest" classname="Tests.Unit.Services.AdPlatforms.TikTokAdsPlatformTest" assertions="0" time="0.000000">
        <error type="Illuminate\Database\QueryException">Tests\Unit\Services\AdPlatforms\TikTokAdsPlatformTest::it_creates_ad_set_successfully
Illuminate\Database\QueryException: SQLSTATE[08006] [7] connection to server at "127.0.0.1", port 5432 failed: Connection refused
	Is the server running on that host and accepting TCP/IP connections? (Connection: pgsql, SQL: select exists (select 1 from pg_class c, pg_namespace n where n.nspname = current_schema() and c.relname = 'migrations' and c.relkind in ('r', 'p') and n.oid = c.relnamespace))

/home/user/cmis.marketing.limited/vendor/laravel/framework/src/Illuminate/Database/Connection.php:824
/home/user/cmis.marketing.limited/vendor/laravel/framework/src/Illuminate/Database/Connection.php:778
/home/user/cmis.marketing.limited/vendor/laravel/framework/src/Illuminate/Database/Connection.php:397
/home/user/cmis.marketing.limited/vendor/laravel/framework/src/Illuminate/Database/Connection.php:343
/home/user/cmis.marketing.limited/vendor/laravel/framework/src/Illuminate/Database/Connection.php:360
/home/user/cmis.marketing.limited/vendor/laravel/framework/src/Illuminate/Database/Schema/Builder.php:174
/home/user/cmis.marketing.limited/vendor/laravel/framework/src/Illuminate/Database/Migrations/DatabaseMigrationRepository.php:185
/home/user/cmis.marketing.limited/vendor/laravel/framework/src/Illuminate/Database/Migrations/Migrator.php:753
/home/user/cmis.marketing.limited/vendor/laravel/framework/src/Illuminate/Database/Console/Migrations/FreshCommand.php:67
/home/user/cmis.marketing.limited/vendor/laravel/framework/src/Illuminate/Database/Migrations/Migrator.php:666
/home/user/cmis.marketing.limited/vendor/laravel/framework/src/Illuminate/Database/Console/Migrations/FreshCommand.php:66
/home/user/cmis.marketing.limited/vendor/laravel/framework/src/Illuminate/Container/BoundMethod.php:36
/home/user/cmis.marketing.limited/vendor/laravel/framework/src/Illuminate/Container/Util.php:43
/home/user/cmis.marketing.limited/vendor/laravel/framework/src/Illuminate/Container/BoundMethod.php:96
/home/user/cmis.marketing.limited/vendor/laravel/framework/src/Illuminate/Container/BoundMethod.php:35
/home/user/cmis.marketing.limited/vendor/laravel/framework/src/Illuminate/Container/Container.php:836
/home/user/cmis.marketing.limited/vendor/laravel/framework/src/Illuminate/Console/Command.php:211
/home/user/cmis.marketing.limited/vendor/symfony/console/Command/Command.php:318
/home/user/cmis.marketing.limited/vendor/laravel/framework/src/Illuminate/Console/Command.php:180
/home/user/cmis.marketing.limited/vendor/symfony/console/Application.php:1073
/home/user/cmis.marketing.limited/vendor/symfony/console/Application.php:356
/home/user/cmis.marketing.limited/vendor/symfony/console/Application.php:195
/home/user/cmis.marketing.limited/vendor/laravel/framework/src/Illuminate/Console/Application.php:165
/home/user/cmis.marketing.limited/vendor/laravel/framework/src/Illuminate/Foundation/Console/Kernel.php:426
/home/user/cmis.marketing.limited/vendor/laravel/framework/src/Illuminate/Testing/PendingCommand.php:451
/home/user/cmis.marketing.limited/vendor/laravel/framework/src/Illuminate/Testing/PendingCommand.php:675
/home/user/cmis.marketing.limited/vendor/laravel/framework/src/Illuminate/Foundation/Testing/Concerns/InteractsWithConsole.php:87
/home/user/cmis.marketing.limited/vendor/laravel/framework/src/Illuminate/Foundation/Testing/RefreshDatabase.php:101
/home/user/cmis.marketing.limited/vendor/laravel/framework/src/Illuminate/Foundation/Testing/RefreshDatabase.php:84
/home/user/cmis.marketing.limited/vendor/laravel/framework/src/Illuminate/Foundation/Testing/RefreshDatabase.php:25
/home/user/cmis.marketing.limited/vendor/laravel/framework/src/Illuminate/Foundation/Testing/Concerns/InteractsWithTestCaseLifecycle.php:209
/home/user/cmis.marketing.limited/vendor/laravel/framework/src/Illuminate/Foundation/Testing/Concerns/InteractsWithTestCaseLifecycle.php:97
/home/user/cmis.marketing.limited/vendor/laravel/framework/src/Illuminate/Foundation/Testing/TestCase.php:63
/home/user/cmis.marketing.limited/tests/TestCase.php:32
/home/user/cmis.marketing.limited/tests/Unit/Services/AdPlatforms/TikTokAdsPlatformTest.php:27</error>
      </testcase>
      <testcase name="it_gets_available_placements" file="/home/user/cmis.marketing.limited/tests/Unit/Services/AdPlatforms/TikTokAdsPlatformTest.php" line="389" class="Tests\Unit\Services\AdPlatforms\TikTokAdsPlatformTest" classname="Tests.Unit.Services.AdPlatforms.TikTokAdsPlatformTest" assertions="0" time="0.000000">
        <error type="Illuminate\Database\QueryException">Tests\Unit\Services\AdPlatforms\TikTokAdsPlatformTest::it_gets_available_placements
Illuminate\Database\QueryException: SQLSTATE[08006] [7] connection to server at "127.0.0.1", port 5432 failed: Connection refused
	Is the server running on that host and accepting TCP/IP connections? (Connection: pgsql, SQL: select exists (select 1 from pg_class c, pg_namespace n where n.nspname = current_schema() and c.relname = 'migrations' and c.relkind in ('r', 'p') and n.oid = c.relnamespace))

/home/user/cmis.marketing.limited/vendor/laravel/framework/src/Illuminate/Database/Connection.php:824
/home/user/cmis.marketing.limited/vendor/laravel/framework/src/Illuminate/Database/Connection.php:778
/home/user/cmis.marketing.limited/vendor/laravel/framework/src/Illuminate/Database/Connection.php:397
/home/user/cmis.marketing.limited/vendor/laravel/framework/src/Illuminate/Database/Connection.php:343
/home/user/cmis.marketing.limited/vendor/laravel/framework/src/Illuminate/Database/Connection.php:360
/home/user/cmis.marketing.limited/vendor/laravel/framework/src/Illuminate/Database/Schema/Builder.php:174
/home/user/cmis.marketing.limited/vendor/laravel/framework/src/Illuminate/Database/Migrations/DatabaseMigrationRepository.php:185
/home/user/cmis.marketing.limited/vendor/laravel/framework/src/Illuminate/Database/Migrations/Migrator.php:753
/home/user/cmis.marketing.limited/vendor/laravel/framework/src/Illuminate/Database/Console/Migrations/FreshCommand.php:67
/home/user/cmis.marketing.limited/vendor/laravel/framework/src/Illuminate/Database/Migrations/Migrator.php:666
/home/user/cmis.marketing.limited/vendor/laravel/framework/src/Illuminate/Database/Console/Migrations/FreshCommand.php:66
/home/user/cmis.marketing.limited/vendor/laravel/framework/src/Illuminate/Container/BoundMethod.php:36
/home/user/cmis.marketing.limited/vendor/laravel/framework/src/Illuminate/Container/Util.php:43
/home/user/cmis.marketing.limited/vendor/laravel/framework/src/Illuminate/Container/BoundMethod.php:96
/home/user/cmis.marketing.limited/vendor/laravel/framework/src/Illuminate/Container/BoundMethod.php:35
/home/user/cmis.marketing.limited/vendor/laravel/framework/src/Illuminate/Container/Container.php:836
/home/user/cmis.marketing.limited/vendor/laravel/framework/src/Illuminate/Console/Command.php:211
/home/user/cmis.marketing.limited/vendor/symfony/console/Command/Command.php:318
/home/user/cmis.marketing.limited/vendor/laravel/framework/src/Illuminate/Console/Command.php:180
/home/user/cmis.marketing.limited/vendor/symfony/console/Application.php:1073
/home/user/cmis.marketing.limited/vendor/symfony/console/Application.php:356
/home/user/cmis.marketing.limited/vendor/symfony/console/Application.php:195
/home/user/cmis.marketing.limited/vendor/laravel/framework/src/Illuminate/Console/Application.php:165
/home/user/cmis.marketing.limited/vendor/laravel/framework/src/Illuminate/Foundation/Console/Kernel.php:426
/home/user/cmis.marketing.limited/vendor/laravel/framework/src/Illuminate/Testing/PendingCommand.php:451
/home/user/cmis.marketing.limited/vendor/laravel/framework/src/Illuminate/Testing/PendingCommand.php:675
/home/user/cmis.marketing.limited/vendor/laravel/framework/src/Illuminate/Foundation/Testing/Concerns/InteractsWithConsole.php:87
/home/user/cmis.marketing.limited/vendor/laravel/framework/src/Illuminate/Foundation/Testing/RefreshDatabase.php:101
/home/user/cmis.marketing.limited/vendor/laravel/framework/src/Illuminate/Foundation/Testing/RefreshDatabase.php:84
/home/user/cmis.marketing.limited/vendor/laravel/framework/src/Illuminate/Foundation/Testing/RefreshDatabase.php:25
/home/user/cmis.marketing.limited/vendor/laravel/framework/src/Illuminate/Foundation/Testing/Concerns/InteractsWithTestCaseLifecycle.php:209
/home/user/cmis.marketing.limited/vendor/laravel/framework/src/Illuminate/Foundation/Testing/Concerns/InteractsWithTestCaseLifecycle.php:97
/home/user/cmis.marketing.limited/vendor/laravel/framework/src/Illuminate/Foundation/Testing/TestCase.php:63
/home/user/cmis.marketing.limited/tests/TestCase.php:32
/home/user/cmis.marketing.limited/tests/Unit/Services/AdPlatforms/TikTokAdsPlatformTest.php:27</error>
      </testcase>
      <testcase name="it_gets_available_call_to_actions" file="/home/user/cmis.marketing.limited/tests/Unit/Services/AdPlatforms/TikTokAdsPlatformTest.php" line="420" class="Tests\Unit\Services\AdPlatforms\TikTokAdsPlatformTest" classname="Tests.Unit.Services.AdPlatforms.TikTokAdsPlatformTest" assertions="0" time="0.000000">
        <error type="Illuminate\Database\QueryException">Tests\Unit\Services\AdPlatforms\TikTokAdsPlatformTest::it_gets_available_call_to_actions
Illuminate\Database\QueryException: SQLSTATE[08006] [7] connection to server at "127.0.0.1", port 5432 failed: Connection refused
	Is the server running on that host and accepting TCP/IP connections? (Connection: pgsql, SQL: select exists (select 1 from pg_class c, pg_namespace n where n.nspname = current_schema() and c.relname = 'migrations' and c.relkind in ('r', 'p') and n.oid = c.relnamespace))

/home/user/cmis.marketing.limited/vendor/laravel/framework/src/Illuminate/Database/Connection.php:824
/home/user/cmis.marketing.limited/vendor/laravel/framework/src/Illuminate/Database/Connection.php:778
/home/user/cmis.marketing.limited/vendor/laravel/framework/src/Illuminate/Database/Connection.php:397
/home/user/cmis.marketing.limited/vendor/laravel/framework/src/Illuminate/Database/Connection.php:343
/home/user/cmis.marketing.limited/vendor/laravel/framework/src/Illuminate/Database/Connection.php:360
/home/user/cmis.marketing.limited/vendor/laravel/framework/src/Illuminate/Database/Schema/Builder.php:174
/home/user/cmis.marketing.limited/vendor/laravel/framework/src/Illuminate/Database/Migrations/DatabaseMigrationRepository.php:185
/home/user/cmis.marketing.limited/vendor/laravel/framework/src/Illuminate/Database/Migrations/Migrator.php:753
/home/user/cmis.marketing.limited/vendor/laravel/framework/src/Illuminate/Database/Console/Migrations/FreshCommand.php:67
/home/user/cmis.marketing.limited/vendor/laravel/framework/src/Illuminate/Database/Migrations/Migrator.php:666
/home/user/cmis.marketing.limited/vendor/laravel/framework/src/Illuminate/Database/Console/Migrations/FreshCommand.php:66
/home/user/cmis.marketing.limited/vendor/laravel/framework/src/Illuminate/Container/BoundMethod.php:36
/home/user/cmis.marketing.limited/vendor/laravel/framework/src/Illuminate/Container/Util.php:43
/home/user/cmis.marketing.limited/vendor/laravel/framework/src/Illuminate/Container/BoundMethod.php:96
/home/user/cmis.marketing.limited/vendor/laravel/framework/src/Illuminate/Container/BoundMethod.php:35
/home/user/cmis.marketing.limited/vendor/laravel/framework/src/Illuminate/Container/Container.php:836
/home/user/cmis.marketing.limited/vendor/laravel/framework/src/Illuminate/Console/Command.php:211
/home/user/cmis.marketing.limited/vendor/symfony/console/Command/Command.php:318
/home/user/cmis.marketing.limited/vendor/laravel/framework/src/Illuminate/Console/Command.php:180
/home/user/cmis.marketing.limited/vendor/symfony/console/Application.php:1073
/home/user/cmis.marketing.limited/vendor/symfony/console/Application.php:356
/home/user/cmis.marketing.limited/vendor/symfony/console/Application.php:195
/home/user/cmis.marketing.limited/vendor/laravel/framework/src/Illuminate/Console/Application.php:165
/home/user/cmis.marketing.limited/vendor/laravel/framework/src/Illuminate/Foundation/Console/Kernel.php:426
/home/user/cmis.marketing.limited/vendor/laravel/framework/src/Illuminate/Testing/PendingCommand.php:451
/home/user/cmis.marketing.limited/vendor/laravel/framework/src/Illuminate/Testing/PendingCommand.php:675
/home/user/cmis.marketing.limited/vendor/laravel/framework/src/Illuminate/Foundation/Testing/Concerns/InteractsWithConsole.php:87
/home/user/cmis.marketing.limited/vendor/laravel/framework/src/Illuminate/Foundation/Testing/RefreshDatabase.php:101
/home/user/cmis.marketing.limited/vendor/laravel/framework/src/Illuminate/Foundation/Testing/RefreshDatabase.php:84
/home/user/cmis.marketing.limited/vendor/laravel/framework/src/Illuminate/Foundation/Testing/RefreshDatabase.php:25
/home/user/cmis.marketing.limited/vendor/laravel/framework/src/Illuminate/Foundation/Testing/Concerns/InteractsWithTestCaseLifecycle.php:209
/home/user/cmis.marketing.limited/vendor/laravel/framework/src/Illuminate/Foundation/Testing/Concerns/InteractsWithTestCaseLifecycle.php:97
/home/user/cmis.marketing.limited/vendor/laravel/framework/src/Illuminate/Foundation/Testing/TestCase.php:63
/home/user/cmis.marketing.limited/tests/TestCase.php:32
/home/user/cmis.marketing.limited/tests/Unit/Services/AdPlatforms/TikTokAdsPlatformTest.php:27</error>
      </testcase>
      <testcase name="it_syncs_account_successfully" file="/home/user/cmis.marketing.limited/tests/Unit/Services/AdPlatforms/TikTokAdsPlatformTest.php" line="431" class="Tests\Unit\Services\AdPlatforms\TikTokAdsPlatformTest" classname="Tests.Unit.Services.AdPlatforms.TikTokAdsPlatformTest" assertions="0" time="0.000000">
        <error type="Illuminate\Database\QueryException">Tests\Unit\Services\AdPlatforms\TikTokAdsPlatformTest::it_syncs_account_successfully
Illuminate\Database\QueryException: SQLSTATE[08006] [7] connection to server at "127.0.0.1", port 5432 failed: Connection refused
	Is the server running on that host and accepting TCP/IP connections? (Connection: pgsql, SQL: select exists (select 1 from pg_class c, pg_namespace n where n.nspname = current_schema() and c.relname = 'migrations' and c.relkind in ('r', 'p') and n.oid = c.relnamespace))

/home/user/cmis.marketing.limited/vendor/laravel/framework/src/Illuminate/Database/Connection.php:824
/home/user/cmis.marketing.limited/vendor/laravel/framework/src/Illuminate/Database/Connection.php:778
/home/user/cmis.marketing.limited/vendor/laravel/framework/src/Illuminate/Database/Connection.php:397
/home/user/cmis.marketing.limited/vendor/laravel/framework/src/Illuminate/Database/Connection.php:343
/home/user/cmis.marketing.limited/vendor/laravel/framework/src/Illuminate/Database/Connection.php:360
/home/user/cmis.marketing.limited/vendor/laravel/framework/src/Illuminate/Database/Schema/Builder.php:174
/home/user/cmis.marketing.limited/vendor/laravel/framework/src/Illuminate/Database/Migrations/DatabaseMigrationRepository.php:185
/home/user/cmis.marketing.limited/vendor/laravel/framework/src/Illuminate/Database/Migrations/Migrator.php:753
/home/user/cmis.marketing.limited/vendor/laravel/framework/src/Illuminate/Database/Console/Migrations/FreshCommand.php:67
/home/user/cmis.marketing.limited/vendor/laravel/framework/src/Illuminate/Database/Migrations/Migrator.php:666
/home/user/cmis.marketing.limited/vendor/laravel/framework/src/Illuminate/Database/Console/Migrations/FreshCommand.php:66
/home/user/cmis.marketing.limited/vendor/laravel/framework/src/Illuminate/Container/BoundMethod.php:36
/home/user/cmis.marketing.limited/vendor/laravel/framework/src/Illuminate/Container/Util.php:43
/home/user/cmis.marketing.limited/vendor/laravel/framework/src/Illuminate/Container/BoundMethod.php:96
/home/user/cmis.marketing.limited/vendor/laravel/framework/src/Illuminate/Container/BoundMethod.php:35
/home/user/cmis.marketing.limited/vendor/laravel/framework/src/Illuminate/Container/Container.php:836
/home/user/cmis.marketing.limited/vendor/laravel/framework/src/Illuminate/Console/Command.php:211
/home/user/cmis.marketing.limited/vendor/symfony/console/Command/Command.php:318
/home/user/cmis.marketing.limited/vendor/laravel/framework/src/Illuminate/Console/Command.php:180
/home/user/cmis.marketing.limited/vendor/symfony/console/Application.php:1073
/home/user/cmis.marketing.limited/vendor/symfony/console/Application.php:356
/home/user/cmis.marketing.limited/vendor/symfony/console/Application.php:195
/home/user/cmis.marketing.limited/vendor/laravel/framework/src/Illuminate/Console/Application.php:165
/home/user/cmis.marketing.limited/vendor/laravel/framework/src/Illuminate/Foundation/Console/Kernel.php:426
/home/user/cmis.marketing.limited/vendor/laravel/framework/src/Illuminate/Testing/PendingCommand.php:451
/home/user/cmis.marketing.limited/vendor/laravel/framework/src/Illuminate/Testing/PendingCommand.php:675
/home/user/cmis.marketing.limited/vendor/laravel/framework/src/Illuminate/Foundation/Testing/Concerns/InteractsWithConsole.php:87
/home/user/cmis.marketing.limited/vendor/laravel/framework/src/Illuminate/Foundation/Testing/RefreshDatabase.php:101
/home/user/cmis.marketing.limited/vendor/laravel/framework/src/Illuminate/Foundation/Testing/RefreshDatabase.php:84
/home/user/cmis.marketing.limited/vendor/laravel/framework/src/Illuminate/Foundation/Testing/RefreshDatabase.php:25
/home/user/cmis.marketing.limited/vendor/laravel/framework/src/Illuminate/Foundation/Testing/Concerns/InteractsWithTestCaseLifecycle.php:209
/home/user/cmis.marketing.limited/vendor/laravel/framework/src/Illuminate/Foundation/Testing/Concerns/InteractsWithTestCaseLifecycle.php:97
/home/user/cmis.marketing.limited/vendor/laravel/framework/src/Illuminate/Foundation/Testing/TestCase.php:63
/home/user/cmis.marketing.limited/tests/TestCase.php:32
/home/user/cmis.marketing.limited/tests/Unit/Services/AdPlatforms/TikTokAdsPlatformTest.php:27</error>
      </testcase>
      <testcase name="it_updates_campaign_successfully" file="/home/user/cmis.marketing.limited/tests/Unit/Services/AdPlatforms/TikTokAdsPlatformTest.php" line="88" class="Tests\Unit\Services\AdPlatforms\TikTokAdsPlatformTest" classname="Tests.Unit.Services.AdPlatforms.TikTokAdsPlatformTest" assertions="0" time="0.000000">
        <error type="Illuminate\Database\QueryException">Tests\Unit\Services\AdPlatforms\TikTokAdsPlatformTest::it_updates_campaign_successfully
Illuminate\Database\QueryException: SQLSTATE[08006] [7] connection to server at "127.0.0.1", port 5432 failed: Connection refused
	Is the server running on that host and accepting TCP/IP connections? (Connection: pgsql, SQL: select exists (select 1 from pg_class c, pg_namespace n where n.nspname = current_schema() and c.relname = 'migrations' and c.relkind in ('r', 'p') and n.oid = c.relnamespace))

/home/user/cmis.marketing.limited/vendor/laravel/framework/src/Illuminate/Database/Connection.php:824
/home/user/cmis.marketing.limited/vendor/laravel/framework/src/Illuminate/Database/Connection.php:778
/home/user/cmis.marketing.limited/vendor/laravel/framework/src/Illuminate/Database/Connection.php:397
/home/user/cmis.marketing.limited/vendor/laravel/framework/src/Illuminate/Database/Connection.php:343
/home/user/cmis.marketing.limited/vendor/laravel/framework/src/Illuminate/Database/Connection.php:360
/home/user/cmis.marketing.limited/vendor/laravel/framework/src/Illuminate/Database/Schema/Builder.php:174
/home/user/cmis.marketing.limited/vendor/laravel/framework/src/Illuminate/Database/Migrations/DatabaseMigrationRepository.php:185
/home/user/cmis.marketing.limited/vendor/laravel/framework/src/Illuminate/Database/Migrations/Migrator.php:753
/home/user/cmis.marketing.limited/vendor/laravel/framework/src/Illuminate/Database/Console/Migrations/FreshCommand.php:67
[...]
/home/user/cmis.marketing.limited/vendor/symfony/console/Application.php:356
/home/user/cmis.marketing.limited/vendor/symfony/console/Application.php:195
/home/user/cmis.marketing.limited/vendor/laravel/framework/src/Illuminate/Console/Application.php:165
/home/user/cmis.marketing.limited/vendor/laravel/framework/src/Illuminate/Foundation/Console/Kernel.php:426
/home/user/cmis.marketing.limited/vendor/laravel/framework/src/Illuminate/Testing/PendingCommand.php:451
/home/user/cmis.marketing.limited/vendor/laravel/framework/src/Illuminate/Testing/PendingCommand.php:675
/home/user/cmis.marketing.limited/vendor/laravel/framework/src/Illuminate/Foundation/Testing/Concerns/InteractsWithConsole.php:87
/home/user/cmis.marketing.limited/vendor/laravel/framework/src/Illuminate/Foundation/Testing/RefreshDatabase.php:101
/home/user/cmis.marketing.limited/vendor/laravel/framework/src/Illuminate/Foundation/Testing/RefreshDatabase.php:84
/home/user/cmis.marketing.limited/vendor/laravel/framework/src/Illuminate/Foundation/Testing/RefreshDatabase.php:25
/home/user/cmis.marketing.limited/vendor/laravel/framework/src/Illuminate/Foundation/Testing/Concerns/InteractsWithTestCaseLifecycle.php:209
/home/user/cmis.marketing.limited/vendor/laravel/framework/src/Illuminate/Foundation/Testing/Concerns/InteractsWithTestCaseLifecycle.php:97
/home/user/cmis.marketing.limited/vendor/laravel/framework/src/Illuminate/Foundation/Testing/TestCase.php:63
/home/user/cmis.marketing.limited/tests/TestCase.php:32
/home/user/cmis.marketing.limited/tests/Unit/Services/AdPlatforms/LinkedInAdsPlatformTest.php:27</error>
      </testcase>
      <testcase name="it_handles_token_refresh_failure" file="/home/user/cmis.marketing.limited/tests/Unit/Services/AdPlatforms/LinkedInAdsPlatformTest.php" line="400" class="Tests\Unit\Services\AdPlatforms\LinkedInAdsPlatformTest" classname="Tests.Unit.Services.AdPlatforms.LinkedInAdsPlatformTest" assertions="0" time="0.000000">
        <error type="Illuminate\Database\QueryException">Tests\Unit\Services\AdPlatforms\LinkedInAdsPlatformTest::it_handles_token_refresh_failure
Illuminate\Database\QueryException: SQLSTATE[08006] [7] connection to server at "127.0.0.1", port 5432 failed: Connection refused
	Is the server running on that host and accepting TCP/IP connections? (Connection: pgsql, SQL: select exists (select 1 from pg_class c, pg_namespace n where n.nspname = current_schema() and c.relname = 'migrations' and c.relkind in ('r', 'p') and n.oid = c.relnamespace))

/home/user/cmis.marketing.limited/vendor/laravel/framework/src/Illuminate/Database/Connection.php:824
/home/user/cmis.marketing.limited/vendor/laravel/framework/src/Illuminate/Database/Connection.php:778
/home/user/cmis.marketing.limited/vendor/laravel/framework/src/Illuminate/Database/Connection.php:397
/home/user/cmis.marketing.limited/vendor/laravel/framework/src/Illuminate/Database/Connection.php:343
/home/user/cmis.marketing.limited/vendor/laravel/framework/src/Illuminate/Database/Connection.php:360
/home/user/cmis.marketing.limited/vendor/laravel/framework/src/Illuminate/Database/Schema/Builder.php:174
/home/user/cmis.marketing.limited/vendor/laravel/framework/src/Illuminate/Database/Migrations/DatabaseMigrationRepository.php:185
/home/user/cmis.marketing.limited/vendor/laravel/framework/src/Illuminate/Database/Migrations/Migrator.php:753
/home/user/cmis.marketing.limited/vendor/laravel/framework/src/Illuminate/Database/Console/Migrations/FreshCommand.php:67
/home/user/cmis.marketing.limited/vendor/laravel/framework/src/Illuminate/Database/Migrations/Migrator.php:666
/home/user/cmis.marketing.limited/vendor/laravel/framework/src/Illuminate/Database/Console/Migrations/FreshCommand.php:66
/home/user/cmis.marketing.limited/vendor/laravel/framework/src/Illuminate/Container/BoundMethod.php:36
/home/user/cmis.marketing.limited/vendor/laravel/framework/src/Illuminate/Container/Util.php:43
/home/user/cmis.marketing.limited/vendor/laravel/framework/src/Illuminate/Container/BoundMethod.php:96
/home/user/cmis.marketing.limited/vendor/laravel/framework/src/Illuminate/Container/BoundMethod.php:35
/home/user/cmis.marketing.limited/vendor/laravel/framework/src/Illuminate/Container/Container.php:836
/home/user/cmis.marketing.limited/vendor/laravel/framework/src/Illuminate/Console/Command.php:211
/home/user/cmis.marketing.limited/vendor/symfony/console/Command/Command.php:318
/home/user/cmis.marketing.limited/vendor/laravel/framework/src/Illuminate/Console/Command.php:180
/home/user/cmis.marketing.limited/vendor/symfony/console/Application.php:1073
/home/user/cmis.marketing.limited/vendor/symfony/console/Application.php:356
/home/user/cmis.marketing.limited/vendor/symfony/console/Application.php:195
/home/user/cmis.marketing.limited/vendor/laravel/framework/src/Illuminate/Console/Application.php:165
/home/user/cmis.marketing.limited/vendor/laravel/framework/src/Illuminate/Foundation/Console/Kernel.php:426
/home/user/cmis.marketing.limited/vendor/laravel/framework/src/Illuminate/Testing/PendingCommand.php:451
/home/user/cmis.marketing.limited/vendor/laravel/framework/src/Illuminate/Testing/PendingCommand.php:675
/home/user/cmis.marketing.limited/vendor/laravel/framework/src/Illuminate/Foundation/Testing/Concerns/InteractsWithConsole.php:87
/home/user/cmis.marketing.limited/vendor/laravel/framework/src/Illuminate/Foundation/Testing/RefreshDatabase.php:101
/home/user/cmis.marketing.limited/vendor/laravel/framework/src/Illuminate/Foundation/Testing/RefreshDatabase.php:84
/home/user/cmis.marketing.limited/vendor/laravel/framework/src/Illuminate/Foundation/Testing/RefreshDatabase.php:25
/home/user/cmis.marketing.limited/vendor/laravel/framework/src/Illuminate/Foundation/Testing/Concerns/InteractsWithTestCaseLifecycle.php:209
/home/user/cmis.marketing.limited/vendor/laravel/framework/src/Illuminate/Foundation/Testing/Concerns/InteractsWithTestCaseLifecycle.php:97
/home/user/cmis.marketing.limited/vendor/laravel/framework/src/Illuminate/Foundation/Testing/TestCase.php:63
/home/user/cmis.marketing.limited/tests/TestCase.php:32
/home/user/cmis.marketing.limited/tests/Unit/Services/AdPlatforms/LinkedInAdsPlatformTest.php:27</error>
      </testcase>
      <testcase name="it_creates_ad_set_successfully" file="/home/user/cmis.marketing.limited/tests/Unit/Services/AdPlatforms/LinkedInAdsPlatformTest.php" line="178" class="Tests\Unit\Services\AdPlatforms\LinkedInAdsPlatformTest" classname="Tests.Unit.Services.AdPlatforms.LinkedInAdsPlatformTest" assertions="0" time="0.000000">
        <error type="Illuminate\Database\QueryException">Tests\Unit\Services\AdPlatforms\LinkedInAdsPlatformTest::it_creates_ad_set_successfully
Illuminate\Database\QueryException: SQLSTATE[08006] [7] connection to server at "127.0.0.1", port 5432 failed: Connection refused
	Is the server running on that host and accepting TCP/IP connections? (Connection: pgsql, SQL: select exists (select 1 from pg_class c, pg_namespace n where n.nspname = current_schema() and c.relname = 'migrations' and c.relkind in ('r', 'p') and n.oid = c.relnamespace))

/home/user/cmis.marketing.limited/vendor/laravel/framework/src/Illuminate/Database/Connection.php:824
/home/user/cmis.marketing.limited/vendor/laravel/framework/src/Illuminate/Database/Connection.php:778
/home/user/cmis.marketing.limited/vendor/laravel/framework/src/Illuminate/Database/Connection.php:397
/home/user/cmis.marketing.limited/vendor/laravel/framework/src/Illuminate/Database/Connection.php:343
/home/user/cmis.marketing.limited/vendor/laravel/framework/src/Illuminate/Database/Connection.php:360
/home/user/cmis.marketing.limited/vendor/laravel/framework/src/Illuminate/Database/Schema/Builder.php:174
/home/user/cmis.marketing.limited/vendor/laravel/framework/src/Illuminate/Database/Migrations/DatabaseMigrationRepository.php:185
/home/user/cmis.marketing.limited/vendor/laravel/framework/src/Illuminate/Database/Migrations/Migrator.php:753
/home/user/cmis.marketing.limited/vendor/laravel/framework/src/Illuminate/Database/Console/Migrations/FreshCommand.php:67
/home/user/cmis.marketing.limited/vendor/laravel/framework/src/Illuminate/Database/Migrations/Migrator.php:666
/home/user/cmis.marketing.limited/vendor/laravel/framework/src/Illuminate/Database/Console/Migrations/FreshCommand.php:66
/home/user/cmis.marketing.limited/vendor/laravel/framework/src/Illuminate/Container/BoundMethod.php:36
/home/user/cmis.marketing.limited/vendor/laravel/framework/src/Illuminate/Container/Util.php:43
/home/user/cmis.marketing.limited/vendor/laravel/framework/src/Illuminate/Container/BoundMethod.php:96
/home/user/cmis.marketing.limited/vendor/laravel/framework/src/Illuminate/Container/BoundMethod.php:35
/home/user/cmis.marketing.limited/vendor/laravel/framework/src/Illuminate/Container/Container.php:836
/home/user/cmis.marketing.limited/vendor/laravel/framework/src/Illuminate/Console/Command.php:211
/home/user/cmis.marketing.limited/vendor/symfony/console/Command/Command.php:318
/home/user/cmis.marketing.limited/vendor/laravel/framework/src/Illuminate/Console/Command.php:180
/home/user/cmis.marketing.limited/vendor/symfony/console/Application.php:1073
/home/user/cmis.marketing.limited/vendor/symfony/console/Application.php:356
/home/user/cmis.marketing.limited/vendor/symfony/console/Application.php:195
/home/user/cmis.marketing.limited/vendor/laravel/framework/src/Illuminate/Console/Application.php:165
/home/user/cmis.marketing.limited/vendor/laravel/framework/src/Illuminate/Foundation/Console/Kernel.php:426
/home/user/cmis.marketing.limited/vendor/laravel/framework/src/Illuminate/Testing/PendingCommand.php:451
/home/user/cmis.marketing.limited/vendor/laravel/framework/src/Illuminate/Testing/PendingCommand.php:675
/home/user/cmis.marketing.limited/vendor/laravel/framework/src/Illuminate/Foundation/Testing/Concerns/InteractsWithConsole.php:87
/home/user/cmis.marketing.limited/vendor/laravel/framework/src/Illuminate/Foundation/Testing/RefreshDatabase.php:101
/home/user/cmis.marketing.limited/vendor/laravel/framework/src/Illuminate/Foundation/Testing/RefreshDatabase.php:84
/home/user/cmis.marketing.limited/vendor/laravel/framework/src/Illuminate/Foundation/Testing/RefreshDatabase.php:25
/home/user/cmis.marketing.limited/vendor/laravel/framework/src/Illuminate/Foundation/Testing/Concerns/InteractsWithTestCaseLifecycle.php:209
/home/user/cmis.marketing.limited/vendor/laravel/framework/src/Illuminate/Foundation/Testing/Concerns/InteractsWithTestCaseLifecycle.php:97
/home/user/cmis.marketing.limited/vendor/laravel/framework/src/Illuminate/Foundation/Testing/TestCase.php:63
/home/user/cmis.marketing.limited/tests/TestCase.php:32
/home/user/cmis.marketing.limited/tests/Unit/Services/AdPlatforms/LinkedInAdsPlatformTest.php:27</error>
      </testcase>
      <testcase name="it_creates_lead_gen_form" file="/home/user/cmis.marketing.limited/tests/Unit/Services/AdPlatforms/LinkedInAdsPlatformTest.php" line="283" class="Tests\Unit\Services\AdPlatforms\LinkedInAdsPlatformTest" classname="Tests.Unit.Services.AdPlatforms.LinkedInAdsPlatformTest" assertions="0" time="0.000000">
        <error type="Illuminate\Database\QueryException">Tests\Unit\Services\AdPlatforms\LinkedInAdsPlatformTest::it_creates_lead_gen_form
Illuminate\Database\QueryException: SQLSTATE[08006] [7] connection to server at "127.0.0.1", port 5432 failed: Connection refused
	Is the server running on that host and accepting TCP/IP connections? (Connection: pgsql, SQL: select exists (select 1 from pg_class c, pg_namespace n where n.nspname = current_schema() and c.relname = 'migrations' and c.relkind in ('r', 'p') and n.oid = c.relnamespace))

/home/user/cmis.marketing.limited/vendor/laravel/framework/src/Illuminate/Database/Connection.php:824
/home/user/cmis.marketing.limited/vendor/laravel/framework/src/Illuminate/Database/Connection.php:778
/home/user/cmis.marketing.limited/vendor/laravel/framework/src/Illuminate/Database/Connection.php:397
/home/user/cmis.marketing.limited/vendor/laravel/framework/src/Illuminate/Database/Connection.php:343
/home/user/cmis.marketing.limited/vendor/laravel/framework/src/Illuminate/Database/Connection.php:360
/home/user/cmis.marketing.limited/vendor/laravel/framework/src/Illuminate/Database/Schema/Builder.php:174
/home/user/cmis.marketing.limited/vendor/laravel/framework/src/Illuminate/Database/Migrations/DatabaseMigrationRepository.php:185
/home/user/cmis.marketing.limited/vendor/laravel/framework/src/Illuminate/Database/Migrations/Migrator.php:753
/home/user/cmis.marketing.limited/vendor/laravel/framework/src/Illuminate/Database/Console/Migrations/FreshCommand.php:67
/home/user/cmis.marketing.limited/vendor/laravel/framework/src/Illuminate/Database/Migrations/Migrator.php:666
/home/user/cmis.marketing.limited/vendor/laravel/framework/src/Illuminate/Database/Console/Migrations/FreshCommand.php:66
/home/user/cmis.marketing.limited/vendor/laravel/framework/src/Illuminate/Container/BoundMethod.php:36
/home/user/cmis.marketing.limited/vendor/laravel/framework/src/Illuminate/Container/Util.php:43
/home/user/cmis.marketing.limited/vendor/laravel/framework/src/Illuminate/Container/BoundMethod.php:96
/home/user/cmis.marketing.limited/vendor/laravel/framework/src/Illuminate/Container/BoundMethod.php:35
/home/user/cmis.marketing.limited/vendor/laravel/framework/src/Illuminate/Container/Container.php:836
/home/user/cmis.marketing.limited/vendor/laravel/framework/src/Illuminate/Console/Command.php:211
/home/user/cmis.marketing.limited/vendor/symfony/console/Command/Command.php:318
/home/user/cmis.marketing.limited/vendor/laravel/framework/src/Illuminate/Console/Command.php:180
/home/user/cmis.marketing.limited/vendor/symfony/console/Application.php:1073
/home/user/cmis.marketing.limited/vendor/symfony/console/Application.php:356
/home/user/cmis.marketing.limited/vendor/symfony/console/Application.php:195
/home/user/cmis.marketing.limited/vendor/laravel/framework/src/Illuminate/Console/Application.php:165
/home/user/cmis.marketing.limited/vendor/laravel/framework/src/Illuminate/Foundation/Console/Kernel.php:426
/home/user/cmis.marketing.limited/vendor/laravel/framework/src/Illuminate/Testing/PendingCommand.php:451
/home/user/cmis.marketing.limited/vendor/laravel/framework/src/Illuminate/Testing/PendingCommand.php:675
/home/user/cmis.marketing.limited/vendor/laravel/framework/src/Illuminate/Foundation/Testing/Concerns/InteractsWithConsole.php:87
/home/user/cmis.marketing.limited/vendor/laravel/framework/src/Illuminate/Foundation/Testing/RefreshDatabase.php:101
/home/user/cmis.marketing.limited/vendor/laravel/framework/src/Illuminate/Foundation/Testing/RefreshDatabase.php:84
/home/user/cmis.marketing.limited/vendor/laravel/framework/src/Illuminate/Foundation/Testing/RefreshDatabase.php:25
/home/user/cmis.marketing.limited/vendor/laravel/framework/src/Illuminate/Foundation/Testing/Concerns/InteractsWithTestCaseLifecycle.php:209
/home/user/cmis.marketing.limited/vendor/laravel/framework/src/Illuminate/Foundation/Testing/Concerns/InteractsWithTestCaseLifecycle.php:97
/home/user/cmis.marketing.limited/vendor/laravel/framework/src/Illuminate/Foundation/Testing/TestCase.php:63
/home/user/cmis.marketing.limited/tests/TestCase.php:32
/home/user/cmis.marketing.limited/tests/Unit/Services/AdPlatforms/LinkedInAdsPlatformTest.php:27</error>
      </testcase>
      <testcase name="it_ensures_urn_format_correctly" file="/home/user/cmis.marketing.limited/tests/Unit/Services/AdPlatforms/LinkedInAdsPlatformTest.php" line="449" class="Tests\Unit\Services\AdPlatforms\LinkedInAdsPlatformTest" classname="Tests.Unit.Services.AdPlatforms.LinkedInAdsPlatformTest" assertions="0" time="0.000000">
        <error type="Illuminate\Database\QueryException">Tests\Unit\Services\AdPlatforms\LinkedInAdsPlatformTest::it_ensures_urn_format_correctly
Illuminate\Database\QueryException: SQLSTATE[08006] [7] connection to server at "127.0.0.1", port 5432 failed: Connection refused
	Is the server running on that host and accepting TCP/IP connections? (Connection: pgsql, SQL: select exists (select 1 from pg_class c, pg_namespace n where n.nspname = current_schema() and c.relname = 'migrations' and c.relkind in ('r', 'p') and n.oid = c.relnamespace))

/home/user/cmis.marketing.limited/vendor/laravel/framework/src/Illuminate/Database/Connection.php:824
/home/user/cmis.marketing.limited/vendor/laravel/framework/src/Illuminate/Database/Connection.php:778
/home/user/cmis.marketing.limited/vendor/laravel/framework/src/Illuminate/Database/Connection.php:397
/home/user/cmis.marketing.limited/vendor/laravel/framework/src/Illuminate/Database/Connection.php:343
/home/user/cmis.marketing.limited/vendor/laravel/framework/src/Illuminate/Database/Connection.php:360
/home/user/cmis.marketing.limited/vendor/laravel/framework/src/Illuminate/Database/Schema/Builder.php:174
/home/user/cmis.marketing.limited/vendor/laravel/framework/src/Illuminate/Database/Migrations/DatabaseMigrationRepository.php:185
/home/user/cmis.marketing.limited/vendor/laravel/framework/src/Illuminate/Database/Migrations/Migrator.php:753
/home/user/cmis.marketing.limited/vendor/laravel/framework/src/Illuminate/Database/Console/Migrations/FreshCommand.php:67
/home/user/cmis.marketing.limited/vendor/laravel/framework/src/Illuminate/Database/Migrations/Migrator.php:666
/home/user/cmis.marketing.limited/vendor/laravel/framework/src/Illuminate/Database/Console/Migrations/FreshCommand.php:66
/home/user/cmis.marketing.limited/vendor/laravel/framework/src/Illuminate/Container/BoundMethod.php:36
/home/user/cmis.marketing.limited/vendor/laravel/framework/src/Illuminate/Container/Util.php:43
/home/user/cmis.marketing.limited/vendor/laravel/framework/src/Illuminate/Container/BoundMethod.php:96
/home/user/cmis.marketing.limited/vendor/laravel/framework/src/Illuminate/Container/BoundMethod.php:35
/home/user/cmis.marketing.limited/vendor/laravel/framework/src/Illuminate/Container/Container.php:836
/home/user/cmis.marketing.limited/vendor/laravel/framework/src/Illuminate/Console/Command.php:211
/home/user/cmis.marketing.limited/vendor/symfony/console/Command/Command.php:318
/home/user/cmis.marketing.limited/vendor/laravel/framework/src/Illuminate/Console/Command.php:180
/home/user/cmis.marketing.limited/vendor/symfony/console/Application.php:1073
/home/user/cmis.marketing.limited/vendor/symfony/console/Application.php:356
/home/user/cmis.marketing.limited/vendor/symfony/console/Application.php:195
/home/user/cmis.marketing.limited/vendor/laravel/framework/src/Illuminate/Console/Application.php:165
/home/user/cmis.marketing.limited/vendor/laravel/framework/src/Illuminate/Foundation/Console/Kernel.php:426
/home/user/cmis.marketing.limited/vendor/laravel/framework/src/Illuminate/Testing/PendingCommand.php:451
/home/user/cmis.marketing.limited/vendor/laravel/framework/src/Illuminate/Testing/PendingCommand.php:675
/home/user/cmis.marketing.limited/vendor/laravel/framework/src/Illuminate/Foundation/Testing/Concerns/InteractsWithConsole.php:87
/home/user/cmis.marketing.limited/vendor/laravel/framework/src/Illuminate/Foundation/Testing/RefreshDatabase.php:101
/home/user/cmis.marketing.limited/vendor/laravel/framework/src/Illuminate/Foundation/Testing/RefreshDatabase.php:84
/home/user/cmis.marketing.limited/vendor/laravel/framework/src/Illuminate/Foundation/Testing/RefreshDatabase.php:25
/home/user/cmis.marketing.limited/vendor/laravel/framework/src/Illuminate/Foundation/Testing/Concerns/InteractsWithTestCaseLifecycle.php:209
/home/user/cmis.marketing.limited/vendor/laravel/framework/src/Illuminate/Foundation/Testing/Concerns/InteractsWithTestCaseLifecycle.php:97
/home/user/cmis.marketing.limited/vendor/laravel/framework/src/Illuminate/Foundation/Testing/TestCase.php:63
/home/user/cmis.marketing.limited/tests/TestCase.php:32
/home/user/cmis.marketing.limited/tests/Unit/Services/AdPlatforms/LinkedInAdsPlatformTest.php:27</error>
      </testcase>
    </testsuite>
  </testsuite>
</testsuites>
