<?xml version="1.0" encoding="UTF-8"?>
<testsuites>
  <testsuite name="CLI Arguments" tests="99" assertions="15" errors="84" failures="1" skipped="0" time="44.227893">
    <testsuite name="Tests\Unit\Services\GoogleBusinessServiceTest" file="/home/user/cmis.marketing.limited/tests/Unit/Services/GoogleBusinessServiceTest.php" tests="10" assertions="0" errors="10" failures="0" skipped="0" time="18.830227">
      <testcase name="it_can_create_offer_post" file="/home/user/cmis.marketing.limited/tests/Unit/Services/GoogleBusinessServiceTest.php" line="62" class="Tests\Unit\Services\GoogleBusinessServiceTest" classname="Tests.Unit.Services.GoogleBusinessServiceTest" assertions="0" time="15.880159">
        <error type="Error">Tests\Unit\Services\GoogleBusinessServiceTest::it_can_create_offer_post
Error: Call to undefined method Tests\Unit\Services\GoogleBusinessServiceTest::mockGoogleAPI()

/home/user/cmis.marketing.limited/tests/Unit/Services/GoogleBusinessServiceTest.php:69</error>
        <system-out>Enabling RLS on cmis.orgs...
Enabling RLS on cmis.org_markets...
Enabling RLS on cmis.user_orgs...
Enabling RLS on cmis.campaigns...
Enabling RLS on cmis.content_plans...
Enabling RLS on cmis.content_items...
Enabling RLS on cmis.creative_assets...
Enabling RLS on cmis.ad_accounts...
Enabling RLS on cmis.ad_campaigns...
Enabling RLS on cmis.ad_sets...
Enabling RLS on cmis.ad_entities...
Enabling RLS on cmis.ad_metrics...
Creating RLS policy for cmis.orgs...
Creating RLS policy for cmis.org_markets...
Creating RLS policy for cmis.user_orgs...
Creating RLS policy for cmis.campaigns...
Creating RLS policy for cmis.content_plans...
Creating RLS policy for cmis.content_items...
Creating RLS policy for cmis.creative_assets...
Creating RLS policy for cmis.ad_accounts...
Creating RLS policy for cmis.ad_campaigns...
Creating RLS policy for cmis.ad_sets...
Creating RLS policy for cmis.ad_entities...
Creating RLS policy for cmis.ad_metrics...
Row-Level Security enabled successfully!

‚ö†Ô∏è  CRITICAL MIGRATION: Converting users.user_id from BIGINT to UUID
This will invalidate all existing user sessions and API tokens.
Press Ctrl+C within 10 seconds to abort...

Step 1/10: Checking current schema...
‚úì Users table already uses UUID. Skipping migration.

üìä Adding performance indexes...

Creating indexes for campaigns table...
‚úì Created index: idx_campaigns_org_status
‚úì Created index: idx_campaigns_dates
‚úì Created index: idx_campaigns_created
Creating indexes for content_plans table...
‚úì Created index: idx_content_plans_campaign
‚úì Created index: idx_content_plans_org_created
Creating indexes for content_items table...
‚úì Created index: idx_content_items_plan
‚úì Created index: idx_content_items_status
Creating indexes for ad_accounts table...
‚úì Created index: idx_ad_accounts_status
Creating indexes for ad_campaigns table...
‚ö† Warning: Could not create index idx_ad_campaigns_account: SQLSTATE[42703]: Undefined column: 7 ERROR:  column "ad_account_id" does not exist (Connection: pgsql, SQL: 
                    CREATE INDEX IF NOT EXISTS idx_ad_campaigns_account
                    ON cmis.ad_campaigns (ad_account_id, status)
                )
‚ö† Warning: Could not create index idx_ad_campaigns_dates: SQLSTATE[25P02]: In failed sql transaction: 7 ERROR:  current transaction is aborted, commands ignored until end of transaction block (Connection: pgsql, SQL: 
                    CREATE INDEX IF NOT EXISTS idx_ad_campaigns_dates
                    ON cmis.ad_campaigns (start_date, end_date)
                )
Creating indexes for ad_metrics table...
‚ö† Warning: Could not create index idx_ad_metrics_entity_date: SQLSTATE[25P02]: In failed sql transaction: 7 ERROR:  current transaction is aborted, commands ignored until end of transaction block (Connection: pgsql, SQL: 
                    CREATE INDEX IF NOT EXISTS idx_ad_metrics_entity_date
                    ON cmis.ad_metrics (ad_entity_id, recorded_at DESC)
                )
‚ö† Warning: Could not create index idx_ad_metrics_date: SQLSTATE[25P02]: In failed sql transaction: 7 ERROR:  current transaction is aborted, commands ignored until end of transaction block (Connection: pgsql, SQL: 
                    CREATE INDEX IF NOT EXISTS idx_ad_metrics_date
                    ON cmis.ad_metrics (recorded_at DESC)
                )
‚ö† Warning: Could not create index idx_ad_metrics_campaign: SQLSTATE[25P02]: In failed sql transaction: 7 ERROR:  current transaction is aborted, commands ignored until end of transaction block (Connection: pgsql, SQL: 
                    CREATE INDEX IF NOT EXISTS idx_ad_metrics_campaign
                    ON cmis.ad_metrics (ad_campaign_id, recorded_at DESC)
                )
Creating indexes for user_orgs table...
‚ö† Warning: Could not create index idx_user_orgs_user: SQLSTATE[25P02]: In failed sql transaction: 7 ERROR:  current transaction is aborted, commands ignored until end of transaction block (Connection: pgsql, SQL: 
                    CREATE INDEX IF NOT EXISTS idx_user_orgs_user
                    ON cmis.user_orgs (user_id, is_active)
                )
‚ö† Warning: Could not create index idx_user_orgs_org: SQLSTATE[25P02]: In failed sql transaction: 7 ERROR:  current transaction is aborted, commands ignored until end of transaction block (Connection: pgsql, SQL: 
                    CREATE INDEX IF NOT EXISTS idx_user_orgs_org
                    ON cmis.user_orgs (org_id, is_active)
                )
Creating indexes for creative_assets table...
‚ö† Warning: Could not create index idx_creative_assets_org: SQLSTATE[25P02]: In failed sql transaction: 7 ERROR:  current transaction is aborted, commands ignored until end of transaction block (Connection: pgsql, SQL: 
                    CREATE INDEX IF NOT EXISTS idx_creative_assets_org
                    ON cmis.creative_assets (org_id, asset_type)
                )
‚ö† Warning: Could not create index idx_creative_assets_created: SQLSTATE[25P02]: In failed sql transaction: 7 ERROR:  current transaction is aborted, commands ignored until end of transaction block (Connection: pgsql, SQL: 
                    CREATE INDEX IF NOT EXISTS idx_creative_assets_created
                    ON cmis.creative_assets (created_at DESC)
                )
Creating indexes for compliance_audits table...
‚ö† Warning: Could not create index idx_compliance_audits_content: SQLSTATE[25P02]: In failed sql transaction: 7 ERROR:  current transaction is aborted, commands ignored until end of transaction block (Connection: pgsql, SQL: 
                    CREATE INDEX IF NOT EXISTS idx_compliance_audits_content
                    ON cmis.compliance_audits (content_item_id)
                )
‚ö† Warning: Could not create index idx_compliance_audits_status: SQLSTATE[25P02]: In failed sql transaction: 7 ERROR:  current transaction is aborted, commands ignored until end of transaction block (Connection: pgsql, SQL: 
                    CREATE INDEX IF NOT EXISTS idx_compliance_audits_status
                    ON cmis.compliance_audits (status, created_at DESC)
                )
Creating indexes for activity_logs table...
‚ö† Warning: Could not create index idx_audit_user_date: SQLSTATE[25P02]: In failed sql transaction: 7 ERROR:  current transaction is aborted, commands ignored until end of transaction block (Connection: pgsql, SQL: 
                    CREATE INDEX IF NOT EXISTS idx_audit_user_date
                    ON cmis_audit.activity_logs (user_id, created_at DESC)
                )
‚ö† Warning: Could not create index idx_audit_action: SQLSTATE[25P02]: In failed sql transaction: 7 ERROR:  current transaction is aborted, commands ignored until end of transaction block (Connection: pgsql, SQL: 
                    CREATE INDEX IF NOT EXISTS idx_audit_action
                    ON cmis_audit.activity_logs (action, created_at DESC)
                )
‚ö† Warning: Could not create index idx_audit_model: SQLSTATE[25P02]: In failed sql transaction: 7 ERROR:  current transaction is aborted, commands ignored until end of transaction block (Connection: pgsql, SQL: 
                    CREATE INDEX IF NOT EXISTS idx_audit_model
                    ON cmis_audit.activity_logs (model_type, model_id)
                )
Creating indexes for personal_access_tokens table...
‚ö† Warning: Could not create index idx_tokens_tokenable: SQLSTATE[25P02]: In failed sql transaction: 7 ERROR:  current transaction is aborted, commands ignored until end of transaction block (Connection: pgsql, SQL: 
                    CREATE INDEX IF NOT EXISTS idx_tokens_tokenable
                    ON personal_access_tokens (tokenable_type, tokenable_id)
                )
‚ö† Warning: Could not create index idx_tokens_created: SQLSTATE[25P02]: In failed sql transaction: 7 ERROR:  current transaction is aborted, commands ignored until end of transaction block (Connection: pgsql, SQL: 
                    CREATE INDEX IF NOT EXISTS idx_tokens_created
                    ON personal_access_tokens (created_at DESC)
                )

‚úì All performance indexes created successfully!
‚úì Query performance should be significantly improved


üìä Adding foreign key constraints for user reference columns...

‚ö†Ô∏è  Could not add FK fk_user_permissions_user: SQLSTATE[42830]: Invalid foreign key: 7 ERROR:  there is no unique constraint matching given keys fo...
‚ö†Ô∏è  Could not add FK fk_user_activities_user: SQLSTATE[42830]: Invalid foreign key: 7 ERROR:  there is no unique constraint matching given keys fo...
‚ö†Ô∏è  Could not add FK fk_user_sessions_user: SQLSTATE[42830]: Invalid foreign key: 7 ERROR:  there is no unique constraint matching given keys fo...
‚ö†Ô∏è  Could not add FK fk_sessions_user: SQLSTATE[42830]: Invalid foreign key: 7 ERROR:  there is no unique constraint matching given keys fo...
‚ö†Ô∏è  Could not add FK fk_scheduled_social_posts_user: SQLSTATE[42830]: Invalid foreign key: 7 ERROR:  there is no unique constraint matching given keys fo...
‚ö†Ô∏è  Could not add FK fk_security_context_audit_user: SQLSTATE[42830]: Invalid foreign key: 7 ERROR:  there is no unique constraint matching given keys fo...
‚ö†Ô∏è  Could not add FK fk_audience_templates_created_by: SQLSTATE[42830]: Invalid foreign key: 7 ERROR:  there is no unique constraint matching given keys fo...
‚ö†Ô∏è  Could not add FK fk_campaign_context_links_created_by: SQLSTATE[42830]: Invalid foreign key: 7 ERROR:  there is no unique constraint matching given keys fo...
‚ö†Ô∏è  Could not add FK fk_campaigns_created_by: SQLSTATE[42830]: Invalid foreign key: 7 ERROR:  there is no unique constraint matching given keys fo...
‚ö†Ô∏è  Could not add FK fk_integrations_created_by: SQLSTATE[42830]: Invalid foreign key: 7 ERROR:  there is no unique constraint matching given keys fo...
‚ö†Ô∏è  Could not add FK fk_roles_created_by: SQLSTATE[42830]: Invalid foreign key: 7 ERROR:  there is no unique constraint matching given keys fo...
‚ö†Ô∏è  Could not add FK fk_campaign_context_links_updated_by: SQLSTATE[42830]: Invalid foreign key: 7 ERROR:  there is no unique constraint matching given keys fo...
‚ö†Ô∏è  Could not add FK fk_integrations_updated_by: SQLSTATE[42830]: Invalid foreign key: 7 ERROR:  there is no unique constraint matching given keys fo...
‚ö†Ô∏è  Could not add FK fk_team_invitations_invited_by: SQLSTATE[42830]: Invalid foreign key: 7 ERROR:  there is no unique constraint matching given keys fo...
‚ö†Ô∏è  Could not add FK fk_user_orgs_invited_by: SQLSTATE[42830]: Invalid foreign key: 7 ERROR:  there is no unique constraint matching given keys fo...

‚úÖ Foreign key migration complete!
   Added: 0
   Skipped: 15

‚úì Fixed performance_metrics constraints
‚úì Notifications table created with RLS policies

üìä Creating foreign keys directly...

‚ö†Ô∏è  Could not add FK fk_user_permissions_user: SQLSTATE[42830]: Invalid foreign key: 7 ERROR:  there is no unique constraint ma...
‚ö†Ô∏è  Could not add FK fk_user_activities_user: SQLSTATE[42830]: Invalid foreign key: 7 ERROR:  there is no unique constraint ma...
‚ö†Ô∏è  Could not add FK fk_user_sessions_user: SQLSTATE[42830]: Invalid foreign key: 7 ERROR:  there is no unique constraint ma...
‚ö†Ô∏è  Could not add FK fk_sessions_user: SQLSTATE[42830]: Invalid foreign key: 7 ERROR:  there is no unique constraint ma...
‚ö†Ô∏è  Could not add FK fk_scheduled_social_posts_user: SQLSTATE[42830]: Invalid foreign key: 7 ERROR:  there is no unique constraint ma...
‚ö†Ô∏è  Could not add FK fk_security_context_audit_user: SQLSTATE[42830]: Invalid foreign key: 7 ERROR:  there is no unique constraint ma...
‚ö†Ô∏è  Could not add FK fk_notifications_user: SQLSTATE[42830]: Invalid foreign key: 7 ERROR:  there is no unique constraint ma...
‚ö†Ô∏è  Could not add FK fk_audience_templates_created_by: SQLSTATE[42830]: Invalid foreign key: 7 ERROR:  there is no unique constraint ma...
‚ö†Ô∏è  Could not add FK fk_campaign_context_links_created_by: SQLSTATE[42830]: Invalid foreign key: 7 ERROR:  there is no unique constraint ma...
‚ö†Ô∏è  Could not add FK fk_campaigns_created_by: SQLSTATE[42830]: Invalid foreign key: 7 ERROR:  there is no unique constraint ma...
‚ö†Ô∏è  Could not add FK fk_integrations_created_by: SQLSTATE[42830]: Invalid foreign key: 7 ERROR:  there is no unique constraint ma...
‚ö†Ô∏è  Could not add FK fk_roles_created_by: SQLSTATE[42830]: Invalid foreign key: 7 ERROR:  there is no unique constraint ma...
‚ö†Ô∏è  Could not add FK fk_campaign_context_links_updated_by: SQLSTATE[42830]: Invalid foreign key: 7 ERROR:  there is no unique constraint ma...
‚ö†Ô∏è  Could not add FK fk_integrations_updated_by: SQLSTATE[42830]: Invalid foreign key: 7 ERROR:  there is no unique constraint ma...
‚ö†Ô∏è  Could not add FK fk_team_invitations_invited_by: SQLSTATE[42830]: Invalid foreign key: 7 ERROR:  there is no unique constraint ma...
‚ö†Ô∏è  Could not add FK fk_user_orgs_invited_by: SQLSTATE[42830]: Invalid foreign key: 7 ERROR:  there is no unique constraint ma...
‚úì Added FK: fk_notifications_org on cmis.notifications.org_id -&gt; cmis.orgs.org_id

‚úÖ Foreign key creation complete!
   Added: 1
   Skipped: 16

‚úì Added updated_at to cmis.orgs
‚úì Added created_at to cmis.user_orgs
‚úì Added updated_at to cmis.user_orgs
‚úì Added created_at to cmis.org_markets
‚úì Added updated_at to cmis.org_markets
‚úì Added updated_at to cmis.ad_campaigns
‚úì Added updated_at to cmis.ad_metrics
‚úì Added updated_at to cmis.ai_actions
‚úì Added updated_at to cmis.ai_generated_campaigns
‚úì Added updated_at to cmis.ai_models
‚úì Added updated_at to cmis.cognitive_tracker_template
‚úì Added updated_at to cmis.cognitive_trends
‚úì Added updated_at to cmis.compliance_audits
‚úì Added updated_at to cmis.content_plans
‚úì Added updated_at to cmis.contexts
‚úì Added updated_at to cmis.contexts_base
‚úì Added updated_at to cmis.copy_components
‚úì Added updated_at to cmis.creative_assets
‚úì Added updated_at to cmis.creative_briefs
‚úì Added updated_at to cmis.experiments
‚úì Added updated_at to cmis.export_bundles
‚úì Added updated_at to cmis.field_definitions
‚úì Added updated_at to cmis.field_values
‚úì Added updated_at to cmis.job_batches
‚úì Added updated_at to cmis.jobs
‚úì Added updated_at to cmis.meta_documentation
‚úì Added updated_at to cmis.meta_field_dictionary
‚úì Added updated_at to cmis.meta_function_descriptions
‚úì Added updated_at to cmis.offerings_full_details
‚úì Added updated_at to cmis.offerings_old
‚úì Added updated_at to cmis.password_reset_tokens
‚úì Added updated_at to cmis.predictive_visual_engine
‚úì Added updated_at to cmis.reference_entities
‚úì Added updated_at to cmis.roles
‚úì Added updated_at to cmis.security_context_audit
‚úì Added updated_at to cmis.social_post_metrics
‚úì Added updated_at to cmis.social_posts
‚úì Added updated_at to cmis.team_account_access
‚úì Added updated_at to cmis.user_activities
‚úì Added updated_at to cmis.user_sessions
‚úì Added updated_at to cmis.value_contexts
‚úì Added created_at to cmis.permissions
‚úì Added updated_at to cmis.permissions
‚úì Added created_at to cmis.role_permissions
‚úì Added updated_at to cmis.role_permissions
‚úì Added created_at to cmis.user_permissions
‚úì Added updated_at to cmis.user_permissions
‚úì Added created_at to cmis.social_accounts
‚úì Added created_at to cmis.team_invitations
‚úì Added updated_at to cmis.team_invitations
‚úì Added created_at to cmis.sessions
‚úì Added updated_at to cmis.sessions
‚úì Added current_org_id to cmis.users
‚úì Added status to cmis.users
‚úì Added id column to cmis.notifications
‚úì Created transaction context functions
‚úì Added notifiable_type and notifiable_id to cmis.notifications
‚úì Added post_id to cmis.scheduled_social_posts
‚úì Added metadata to cmis.users
‚úì Added primary key to cmis.users(user_id)
‚úì Added account_username to cmis.integrations
‚úì Added account_name to cmis.integrations
‚úì Added refresh_token to cmis.integrations
‚úì Added token_expires_at to cmis.integrations
‚úì Added expires_at to cmis.integrations
‚úì Added status to cmis.integrations
‚úì Added metadata to cmis.integrations
‚úì Added scopes to cmis.integrations
‚úì Added user_org_id to cmis.user_orgs
‚úì Added invited_at to cmis.user_orgs
‚úì Made campaign_external_id nullable in cmis.ad_campaigns
‚úì Created table: cmis.team_members
‚úì Created table: cmis.leads
‚úì Created table: cmis.webhooks
‚úì Created table: cmis.contacts
‚úì Created table: cmis.knowledge_index
‚úì Created table: cmis.subscriptions
‚úì Created table: cmis.api_logs
‚úì Created table: cmis.content_plan_items
‚úì Created table: cmis.offerings
‚úì Created table: cmis.content
‚úì Created table: cmis.platform_connections
‚úì Created table: cmis.assets
‚úì Created table: cmis.invoices
‚úì Created table: cmis.audiences
‚úì Created table: cmis.templates
‚úì Created table: cmis.posts
‚úì Created table: cmis.custom_fields
‚úì Created table: cmis.comments
‚úì Created table: cmis.budgets
‚úì Created table: cmis.audit_logs

‚úÖ Migration complete! Created 20 missing tables.
‚úì Added code column to public.markets
‚úì Updated cmis.markets view to include code column
‚úì Added name column to cmis.permissions

‚úÖ Added missing columns successfully!
‚úì Created table: cmis.audience_segments
‚úì Created table: cmis.analytics_snapshots
‚úì Created table: cmis.analytics_reports
‚úì Created table: cmis.activities
‚úì Created table: cmis.workflows
‚úì Created table: cmis.tags
‚úì Created table: cmis.notification_preferences
‚úì Created table: cmis.metrics
‚úì Created table: cmis.content_media
‚úì Created table: cmis.campaign_budgets

‚úÖ Migration complete! Created 10 additional tables.
‚úì Added team_member_id to team_members
‚úì Added updated_at to api_logs
‚úì Added name to markets
‚úì Added knowledge_id to knowledge_index
‚úì Added platform to posts
‚úì Added commentable_type to comments
‚úì Added commentable_id to comments
‚úì Added total_amount to budgets
‚úì Added title to knowledge_index
‚úì Added score to leads
‚úì Added log_id to audit_logs

‚úÖ All column fixes applied successfully!
‚úì Created table: cmis.activity_logs
‚úì Created table: cmis.settings
‚úì Created table: cmis.schedules
‚úì Created table: cmis.campaign_analytics
‚úì Created table: cmis.social_posts_v2
‚úì Created table: cmis.social_accounts_v2
‚úì Created table: cmis.content_plans_v2
‚úì Created table: cmis.scheduled_social_posts_v2
‚úì Created table: cmis.embeddings_cache
‚úì Created table: cmis.campaign_metrics

‚úÖ Migration complete! Created 10 additional tables.
‚úì Made event_type nullable in webhooks
‚úì Made plan_id nullable in content_plan_items
‚úì Made role_name nullable in roles
‚úì Made permission_code nullable in permissions
‚úì Made brief_data nullable in creative_briefs

‚úÖ All NULL constraint fixes applied!
‚úì Added usage_count to assets
‚úì Added report_name to analytics_reports
‚úì Added activity_id to activity_logs
</system-out>
      </testcase>
      <testcase name="it_can_create_local_post" file="/home/user/cmis.marketing.limited/tests/Unit/Services/GoogleBusinessServiceTest.php" line="28" class="Tests\Unit\Services\GoogleBusinessServiceTest" classname="Tests.Unit.Services.GoogleBusinessServiceTest" assertions="0" time="0.335235">
        <error type="Error">Tests\Unit\Services\GoogleBusinessServiceTest::it_can_create_local_post
Error: Call to undefined method Tests\Unit\Services\GoogleBusinessServiceTest::mockGoogleAPI()

/home/user/cmis.marketing.limited/tests/Unit/Services/GoogleBusinessServiceTest.php:35</error>
      </testcase>
      <testcase name="it_can_update_business_hours" file="/home/user/cmis.marketing.limited/tests/Unit/Services/GoogleBusinessServiceTest.php" line="192" class="Tests\Unit\Services\GoogleBusinessServiceTest" classname="Tests.Unit.Services.GoogleBusinessServiceTest" assertions="0" time="0.330406">
        <error type="Error">Tests\Unit\Services\GoogleBusinessServiceTest::it_can_update_business_hours
Error: Call to undefined method Tests\Unit\Services\GoogleBusinessServiceTest::mockGoogleAPI()

/home/user/cmis.marketing.limited/tests/Unit/Services/GoogleBusinessServiceTest.php:199</error>
      </testcase>
      <testcase name="it_can_get_reviews" file="/home/user/cmis.marketing.limited/tests/Unit/Services/GoogleBusinessServiceTest.php" line="128" class="Tests\Unit\Services\GoogleBusinessServiceTest" classname="Tests.Unit.Services.GoogleBusinessServiceTest" assertions="0" time="0.331802">
        <error type="Error">Tests\Unit\Services\GoogleBusinessServiceTest::it_can_get_reviews
Error: Call to undefined method Tests\Unit\Services\GoogleBusinessServiceTest::mockGoogleAPI()

/home/user/cmis.marketing.limited/tests/Unit/Services/GoogleBusinessServiceTest.php:135</error>
      </testcase>
      <testcase name="it_validates_location_id" file="/home/user/cmis.marketing.limited/tests/Unit/Services/GoogleBusinessServiceTest.php" line="279" class="Tests\Unit\Services\GoogleBusinessServiceTest" classname="Tests.Unit.Services.GoogleBusinessServiceTest" assertions="0" time="0.332455">
        <error type="Error">Tests\Unit\Services\GoogleBusinessServiceTest::it_validates_location_id
Error: Call to undefined method App\Services\Social\GoogleBusinessService::createLocalPost()

/home/user/cmis.marketing.limited/tests/Unit/Services/GoogleBusinessServiceTest.php:286</error>
      </testcase>
      <testcase name="it_can_reply_to_review" file="/home/user/cmis.marketing.limited/tests/Unit/Services/GoogleBusinessServiceTest.php" line="166" class="Tests\Unit\Services\GoogleBusinessServiceTest" classname="Tests.Unit.Services.GoogleBusinessServiceTest" assertions="0" time="0.333854">
        <error type="Error">Tests\Unit\Services\GoogleBusinessServiceTest::it_can_reply_to_review
Error: Call to undefined method Tests\Unit\Services\GoogleBusinessServiceTest::mockGoogleAPI()

/home/user/cmis.marketing.limited/tests/Unit/Services/GoogleBusinessServiceTest.php:173</error>
      </testcase>
      <testcase name="it_can_get_location_insights" file="/home/user/cmis.marketing.limited/tests/Unit/Services/GoogleBusinessServiceTest.php" line="93" class="Tests\Unit\Services\GoogleBusinessServiceTest" classname="Tests.Unit.Services.GoogleBusinessServiceTest" assertions="0" time="0.326646">
        <error type="Error">Tests\Unit\Services\GoogleBusinessServiceTest::it_can_get_location_insights
Error: Call to undefined method Tests\Unit\Services\GoogleBusinessServiceTest::mockGoogleAPI()

/home/user/cmis.marketing.limited/tests/Unit/Services/GoogleBusinessServiceTest.php:100</error>
      </testcase>
      <testcase name="it_can_answer_question" file="/home/user/cmis.marketing.limited/tests/Unit/Services/GoogleBusinessServiceTest.php" line="253" class="Tests\Unit\Services\GoogleBusinessServiceTest" classname="Tests.Unit.Services.GoogleBusinessServiceTest" assertions="0" time="0.323651">
        <error type="Error">Tests\Unit\Services\GoogleBusinessServiceTest::it_can_answer_question
Error: Call to undefined method Tests\Unit\Services\GoogleBusinessServiceTest::mockGoogleAPI()

/home/user/cmis.marketing.limited/tests/Unit/Services/GoogleBusinessServiceTest.php:260</error>
      </testcase>
      <testcase name="it_handles_api_errors" file="/home/user/cmis.marketing.limited/tests/Unit/Services/GoogleBusinessServiceTest.php" line="300" class="Tests\Unit\Services\GoogleBusinessServiceTest" classname="Tests.Unit.Services.GoogleBusinessServiceTest" assertions="0" time="0.322608">
        <error type="Error">Tests\Unit\Services\GoogleBusinessServiceTest::it_handles_api_errors
Error: Call to undefined method Tests\Unit\Services\GoogleBusinessServiceTest::mockGoogleAPI()

/home/user/cmis.marketing.limited/tests/Unit/Services/GoogleBusinessServiceTest.php:307</error>
      </testcase>
      <testcase name="it_can_get_location_questions" file="/home/user/cmis.marketing.limited/tests/Unit/Services/GoogleBusinessServiceTest.php" line="223" class="Tests\Unit\Services\GoogleBusinessServiceTest" classname="Tests.Unit.Services.GoogleBusinessServiceTest" assertions="0" time="0.313410">
        <error type="Error">Tests\Unit\Services\GoogleBusinessServiceTest::it_can_get_location_questions
Error: Call to undefined method Tests\Unit\Services\GoogleBusinessServiceTest::mockGoogleAPI()

/home/user/cmis.marketing.limited/tests/Unit/Services/GoogleBusinessServiceTest.php:230</error>
      </testcase>
    </testsuite>
    <testsuite name="Tests\Unit\Services\WhatsAppServiceTest" file="/home/user/cmis.marketing.limited/tests/Unit/Services/WhatsAppServiceTest.php" tests="11" assertions="0" errors="11" failures="0" skipped="0" time="3.561503">
      <testcase name="it_handles_rate_limiting" file="/home/user/cmis.marketing.limited/tests/Unit/Services/WhatsAppServiceTest.php" line="297" class="Tests\Unit\Services\WhatsAppServiceTest" classname="Tests.Unit.Services.WhatsAppServiceTest" assertions="0" time="0.335854">
        <error type="Error">Tests\Unit\Services\WhatsAppServiceTest::it_handles_rate_limiting
Error: Class "Tests\Unit\Services\Http" not found

/home/user/cmis.marketing.limited/tests/Unit/Services/WhatsAppServiceTest.php:304</error>
      </testcase>
      <testcase name="it_validates_phone_number_format" file="/home/user/cmis.marketing.limited/tests/Unit/Services/WhatsAppServiceTest.php" line="257" class="Tests\Unit\Services\WhatsAppServiceTest" classname="Tests.Unit.Services.WhatsAppServiceTest" assertions="0" time="0.321511">
        <error type="Error">Tests\Unit\Services\WhatsAppServiceTest::it_validates_phone_number_format
Error: Call to undefined method App\Services\Social\WhatsAppService::sendTextMessage()

/home/user/cmis.marketing.limited/tests/Unit/Services/WhatsAppServiceTest.php:264</error>
      </testcase>
      <testcase name="it_can_send_image_message" file="/home/user/cmis.marketing.limited/tests/Unit/Services/WhatsAppServiceTest.php" line="89" class="Tests\Unit\Services\WhatsAppServiceTest" classname="Tests.Unit.Services.WhatsAppServiceTest" assertions="0" time="0.334948">
        <error type="Error">Tests\Unit\Services\WhatsAppServiceTest::it_can_send_image_message
Error: Call to undefined method App\Services\Social\WhatsAppService::sendImageMessage()

/home/user/cmis.marketing.limited/tests/Unit/Services/WhatsAppServiceTest.php:102</error>
      </testcase>
      <testcase name="it_can_send_text_message" file="/home/user/cmis.marketing.limited/tests/Unit/Services/WhatsAppServiceTest.php" line="28" class="Tests\Unit\Services\WhatsAppServiceTest" classname="Tests.Unit.Services.WhatsAppServiceTest" assertions="0" time="0.327335">
        <error type="Error">Tests\Unit\Services\WhatsAppServiceTest::it_can_send_text_message
Error: Call to undefined method App\Services\Social\WhatsAppService::sendTextMessage()

/home/user/cmis.marketing.limited/tests/Unit/Services/WhatsAppServiceTest.php:41</error>
      </testcase>
      <testcase name="it_can_get_media_url" file="/home/user/cmis.marketing.limited/tests/Unit/Services/WhatsAppServiceTest.php" line="233" class="Tests\Unit\Services\WhatsAppServiceTest" classname="Tests.Unit.Services.WhatsAppServiceTest" assertions="0" time="0.318825">
        <error type="Error">Tests\Unit\Services\WhatsAppServiceTest::it_can_get_media_url
Error: Call to undefined method App\Services\Social\WhatsAppService::getMediaUrl()

/home/user/cmis.marketing.limited/tests/Unit/Services/WhatsAppServiceTest.php:245</error>
      </testcase>
      <testcase name="it_can_send_interactive_button_message" file="/home/user/cmis.marketing.limited/tests/Unit/Services/WhatsAppServiceTest.php" line="144" class="Tests\Unit\Services\WhatsAppServiceTest" classname="Tests.Unit.Services.WhatsAppServiceTest" assertions="0" time="0.315997">
        <error type="Error">Tests\Unit\Services\WhatsAppServiceTest::it_can_send_interactive_button_message
Error: Call to undefined method App\Services\Social\WhatsAppService::sendInteractiveButtonMessage()

/home/user/cmis.marketing.limited/tests/Unit/Services/WhatsAppServiceTest.php:157</error>
      </testcase>
      <testcase name="it_can_mark_message_as_read" file="/home/user/cmis.marketing.limited/tests/Unit/Services/WhatsAppServiceTest.php" line="211" class="Tests\Unit\Services\WhatsAppServiceTest" classname="Tests.Unit.Services.WhatsAppServiceTest" assertions="0" time="0.321492">
        <error type="Error">Tests\Unit\Services\WhatsAppServiceTest::it_can_mark_message_as_read
Error: Call to undefined method App\Services\Social\WhatsAppService::markMessageAsRead()

/home/user/cmis.marketing.limited/tests/Unit/Services/WhatsAppServiceTest.php:222</error>
      </testcase>
      <testcase name="it_handles_api_errors" file="/home/user/cmis.marketing.limited/tests/Unit/Services/WhatsAppServiceTest.php" line="276" class="Tests\Unit\Services\WhatsAppServiceTest" classname="Tests.Unit.Services.WhatsAppServiceTest" assertions="0" time="0.320040">
        <error type="Error">Tests\Unit\Services\WhatsAppServiceTest::it_handles_api_errors
Error: Call to undefined method App\Services\Social\WhatsAppService::sendTextMessage()

/home/user/cmis.marketing.limited/tests/Unit/Services/WhatsAppServiceTest.php:285</error>
      </testcase>
      <testcase name="it_can_send_document_message" file="/home/user/cmis.marketing.limited/tests/Unit/Services/WhatsAppServiceTest.php" line="116" class="Tests\Unit\Services\WhatsAppServiceTest" classname="Tests.Unit.Services.WhatsAppServiceTest" assertions="0" time="0.325010">
        <error type="Error">Tests\Unit\Services\WhatsAppServiceTest::it_can_send_document_message
Error: Call to undefined method App\Services\Social\WhatsAppService::sendDocumentMessage()

/home/user/cmis.marketing.limited/tests/Unit/Services/WhatsAppServiceTest.php:129</error>
      </testcase>
      <testcase name="it_can_send_template_message" file="/home/user/cmis.marketing.limited/tests/Unit/Services/WhatsAppServiceTest.php" line="53" class="Tests\Unit\Services\WhatsAppServiceTest" classname="Tests.Unit.Services.WhatsAppServiceTest" assertions="0" time="0.314661">
        <error type="Error">Tests\Unit\Services\WhatsAppServiceTest::it_can_send_template_message
Error: Call to undefined method App\Services\Social\WhatsAppService::sendTemplateMessage()

/home/user/cmis.marketing.limited/tests/Unit/Services/WhatsAppServiceTest.php:66</error>
      </testcase>
      <testcase name="it_can_send_interactive_list_message" file="/home/user/cmis.marketing.limited/tests/Unit/Services/WhatsAppServiceTest.php" line="175" class="Tests\Unit\Services\WhatsAppServiceTest" classname="Tests.Unit.Services.WhatsAppServiceTest" assertions="0" time="0.325828">
        <error type="Error">Tests\Unit\Services\WhatsAppServiceTest::it_can_send_interactive_list_message
Error: Call to undefined method App\Services\Social\WhatsAppService::sendInteractiveListMessage()

/home/user/cmis.marketing.limited/tests/Unit/Services/WhatsAppServiceTest.php:188</error>
      </testcase>
    </testsuite>
    <testsuite name="Tests\Unit\Services\CampaignServiceTest" file="/home/user/cmis.marketing.limited/tests/Unit/Services/CampaignServiceTest.php" tests="6" assertions="2" errors="4" failures="0" skipped="0" time="2.262689">
      <testcase name="it_can_create_campaign_with_context" file="/home/user/cmis.marketing.limited/tests/Unit/Services/CampaignServiceTest.php" line="27" class="Tests\Unit\Services\CampaignServiceTest" classname="Tests.Unit.Services.CampaignServiceTest" assertions="0" time="0.345505">
        <error type="ArgumentCountError">Tests\Unit\Services\CampaignServiceTest::it_can_create_campaign_with_context
ArgumentCountError: Too few arguments to function App\Services\CampaignService::createWithContext(), 1 passed in /home/user/cmis.marketing.limited/tests/Unit/Services/CampaignServiceTest.php on line 46 and exactly 2 expected

/home/user/cmis.marketing.limited/app/Services/CampaignService.php:31
/home/user/cmis.marketing.limited/tests/Unit/Services/CampaignServiceTest.php:46</error>
      </testcase>
      <testcase name="it_handles_campaign_deletion" file="/home/user/cmis.marketing.limited/tests/Unit/Services/CampaignServiceTest.php" line="171" class="Tests\Unit\Services\CampaignServiceTest" classname="Tests.Unit.Services.CampaignServiceTest" assertions="0" time="0.339505">
        <error type="TypeError">Tests\Unit\Services\CampaignServiceTest::it_handles_campaign_deletion
TypeError: App\Services\CampaignService::delete(): Argument #1 ($campaign) must be of type App\Models\Campaign, string given, called in /home/user/cmis.marketing.limited/tests/Unit/Services/CampaignServiceTest.php on line 182

/home/user/cmis.marketing.limited/app/Services/CampaignService.php:213
/home/user/cmis.marketing.limited/tests/Unit/Services/CampaignServiceTest.php:182</error>
      </testcase>
      <testcase name="it_enforces_org_isolation" file="/home/user/cmis.marketing.limited/tests/Unit/Services/CampaignServiceTest.php" line="146" class="Tests\Unit\Services\CampaignServiceTest" classname="Tests.Unit.Services.CampaignServiceTest" assertions="0" time="0.573814">
        <error type="Error">Tests\Unit\Services\CampaignServiceTest::it_enforces_org_isolation
Error: Call to undefined method App\Services\CampaignService::getCampaign()

/home/user/cmis.marketing.limited/tests/Unit/Services/CampaignServiceTest.php:159</error>
      </testcase>
      <testcase name="it_can_get_campaign_contexts" file="/home/user/cmis.marketing.limited/tests/Unit/Services/CampaignServiceTest.php" line="125" class="Tests\Unit\Services\CampaignServiceTest" classname="Tests.Unit.Services.CampaignServiceTest" assertions="1" time="0.334147"/>
      <testcase name="it_can_update_campaign" file="/home/user/cmis.marketing.limited/tests/Unit/Services/CampaignServiceTest.php" line="64" class="Tests\Unit\Services\CampaignServiceTest" classname="Tests.Unit.Services.CampaignServiceTest" assertions="0" time="0.336351">
        <error type="TypeError">Tests\Unit\Services\CampaignServiceTest::it_can_update_campaign
TypeError: App\Services\CampaignService::update(): Argument #1 ($campaign) must be of type App\Models\Campaign, string given, called in /home/user/cmis.marketing.limited/tests/Unit/Services/CampaignServiceTest.php on line 77

/home/user/cmis.marketing.limited/app/Services/CampaignService.php:181
/home/user/cmis.marketing.limited/tests/Unit/Services/CampaignServiceTest.php:77</error>
      </testcase>
      <testcase name="it_can_find_related_campaigns" file="/home/user/cmis.marketing.limited/tests/Unit/Services/CampaignServiceTest.php" line="96" class="Tests\Unit\Services\CampaignServiceTest" classname="Tests.Unit.Services.CampaignServiceTest" assertions="1" time="0.333368"/>
    </testsuite>
    <testsuite name="Tests\Unit\Services\CampaignOrchestratorServiceTest" file="/home/user/cmis.marketing.limited/tests/Unit/Services/CampaignOrchestratorServiceTest.php" tests="10" assertions="0" errors="10" failures="0" skipped="0" time="3.440801">
      <testcase name="it_validates_campaign_date_range" file="/home/user/cmis.marketing.limited/tests/Unit/Services/CampaignOrchestratorServiceTest.php" line="78" class="Tests\Unit\Services\CampaignOrchestratorServiceTest" classname="Tests.Unit.Services.CampaignOrchestratorServiceTest" assertions="0" time="0.329833">
        <error type="Error">Tests\Unit\Services\CampaignOrchestratorServiceTest::it_validates_campaign_date_range
Error: Call to undefined method App\Services\CampaignOrchestratorService::createCampaign()

/home/user/cmis.marketing.limited/tests/Unit/Services/CampaignOrchestratorServiceTest.php:93</error>
      </testcase>
      <testcase name="it_can_create_complete_campaign_workflow" file="/home/user/cmis.marketing.limited/tests/Unit/Services/CampaignOrchestratorServiceTest.php" line="30" class="Tests\Unit\Services\CampaignOrchestratorServiceTest" classname="Tests.Unit.Services.CampaignOrchestratorServiceTest" assertions="0" time="0.321202">
        <error type="Error">Tests\Unit\Services\CampaignOrchestratorServiceTest::it_can_create_complete_campaign_workflow
Error: Call to undefined method App\Services\CampaignOrchestratorService::createCampaign()

/home/user/cmis.marketing.limited/tests/Unit/Services/CampaignOrchestratorServiceTest.php:49</error>
      </testcase>
      <testcase name="it_validates_campaign_budget" file="/home/user/cmis.marketing.limited/tests/Unit/Services/CampaignOrchestratorServiceTest.php" line="57" class="Tests\Unit\Services\CampaignOrchestratorServiceTest" classname="Tests.Unit.Services.CampaignOrchestratorServiceTest" assertions="0" time="0.321452">
        <error type="Error">Tests\Unit\Services\CampaignOrchestratorServiceTest::it_validates_campaign_budget
Error: Call to undefined method App\Services\CampaignOrchestratorService::createCampaign()

/home/user/cmis.marketing.limited/tests/Unit/Services/CampaignOrchestratorServiceTest.php:71</error>
      </testcase>
      <testcase name="it_can_duplicate_campaign" file="/home/user/cmis.marketing.limited/tests/Unit/Services/CampaignOrchestratorServiceTest.php" line="209" class="Tests\Unit\Services\CampaignOrchestratorServiceTest" classname="Tests.Unit.Services.CampaignOrchestratorServiceTest" assertions="0" time="0.327775">
        <error type="Error">Tests\Unit\Services\CampaignOrchestratorServiceTest::it_can_duplicate_campaign
Error: Call to undefined method App\Services\CampaignOrchestratorService::duplicateCampaign()

/home/user/cmis.marketing.limited/tests/Unit/Services/CampaignOrchestratorServiceTest.php:226</error>
      </testcase>
      <testcase name="it_can_activate_campaign" file="/home/user/cmis.marketing.limited/tests/Unit/Services/CampaignOrchestratorServiceTest.php" line="100" class="Tests\Unit\Services\CampaignOrchestratorServiceTest" classname="Tests.Unit.Services.CampaignOrchestratorServiceTest" assertions="0" time="0.324015">
        <error type="Error">Tests\Unit\Services\CampaignOrchestratorServiceTest::it_can_activate_campaign
Error: Call to undefined method App\Services\CampaignOrchestratorService::activateCampaign()

/home/user/cmis.marketing.limited/tests/Unit/Services/CampaignOrchestratorServiceTest.php:115</error>
      </testcase>
      <testcase name="it_tracks_campaign_performance_metrics" file="/home/user/cmis.marketing.limited/tests/Unit/Services/CampaignOrchestratorServiceTest.php" line="236" class="Tests\Unit\Services\CampaignOrchestratorServiceTest" classname="Tests.Unit.Services.CampaignOrchestratorServiceTest" assertions="0" time="0.318354">
        <error type="Error">Tests\Unit\Services\CampaignOrchestratorServiceTest::it_tracks_campaign_performance_metrics
Error: Call to undefined method App\Services\CampaignOrchestratorService::updateCampaignMetrics()

/home/user/cmis.marketing.limited/tests/Unit/Services/CampaignOrchestratorServiceTest.php:258</error>
      </testcase>
      <testcase name="it_can_pause_campaign" file="/home/user/cmis.marketing.limited/tests/Unit/Services/CampaignOrchestratorServiceTest.php" line="122" class="Tests\Unit\Services\CampaignOrchestratorServiceTest" classname="Tests.Unit.Services.CampaignOrchestratorServiceTest" assertions="0" time="0.317192">
        <error type="ErrorException">Tests\Unit\Services\CampaignOrchestratorServiceTest::it_can_pause_campaign
ErrorException: Undefined array key "success"

/home/user/cmis.marketing.limited/vendor/laravel/framework/src/Illuminate/Foundation/Bootstrap/HandleExceptions.php:258
/home/user/cmis.marketing.limited/tests/Unit/Services/CampaignOrchestratorServiceTest.php:139</error>
      </testcase>
      <testcase name="it_can_generate_campaign_insights" file="/home/user/cmis.marketing.limited/tests/Unit/Services/CampaignOrchestratorServiceTest.php" line="166" class="Tests\Unit\Services\CampaignOrchestratorServiceTest" classname="Tests.Unit.Services.CampaignOrchestratorServiceTest" assertions="0" time="0.311633">
        <error type="Error">Tests\Unit\Services\CampaignOrchestratorServiceTest::it_can_generate_campaign_insights
Error: Call to undefined method App\Services\CampaignOrchestratorService::generateCampaignInsights()

/home/user/cmis.marketing.limited/tests/Unit/Services/CampaignOrchestratorServiceTest.php:176</error>
      </testcase>
      <testcase name="it_can_complete_campaign" file="/home/user/cmis.marketing.limited/tests/Unit/Services/CampaignOrchestratorServiceTest.php" line="144" class="Tests\Unit\Services\CampaignOrchestratorServiceTest" classname="Tests.Unit.Services.CampaignOrchestratorServiceTest" assertions="0" time="0.312760">
        <error type="Error">Tests\Unit\Services\CampaignOrchestratorServiceTest::it_can_complete_campaign
Error: Call to undefined method App\Services\CampaignOrchestratorService::completeCampaign()

/home/user/cmis.marketing.limited/tests/Unit/Services/CampaignOrchestratorServiceTest.php:159</error>
      </testcase>
      <testcase name="it_respects_org_isolation" file="/home/user/cmis.marketing.limited/tests/Unit/Services/CampaignOrchestratorServiceTest.php" line="184" class="Tests\Unit\Services\CampaignOrchestratorServiceTest" classname="Tests.Unit.Services.CampaignOrchestratorServiceTest" assertions="0" time="0.556586">
        <error type="Error">Tests\Unit\Services\CampaignOrchestratorServiceTest::it_respects_org_isolation
Error: Call to undefined method App\Services\CampaignOrchestratorService::getCampaign()

/home/user/cmis.marketing.limited/tests/Unit/Services/CampaignOrchestratorServiceTest.php:203</error>
      </testcase>
    </testsuite>
    <testsuite name="Tests\Unit\Services\FacebookServiceTest" file="/home/user/cmis.marketing.limited/tests/Unit/Services/FacebookServiceTest.php" tests="11" assertions="0" errors="11" failures="0" skipped="0" time="3.535818">
      <testcase name="it_can_get_comments" file="/home/user/cmis.marketing.limited/tests/Unit/Services/FacebookServiceTest.php" line="198" class="Tests\Unit\Services\FacebookServiceTest" classname="Tests.Unit.Services.FacebookServiceTest" assertions="0" time="0.321522">
        <error type="Error">Tests\Unit\Services\FacebookServiceTest::it_can_get_comments
Error: Call to undefined method App\Services\Social\FacebookService::getComments()

/home/user/cmis.marketing.limited/tests/Unit/Services/FacebookServiceTest.php:216</error>
      </testcase>
      <testcase name="it_can_send_message" file="/home/user/cmis.marketing.limited/tests/Unit/Services/FacebookServiceTest.php" line="278" class="Tests\Unit\Services\FacebookServiceTest" classname="Tests.Unit.Services.FacebookServiceTest" assertions="0" time="0.314814">
        <error type="Error">Tests\Unit\Services\FacebookServiceTest::it_can_send_message
Error: Call to undefined method App\Services\Social\FacebookService::sendMessage()

/home/user/cmis.marketing.limited/tests/Unit/Services/FacebookServiceTest.php:289</error>
      </testcase>
      <testcase name="it_can_get_post_insights" file="/home/user/cmis.marketing.limited/tests/Unit/Services/FacebookServiceTest.php" line="166" class="Tests\Unit\Services\FacebookServiceTest" classname="Tests.Unit.Services.FacebookServiceTest" assertions="0" time="0.317408">
        <error type="Error">Tests\Unit\Services\FacebookServiceTest::it_can_get_post_insights
Error: Call to undefined method App\Services\Social\FacebookService::getPostInsights()

/home/user/cmis.marketing.limited/tests/Unit/Services/FacebookServiceTest.php:186</error>
      </testcase>
      <testcase name="it_can_get_page_insights" file="/home/user/cmis.marketing.limited/tests/Unit/Services/FacebookServiceTest.php" line="129" class="Tests\Unit\Services\FacebookServiceTest" classname="Tests.Unit.Services.FacebookServiceTest" assertions="0" time="0.327709">
        <error type="Error">Tests\Unit\Services\FacebookServiceTest::it_can_get_page_insights
Error: Call to undefined method App\Services\Social\FacebookService::getPageInsights()

/home/user/cmis.marketing.limited/tests/Unit/Services/FacebookServiceTest.php:153</error>
      </testcase>
      <testcase name="it_can_get_page_conversations" file="/home/user/cmis.marketing.limited/tests/Unit/Services/FacebookServiceTest.php" line="250" class="Tests\Unit\Services\FacebookServiceTest" classname="Tests.Unit.Services.FacebookServiceTest" assertions="0" time="0.320653">
        <error type="Error">Tests\Unit\Services\FacebookServiceTest::it_can_get_page_conversations
Error: Call to undefined method App\Services\Social\FacebookService::getPageConversations()

/home/user/cmis.marketing.limited/tests/Unit/Services/FacebookServiceTest.php:266</error>
      </testcase>
      <testcase name="it_can_publish_photo" file="/home/user/cmis.marketing.limited/tests/Unit/Services/FacebookServiceTest.php" line="54" class="Tests\Unit\Services\FacebookServiceTest" classname="Tests.Unit.Services.FacebookServiceTest" assertions="0" time="0.316572">
        <error type="Error">Tests\Unit\Services\FacebookServiceTest::it_can_publish_photo
Error: Call to undefined method App\Services\Social\FacebookService::publishPhoto()

/home/user/cmis.marketing.limited/tests/Unit/Services/FacebookServiceTest.php:66</error>
      </testcase>
      <testcase name="it_can_publish_video" file="/home/user/cmis.marketing.limited/tests/Unit/Services/FacebookServiceTest.php" line="80" class="Tests\Unit\Services\FacebookServiceTest" classname="Tests.Unit.Services.FacebookServiceTest" assertions="0" time="0.319944">
        <error type="Error">Tests\Unit\Services\FacebookServiceTest::it_can_publish_video
Error: Call to undefined method App\Services\Social\FacebookService::publishVideo()

/home/user/cmis.marketing.limited/tests/Unit/Services/FacebookServiceTest.php:91</error>
      </testcase>
      <testcase name="it_can_reply_to_comment" file="/home/user/cmis.marketing.limited/tests/Unit/Services/FacebookServiceTest.php" line="228" class="Tests\Unit\Services\FacebookServiceTest" classname="Tests.Unit.Services.FacebookServiceTest" assertions="0" time="0.316816">
        <error type="Error">Tests\Unit\Services\FacebookServiceTest::it_can_reply_to_comment
Error: Call to undefined method App\Services\Social\FacebookService::replyToComment()

/home/user/cmis.marketing.limited/tests/Unit/Services/FacebookServiceTest.php:239</error>
      </testcase>
      <testcase name="it_can_publish_story" file="/home/user/cmis.marketing.limited/tests/Unit/Services/FacebookServiceTest.php" line="105" class="Tests\Unit\Services\FacebookServiceTest" classname="Tests.Unit.Services.FacebookServiceTest" assertions="0" time="0.331262">
        <error type="Error">Tests\Unit\Services\FacebookServiceTest::it_can_publish_story
Error: Call to undefined method App\Services\Social\FacebookService::publishStory()

/home/user/cmis.marketing.limited/tests/Unit/Services/FacebookServiceTest.php:116</error>
      </testcase>
      <testcase name="it_can_publish_page_post" file="/home/user/cmis.marketing.limited/tests/Unit/Services/FacebookServiceTest.php" line="28" class="Tests\Unit\Services\FacebookServiceTest" classname="Tests.Unit.Services.FacebookServiceTest" assertions="0" time="0.328433">
        <error type="Error">Tests\Unit\Services\FacebookServiceTest::it_can_publish_page_post
Error: Call to undefined method App\Services\Social\FacebookService::publishPagePost()

/home/user/cmis.marketing.limited/tests/Unit/Services/FacebookServiceTest.php:39</error>
      </testcase>
      <testcase name="it_handles_api_errors" file="/home/user/cmis.marketing.limited/tests/Unit/Services/FacebookServiceTest.php" line="300" class="Tests\Unit\Services\FacebookServiceTest" classname="Tests.Unit.Services.FacebookServiceTest" assertions="0" time="0.320684">
        <error type="Error">Tests\Unit\Services\FacebookServiceTest::it_handles_api_errors
Error: Call to undefined method App\Services\Social\FacebookService::publishPagePost()

/home/user/cmis.marketing.limited/tests/Unit/Services/FacebookServiceTest.php:309</error>
      </testcase>
    </testsuite>
    <testsuite name="Tests\Unit\Services\SMSServiceTest" file="/home/user/cmis.marketing.limited/tests/Unit/Services/SMSServiceTest.php" tests="12" assertions="0" errors="12" failures="0" skipped="0" time="3.867689">
      <testcase name="it_validates_phone_number" file="/home/user/cmis.marketing.limited/tests/Unit/Services/SMSServiceTest.php" line="210" class="Tests\Unit\Services\SMSServiceTest" classname="Tests.Unit.Services.SMSServiceTest" assertions="0" time="0.332153">
        <error type="Error">Tests\Unit\Services\SMSServiceTest::it_validates_phone_number
Error: Call to undefined method App\Services\Communication\SMSService::sendSMS()

/home/user/cmis.marketing.limited/tests/Unit/Services/SMSServiceTest.php:215</error>
      </testcase>
      <testcase name="it_can_get_delivery_report" file="/home/user/cmis.marketing.limited/tests/Unit/Services/SMSServiceTest.php" line="182" class="Tests\Unit\Services\SMSServiceTest" classname="Tests.Unit.Services.SMSServiceTest" assertions="0" time="0.320600">
        <error type="Error">Tests\Unit\Services\SMSServiceTest::it_can_get_delivery_report
Error: Call to undefined method Tests\Unit\Services\SMSServiceTest::mockTwilioAPI()

/home/user/cmis.marketing.limited/tests/Unit/Services/SMSServiceTest.php:187</error>
      </testcase>
      <testcase name="it_can_get_message_status" file="/home/user/cmis.marketing.limited/tests/Unit/Services/SMSServiceTest.php" line="159" class="Tests\Unit\Services\SMSServiceTest" classname="Tests.Unit.Services.SMSServiceTest" assertions="0" time="0.329877">
        <error type="Error">Tests\Unit\Services\SMSServiceTest::it_can_get_message_status
Error: Call to undefined method Tests\Unit\Services\SMSServiceTest::mockTwilioAPI()

/home/user/cmis.marketing.limited/tests/Unit/Services/SMSServiceTest.php:164</error>
      </testcase>
      <testcase name="it_validates_message_length" file="/home/user/cmis.marketing.limited/tests/Unit/Services/SMSServiceTest.php" line="230" class="Tests\Unit\Services\SMSServiceTest" classname="Tests.Unit.Services.SMSServiceTest" assertions="0" time="0.316067">
        <error type="Error">Tests\Unit\Services\SMSServiceTest::it_validates_message_length
Error: Call to undefined method App\Services\Communication\SMSService::sendSMS()

/home/user/cmis.marketing.limited/tests/Unit/Services/SMSServiceTest.php:237</error>
      </testcase>
      <testcase name="it_handles_api_errors" file="/home/user/cmis.marketing.limited/tests/Unit/Services/SMSServiceTest.php" line="252" class="Tests\Unit\Services\SMSServiceTest" classname="Tests.Unit.Services.SMSServiceTest" assertions="0" time="0.312792">
        <error type="Error">Tests\Unit\Services\SMSServiceTest::it_handles_api_errors
Error: Call to undefined method Tests\Unit\Services\SMSServiceTest::mockTwilioAPI()

/home/user/cmis.marketing.limited/tests/Unit/Services/SMSServiceTest.php:257</error>
      </testcase>
      <testcase name="it_can_send_unicode_sms" file="/home/user/cmis.marketing.limited/tests/Unit/Services/SMSServiceTest.php" line="300" class="Tests\Unit\Services\SMSServiceTest" classname="Tests.Unit.Services.SMSServiceTest" assertions="0" time="0.318976">
        <error type="Error">Tests\Unit\Services\SMSServiceTest::it_can_send_unicode_sms
Error: Call to undefined method Tests\Unit\Services\SMSServiceTest::mockTwilioAPI()

/home/user/cmis.marketing.limited/tests/Unit/Services/SMSServiceTest.php:305</error>
      </testcase>
      <testcase name="it_handles_rate_limiting" file="/home/user/cmis.marketing.limited/tests/Unit/Services/SMSServiceTest.php" line="274" class="Tests\Unit\Services\SMSServiceTest" classname="Tests.Unit.Services.SMSServiceTest" assertions="0" time="0.322653">
        <error type="Error">Tests\Unit\Services\SMSServiceTest::it_handles_rate_limiting
Error: Class "Tests\Unit\Services\Http" not found

/home/user/cmis.marketing.limited/tests/Unit/Services/SMSServiceTest.php:279</error>
      </testcase>
      <testcase name="it_can_send_sms" file="/home/user/cmis.marketing.limited/tests/Unit/Services/SMSServiceTest.php" line="28" class="Tests\Unit\Services\SMSServiceTest" classname="Tests.Unit.Services.SMSServiceTest" assertions="0" time="0.330844">
        <error type="Error">Tests\Unit\Services\SMSServiceTest::it_can_send_sms
Error: Call to undefined method Tests\Unit\Services\SMSServiceTest::mockTwilioAPI()

/home/user/cmis.marketing.limited/tests/Unit/Services/SMSServiceTest.php:33</error>
      </testcase>
      <testcase name="it_can_send_bulk_sms" file="/home/user/cmis.marketing.limited/tests/Unit/Services/SMSServiceTest.php" line="54" class="Tests\Unit\Services\SMSServiceTest" classname="Tests.Unit.Services.SMSServiceTest" assertions="0" time="0.319825">
        <error type="Error">Tests\Unit\Services\SMSServiceTest::it_can_send_bulk_sms
Error: Call to undefined method Tests\Unit\Services\SMSServiceTest::mockTwilioAPI()

/home/user/cmis.marketing.limited/tests/Unit/Services/SMSServiceTest.php:59</error>
      </testcase>
      <testcase name="it_can_send_personalized_sms" file="/home/user/cmis.marketing.limited/tests/Unit/Services/SMSServiceTest.php" line="110" class="Tests\Unit\Services\SMSServiceTest" classname="Tests.Unit.Services.SMSServiceTest" assertions="0" time="0.322890">
        <error type="Error">Tests\Unit\Services\SMSServiceTest::it_can_send_personalized_sms
Error: Call to undefined method Tests\Unit\Services\SMSServiceTest::mockTwilioAPI()

/home/user/cmis.marketing.limited/tests/Unit/Services/SMSServiceTest.php:115</error>
      </testcase>
      <testcase name="it_can_send_otp_sms" file="/home/user/cmis.marketing.limited/tests/Unit/Services/SMSServiceTest.php" line="85" class="Tests\Unit\Services\SMSServiceTest" classname="Tests.Unit.Services.SMSServiceTest" assertions="0" time="0.319815">
        <error type="Error">Tests\Unit\Services\SMSServiceTest::it_can_send_otp_sms
Error: Call to undefined method Tests\Unit\Services\SMSServiceTest::mockTwilioAPI()

/home/user/cmis.marketing.limited/tests/Unit/Services/SMSServiceTest.php:90</error>
      </testcase>
      <testcase name="it_can_schedule_sms" file="/home/user/cmis.marketing.limited/tests/Unit/Services/SMSServiceTest.php" line="138" class="Tests\Unit\Services\SMSServiceTest" classname="Tests.Unit.Services.SMSServiceTest" assertions="0" time="0.321198">
        <error type="Error">Tests\Unit\Services\SMSServiceTest::it_can_schedule_sms
Error: Call to undefined method App\Services\Communication\SMSService::scheduleSMS()

/home/user/cmis.marketing.limited/tests/Unit/Services/SMSServiceTest.php:143</error>
      </testcase>
    </testsuite>
    <testsuite name="Tests\Unit\Services\InstagramServiceTest" file="/home/user/cmis.marketing.limited/tests/Unit/Services/InstagramServiceTest.php" tests="12" assertions="0" errors="12" failures="0" skipped="0" time="3.783444">
      <testcase name="it_can_get_comments" file="/home/user/cmis.marketing.limited/tests/Unit/Services/InstagramServiceTest.php" line="210" class="Tests\Unit\Services\InstagramServiceTest" classname="Tests.Unit.Services.InstagramServiceTest" assertions="0" time="0.332484">
        <error type="Error">Tests\Unit\Services\InstagramServiceTest::it_can_get_comments
Error: Call to undefined method App\Services\Social\InstagramService::getComments()

/home/user/cmis.marketing.limited/tests/Unit/Services/InstagramServiceTest.php:234</error>
      </testcase>
      <testcase name="it_can_reply_to_comment" file="/home/user/cmis.marketing.limited/tests/Unit/Services/InstagramServiceTest.php" line="246" class="Tests\Unit\Services\InstagramServiceTest" classname="Tests.Unit.Services.InstagramServiceTest" assertions="0" time="0.320817">
        <error type="Error">Tests\Unit\Services\InstagramServiceTest::it_can_reply_to_comment
Error: Call to undefined method App\Services\Social\InstagramService::replyToComment()

/home/user/cmis.marketing.limited/tests/Unit/Services/InstagramServiceTest.php:257</error>
      </testcase>
      <testcase name="it_can_publish_reel" file="/home/user/cmis.marketing.limited/tests/Unit/Services/InstagramServiceTest.php" line="80" class="Tests\Unit\Services\InstagramServiceTest" classname="Tests.Unit.Services.InstagramServiceTest" assertions="0" time="0.319514">
        <error type="Error">Tests\Unit\Services\InstagramServiceTest::it_can_publish_reel
Error: Call to undefined method App\Services\Social\InstagramService::publishReel()

/home/user/cmis.marketing.limited/tests/Unit/Services/InstagramServiceTest.php:91</error>
      </testcase>
      <testcase name="it_can_publish_feed_post" file="/home/user/cmis.marketing.limited/tests/Unit/Services/InstagramServiceTest.php" line="29" class="Tests\Unit\Services\InstagramServiceTest" classname="Tests.Unit.Services.InstagramServiceTest" assertions="0" time="0.313730">
        <error type="Error">Tests\Unit\Services\InstagramServiceTest::it_can_publish_feed_post
Error: Call to undefined method App\Services\Social\InstagramService::publishFeedPost()

/home/user/cmis.marketing.limited/tests/Unit/Services/InstagramServiceTest.php:40</error>
      </testcase>
      <testcase name="it_can_get_media_insights" file="/home/user/cmis.marketing.limited/tests/Unit/Services/InstagramServiceTest.php" line="173" class="Tests\Unit\Services\InstagramServiceTest" classname="Tests.Unit.Services.InstagramServiceTest" assertions="0" time="0.311119">
        <error type="Error">Tests\Unit\Services\InstagramServiceTest::it_can_get_media_insights
Error: Call to undefined method App\Services\Social\InstagramService::getMediaInsights()

/home/user/cmis.marketing.limited/tests/Unit/Services/InstagramServiceTest.php:197</error>
      </testcase>
      <testcase name="it_can_publish_story" file="/home/user/cmis.marketing.limited/tests/Unit/Services/InstagramServiceTest.php" line="55" class="Tests\Unit\Services\InstagramServiceTest" classname="Tests.Unit.Services.InstagramServiceTest" assertions="0" time="0.313398">
        <error type="Error">Tests\Unit\Services\InstagramServiceTest::it_can_publish_story
Error: Call to undefined method App\Services\Social\InstagramService::publishStory()

/home/user/cmis.marketing.limited/tests/Unit/Services/InstagramServiceTest.php:66</error>
      </testcase>
      <testcase name="it_can_delete_comment" file="/home/user/cmis.marketing.limited/tests/Unit/Services/InstagramServiceTest.php" line="268" class="Tests\Unit\Services\InstagramServiceTest" classname="Tests.Unit.Services.InstagramServiceTest" assertions="0" time="0.307855">
        <error type="Error">Tests\Unit\Services\InstagramServiceTest::it_can_delete_comment
Error: Call to undefined method App\Services\Social\InstagramService::deleteComment()

/home/user/cmis.marketing.limited/tests/Unit/Services/InstagramServiceTest.php:279</error>
      </testcase>
      <testcase name="it_can_get_hashtag_search" file="/home/user/cmis.marketing.limited/tests/Unit/Services/InstagramServiceTest.php" line="290" class="Tests\Unit\Services\InstagramServiceTest" classname="Tests.Unit.Services.InstagramServiceTest" assertions="0" time="0.308631">
        <error type="Error">Tests\Unit\Services\InstagramServiceTest::it_can_get_hashtag_search
Error: Call to undefined method App\Services\Social\InstagramService::searchHashtag()

/home/user/cmis.marketing.limited/tests/Unit/Services/InstagramServiceTest.php:306</error>
      </testcase>
      <testcase name="it_handles_rate_limiting" file="/home/user/cmis.marketing.limited/tests/Unit/Services/InstagramServiceTest.php" line="342" class="Tests\Unit\Services\InstagramServiceTest" classname="Tests.Unit.Services.InstagramServiceTest" assertions="0" time="0.311107">
        <error type="Error">Tests\Unit\Services\InstagramServiceTest::it_handles_rate_limiting
Error: Call to undefined method App\Services\Social\InstagramService::publishFeedPost()

/home/user/cmis.marketing.limited/tests/Unit/Services/InstagramServiceTest.php:358</error>
      </testcase>
      <testcase name="it_can_publish_carousel" file="/home/user/cmis.marketing.limited/tests/Unit/Services/InstagramServiceTest.php" line="107" class="Tests\Unit\Services\InstagramServiceTest" classname="Tests.Unit.Services.InstagramServiceTest" assertions="0" time="0.306979">
        <error type="Error">Tests\Unit\Services\InstagramServiceTest::it_can_publish_carousel
Error: Call to undefined method App\Services\Social\InstagramService::publishCarousel()

/home/user/cmis.marketing.limited/tests/Unit/Services/InstagramServiceTest.php:118</error>
      </testcase>
      <testcase name="it_can_get_account_insights" file="/home/user/cmis.marketing.limited/tests/Unit/Services/InstagramServiceTest.php" line="136" class="Tests\Unit\Services\InstagramServiceTest" classname="Tests.Unit.Services.InstagramServiceTest" assertions="0" time="0.310033">
        <error type="Error">Tests\Unit\Services\InstagramServiceTest::it_can_get_account_insights
Error: Call to undefined method App\Services\Social\InstagramService::getAccountInsights()

/home/user/cmis.marketing.limited/tests/Unit/Services/InstagramServiceTest.php:160</error>
      </testcase>
      <testcase name="it_handles_api_errors_gracefully" file="/home/user/cmis.marketing.limited/tests/Unit/Services/InstagramServiceTest.php" line="318" class="Tests\Unit\Services\InstagramServiceTest" classname="Tests.Unit.Services.InstagramServiceTest" assertions="0" time="0.327776">
        <error type="Error">Tests\Unit\Services\InstagramServiceTest::it_handles_api_errors_gracefully
Error: Call to undefined method App\Services\Social\InstagramService::publishFeedPost()

/home/user/cmis.marketing.limited/tests/Unit/Services/InstagramServiceTest.php:327</error>
      </testcase>
    </testsuite>
    <testsuite name="Tests\Unit\Services\LeadServiceTest" file="/home/user/cmis.marketing.limited/tests/Unit/Services/LeadServiceTest.php" tests="12" assertions="12" errors="0" failures="0" skipped="0" time="0.987127">
      <testcase name="it_creates_lead_with_validation" file="/home/user/cmis.marketing.limited/tests/Unit/Services/LeadServiceTest.php" line="27" class="Tests\Unit\Services\LeadServiceTest" classname="Tests.Unit.Services.LeadServiceTest" assertions="1" time="0.079263"/>
      <testcase name="it_validates_email_deliverability" file="/home/user/cmis.marketing.limited/tests/Unit/Services/LeadServiceTest.php" line="302" class="Tests\Unit\Services\LeadServiceTest" classname="Tests.Unit.Services.LeadServiceTest" assertions="1" time="0.075006"/>
      <testcase name="it_merges_duplicate_leads" file="/home/user/cmis.marketing.limited/tests/Unit/Services/LeadServiceTest.php" line="133" class="Tests\Unit\Services\LeadServiceTest" classname="Tests.Unit.Services.LeadServiceTest" assertions="1" time="0.076033"/>
      <testcase name="it_exports_leads_to_csv" file="/home/user/cmis.marketing.limited/tests/Unit/Services/LeadServiceTest.php" line="215" class="Tests\Unit\Services\LeadServiceTest" classname="Tests.Unit.Services.LeadServiceTest" assertions="1" time="0.083255"/>
      <testcase name="it_qualifies_lead_based_on_score" file="/home/user/cmis.marketing.limited/tests/Unit/Services/LeadServiceTest.php" line="50" class="Tests\Unit\Services\LeadServiceTest" classname="Tests.Unit.Services.LeadServiceTest" assertions="1" time="0.077327"/>
      <testcase name="it_imports_leads_from_csv" file="/home/user/cmis.marketing.limited/tests/Unit/Services/LeadServiceTest.php" line="192" class="Tests\Unit\Services\LeadServiceTest" classname="Tests.Unit.Services.LeadServiceTest" assertions="1" time="0.078004"/>
      <testcase name="it_sends_follow_up_email" file="/home/user/cmis.marketing.limited/tests/Unit/Services/LeadServiceTest.php" line="242" class="Tests\Unit\Services\LeadServiceTest" classname="Tests.Unit.Services.LeadServiceTest" assertions="1" time="0.085976"/>
      <testcase name="it_segments_leads_by_criteria" file="/home/user/cmis.marketing.limited/tests/Unit/Services/LeadServiceTest.php" line="267" class="Tests\Unit\Services\LeadServiceTest" classname="Tests.Unit.Services.LeadServiceTest" assertions="1" time="0.085835"/>
      <testcase name="it_respects_org_isolation" file="/home/user/cmis.marketing.limited/tests/Unit/Services/LeadServiceTest.php" line="327" class="Tests\Unit\Services\LeadServiceTest" classname="Tests.Unit.Services.LeadServiceTest" assertions="1" time="0.090308"/>
      <testcase name="it_assigns_lead_to_campaign" file="/home/user/cmis.marketing.limited/tests/Unit/Services/LeadServiceTest.php" line="76" class="Tests\Unit\Services\LeadServiceTest" classname="Tests.Unit.Services.LeadServiceTest" assertions="1" time="0.094192"/>
      <testcase name="it_calculates_lead_score" file="/home/user/cmis.marketing.limited/tests/Unit/Services/LeadServiceTest.php" line="166" class="Tests\Unit\Services\LeadServiceTest" classname="Tests.Unit.Services.LeadServiceTest" assertions="1" time="0.084557"/>
      <testcase name="it_enriches_lead_data" file="/home/user/cmis.marketing.limited/tests/Unit/Services/LeadServiceTest.php" line="108" class="Tests\Unit\Services\LeadServiceTest" classname="Tests.Unit.Services.LeadServiceTest" assertions="1" time="0.077371"/>
    </testsuite>
    <testsuite name="Tests\Unit\Services\SnapchatServiceTest" file="/home/user/cmis.marketing.limited/tests/Unit/Services/SnapchatServiceTest.php" tests="11" assertions="0" errors="11" failures="0" skipped="0" time="3.617198">
      <testcase name="it_can_create_snap_ad" file="/home/user/cmis.marketing.limited/tests/Unit/Services/SnapchatServiceTest.php" line="28" class="Tests\Unit\Services\SnapchatServiceTest" classname="Tests.Unit.Services.SnapchatServiceTest" assertions="0" time="0.324114">
        <error type="Error">Tests\Unit\Services\SnapchatServiceTest::it_can_create_snap_ad
Error: Call to undefined method App\Services\Social\SnapchatService::createAd()

/home/user/cmis.marketing.limited/tests/Unit/Services/SnapchatServiceTest.php:42</error>
      </testcase>
      <testcase name="it_can_get_ad_statistics" file="/home/user/cmis.marketing.limited/tests/Unit/Services/SnapchatServiceTest.php" line="119" class="Tests\Unit\Services\SnapchatServiceTest" classname="Tests.Unit.Services.SnapchatServiceTest" assertions="0" time="0.329300">
        <error type="Error">Tests\Unit\Services\SnapchatServiceTest::it_can_get_ad_statistics
Error: Call to undefined method App\Services\Social\SnapchatService::getAdStatistics()

/home/user/cmis.marketing.limited/tests/Unit/Services/SnapchatServiceTest.php:135</error>
      </testcase>
      <testcase name="it_can_upload_media" file="/home/user/cmis.marketing.limited/tests/Unit/Services/SnapchatServiceTest.php" line="89" class="Tests\Unit\Services\SnapchatServiceTest" classname="Tests.Unit.Services.SnapchatServiceTest" assertions="0" time="0.327754">
        <error type="Error">Tests\Unit\Services\SnapchatServiceTest::it_can_upload_media
Error: Call to undefined method App\Services\Social\SnapchatService::uploadMedia()

/home/user/cmis.marketing.limited/tests/Unit/Services/SnapchatServiceTest.php:103</error>
      </testcase>
      <testcase name="it_handles_rate_limiting" file="/home/user/cmis.marketing.limited/tests/Unit/Services/SnapchatServiceTest.php" line="310" class="Tests\Unit\Services\SnapchatServiceTest" classname="Tests.Unit.Services.SnapchatServiceTest" assertions="0" time="0.331107">
        <error type="Error">Tests\Unit\Services\SnapchatServiceTest::it_handles_rate_limiting
Error: Class "Tests\Unit\Services\Http" not found

/home/user/cmis.marketing.limited/tests/Unit/Services/SnapchatServiceTest.php:317</error>
      </testcase>
      <testcase name="it_handles_api_errors" file="/home/user/cmis.marketing.limited/tests/Unit/Services/SnapchatServiceTest.php" line="286" class="Tests\Unit\Services\SnapchatServiceTest" classname="Tests.Unit.Services.SnapchatServiceTest" assertions="0" time="0.327963">
        <error type="Error">Tests\Unit\Services\SnapchatServiceTest::it_handles_api_errors
Error: Call to undefined method App\Services\Social\SnapchatService::createAd()

/home/user/cmis.marketing.limited/tests/Unit/Services/SnapchatServiceTest.php:295</error>
      </testcase>
      <testcase name="it_can_create_pixel" file="/home/user/cmis.marketing.limited/tests/Unit/Services/SnapchatServiceTest.php" line="184" class="Tests\Unit\Services\SnapchatServiceTest" classname="Tests.Unit.Services.SnapchatServiceTest" assertions="0" time="0.332718">
        <error type="Error">Tests\Unit\Services\SnapchatServiceTest::it_can_create_pixel
Error: Call to undefined method App\Services\Social\SnapchatService::createPixel()

/home/user/cmis.marketing.limited/tests/Unit/Services/SnapchatServiceTest.php:198</error>
      </testcase>
      <testcase name="it_can_create_story_ad" file="/home/user/cmis.marketing.limited/tests/Unit/Services/SnapchatServiceTest.php" line="59" class="Tests\Unit\Services\SnapchatServiceTest" classname="Tests.Unit.Services.SnapchatServiceTest" assertions="0" time="0.334015">
        <error type="Error">Tests\Unit\Services\SnapchatServiceTest::it_can_create_story_ad
Error: Call to undefined method App\Services\Social\SnapchatService::createStoryAd()

/home/user/cmis.marketing.limited/tests/Unit/Services/SnapchatServiceTest.php:72</error>
      </testcase>
      <testcase name="it_can_get_audience_insights" file="/home/user/cmis.marketing.limited/tests/Unit/Services/SnapchatServiceTest.php" line="151" class="Tests\Unit\Services\SnapchatServiceTest" classname="Tests.Unit.Services.SnapchatServiceTest" assertions="0" time="0.325730">
        <error type="Error">Tests\Unit\Services\SnapchatServiceTest::it_can_get_audience_insights
Error: Call to undefined method App\Services\Social\SnapchatService::getAudienceInsights()

/home/user/cmis.marketing.limited/tests/Unit/Services/SnapchatServiceTest.php:172</error>
      </testcase>
      <testcase name="it_can_update_ad_status" file="/home/user/cmis.marketing.limited/tests/Unit/Services/SnapchatServiceTest.php" line="240" class="Tests\Unit\Services\SnapchatServiceTest" classname="Tests.Unit.Services.SnapchatServiceTest" assertions="0" time="0.326358">
        <error type="Error">Tests\Unit\Services\SnapchatServiceTest::it_can_update_ad_status
Error: Call to undefined method App\Services\Social\SnapchatService::updateAdStatus()

/home/user/cmis.marketing.limited/tests/Unit/Services/SnapchatServiceTest.php:254</error>
      </testcase>
      <testcase name="it_can_get_pixel_events" file="/home/user/cmis.marketing.limited/tests/Unit/Services/SnapchatServiceTest.php" line="213" class="Tests\Unit\Services\SnapchatServiceTest" classname="Tests.Unit.Services.SnapchatServiceTest" assertions="0" time="0.334148">
        <error type="Error">Tests\Unit\Services\SnapchatServiceTest::it_can_get_pixel_events
Error: Call to undefined method App\Services\Social\SnapchatService::getPixelEvents()

/home/user/cmis.marketing.limited/tests/Unit/Services/SnapchatServiceTest.php:228</error>
      </testcase>
      <testcase name="it_validates_ad_account_id" file="/home/user/cmis.marketing.limited/tests/Unit/Services/SnapchatServiceTest.php" line="265" class="Tests\Unit\Services\SnapchatServiceTest" classname="Tests.Unit.Services.SnapchatServiceTest" assertions="0" time="0.323992">
        <error type="Error">Tests\Unit\Services\SnapchatServiceTest::it_validates_ad_account_id
Error: Call to undefined method App\Services\Social\SnapchatService::createAd()

/home/user/cmis.marketing.limited/tests/Unit/Services/SnapchatServiceTest.php:272</error>
      </testcase>
    </testsuite>
    <testsuite name="Tests\Unit\Services\GPTConversationServiceTest" file="/home/user/cmis.marketing.limited/tests/Unit/Services/GPTConversationServiceTest.php" tests="4" assertions="1" errors="3" failures="1" skipped="0" time="0.341396">
      <testcase name="it_maintains_message_order" file="/home/user/cmis.marketing.limited/tests/Unit/Services/GPTConversationServiceTest.php" line="378" class="Tests\Unit\Services\GPTConversationServiceTest" classname="Tests.Unit.Services.GPTConversationServiceTest" assertions="0" time="0.096914">
        <error type="TypeError">Tests\Unit\Services\GPTConversationServiceTest::it_maintains_message_order
TypeError: App\Services\GPTConversationService::createSession(): Argument #2 ($initialContext) must be of type array, string given, called in /home/user/cmis.marketing.limited/tests/Unit/Services/GPTConversationServiceTest.php on line 380

/home/user/cmis.marketing.limited/app/Services/GPTConversationService.php:29
/home/user/cmis.marketing.limited/tests/Unit/Services/GPTConversationServiceTest.php:380</error>
      </testcase>
      <testcase name="it_stores_sessions_in_cache" file="/home/user/cmis.marketing.limited/tests/Unit/Services/GPTConversationServiceTest.php" line="328" class="Tests\Unit\Services\GPTConversationServiceTest" classname="Tests.Unit.Services.GPTConversationServiceTest" assertions="0" time="0.081272">
        <error type="TypeError">Tests\Unit\Services\GPTConversationServiceTest::it_stores_sessions_in_cache
TypeError: App\Services\GPTConversationService::createSession(): Argument #2 ($initialContext) must be of type array, string given, called in /home/user/cmis.marketing.limited/tests/Unit/Services/GPTConversationServiceTest.php on line 330

/home/user/cmis.marketing.limited/app/Services/GPTConversationService.php:29
/home/user/cmis.marketing.limited/tests/Unit/Services/GPTConversationServiceTest.php:330</error>
      </testcase>
      <testcase name="it_preserves_org_context_in_session" file="/home/user/cmis.marketing.limited/tests/Unit/Services/GPTConversationServiceTest.php" line="395" class="Tests\Unit\Services\GPTConversationServiceTest" classname="Tests.Unit.Services.GPTConversationServiceTest" assertions="0" time="0.079857">
        <error type="TypeError">Tests\Unit\Services\GPTConversationServiceTest::it_preserves_org_context_in_session
TypeError: App\Services\GPTConversationService::createSession(): Argument #2 ($initialContext) must be of type array, string given, called in /home/user/cmis.marketing.limited/tests/Unit/Services/GPTConversationServiceTest.php on line 397

/home/user/cmis.marketing.limited/app/Services/GPTConversationService.php:29
/home/user/cmis.marketing.limited/tests/Unit/Services/GPTConversationServiceTest.php:397</error>
      </testcase>
      <testcase name="it_handles_invalid_session_id_gracefully" file="/home/user/cmis.marketing.limited/tests/Unit/Services/GPTConversationServiceTest.php" line="358" class="Tests\Unit\Services\GPTConversationServiceTest" classname="Tests.Unit.Services.GPTConversationServiceTest" assertions="1" time="0.083353">
        <failure type="PHPUnit\Framework\ExpectationFailedException">Tests\Unit\Services\GPTConversationServiceTest::it_handles_invalid_session_id_gracefully
Failed asserting that exception of type "Exception" is thrown.</failure>
      </testcase>
    </testsuite>
  </testsuite>
</testsuites>
