<?xml version="1.0" encoding="UTF-8"?>
<testsuites>
  <testsuite name="CLI Arguments" tests="19" assertions="6" errors="13" failures="1" skipped="0" time="18.215408">
    <testsuite name="Tests\Unit\Jobs\SendEmailCampaignJobTest" file="/home/cmis-test/public_html/tests/Unit/Jobs/SendEmailCampaignJobTest.php" tests="5" assertions="5" errors="0" failures="1" skipped="0" time="15.514231">
      <testcase name="it_sends_email_to_recipients" file="/home/cmis-test/public_html/tests/Unit/Jobs/SendEmailCampaignJobTest.php" line="29" class="Tests\Unit\Jobs\SendEmailCampaignJobTest" classname="Tests.Unit.Jobs.SendEmailCampaignJobTest" assertions="1" time="15.124249">
        <failure type="PHPUnit\Framework\ExpectationFailedException">Tests\Unit\Jobs\SendEmailCampaignJobTest::it_sends_email_to_recipients
The expected [2] mailable was not sent.
Failed asserting that false is true.

/home/cmis-test/public_html/vendor/laravel/framework/src/Illuminate/Support/Testing/Fakes/MailFake.php:92
/home/cmis-test/public_html/vendor/laravel/framework/src/Illuminate/Support/Facades/Facade.php:363
/home/cmis-test/public_html/tests/Unit/Jobs/SendEmailCampaignJobTest.php:63</failure>
        <system-out>Enabling RLS on cmis.orgs...
Enabling RLS on cmis.org_markets...
Enabling RLS on cmis.user_orgs...
Enabling RLS on cmis.campaigns...
Enabling RLS on cmis.content_plans...
Enabling RLS on cmis.content_items...
Enabling RLS on cmis.creative_assets...
Enabling RLS on cmis.ad_accounts...
Enabling RLS on cmis.ad_campaigns...
Enabling RLS on cmis.ad_sets...
Enabling RLS on cmis.ad_entities...
Enabling RLS on cmis.ad_metrics...
Creating RLS policy for cmis.orgs...
Creating RLS policy for cmis.org_markets...
Creating RLS policy for cmis.user_orgs...
Creating RLS policy for cmis.campaigns...
Creating RLS policy for cmis.content_plans...
Creating RLS policy for cmis.content_items...
Creating RLS policy for cmis.creative_assets...
Creating RLS policy for cmis.ad_accounts...
Creating RLS policy for cmis.ad_campaigns...
Creating RLS policy for cmis.ad_sets...
Creating RLS policy for cmis.ad_entities...
Creating RLS policy for cmis.ad_metrics...
Row-Level Security enabled successfully!

⚠️  CRITICAL MIGRATION: Converting users.user_id from BIGINT to UUID
This will invalidate all existing user sessions and API tokens.
Press Ctrl+C within 10 seconds to abort...

Step 1/10: Checking current schema...
✓ Users table already uses UUID. Skipping migration.

📊 Adding performance indexes...

Creating indexes for campaigns table...
✓ Created index: idx_campaigns_org_status
✓ Created index: idx_campaigns_dates
✓ Created index: idx_campaigns_created
Creating indexes for content_plans table...
✓ Created index: idx_content_plans_campaign
✓ Created index: idx_content_plans_org_created
Creating indexes for content_items table...
✓ Created index: idx_content_items_plan
✓ Created index: idx_content_items_status
Creating indexes for ad_accounts table...
✓ Created index: idx_ad_accounts_status
Creating indexes for ad_campaigns table...
⚠ Warning: Could not create index idx_ad_campaigns_account: SQLSTATE[42703]: Undefined column: 7 ERROR:  column "ad_account_id" does not exist (Connection: pgsql, SQL: 
                    CREATE INDEX IF NOT EXISTS idx_ad_campaigns_account
                    ON cmis.ad_campaigns (ad_account_id, status)
                )
⚠ Warning: Could not create index idx_ad_campaigns_dates: SQLSTATE[25P02]: In failed sql transaction: 7 ERROR:  current transaction is aborted, commands ignored until end of transaction block (Connection: pgsql, SQL: 
                    CREATE INDEX IF NOT EXISTS idx_ad_campaigns_dates
                    ON cmis.ad_campaigns (start_date, end_date)
                )
Creating indexes for ad_metrics table...
⚠ Warning: Could not create index idx_ad_metrics_entity_date: SQLSTATE[25P02]: In failed sql transaction: 7 ERROR:  current transaction is aborted, commands ignored until end of transaction block (Connection: pgsql, SQL: 
                    CREATE INDEX IF NOT EXISTS idx_ad_metrics_entity_date
                    ON cmis.ad_metrics (ad_entity_id, recorded_at DESC)
                )
⚠ Warning: Could not create index idx_ad_metrics_date: SQLSTATE[25P02]: In failed sql transaction: 7 ERROR:  current transaction is aborted, commands ignored until end of transaction block (Connection: pgsql, SQL: 
                    CREATE INDEX IF NOT EXISTS idx_ad_metrics_date
                    ON cmis.ad_metrics (recorded_at DESC)
                )
⚠ Warning: Could not create index idx_ad_metrics_campaign: SQLSTATE[25P02]: In failed sql transaction: 7 ERROR:  current transaction is aborted, commands ignored until end of transaction block (Connection: pgsql, SQL: 
                    CREATE INDEX IF NOT EXISTS idx_ad_metrics_campaign
                    ON cmis.ad_metrics (ad_campaign_id, recorded_at DESC)
                )
Creating indexes for user_orgs table...
⚠ Warning: Could not create index idx_user_orgs_user: SQLSTATE[25P02]: In failed sql transaction: 7 ERROR:  current transaction is aborted, commands ignored until end of transaction block (Connection: pgsql, SQL: 
                    CREATE INDEX IF NOT EXISTS idx_user_orgs_user
                    ON cmis.user_orgs (user_id, is_active)
                )
⚠ Warning: Could not create index idx_user_orgs_org: SQLSTATE[25P02]: In failed sql transaction: 7 ERROR:  current transaction is aborted, commands ignored until end of transaction block (Connection: pgsql, SQL: 
                    CREATE INDEX IF NOT EXISTS idx_user_orgs_org
                    ON cmis.user_orgs (org_id, is_active)
                )
Creating indexes for creative_assets table...
⚠ Warning: Could not create index idx_creative_assets_org: SQLSTATE[25P02]: In failed sql transaction: 7 ERROR:  current transaction is aborted, commands ignored until end of transaction block (Connection: pgsql, SQL: 
                    CREATE INDEX IF NOT EXISTS idx_creative_assets_org
                    ON cmis.creative_assets (org_id, asset_type)
                )
⚠ Warning: Could not create index idx_creative_assets_created: SQLSTATE[25P02]: In failed sql transaction: 7 ERROR:  current transaction is aborted, commands ignored until end of transaction block (Connection: pgsql, SQL: 
                    CREATE INDEX IF NOT EXISTS idx_creative_assets_created
                    ON cmis.creative_assets (created_at DESC)
                )
Creating indexes for compliance_audits table...
⚠ Warning: Could not create index idx_compliance_audits_content: SQLSTATE[25P02]: In failed sql transaction: 7 ERROR:  current transaction is aborted, commands ignored until end of transaction block (Connection: pgsql, SQL: 
                    CREATE INDEX IF NOT EXISTS idx_compliance_audits_content
                    ON cmis.compliance_audits (content_item_id)
                )
⚠ Warning: Could not create index idx_compliance_audits_status: SQLSTATE[25P02]: In failed sql transaction: 7 ERROR:  current transaction is aborted, commands ignored until end of transaction block (Connection: pgsql, SQL: 
                    CREATE INDEX IF NOT EXISTS idx_compliance_audits_status
                    ON cmis.compliance_audits (status, created_at DESC)
                )
Creating indexes for activity_logs table...
⚠ Warning: Could not create index idx_audit_user_date: SQLSTATE[25P02]: In failed sql transaction: 7 ERROR:  current transaction is aborted, commands ignored until end of transaction block (Connection: pgsql, SQL: 
                    CREATE INDEX IF NOT EXISTS idx_audit_user_date
                    ON cmis_audit.activity_logs (user_id, created_at DESC)
                )
⚠ Warning: Could not create index idx_audit_action: SQLSTATE[25P02]: In failed sql transaction: 7 ERROR:  current transaction is aborted, commands ignored until end of transaction block (Connection: pgsql, SQL: 
                    CREATE INDEX IF NOT EXISTS idx_audit_action
                    ON cmis_audit.activity_logs (action, created_at DESC)
                )
⚠ Warning: Could not create index idx_audit_model: SQLSTATE[25P02]: In failed sql transaction: 7 ERROR:  current transaction is aborted, commands ignored until end of transaction block (Connection: pgsql, SQL: 
                    CREATE INDEX IF NOT EXISTS idx_audit_model
                    ON cmis_audit.activity_logs (model_type, model_id)
                )
Creating indexes for personal_access_tokens table...
⚠ Warning: Could not create index idx_tokens_tokenable: SQLSTATE[25P02]: In failed sql transaction: 7 ERROR:  current transaction is aborted, commands ignored until end of transaction block (Connection: pgsql, SQL: 
                    CREATE INDEX IF NOT EXISTS idx_tokens_tokenable
                    ON personal_access_tokens (tokenable_type, tokenable_id)
                )
⚠ Warning: Could not create index idx_tokens_created: SQLSTATE[25P02]: In failed sql transaction: 7 ERROR:  current transaction is aborted, commands ignored until end of transaction block (Connection: pgsql, SQL: 
                    CREATE INDEX IF NOT EXISTS idx_tokens_created
                    ON personal_access_tokens (created_at DESC)
                )

✓ All performance indexes created successfully!
✓ Query performance should be significantly improved


📊 Adding foreign key constraints for user reference columns...

⚠️  Could not add FK fk_user_permissions_user: SQLSTATE[42830]: Invalid foreign key: 7 ERROR:  there is no unique constraint matching given keys fo...
⚠️  Could not add FK fk_user_activities_user: SQLSTATE[42830]: Invalid foreign key: 7 ERROR:  there is no unique constraint matching given keys fo...
⚠️  Could not add FK fk_user_sessions_user: SQLSTATE[42830]: Invalid foreign key: 7 ERROR:  there is no unique constraint matching given keys fo...
⚠️  Could not add FK fk_sessions_user: SQLSTATE[42830]: Invalid foreign key: 7 ERROR:  there is no unique constraint matching given keys fo...
⚠️  Could not add FK fk_scheduled_social_posts_user: SQLSTATE[42830]: Invalid foreign key: 7 ERROR:  there is no unique constraint matching given keys fo...
⚠️  Could not add FK fk_security_context_audit_user: SQLSTATE[42830]: Invalid foreign key: 7 ERROR:  there is no unique constraint matching given keys fo...
⚠️  Could not add FK fk_audience_templates_created_by: SQLSTATE[42830]: Invalid foreign key: 7 ERROR:  there is no unique constraint matching given keys fo...
⚠️  Could not add FK fk_campaign_context_links_created_by: SQLSTATE[42830]: Invalid foreign key: 7 ERROR:  there is no unique constraint matching given keys fo...
⚠️  Could not add FK fk_campaigns_created_by: SQLSTATE[42830]: Invalid foreign key: 7 ERROR:  there is no unique constraint matching given keys fo...
⚠️  Could not add FK fk_integrations_created_by: SQLSTATE[42830]: Invalid foreign key: 7 ERROR:  there is no unique constraint matching given keys fo...
⚠️  Could not add FK fk_roles_created_by: SQLSTATE[42830]: Invalid foreign key: 7 ERROR:  there is no unique constraint matching given keys fo...
⚠️  Could not add FK fk_campaign_context_links_updated_by: SQLSTATE[42830]: Invalid foreign key: 7 ERROR:  there is no unique constraint matching given keys fo...
⚠️  Could not add FK fk_integrations_updated_by: SQLSTATE[42830]: Invalid foreign key: 7 ERROR:  there is no unique constraint matching given keys fo...
⚠️  Could not add FK fk_team_invitations_invited_by: SQLSTATE[42830]: Invalid foreign key: 7 ERROR:  there is no unique constraint matching given keys fo...
⚠️  Could not add FK fk_user_orgs_invited_by: SQLSTATE[42830]: Invalid foreign key: 7 ERROR:  there is no unique constraint matching given keys fo...

✅ Foreign key migration complete!
   Added: 0
   Skipped: 15

✓ Fixed performance_metrics constraints
✓ Notifications table created with RLS policies

📊 Creating foreign keys directly...

⚠️  Could not add FK fk_user_permissions_user: SQLSTATE[42830]: Invalid foreign key: 7 ERROR:  there is no unique constraint ma...
⚠️  Could not add FK fk_user_activities_user: SQLSTATE[42830]: Invalid foreign key: 7 ERROR:  there is no unique constraint ma...
⚠️  Could not add FK fk_user_sessions_user: SQLSTATE[42830]: Invalid foreign key: 7 ERROR:  there is no unique constraint ma...
⚠️  Could not add FK fk_sessions_user: SQLSTATE[42830]: Invalid foreign key: 7 ERROR:  there is no unique constraint ma...
⚠️  Could not add FK fk_scheduled_social_posts_user: SQLSTATE[42830]: Invalid foreign key: 7 ERROR:  there is no unique constraint ma...
⚠️  Could not add FK fk_security_context_audit_user: SQLSTATE[42830]: Invalid foreign key: 7 ERROR:  there is no unique constraint ma...
⚠️  Could not add FK fk_notifications_user: SQLSTATE[42830]: Invalid foreign key: 7 ERROR:  there is no unique constraint ma...
⚠️  Could not add FK fk_audience_templates_created_by: SQLSTATE[42830]: Invalid foreign key: 7 ERROR:  there is no unique constraint ma...
⚠️  Could not add FK fk_campaign_context_links_created_by: SQLSTATE[42830]: Invalid foreign key: 7 ERROR:  there is no unique constraint ma...
⚠️  Could not add FK fk_campaigns_created_by: SQLSTATE[42830]: Invalid foreign key: 7 ERROR:  there is no unique constraint ma...
⚠️  Could not add FK fk_integrations_created_by: SQLSTATE[42830]: Invalid foreign key: 7 ERROR:  there is no unique constraint ma...
⚠️  Could not add FK fk_roles_created_by: SQLSTATE[42830]: Invalid foreign key: 7 ERROR:  there is no unique constraint ma...
⚠️  Could not add FK fk_campaign_context_links_updated_by: SQLSTATE[42830]: Invalid foreign key: 7 ERROR:  there is no unique constraint ma...
⚠️  Could not add FK fk_integrations_updated_by: SQLSTATE[42830]: Invalid foreign key: 7 ERROR:  there is no unique constraint ma...
⚠️  Could not add FK fk_team_invitations_invited_by: SQLSTATE[42830]: Invalid foreign key: 7 ERROR:  there is no unique constraint ma...
⚠️  Could not add FK fk_user_orgs_invited_by: SQLSTATE[42830]: Invalid foreign key: 7 ERROR:  there is no unique constraint ma...
✓ Added FK: fk_notifications_org on cmis.notifications.org_id -&gt; cmis.orgs.org_id

✅ Foreign key creation complete!
   Added: 1
   Skipped: 16

✓ Added updated_at to cmis.orgs
✓ Added created_at to cmis.user_orgs
✓ Added updated_at to cmis.user_orgs
✓ Added created_at to cmis.org_markets
✓ Added updated_at to cmis.org_markets
✓ Added updated_at to cmis.ad_campaigns
✓ Added updated_at to cmis.ad_metrics
✓ Added updated_at to cmis.ai_actions
✓ Added updated_at to cmis.ai_generated_campaigns
✓ Added updated_at to cmis.ai_models
✓ Added updated_at to cmis.cognitive_tracker_template
✓ Added updated_at to cmis.cognitive_trends
✓ Added updated_at to cmis.compliance_audits
✓ Added updated_at to cmis.content_plans
✓ Added updated_at to cmis.contexts
✓ Added updated_at to cmis.contexts_base
✓ Added updated_at to cmis.copy_components
✓ Added updated_at to cmis.creative_assets
✓ Added updated_at to cmis.creative_briefs
✓ Added updated_at to cmis.experiments
✓ Added updated_at to cmis.export_bundles
✓ Added updated_at to cmis.field_definitions
✓ Added updated_at to cmis.field_values
✓ Added updated_at to cmis.job_batches
✓ Added updated_at to cmis.jobs
✓ Added updated_at to cmis.meta_documentation
✓ Added updated_at to cmis.meta_field_dictionary
✓ Added updated_at to cmis.meta_function_descriptions
✓ Added updated_at to cmis.offerings_full_details
✓ Added updated_at to cmis.offerings_old
✓ Added updated_at to cmis.password_reset_tokens
✓ Added updated_at to cmis.predictive_visual_engine
✓ Added updated_at to cmis.reference_entities
✓ Added updated_at to cmis.roles
✓ Added updated_at to cmis.security_context_audit
✓ Added updated_at to cmis.social_post_metrics
✓ Added updated_at to cmis.social_posts
✓ Added updated_at to cmis.team_account_access
✓ Added updated_at to cmis.user_activities
✓ Added updated_at to cmis.user_sessions
✓ Added updated_at to cmis.value_contexts
✓ Added created_at to cmis.permissions
✓ Added updated_at to cmis.permissions
✓ Added created_at to cmis.role_permissions
✓ Added updated_at to cmis.role_permissions
✓ Added created_at to cmis.user_permissions
✓ Added updated_at to cmis.user_permissions
✓ Added created_at to cmis.social_accounts
✓ Added created_at to cmis.team_invitations
✓ Added updated_at to cmis.team_invitations
✓ Added created_at to cmis.sessions
✓ Added updated_at to cmis.sessions
✓ Added current_org_id to cmis.users
✓ Added status to cmis.users
✓ Added id column to cmis.notifications
✓ Created transaction context functions
✓ Added notifiable_type and notifiable_id to cmis.notifications
✓ Added post_id to cmis.scheduled_social_posts
✓ Added metadata to cmis.users
✓ Added primary key to cmis.users(user_id)
✓ Added account_username to cmis.integrations
✓ Added account_name to cmis.integrations
✓ Added refresh_token to cmis.integrations
✓ Added token_expires_at to cmis.integrations
✓ Added expires_at to cmis.integrations
✓ Added status to cmis.integrations
✓ Added metadata to cmis.integrations
✓ Added scopes to cmis.integrations
✓ Added user_org_id to cmis.user_orgs
✓ Added invited_at to cmis.user_orgs
✓ Made campaign_external_id nullable in cmis.ad_campaigns
✓ Created table: cmis.team_members
✓ Created table: cmis.leads
✓ Created table: cmis.webhooks
✓ Created table: cmis.contacts
✓ Created table: cmis.knowledge_index
✓ Created table: cmis.subscriptions
✓ Created table: cmis.api_logs
✓ Created table: cmis.content_plan_items
✓ Created table: cmis.offerings
✓ Created table: cmis.content
✓ Created table: cmis.platform_connections
✓ Created table: cmis.assets
✓ Created table: cmis.invoices
✓ Created table: cmis.audiences
✓ Created table: cmis.templates
✓ Created table: cmis.posts
✓ Created table: cmis.custom_fields
✓ Created table: cmis.comments
✓ Created table: cmis.budgets
✓ Created table: cmis.audit_logs

✅ Migration complete! Created 20 missing tables.
✓ Added code column to public.markets
✓ Updated cmis.markets view to include code column
✓ Added name column to cmis.permissions

✅ Added missing columns successfully!
✓ Created table: cmis.audience_segments
✓ Created table: cmis.analytics_snapshots
✓ Created table: cmis.analytics_reports
✓ Created table: cmis.activities
✓ Created table: cmis.workflows
✓ Created table: cmis.tags
✓ Created table: cmis.notification_preferences
✓ Created table: cmis.metrics
✓ Created table: cmis.content_media
✓ Created table: cmis.campaign_budgets

✅ Migration complete! Created 10 additional tables.
✓ Added team_member_id to team_members
✓ Added updated_at to api_logs
✓ Added name to markets
✓ Added knowledge_id to knowledge_index
✓ Added platform to posts
✓ Added commentable_type to comments
✓ Added commentable_id to comments
✓ Added total_amount to budgets
✓ Added title to knowledge_index
✓ Added score to leads
✓ Added log_id to audit_logs

✅ All column fixes applied successfully!
✓ Created table: cmis.activity_logs
✓ Created table: cmis.settings
✓ Created table: cmis.schedules
✓ Created table: cmis.campaign_analytics
✓ Created table: cmis.social_posts_v2
✓ Created table: cmis.social_accounts_v2
✓ Created table: cmis.content_plans_v2
✓ Created table: cmis.scheduled_social_posts_v2
✓ Created table: cmis.embeddings_cache
✓ Created table: cmis.campaign_metrics

✅ Migration complete! Created 10 additional tables.
✓ Made event_type nullable in webhooks
✓ Made plan_id nullable in content_plan_items
✓ Made role_name nullable in roles
✓ Made permission_code nullable in permissions
✓ Made brief_data nullable in creative_briefs

✅ All NULL constraint fixes applied!
✓ Added usage_count to assets
✓ Added report_name to analytics_reports
✓ Added activity_id to activity_logs
✓ Added status column to cmis.user_orgs
✓ Added ad_account_id to cmis.ad_campaigns
✓ Added updated_at to public.markets
✓ Created personal_access_tokens table
✓ Made role_code nullable in cmis.roles
✓ Made audience_id nullable in cmis.audience_segments
✓ Updated cmis.markets view with correct columns

✅ All critical schema fixes applied successfully!
✓ Made user_id nullable in cmis.team_members
✓ Made permission_name nullable in cmis.permissions
✓ Made content_id nullable in cmis.content_media
✓ Verified plan_id is nullable in cmis.content_items
✓ Updated cmis.markets view to include both market_name and name

✅ All NOT NULL constraint fixes applied successfully!
Fixing pgvector dimension mismatch (1536 → 768)...
✓ cmis.knowledge_index.embedding already correct or doesn't exist

✅ All pgvector dimension fixes applied successfully!
Note: Gemini text-embedding-004 produces 768-dimensional vectors.
</system-out>
      </testcase>
      <testcase name="it_can_be_dispatched" file="/home/cmis-test/public_html/tests/Unit/Jobs/SendEmailCampaignJobTest.php" line="72" class="Tests\Unit\Jobs\SendEmailCampaignJobTest" classname="Tests.Unit.Jobs.SendEmailCampaignJobTest" assertions="1" time="0.088750"/>
      <testcase name="it_handles_errors_gracefully" file="/home/cmis-test/public_html/tests/Unit/Jobs/SendEmailCampaignJobTest.php" line="165" class="Tests\Unit\Jobs\SendEmailCampaignJobTest" classname="Tests.Unit.Jobs.SendEmailCampaignJobTest" assertions="1" time="0.130187"/>
      <testcase name="it_tracks_sent_emails" file="/home/cmis-test/public_html/tests/Unit/Jobs/SendEmailCampaignJobTest.php" line="130" class="Tests\Unit\Jobs\SendEmailCampaignJobTest" classname="Tests.Unit.Jobs.SendEmailCampaignJobTest" assertions="1" time="0.078829"/>
      <testcase name="it_personalizes_content" file="/home/cmis-test/public_html/tests/Unit/Jobs/SendEmailCampaignJobTest.php" line="95" class="Tests\Unit\Jobs\SendEmailCampaignJobTest" classname="Tests.Unit.Jobs.SendEmailCampaignJobTest" assertions="1" time="0.092217"/>
    </testsuite>
    <testsuite name="Tests\Unit\Jobs\PublishToFacebookJobTest" file="/home/cmis-test/public_html/tests/Unit/Jobs/PublishToFacebookJobTest.php" tests="6" assertions="0" errors="6" failures="0" skipped="0" time="2.080158">
      <testcase name="it_handles_publishing_errors" file="/home/cmis-test/public_html/tests/Unit/Jobs/PublishToFacebookJobTest.php" line="89" class="Tests\Unit\Jobs\PublishToFacebookJobTest" classname="Tests.Unit.Jobs.PublishToFacebookJobTest" assertions="0" time="0.377849">
        <error type="Illuminate\Database\QueryException">Tests\Unit\Jobs\PublishToFacebookJobTest::it_handles_publishing_errors
Illuminate\Database\QueryException: SQLSTATE[23502]: Not null violation: 7 ERROR:  null value in column "social_post_id" of relation "scheduled_social_posts_v2" violates not-null constraint
DETAIL:  Failing row contains (7e3b513b-6b26-4df6-bcf6-c7b9d8c7fe33, null, edd26463-8b2a-4b1f-a5eb-87457acea6be, 2025-11-20 17:13:19+01, pending, null, 2025-11-20 17:13:19+01, 2025-11-20 17:13:19+01). (Connection: pgsql, SQL: insert into "cmis"."scheduled_social_posts_v2" ("org_id", "scheduled_at", "status", "scheduled_post_id", "updated_at", "created_at") values (edd26463-8b2a-4b1f-a5eb-87457acea6be, 2025-11-20 17:13:19, pending, 7e3b513b-6b26-4df6-bcf6-c7b9d8c7fe33, 2025-11-20 17:13:19, 2025-11-20 17:13:19))

/home/cmis-test/public_html/vendor/laravel/framework/src/Illuminate/Database/Connection.php:824
/home/cmis-test/public_html/vendor/laravel/framework/src/Illuminate/Database/Connection.php:778
/home/cmis-test/public_html/vendor/laravel/framework/src/Illuminate/Database/Connection.php:559
/home/cmis-test/public_html/vendor/laravel/framework/src/Illuminate/Database/Connection.php:523
/home/cmis-test/public_html/vendor/laravel/framework/src/Illuminate/Database/Query/Builder.php:3804
/home/cmis-test/public_html/vendor/laravel/framework/src/Illuminate/Database/Eloquent/Builder.php:2235
/home/cmis-test/public_html/vendor/laravel/framework/src/Illuminate/Database/Eloquent/Model.php:1412
/home/cmis-test/public_html/vendor/laravel/framework/src/Illuminate/Database/Eloquent/Model.php:1240
/home/cmis-test/public_html/vendor/laravel/framework/src/Illuminate/Database/Eloquent/Builder.php:1219
/home/cmis-test/public_html/vendor/laravel/framework/src/Illuminate/Support/helpers.php:390
/home/cmis-test/public_html/vendor/laravel/framework/src/Illuminate/Database/Eloquent/Builder.php:1218
/home/cmis-test/public_html/vendor/laravel/framework/src/Illuminate/Support/Traits/ForwardsCalls.php:23
/home/cmis-test/public_html/vendor/laravel/framework/src/Illuminate/Database/Eloquent/Model.php:2540
/home/cmis-test/public_html/vendor/laravel/framework/src/Illuminate/Database/Eloquent/Model.php:2556
/home/cmis-test/public_html/tests/Unit/Jobs/PublishToFacebookJobTest.php:96</error>
      </testcase>
      <testcase name="it_updates_post_metadata_on_success" file="/home/cmis-test/public_html/tests/Unit/Jobs/PublishToFacebookJobTest.php" line="153" class="Tests\Unit\Jobs\PublishToFacebookJobTest" classname="Tests.Unit.Jobs.PublishToFacebookJobTest" assertions="0" time="0.354357">
        <error type="Illuminate\Database\QueryException">Tests\Unit\Jobs\PublishToFacebookJobTest::it_updates_post_metadata_on_success
Illuminate\Database\QueryException: SQLSTATE[23502]: Not null violation: 7 ERROR:  null value in column "social_post_id" of relation "scheduled_social_posts_v2" violates not-null constraint
DETAIL:  Failing row contains (9b6ac957-d363-49e4-b637-953bf3d7bbaf, null, a79b45e7-f281-4a51-9328-a8cce823c19b, 2025-11-20 17:13:19+01, pending, null, 2025-11-20 17:13:19+01, 2025-11-20 17:13:19+01). (Connection: pgsql, SQL: insert into "cmis"."scheduled_social_posts_v2" ("org_id", "scheduled_at", "status", "scheduled_post_id", "updated_at", "created_at") values (a79b45e7-f281-4a51-9328-a8cce823c19b, 2025-11-20 17:13:19, pending, 9b6ac957-d363-49e4-b637-953bf3d7bbaf, 2025-11-20 17:13:19, 2025-11-20 17:13:19))

/home/cmis-test/public_html/vendor/laravel/framework/src/Illuminate/Database/Connection.php:824
/home/cmis-test/public_html/vendor/laravel/framework/src/Illuminate/Database/Connection.php:778
/home/cmis-test/public_html/vendor/laravel/framework/src/Illuminate/Database/Connection.php:559
/home/cmis-test/public_html/vendor/laravel/framework/src/Illuminate/Database/Connection.php:523
/home/cmis-test/public_html/vendor/laravel/framework/src/Illuminate/Database/Query/Builder.php:3804
/home/cmis-test/public_html/vendor/laravel/framework/src/Illuminate/Database/Eloquent/Builder.php:2235
/home/cmis-test/public_html/vendor/laravel/framework/src/Illuminate/Database/Eloquent/Model.php:1412
/home/cmis-test/public_html/vendor/laravel/framework/src/Illuminate/Database/Eloquent/Model.php:1240
/home/cmis-test/public_html/vendor/laravel/framework/src/Illuminate/Database/Eloquent/Builder.php:1219
/home/cmis-test/public_html/vendor/laravel/framework/src/Illuminate/Support/helpers.php:390
/home/cmis-test/public_html/vendor/laravel/framework/src/Illuminate/Database/Eloquent/Builder.php:1218
/home/cmis-test/public_html/vendor/laravel/framework/src/Illuminate/Support/Traits/ForwardsCalls.php:23
/home/cmis-test/public_html/vendor/laravel/framework/src/Illuminate/Database/Eloquent/Model.php:2540
/home/cmis-test/public_html/vendor/laravel/framework/src/Illuminate/Database/Eloquent/Model.php:2556
/home/cmis-test/public_html/tests/Unit/Jobs/PublishToFacebookJobTest.php:160</error>
      </testcase>
      <testcase name="it_retries_on_failure" file="/home/cmis-test/public_html/tests/Unit/Jobs/PublishToFacebookJobTest.php" line="126" class="Tests\Unit\Jobs\PublishToFacebookJobTest" classname="Tests.Unit.Jobs.PublishToFacebookJobTest" assertions="0" time="0.332730">
        <error type="Illuminate\Database\QueryException">Tests\Unit\Jobs\PublishToFacebookJobTest::it_retries_on_failure
Illuminate\Database\QueryException: SQLSTATE[23502]: Not null violation: 7 ERROR:  null value in column "social_post_id" of relation "scheduled_social_posts_v2" violates not-null constraint
DETAIL:  Failing row contains (20da85db-92dc-408c-b7e9-163254e6e77b, null, 68614894-9267-4b56-a4ae-b8e564c53fc4, 2025-11-20 17:13:20+01, pending, null, 2025-11-20 17:13:20+01, 2025-11-20 17:13:20+01). (Connection: pgsql, SQL: insert into "cmis"."scheduled_social_posts_v2" ("org_id", "scheduled_at", "status", "scheduled_post_id", "updated_at", "created_at") values (68614894-9267-4b56-a4ae-b8e564c53fc4, 2025-11-20 17:13:20, pending, 20da85db-92dc-408c-b7e9-163254e6e77b, 2025-11-20 17:13:20, 2025-11-20 17:13:20))

/home/cmis-test/public_html/vendor/laravel/framework/src/Illuminate/Database/Connection.php:824
/home/cmis-test/public_html/vendor/laravel/framework/src/Illuminate/Database/Connection.php:778
/home/cmis-test/public_html/vendor/laravel/framework/src/Illuminate/Database/Connection.php:559
/home/cmis-test/public_html/vendor/laravel/framework/src/Illuminate/Database/Connection.php:523
/home/cmis-test/public_html/vendor/laravel/framework/src/Illuminate/Database/Query/Builder.php:3804
/home/cmis-test/public_html/vendor/laravel/framework/src/Illuminate/Database/Eloquent/Builder.php:2235
/home/cmis-test/public_html/vendor/laravel/framework/src/Illuminate/Database/Eloquent/Model.php:1412
/home/cmis-test/public_html/vendor/laravel/framework/src/Illuminate/Database/Eloquent/Model.php:1240
/home/cmis-test/public_html/vendor/laravel/framework/src/Illuminate/Database/Eloquent/Builder.php:1219
/home/cmis-test/public_html/vendor/laravel/framework/src/Illuminate/Support/helpers.php:390
/home/cmis-test/public_html/vendor/laravel/framework/src/Illuminate/Database/Eloquent/Builder.php:1218
/home/cmis-test/public_html/vendor/laravel/framework/src/Illuminate/Support/Traits/ForwardsCalls.php:23
/home/cmis-test/public_html/vendor/laravel/framework/src/Illuminate/Database/Eloquent/Model.php:2540
/home/cmis-test/public_html/vendor/laravel/framework/src/Illuminate/Database/Eloquent/Model.php:2556
/home/cmis-test/public_html/tests/Unit/Jobs/PublishToFacebookJobTest.php:133</error>
      </testcase>
      <testcase name="it_validates_post_content_before_publishing" file="/home/cmis-test/public_html/tests/Unit/Jobs/PublishToFacebookJobTest.php" line="188" class="Tests\Unit\Jobs\PublishToFacebookJobTest" classname="Tests.Unit.Jobs.PublishToFacebookJobTest" assertions="0" time="0.323216">
        <error type="Illuminate\Database\QueryException">Tests\Unit\Jobs\PublishToFacebookJobTest::it_validates_post_content_before_publishing
Illuminate\Database\QueryException: SQLSTATE[23502]: Not null violation: 7 ERROR:  null value in column "social_post_id" of relation "scheduled_social_posts_v2" violates not-null constraint
DETAIL:  Failing row contains (adb01157-8b6e-449f-8d5f-8b1283f8b1fa, null, 24a63f6d-33b0-48bb-9fe5-b936a1bcd5db, 2025-11-20 17:13:20+01, pending, null, 2025-11-20 17:13:20+01, 2025-11-20 17:13:20+01). (Connection: pgsql, SQL: insert into "cmis"."scheduled_social_posts_v2" ("org_id", "scheduled_at", "status", "scheduled_post_id", "updated_at", "created_at") values (24a63f6d-33b0-48bb-9fe5-b936a1bcd5db, 2025-11-20 17:13:20, pending, adb01157-8b6e-449f-8d5f-8b1283f8b1fa, 2025-11-20 17:13:20, 2025-11-20 17:13:20))

/home/cmis-test/public_html/vendor/laravel/framework/src/Illuminate/Database/Connection.php:824
/home/cmis-test/public_html/vendor/laravel/framework/src/Illuminate/Database/Connection.php:778
/home/cmis-test/public_html/vendor/laravel/framework/src/Illuminate/Database/Connection.php:559
/home/cmis-test/public_html/vendor/laravel/framework/src/Illuminate/Database/Connection.php:523
/home/cmis-test/public_html/vendor/laravel/framework/src/Illuminate/Database/Query/Builder.php:3804
/home/cmis-test/public_html/vendor/laravel/framework/src/Illuminate/Database/Eloquent/Builder.php:2235
/home/cmis-test/public_html/vendor/laravel/framework/src/Illuminate/Database/Eloquent/Model.php:1412
/home/cmis-test/public_html/vendor/laravel/framework/src/Illuminate/Database/Eloquent/Model.php:1240
/home/cmis-test/public_html/vendor/laravel/framework/src/Illuminate/Database/Eloquent/Builder.php:1219
/home/cmis-test/public_html/vendor/laravel/framework/src/Illuminate/Support/helpers.php:390
/home/cmis-test/public_html/vendor/laravel/framework/src/Illuminate/Database/Eloquent/Builder.php:1218
/home/cmis-test/public_html/vendor/laravel/framework/src/Illuminate/Support/Traits/ForwardsCalls.php:23
/home/cmis-test/public_html/vendor/laravel/framework/src/Illuminate/Database/Eloquent/Model.php:2540
/home/cmis-test/public_html/vendor/laravel/framework/src/Illuminate/Database/Eloquent/Model.php:2556
/home/cmis-test/public_html/tests/Unit/Jobs/PublishToFacebookJobTest.php:193</error>
      </testcase>
      <testcase name="it_can_be_dispatched" file="/home/cmis-test/public_html/tests/Unit/Jobs/PublishToFacebookJobTest.php" line="28" class="Tests\Unit\Jobs\PublishToFacebookJobTest" classname="Tests.Unit.Jobs.PublishToFacebookJobTest" assertions="0" time="0.328902">
        <error type="Illuminate\Database\QueryException">Tests\Unit\Jobs\PublishToFacebookJobTest::it_can_be_dispatched
Illuminate\Database\QueryException: SQLSTATE[23502]: Not null violation: 7 ERROR:  null value in column "social_post_id" of relation "scheduled_social_posts_v2" violates not-null constraint
DETAIL:  Failing row contains (b8ade3ca-2991-484e-989d-07104b81c4c3, null, 12a9fb64-954c-486b-8500-e36470c23863, 2025-11-20 18:13:20+01, pending, null, 2025-11-20 17:13:20+01, 2025-11-20 17:13:20+01). (Connection: pgsql, SQL: insert into "cmis"."scheduled_social_posts_v2" ("org_id", "scheduled_at", "status", "scheduled_post_id", "updated_at", "created_at") values (12a9fb64-954c-486b-8500-e36470c23863, 2025-11-20 18:13:20, pending, b8ade3ca-2991-484e-989d-07104b81c4c3, 2025-11-20 17:13:20, 2025-11-20 17:13:20))

/home/cmis-test/public_html/vendor/laravel/framework/src/Illuminate/Database/Connection.php:824
/home/cmis-test/public_html/vendor/laravel/framework/src/Illuminate/Database/Connection.php:778
/home/cmis-test/public_html/vendor/laravel/framework/src/Illuminate/Database/Connection.php:559
/home/cmis-test/public_html/vendor/laravel/framework/src/Illuminate/Database/Connection.php:523
/home/cmis-test/public_html/vendor/laravel/framework/src/Illuminate/Database/Query/Builder.php:3804
/home/cmis-test/public_html/vendor/laravel/framework/src/Illuminate/Database/Eloquent/Builder.php:2235
/home/cmis-test/public_html/vendor/laravel/framework/src/Illuminate/Database/Eloquent/Model.php:1412
/home/cmis-test/public_html/vendor/laravel/framework/src/Illuminate/Database/Eloquent/Model.php:1240
/home/cmis-test/public_html/vendor/laravel/framework/src/Illuminate/Database/Eloquent/Builder.php:1219
/home/cmis-test/public_html/vendor/laravel/framework/src/Illuminate/Support/helpers.php:390
/home/cmis-test/public_html/vendor/laravel/framework/src/Illuminate/Database/Eloquent/Builder.php:1218
/home/cmis-test/public_html/vendor/laravel/framework/src/Illuminate/Support/Traits/ForwardsCalls.php:23
/home/cmis-test/public_html/vendor/laravel/framework/src/Illuminate/Database/Eloquent/Model.php:2540
/home/cmis-test/public_html/vendor/laravel/framework/src/Illuminate/Database/Eloquent/Model.php:2556
/home/cmis-test/public_html/tests/Unit/Jobs/PublishToFacebookJobTest.php:35</error>
      </testcase>
      <testcase name="it_publishes_post_to_facebook" file="/home/cmis-test/public_html/tests/Unit/Jobs/PublishToFacebookJobTest.php" line="55" class="Tests\Unit\Jobs\PublishToFacebookJobTest" classname="Tests.Unit.Jobs.PublishToFacebookJobTest" assertions="0" time="0.363103">
        <error type="Illuminate\Database\QueryException">Tests\Unit\Jobs\PublishToFacebookJobTest::it_publishes_post_to_facebook
Illuminate\Database\QueryException: SQLSTATE[23502]: Not null violation: 7 ERROR:  null value in column "social_post_id" of relation "scheduled_social_posts_v2" violates not-null constraint
DETAIL:  Failing row contains (46c7407b-a273-4f85-ae0b-4f4c64165f00, null, 70d34354-a60b-4045-ac28-4b61ea7f302d, 2025-11-20 17:13:21+01, pending, null, 2025-11-20 17:13:21+01, 2025-11-20 17:13:21+01). (Connection: pgsql, SQL: insert into "cmis"."scheduled_social_posts_v2" ("org_id", "scheduled_at", "status", "scheduled_post_id", "updated_at", "created_at") values (70d34354-a60b-4045-ac28-4b61ea7f302d, 2025-11-20 17:13:21, pending, 46c7407b-a273-4f85-ae0b-4f4c64165f00, 2025-11-20 17:13:21, 2025-11-20 17:13:21))

/home/cmis-test/public_html/vendor/laravel/framework/src/Illuminate/Database/Connection.php:824
/home/cmis-test/public_html/vendor/laravel/framework/src/Illuminate/Database/Connection.php:778
/home/cmis-test/public_html/vendor/laravel/framework/src/Illuminate/Database/Connection.php:559
/home/cmis-test/public_html/vendor/laravel/framework/src/Illuminate/Database/Connection.php:523
/home/cmis-test/public_html/vendor/laravel/framework/src/Illuminate/Database/Query/Builder.php:3804
/home/cmis-test/public_html/vendor/laravel/framework/src/Illuminate/Database/Eloquent/Builder.php:2235
/home/cmis-test/public_html/vendor/laravel/framework/src/Illuminate/Database/Eloquent/Model.php:1412
/home/cmis-test/public_html/vendor/laravel/framework/src/Illuminate/Database/Eloquent/Model.php:1240
/home/cmis-test/public_html/vendor/laravel/framework/src/Illuminate/Database/Eloquent/Builder.php:1219
/home/cmis-test/public_html/vendor/laravel/framework/src/Illuminate/Support/helpers.php:390
/home/cmis-test/public_html/vendor/laravel/framework/src/Illuminate/Database/Eloquent/Builder.php:1218
/home/cmis-test/public_html/vendor/laravel/framework/src/Illuminate/Support/Traits/ForwardsCalls.php:23
/home/cmis-test/public_html/vendor/laravel/framework/src/Illuminate/Database/Eloquent/Model.php:2540
/home/cmis-test/public_html/vendor/laravel/framework/src/Illuminate/Database/Eloquent/Model.php:2556
/home/cmis-test/public_html/tests/Unit/Jobs/PublishToFacebookJobTest.php:62</error>
      </testcase>
    </testsuite>
    <testsuite name="Tests\Unit\Jobs\SendSMSJobTest" file="/home/cmis-test/public_html/tests/Unit/Jobs/SendSMSJobTest.php" tests="8" assertions="1" errors="7" failures="0" skipped="0" time="0.621019">
      <testcase name="it_supports_message_personalization" file="/home/cmis-test/public_html/tests/Unit/Jobs/SendSMSJobTest.php" line="150" class="Tests\Unit\Jobs\SendSMSJobTest" classname="Tests.Unit.Jobs.SendSMSJobTest" assertions="0" time="0.070885">
        <error type="Error">Tests\Unit\Jobs\SendSMSJobTest::it_supports_message_personalization
Error: Call to undefined method Tests\Unit\Jobs\SendSMSJobTest::mockSMSProvider()

/home/cmis-test/public_html/tests/Unit/Jobs/SendSMSJobTest.php:165</error>
      </testcase>
      <testcase name="it_can_be_dispatched" file="/home/cmis-test/public_html/tests/Unit/Jobs/SendSMSJobTest.php" line="89" class="Tests\Unit\Jobs\SendSMSJobTest" classname="Tests.Unit.Jobs.SendSMSJobTest" assertions="1" time="0.076264"/>
      <testcase name="it_splits_long_messages" file="/home/cmis-test/public_html/tests/Unit/Jobs/SendSMSJobTest.php" line="248" class="Tests\Unit\Jobs\SendSMSJobTest" classname="Tests.Unit.Jobs.SendSMSJobTest" assertions="0" time="0.078015">
        <error type="Error">Tests\Unit\Jobs\SendSMSJobTest::it_splits_long_messages
Error: Call to undefined method Tests\Unit\Jobs\SendSMSJobTest::mockSMSProvider()

/home/cmis-test/public_html/tests/Unit/Jobs/SendSMSJobTest.php:263</error>
      </testcase>
      <testcase name="it_handles_rate_limiting" file="/home/cmis-test/public_html/tests/Unit/Jobs/SendSMSJobTest.php" line="214" class="Tests\Unit\Jobs\SendSMSJobTest" classname="Tests.Unit.Jobs.SendSMSJobTest" assertions="0" time="0.083494">
        <error type="Error">Tests\Unit\Jobs\SendSMSJobTest::it_handles_rate_limiting
Error: Call to undefined method Tests\Unit\Jobs\SendSMSJobTest::mockSMSProvider()

/home/cmis-test/public_html/tests/Unit/Jobs/SendSMSJobTest.php:229</error>
      </testcase>
      <testcase name="it_sends_arabic_message" file="/home/cmis-test/public_html/tests/Unit/Jobs/SendSMSJobTest.php" line="58" class="Tests\Unit\Jobs\SendSMSJobTest" classname="Tests.Unit.Jobs.SendSMSJobTest" assertions="0" time="0.089539">
        <error type="Error">Tests\Unit\Jobs\SendSMSJobTest::it_sends_arabic_message
Error: Call to undefined method Tests\Unit\Jobs\SendSMSJobTest::mockSMSProvider()

/home/cmis-test/public_html/tests/Unit/Jobs/SendSMSJobTest.php:73</error>
      </testcase>
      <testcase name="it_handles_invalid_phone_number" file="/home/cmis-test/public_html/tests/Unit/Jobs/SendSMSJobTest.php" line="117" class="Tests\Unit\Jobs\SendSMSJobTest" classname="Tests.Unit.Jobs.SendSMSJobTest" assertions="0" time="0.074121">
        <error type="Error">Tests\Unit\Jobs\SendSMSJobTest::it_handles_invalid_phone_number
Error: Call to undefined method Tests\Unit\Jobs\SendSMSJobTest::mockSMSProvider()

/home/cmis-test/public_html/tests/Unit/Jobs/SendSMSJobTest.php:132</error>
      </testcase>
      <testcase name="it_sends_sms_to_contact" file="/home/cmis-test/public_html/tests/Unit/Jobs/SendSMSJobTest.php" line="29" class="Tests\Unit\Jobs\SendSMSJobTest" classname="Tests.Unit.Jobs.SendSMSJobTest" assertions="0" time="0.067773">
        <error type="Error">Tests\Unit\Jobs\SendSMSJobTest::it_sends_sms_to_contact
Error: Call to undefined method Tests\Unit\Jobs\SendSMSJobTest::mockSMSProvider()

/home/cmis-test/public_html/tests/Unit/Jobs/SendSMSJobTest.php:44</error>
      </testcase>
      <testcase name="it_tracks_sms_delivery_status" file="/home/cmis-test/public_html/tests/Unit/Jobs/SendSMSJobTest.php" line="181" class="Tests\Unit\Jobs\SendSMSJobTest" classname="Tests.Unit.Jobs.SendSMSJobTest" assertions="0" time="0.080928">
        <error type="Error">Tests\Unit\Jobs\SendSMSJobTest::it_tracks_sms_delivery_status
Error: Call to undefined method Tests\Unit\Jobs\SendSMSJobTest::mockSMSProvider()

/home/cmis-test/public_html/tests/Unit/Jobs/SendSMSJobTest.php:196</error>
      </testcase>
    </testsuite>
  </testsuite>
</testsuites>
