<?xml version="1.0" encoding="UTF-8"?>
<testsuites>
  <testsuite name="/home/user/cmis.marketing.limited/phpunit.xml" tests="28" assertions="68" errors="0" failures="0" skipped="0" time="2.278383">
    <testsuite name="Unit" tests="28" assertions="68" errors="0" failures="0" skipped="0" time="2.278383">
      <testsuite name="Tests\Unit\Services\ComplianceValidationServiceTest" file="/home/user/cmis.marketing.limited/tests/Unit/Services/ComplianceValidationServiceTest.php" tests="28" assertions="68" errors="0" failures="0" skipped="0" time="2.278383">
        <testcase name="it_accumulates_score_deductions" file="/home/user/cmis.marketing.limited/tests/Unit/Services/ComplianceValidationServiceTest.php" line="430" class="Tests\Unit\Services\ComplianceValidationServiceTest" classname="Tests.Unit.Services.ComplianceValidationServiceTest" assertions="1" time="0.479920"/>
        <testcase name="it_validates_compliant_content" file="/home/user/cmis.marketing.limited/tests/Unit/Services/ComplianceValidationServiceTest.php" line="21" class="Tests\Unit\Services\ComplianceValidationServiceTest" classname="Tests.Unit.Services.ComplianceValidationServiceTest" assertions="3" time="0.071711"/>
        <testcase name="it_validates_instagram_specific_rules" file="/home/user/cmis.marketing.limited/tests/Unit/Services/ComplianceValidationServiceTest.php" line="289" class="Tests\Unit\Services\ComplianceValidationServiceTest" classname="Tests.Unit.Services.ComplianceValidationServiceTest" assertions="2" time="0.065003"/>
        <testcase name="it_calculates_compliance_score" file="/home/user/cmis.marketing.limited/tests/Unit/Services/ComplianceValidationServiceTest.php" line="130" class="Tests\Unit\Services\ComplianceValidationServiceTest" classname="Tests.Unit.Services.ComplianceValidationServiceTest" assertions="5" time="0.072249"/>
        <testcase name="it_validates_empty_content" file="/home/user/cmis.marketing.limited/tests/Unit/Services/ComplianceValidationServiceTest.php" line="194" class="Tests\Unit\Services\ComplianceValidationServiceTest" classname="Tests.Unit.Services.ComplianceValidationServiceTest" assertions="2" time="0.064768"/>
        <testcase name="it_applies_rules_based_on_context" file="/home/user/cmis.marketing.limited/tests/Unit/Services/ComplianceValidationServiceTest.php" line="113" class="Tests\Unit\Services\ComplianceValidationServiceTest" classname="Tests.Unit.Services.ComplianceValidationServiceTest" assertions="2" time="0.068126"/>
        <testcase name="it_detects_offensive_content" file="/home/user/cmis.marketing.limited/tests/Unit/Services/ComplianceValidationServiceTest.php" line="50" class="Tests\Unit\Services\ComplianceValidationServiceTest" classname="Tests.Unit.Services.ComplianceValidationServiceTest" assertions="2" time="0.064416"/>
        <testcase name="it_includes_severity_in_violations" file="/home/user/cmis.marketing.limited/tests/Unit/Services/ComplianceValidationServiceTest.php" line="244" class="Tests\Unit\Services\ComplianceValidationServiceTest" classname="Tests.Unit.Services.ComplianceValidationServiceTest" assertions="2" time="0.069308"/>
        <testcase name="it_handles_multiple_context_attributes" file="/home/user/cmis.marketing.limited/tests/Unit/Services/ComplianceValidationServiceTest.php" line="389" class="Tests\Unit\Services\ComplianceValidationServiceTest" classname="Tests.Unit.Services.ComplianceValidationServiceTest" assertions="2" time="0.061015"/>
        <testcase name="it_returns_proper_structure" file="/home/user/cmis.marketing.limited/tests/Unit/Services/ComplianceValidationServiceTest.php" line="227" class="Tests\Unit\Services\ComplianceValidationServiceTest" classname="Tests.Unit.Services.ComplianceValidationServiceTest" assertions="9" time="0.061533"/>
        <testcase name="it_provides_warnings_for_eu_market" file="/home/user/cmis.marketing.limited/tests/Unit/Services/ComplianceValidationServiceTest.php" line="160" class="Tests\Unit\Services\ComplianceValidationServiceTest" classname="Tests.Unit.Services.ComplianceValidationServiceTest" assertions="1" time="0.062082"/>
        <testcase name="it_includes_rule_information_in_violations" file="/home/user/cmis.marketing.limited/tests/Unit/Services/ComplianceValidationServiceTest.php" line="259" class="Tests\Unit\Services\ComplianceValidationServiceTest" classname="Tests.Unit.Services.ComplianceValidationServiceTest" assertions="3" time="0.062881"/>
        <testcase name="it_handles_hashtags_in_content" file="/home/user/cmis.marketing.limited/tests/Unit/Services/ComplianceValidationServiceTest.php" line="357" class="Tests\Unit\Services\ComplianceValidationServiceTest" classname="Tests.Unit.Services.ComplianceValidationServiceTest" assertions="2" time="0.067725"/>
        <testcase name="it_can_add_custom_rules" file="/home/user/cmis.marketing.limited/tests/Unit/Services/ComplianceValidationServiceTest.php" line="91" class="Tests\Unit\Services\ComplianceValidationServiceTest" classname="Tests.Unit.Services.ComplianceValidationServiceTest" assertions="1" time="0.093913"/>
        <testcase name="it_provides_warnings_for_us_market" file="/home/user/cmis.marketing.limited/tests/Unit/Services/ComplianceValidationServiceTest.php" line="147" class="Tests\Unit\Services\ComplianceValidationServiceTest" classname="Tests.Unit.Services.ComplianceValidationServiceTest" assertions="1" time="0.069592"/>
        <testcase name="it_validates_facebook_specific_rules" file="/home/user/cmis.marketing.limited/tests/Unit/Services/ComplianceValidationServiceTest.php" line="275" class="Tests\Unit\Services\ComplianceValidationServiceTest" classname="Tests.Unit.Services.ComplianceValidationServiceTest" assertions="2" time="0.063585"/>
        <testcase name="it_provides_suggestions" file="/home/user/cmis.marketing.limited/tests/Unit/Services/ComplianceValidationServiceTest.php" line="302" class="Tests\Unit\Services\ComplianceValidationServiceTest" classname="Tests.Unit.Services.ComplianceValidationServiceTest" assertions="3" time="0.060339"/>
        <testcase name="it_handles_unicode_characters" file="/home/user/cmis.marketing.limited/tests/Unit/Services/ComplianceValidationServiceTest.php" line="335" class="Tests\Unit\Services\ComplianceValidationServiceTest" classname="Tests.Unit.Services.ComplianceValidationServiceTest" assertions="2" time="0.065094"/>
        <testcase name="it_handles_urls_in_content" file="/home/user/cmis.marketing.limited/tests/Unit/Services/ComplianceValidationServiceTest.php" line="346" class="Tests\Unit\Services\ComplianceValidationServiceTest" classname="Tests.Unit.Services.ComplianceValidationServiceTest" assertions="2" time="0.070451"/>
        <testcase name="it_detects_health_claims" file="/home/user/cmis.marketing.limited/tests/Unit/Services/ComplianceValidationServiceTest.php" line="70" class="Tests\Unit\Services\ComplianceValidationServiceTest" classname="Tests.Unit.Services.ComplianceValidationServiceTest" assertions="3" time="0.065421"/>
        <testcase name="it_detects_social_media_length_violations" file="/home/user/cmis.marketing.limited/tests/Unit/Services/ComplianceValidationServiceTest.php" line="33" class="Tests\Unit\Services\ComplianceValidationServiceTest" classname="Tests.Unit.Services.ComplianceValidationServiceTest" assertions="4" time="0.059750"/>
        <testcase name="it_handles_special_characters" file="/home/user/cmis.marketing.limited/tests/Unit/Services/ComplianceValidationServiceTest.php" line="324" class="Tests\Unit\Services\ComplianceValidationServiceTest" classname="Tests.Unit.Services.ComplianceValidationServiceTest" assertions="2" time="0.065791"/>
        <testcase name="it_detects_case_insensitive_violations" file="/home/user/cmis.marketing.limited/tests/Unit/Services/ComplianceValidationServiceTest.php" line="213" class="Tests\Unit\Services\ComplianceValidationServiceTest" classname="Tests.Unit.Services.ComplianceValidationServiceTest" assertions="2" time="0.060897"/>
        <testcase name="it_handles_multiple_violations" file="/home/user/cmis.marketing.limited/tests/Unit/Services/ComplianceValidationServiceTest.php" line="181" class="Tests\Unit\Services\ComplianceValidationServiceTest" classname="Tests.Unit.Services.ComplianceValidationServiceTest" assertions="3" time="0.058496"/>
        <testcase name="it_respects_minimum_score_of_zero" file="/home/user/cmis.marketing.limited/tests/Unit/Services/ComplianceValidationServiceTest.php" line="443" class="Tests\Unit\Services\ComplianceValidationServiceTest" classname="Tests.Unit.Services.ComplianceValidationServiceTest" assertions="2" time="0.062020"/>
        <testcase name="it_validates_short_content" file="/home/user/cmis.marketing.limited/tests/Unit/Services/ComplianceValidationServiceTest.php" line="203" class="Tests\Unit\Services\ComplianceValidationServiceTest" classname="Tests.Unit.Services.ComplianceValidationServiceTest" assertions="1" time="0.093351"/>
        <testcase name="it_validates_ccpa_for_california" file="/home/user/cmis.marketing.limited/tests/Unit/Services/ComplianceValidationServiceTest.php" line="368" class="Tests\Unit\Services\ComplianceValidationServiceTest" classname="Tests.Unit.Services.ComplianceValidationServiceTest" assertions="1" time="0.061348"/>
        <testcase name="it_rejects_critical_violations_immediately" file="/home/user/cmis.marketing.limited/tests/Unit/Services/ComplianceValidationServiceTest.php" line="404" class="Tests\Unit\Services\ComplianceValidationServiceTest" classname="Tests.Unit.Services.ComplianceValidationServiceTest" assertions="3" time="0.057599"/>
      </testsuite>
    </testsuite>
  </testsuite>
</testsuites>
