<?xml version="1.0" encoding="UTF-8"?>
<testsuites>
  <testsuite name="Tests\Unit\Models\OrgTest" file="/home/user/cmis.marketing.limited/tests/Unit/Models/OrgTest.php" tests="10" assertions="13" errors="2" failures="1" skipped="0" time="15.415609">
    <testcase name="it_has_many_campaigns" file="/home/user/cmis.marketing.limited/tests/Unit/Models/OrgTest.php" line="80" class="Tests\Unit\Models\OrgTest" classname="Tests.Unit.Models.OrgTest" assertions="1" time="14.375042">
      <system-out>Enabling RLS on cmis.orgs...
Enabling RLS on cmis.org_markets...
Enabling RLS on cmis.user_orgs...
Enabling RLS on cmis.campaigns...
Enabling RLS on cmis.content_plans...
Enabling RLS on cmis.content_items...
Enabling RLS on cmis.creative_assets...
Enabling RLS on cmis.ad_accounts...
Enabling RLS on cmis.ad_campaigns...
Enabling RLS on cmis.ad_sets...
Enabling RLS on cmis.ad_entities...
Enabling RLS on cmis.ad_metrics...
Creating RLS policy for cmis.orgs...
Creating RLS policy for cmis.org_markets...
Creating RLS policy for cmis.user_orgs...
Creating RLS policy for cmis.campaigns...
Creating RLS policy for cmis.content_plans...
Creating RLS policy for cmis.content_items...
Creating RLS policy for cmis.creative_assets...
Creating RLS policy for cmis.ad_accounts...
Creating RLS policy for cmis.ad_campaigns...
Creating RLS policy for cmis.ad_sets...
Creating RLS policy for cmis.ad_entities...
Creating RLS policy for cmis.ad_metrics...
Row-Level Security enabled successfully!

⚠️  CRITICAL MIGRATION: Converting users.user_id from BIGINT to UUID
This will invalidate all existing user sessions and API tokens.
Press Ctrl+C within 10 seconds to abort...

Step 1/10: Checking current schema...
✓ Users table already uses UUID. Skipping migration.

📊 Adding performance indexes...

Creating indexes for campaigns table...
⚠ Warning: Could not create index idx_campaigns_org_status: SQLSTATE[25001]: Active sql transaction: 7 ERROR:  CREATE INDEX CONCURRENTLY cannot run inside a transaction block (Connection: pgsql, SQL: 
                    CREATE INDEX CONCURRENTLY IF NOT EXISTS idx_campaigns_org_status
                    ON cmis.campaigns (org_id, status)
                )
⚠ Warning: Could not create index idx_campaigns_dates: SQLSTATE[25P02]: In failed sql transaction: 7 ERROR:  current transaction is aborted, commands ignored until end of transaction block (Connection: pgsql, SQL: 
                    CREATE INDEX CONCURRENTLY IF NOT EXISTS idx_campaigns_dates
                    ON cmis.campaigns (start_date, end_date)
                )
⚠ Warning: Could not create index idx_campaigns_created: SQLSTATE[25P02]: In failed sql transaction: 7 ERROR:  current transaction is aborted, commands ignored until end of transaction block (Connection: pgsql, SQL: 
                    CREATE INDEX CONCURRENTLY IF NOT EXISTS idx_campaigns_created
                    ON cmis.campaigns (created_at DESC)
                )
Creating indexes for content_plans table...
⚠ Warning: Could not create index idx_content_plans_campaign: SQLSTATE[25P02]: In failed sql transaction: 7 ERROR:  current transaction is aborted, commands ignored until end of transaction block (Connection: pgsql, SQL: 
                    CREATE INDEX CONCURRENTLY IF NOT EXISTS idx_content_plans_campaign
                    ON cmis.content_plans (campaign_id, status)
                )
⚠ Warning: Could not create index idx_content_plans_org: SQLSTATE[25P02]: In failed sql transaction: 7 ERROR:  current transaction is aborted, commands ignored until end of transaction block (Connection: pgsql, SQL: 
                    CREATE INDEX CONCURRENTLY IF NOT EXISTS idx_content_plans_org
                    ON cmis.content_plans (org_id, created_at DESC)
                )
Creating indexes for content_items table...
⚠ Warning: Could not create index idx_content_items_plan: SQLSTATE[25P02]: In failed sql transaction: 7 ERROR:  current transaction is aborted, commands ignored until end of transaction block (Connection: pgsql, SQL: 
                    CREATE INDEX CONCURRENTLY IF NOT EXISTS idx_content_items_plan
                    ON cmis.content_items (content_plan_id)
                )
⚠ Warning: Could not create index idx_content_items_status: SQLSTATE[25P02]: In failed sql transaction: 7 ERROR:  current transaction is aborted, commands ignored until end of transaction block (Connection: pgsql, SQL: 
                    CREATE INDEX CONCURRENTLY IF NOT EXISTS idx_content_items_status
                    ON cmis.content_items (status, scheduled_at)
                )
Creating indexes for knowledge_base table...
⚠ Warning: Could not create index idx_knowledge_org_type: SQLSTATE[25P02]: In failed sql transaction: 7 ERROR:  current transaction is aborted, commands ignored until end of transaction block (Connection: pgsql, SQL: 
                    CREATE INDEX CONCURRENTLY IF NOT EXISTS idx_knowledge_org_type
                    ON cmis.knowledge_base (org_id, content_type)
                )
⚠ Warning: Could not create index idx_knowledge_created: SQLSTATE[25P02]: In failed sql transaction: 7 ERROR:  current transaction is aborted, commands ignored until end of transaction block (Connection: pgsql, SQL: 
                    CREATE INDEX CONCURRENTLY IF NOT EXISTS idx_knowledge_created
                    ON cmis.knowledge_base (created_at DESC)
                )
⚠ Warning: Could not create index idx_knowledge_title: SQLSTATE[25P02]: In failed sql transaction: 7 ERROR:  current transaction is aborted, commands ignored until end of transaction block (Connection: pgsql, SQL: 
                    CREATE INDEX CONCURRENTLY IF NOT EXISTS idx_knowledge_title
                    ON cmis.knowledge_base (title)
                )
Creating vector index for knowledge_embeddings table...
⚠ Warning: Could not create index idx_embeddings_vector: SQLSTATE[25P02]: In failed sql transaction: 7 ERROR:  current transaction is aborted, commands ignored until end of transaction block (Connection: pgsql, SQL: 
                    CREATE INDEX CONCURRENTLY IF NOT EXISTS idx_embeddings_vector
                    ON cmis.knowledge_embeddings
                    USING ivfflat (embedding vector_cosine_ops)
                )
⚠ Warning: Could not create index idx_embeddings_knowledge: SQLSTATE[25P02]: In failed sql transaction: 7 ERROR:  current transaction is aborted, commands ignored until end of transaction block (Connection: pgsql, SQL: 
                    CREATE INDEX CONCURRENTLY IF NOT EXISTS idx_embeddings_knowledge
                    ON cmis.knowledge_embeddings (knowledge_id)
                )
Creating indexes for ad_accounts table...
⚠ Warning: Could not create index idx_ad_accounts_org: SQLSTATE[25P02]: In failed sql transaction: 7 ERROR:  current transaction is aborted, commands ignored until end of transaction block (Connection: pgsql, SQL: 
                    CREATE INDEX CONCURRENTLY IF NOT EXISTS idx_ad_accounts_org
                    ON cmis.ad_accounts (org_id, platform)
                )
⚠ Warning: Could not create index idx_ad_accounts_status: SQLSTATE[25P02]: In failed sql transaction: 7 ERROR:  current transaction is aborted, commands ignored until end of transaction block (Connection: pgsql, SQL: 
                    CREATE INDEX CONCURRENTLY IF NOT EXISTS idx_ad_accounts_status
                    ON cmis.ad_accounts (status)
                )
Creating indexes for ad_campaigns table...
⚠ Warning: Could not create index idx_ad_campaigns_account: SQLSTATE[25P02]: In failed sql transaction: 7 ERROR:  current transaction is aborted, commands ignored until end of transaction block (Connection: pgsql, SQL: 
                    CREATE INDEX CONCURRENTLY IF NOT EXISTS idx_ad_campaigns_account
                    ON cmis.ad_campaigns (ad_account_id, status)
                )
⚠ Warning: Could not create index idx_ad_campaigns_dates: SQLSTATE[25P02]: In failed sql transaction: 7 ERROR:  current transaction is aborted, commands ignored until end of transaction block (Connection: pgsql, SQL: 
                    CREATE INDEX CONCURRENTLY IF NOT EXISTS idx_ad_campaigns_dates
                    ON cmis.ad_campaigns (start_date, end_date)
                )
Creating indexes for ad_metrics table...
⚠ Warning: Could not create index idx_ad_metrics_entity_date: SQLSTATE[25P02]: In failed sql transaction: 7 ERROR:  current transaction is aborted, commands ignored until end of transaction block (Connection: pgsql, SQL: 
                    CREATE INDEX CONCURRENTLY IF NOT EXISTS idx_ad_metrics_entity_date
                    ON cmis.ad_metrics (ad_entity_id, recorded_at DESC)
                )
⚠ Warning: Could not create index idx_ad_metrics_date: SQLSTATE[25P02]: In failed sql transaction: 7 ERROR:  current transaction is aborted, commands ignored until end of transaction block (Connection: pgsql, SQL: 
                    CREATE INDEX CONCURRENTLY IF NOT EXISTS idx_ad_metrics_date
                    ON cmis.ad_metrics (recorded_at DESC)
                )
⚠ Warning: Could not create index idx_ad_metrics_campaign: SQLSTATE[25P02]: In failed sql transaction: 7 ERROR:  current transaction is aborted, commands ignored until end of transaction block (Connection: pgsql, SQL: 
                    CREATE INDEX CONCURRENTLY IF NOT EXISTS idx_ad_metrics_campaign
                    ON cmis.ad_metrics (ad_campaign_id, recorded_at DESC)
                )
Creating indexes for user_orgs table...
⚠ Warning: Could not create index idx_user_orgs_user: SQLSTATE[25P02]: In failed sql transaction: 7 ERROR:  current transaction is aborted, commands ignored until end of transaction block (Connection: pgsql, SQL: 
                    CREATE INDEX CONCURRENTLY IF NOT EXISTS idx_user_orgs_user
                    ON cmis.user_orgs (user_id, is_active)
                )
⚠ Warning: Could not create index idx_user_orgs_org: SQLSTATE[25P02]: In failed sql transaction: 7 ERROR:  current transaction is aborted, commands ignored until end of transaction block (Connection: pgsql, SQL: 
                    CREATE INDEX CONCURRENTLY IF NOT EXISTS idx_user_orgs_org
                    ON cmis.user_orgs (org_id, is_active)
                )
Creating indexes for creative_assets table...
⚠ Warning: Could not create index idx_creative_assets_org: SQLSTATE[25P02]: In failed sql transaction: 7 ERROR:  current transaction is aborted, commands ignored until end of transaction block (Connection: pgsql, SQL: 
                    CREATE INDEX CONCURRENTLY IF NOT EXISTS idx_creative_assets_org
                    ON cmis.creative_assets (org_id, asset_type)
                )
⚠ Warning: Could not create index idx_creative_assets_created: SQLSTATE[25P02]: In failed sql transaction: 7 ERROR:  current transaction is aborted, commands ignored until end of transaction block (Connection: pgsql, SQL: 
                    CREATE INDEX CONCURRENTLY IF NOT EXISTS idx_creative_assets_created
                    ON cmis.creative_assets (created_at DESC)
                )
Creating indexes for compliance_audits table...
⚠ Warning: Could not create index idx_compliance_audits_content: SQLSTATE[25P02]: In failed sql transaction: 7 ERROR:  current transaction is aborted, commands ignored until end of transaction block (Connection: pgsql, SQL: 
                    CREATE INDEX CONCURRENTLY IF NOT EXISTS idx_compliance_audits_content
                    ON cmis.compliance_audits (content_item_id)
                )
⚠ Warning: Could not create index idx_compliance_audits_status: SQLSTATE[25P02]: In failed sql transaction: 7 ERROR:  current transaction is aborted, commands ignored until end of transaction block (Connection: pgsql, SQL: 
                    CREATE INDEX CONCURRENTLY IF NOT EXISTS idx_compliance_audits_status
                    ON cmis.compliance_audits (status, created_at DESC)
                )
Creating indexes for activity_logs table...
⚠ Warning: Could not create index idx_audit_user_date: SQLSTATE[25P02]: In failed sql transaction: 7 ERROR:  current transaction is aborted, commands ignored until end of transaction block (Connection: pgsql, SQL: 
                    CREATE INDEX CONCURRENTLY IF NOT EXISTS idx_audit_user_date
                    ON cmis_audit.activity_logs (user_id, created_at DESC)
                )
⚠ Warning: Could not create index idx_audit_action: SQLSTATE[25P02]: In failed sql transaction: 7 ERROR:  current transaction is aborted, commands ignored until end of transaction block (Connection: pgsql, SQL: 
                    CREATE INDEX CONCURRENTLY IF NOT EXISTS idx_audit_action
                    ON cmis_audit.activity_logs (action, created_at DESC)
                )
⚠ Warning: Could not create index idx_audit_model: SQLSTATE[25P02]: In failed sql transaction: 7 ERROR:  current transaction is aborted, commands ignored until end of transaction block (Connection: pgsql, SQL: 
                    CREATE INDEX CONCURRENTLY IF NOT EXISTS idx_audit_model
                    ON cmis_audit.activity_logs (model_type, model_id)
                )
Creating indexes for personal_access_tokens table...
⚠ Warning: Could not create index idx_tokens_tokenable: SQLSTATE[25P02]: In failed sql transaction: 7 ERROR:  current transaction is aborted, commands ignored until end of transaction block (Connection: pgsql, SQL: 
                    CREATE INDEX CONCURRENTLY IF NOT EXISTS idx_tokens_tokenable
                    ON personal_access_tokens (tokenable_type, tokenable_id)
                )
⚠ Warning: Could not create index idx_tokens_created: SQLSTATE[25P02]: In failed sql transaction: 7 ERROR:  current transaction is aborted, commands ignored until end of transaction block (Connection: pgsql, SQL: 
                    CREATE INDEX CONCURRENTLY IF NOT EXISTS idx_tokens_created
                    ON personal_access_tokens (created_at DESC)
                )

✓ All performance indexes created successfully!
✓ Query performance should be significantly improved


📊 Adding foreign key constraints for user reference columns...

⚠️  Could not add FK fk_user_permissions_user: SQLSTATE[42830]: Invalid foreign key: 7 ERROR:  there is no unique constraint matching given keys fo...
⚠️  Could not add FK fk_user_activities_user: SQLSTATE[42830]: Invalid foreign key: 7 ERROR:  there is no unique constraint matching given keys fo...
⚠️  Could not add FK fk_user_sessions_user: SQLSTATE[42830]: Invalid foreign key: 7 ERROR:  there is no unique constraint matching given keys fo...
⚠️  Could not add FK fk_sessions_user: SQLSTATE[42830]: Invalid foreign key: 7 ERROR:  there is no unique constraint matching given keys fo...
⚠️  Could not add FK fk_scheduled_social_posts_user: SQLSTATE[42830]: Invalid foreign key: 7 ERROR:  there is no unique constraint matching given keys fo...
⚠️  Could not add FK fk_security_context_audit_user: SQLSTATE[42830]: Invalid foreign key: 7 ERROR:  there is no unique constraint matching given keys fo...
⚠️  Could not add FK fk_audience_templates_created_by: SQLSTATE[42830]: Invalid foreign key: 7 ERROR:  there is no unique constraint matching given keys fo...
⚠️  Could not add FK fk_campaign_context_links_created_by: SQLSTATE[42830]: Invalid foreign key: 7 ERROR:  there is no unique constraint matching given keys fo...
⚠️  Could not add FK fk_campaigns_created_by: SQLSTATE[42830]: Invalid foreign key: 7 ERROR:  there is no unique constraint matching given keys fo...
⚠️  Could not add FK fk_integrations_created_by: SQLSTATE[42830]: Invalid foreign key: 7 ERROR:  there is no unique constraint matching given keys fo...
⚠️  Could not add FK fk_roles_created_by: SQLSTATE[42830]: Invalid foreign key: 7 ERROR:  there is no unique constraint matching given keys fo...
⚠️  Could not add FK fk_campaign_context_links_updated_by: SQLSTATE[42830]: Invalid foreign key: 7 ERROR:  there is no unique constraint matching given keys fo...
⚠️  Could not add FK fk_integrations_updated_by: SQLSTATE[42830]: Invalid foreign key: 7 ERROR:  there is no unique constraint matching given keys fo...
⚠️  Could not add FK fk_team_invitations_invited_by: SQLSTATE[42830]: Invalid foreign key: 7 ERROR:  there is no unique constraint matching given keys fo...
⚠️  Could not add FK fk_user_orgs_invited_by: SQLSTATE[42830]: Invalid foreign key: 7 ERROR:  there is no unique constraint matching given keys fo...

✅ Foreign key migration complete!
   Added: 0
   Skipped: 15

✓ Fixed performance_metrics constraints
✓ Notifications table created with RLS policies

📊 Creating foreign keys directly...

⚠️  Could not add FK fk_user_permissions_user: SQLSTATE[42830]: Invalid foreign key: 7 ERROR:  there is no unique constraint ma...
⚠️  Could not add FK fk_user_activities_user: SQLSTATE[42830]: Invalid foreign key: 7 ERROR:  there is no unique constraint ma...
⚠️  Could not add FK fk_user_sessions_user: SQLSTATE[42830]: Invalid foreign key: 7 ERROR:  there is no unique constraint ma...
⚠️  Could not add FK fk_sessions_user: SQLSTATE[42830]: Invalid foreign key: 7 ERROR:  there is no unique constraint ma...
⚠️  Could not add FK fk_scheduled_social_posts_user: SQLSTATE[42830]: Invalid foreign key: 7 ERROR:  there is no unique constraint ma...
⚠️  Could not add FK fk_security_context_audit_user: SQLSTATE[42830]: Invalid foreign key: 7 ERROR:  there is no unique constraint ma...
⚠️  Could not add FK fk_notifications_user: SQLSTATE[42830]: Invalid foreign key: 7 ERROR:  there is no unique constraint ma...
⚠️  Could not add FK fk_audience_templates_created_by: SQLSTATE[42830]: Invalid foreign key: 7 ERROR:  there is no unique constraint ma...
⚠️  Could not add FK fk_campaign_context_links_created_by: SQLSTATE[42830]: Invalid foreign key: 7 ERROR:  there is no unique constraint ma...
⚠️  Could not add FK fk_campaigns_created_by: SQLSTATE[42830]: Invalid foreign key: 7 ERROR:  there is no unique constraint ma...
⚠️  Could not add FK fk_integrations_created_by: SQLSTATE[42830]: Invalid foreign key: 7 ERROR:  there is no unique constraint ma...
⚠️  Could not add FK fk_roles_created_by: SQLSTATE[42830]: Invalid foreign key: 7 ERROR:  there is no unique constraint ma...
⚠️  Could not add FK fk_campaign_context_links_updated_by: SQLSTATE[42830]: Invalid foreign key: 7 ERROR:  there is no unique constraint ma...
⚠️  Could not add FK fk_integrations_updated_by: SQLSTATE[42830]: Invalid foreign key: 7 ERROR:  there is no unique constraint ma...
⚠️  Could not add FK fk_team_invitations_invited_by: SQLSTATE[42830]: Invalid foreign key: 7 ERROR:  there is no unique constraint ma...
⚠️  Could not add FK fk_user_orgs_invited_by: SQLSTATE[42830]: Invalid foreign key: 7 ERROR:  there is no unique constraint ma...
✓ Added FK: fk_notifications_org on cmis.notifications.org_id -&gt; cmis.orgs.org_id

✅ Foreign key creation complete!
   Added: 1
   Skipped: 16

✓ Added updated_at to cmis.orgs
✓ Added updated_at to cmis.ad_campaigns
✓ Added updated_at to cmis.ad_metrics
✓ Added updated_at to cmis.ai_actions
✓ Added updated_at to cmis.ai_generated_campaigns
✓ Added updated_at to cmis.ai_models
✓ Added updated_at to cmis.cognitive_tracker_template
✓ Added updated_at to cmis.cognitive_trends
✓ Added updated_at to cmis.compliance_audits
✓ Added updated_at to cmis.content_plans
✓ Added updated_at to cmis.contexts
✓ Added updated_at to cmis.contexts_base
✓ Added updated_at to cmis.copy_components
✓ Added updated_at to cmis.creative_assets
✓ Added updated_at to cmis.creative_briefs
✓ Added updated_at to cmis.experiments
✓ Added updated_at to cmis.export_bundles
✓ Added updated_at to cmis.field_definitions
✓ Added updated_at to cmis.field_values
✓ Added updated_at to cmis.job_batches
✓ Added updated_at to cmis.jobs
✓ Added updated_at to cmis.meta_documentation
✓ Added updated_at to cmis.meta_field_dictionary
✓ Added updated_at to cmis.meta_function_descriptions
✓ Added updated_at to cmis.offerings_full_details
✓ Added updated_at to cmis.offerings_old
✓ Added updated_at to cmis.password_reset_tokens
✓ Added updated_at to cmis.predictive_visual_engine
✓ Added updated_at to cmis.reference_entities
✓ Added updated_at to cmis.roles
✓ Added updated_at to cmis.security_context_audit
✓ Added updated_at to cmis.social_post_metrics
✓ Added updated_at to cmis.social_posts
✓ Added updated_at to cmis.team_account_access
✓ Added updated_at to cmis.user_activities
✓ Added updated_at to cmis.user_sessions
✓ Added updated_at to cmis.value_contexts
</system-out>
    </testcase>
    <testcase name="it_has_many_users" file="/home/user/cmis.marketing.limited/tests/Unit/Models/OrgTest.php" line="41" class="Tests\Unit\Models\OrgTest" classname="Tests.Unit.Models.OrgTest" assertions="0" time="0.538728">
      <error type="Illuminate\Database\QueryException">Tests\Unit\Models\OrgTest::it_has_many_users
Illuminate\Database\QueryException: SQLSTATE[42703]: Undefined column: 7 ERROR:  column "updated_at" of relation "user_orgs" does not exist
LINE 1: ...er_orgs" ("id", "user_id", "org_id", "is_active", "updated_a...
                                                             ^ (Connection: pgsql, SQL: insert into "cmis"."user_orgs" ("id", "user_id", "org_id", "is_active", "updated_at", "created_at") values (4de784fb-719f-4bc6-9618-55f4ea8f2100, ?, 80faabae-8be6-49cb-b482-95d54ab86f90, 1, 2025-11-19 07:07:40, 2025-11-19 07:07:40))

/home/user/cmis.marketing.limited/vendor/laravel/framework/src/Illuminate/Database/Connection.php:824
/home/user/cmis.marketing.limited/vendor/laravel/framework/src/Illuminate/Database/Connection.php:778
/home/user/cmis.marketing.limited/vendor/laravel/framework/src/Illuminate/Database/Connection.php:559
/home/user/cmis.marketing.limited/vendor/laravel/framework/src/Illuminate/Database/Connection.php:523
/home/user/cmis.marketing.limited/vendor/laravel/framework/src/Illuminate/Database/Query/Builder.php:3804
/home/user/cmis.marketing.limited/vendor/laravel/framework/src/Illuminate/Database/Eloquent/Builder.php:2235
/home/user/cmis.marketing.limited/vendor/laravel/framework/src/Illuminate/Database/Eloquent/Model.php:1412
/home/user/cmis.marketing.limited/vendor/laravel/framework/src/Illuminate/Database/Eloquent/Model.php:1240
/home/user/cmis.marketing.limited/vendor/laravel/framework/src/Illuminate/Database/Eloquent/Builder.php:1219
/home/user/cmis.marketing.limited/vendor/laravel/framework/src/Illuminate/Support/helpers.php:390
/home/user/cmis.marketing.limited/vendor/laravel/framework/src/Illuminate/Database/Eloquent/Builder.php:1218
/home/user/cmis.marketing.limited/vendor/laravel/framework/src/Illuminate/Support/Traits/ForwardsCalls.php:23
/home/user/cmis.marketing.limited/vendor/laravel/framework/src/Illuminate/Database/Eloquent/Model.php:2540
/home/user/cmis.marketing.limited/vendor/laravel/framework/src/Illuminate/Database/Eloquent/Model.php:2556
/home/user/cmis.marketing.limited/tests/Unit/Models/OrgTest.php:62</error>
    </testcase>
    <testcase name="it_can_create_an_organization" file="/home/user/cmis.marketing.limited/tests/Unit/Models/OrgTest.php" line="25" class="Tests\Unit\Models\OrgTest" classname="Tests.Unit.Models.OrgTest" assertions="1" time="0.065983"/>
    <testcase name="it_stores_settings_as_json" file="/home/user/cmis.marketing.limited/tests/Unit/Models/OrgTest.php" line="151" class="Tests\Unit\Models\OrgTest" classname="Tests.Unit.Models.OrgTest" assertions="0" time="0.055377">
      <error type="ErrorException">Tests\Unit\Models\OrgTest::it_stores_settings_as_json
ErrorException: Trying to access array offset on null

/home/user/cmis.marketing.limited/vendor/laravel/framework/src/Illuminate/Foundation/Bootstrap/HandleExceptions.php:258
/home/user/cmis.marketing.limited/tests/Unit/Models/OrgTest.php:163</error>
    </testcase>
    <testcase name="it_uses_uuid_as_primary_key" file="/home/user/cmis.marketing.limited/tests/Unit/Models/OrgTest.php" line="105" class="Tests\Unit\Models\OrgTest" classname="Tests.Unit.Models.OrgTest" assertions="2" time="0.056498"/>
    <testcase name="it_can_count_active_campaigns" file="/home/user/cmis.marketing.limited/tests/Unit/Models/OrgTest.php" line="181" class="Tests\Unit\Models\OrgTest" classname="Tests.Unit.Models.OrgTest" assertions="1" time="0.067318"/>
    <testcase name="it_can_be_soft_deleted" file="/home/user/cmis.marketing.limited/tests/Unit/Models/OrgTest.php" line="133" class="Tests\Unit\Models\OrgTest" classname="Tests.Unit.Models.OrgTest" assertions="4" time="0.069652"/>
    <testcase name="it_validates_required_fields" file="/home/user/cmis.marketing.limited/tests/Unit/Models/OrgTest.php" line="214" class="Tests\Unit\Models\OrgTest" classname="Tests.Unit.Models.OrgTest" assertions="1" time="0.063680"/>
    <testcase name="it_enforces_unique_name_constraint" file="/home/user/cmis.marketing.limited/tests/Unit/Models/OrgTest.php" line="117" class="Tests\Unit\Models\OrgTest" classname="Tests.Unit.Models.OrgTest" assertions="1" time="0.058992">
      <failure type="PHPUnit\Framework\ExpectationFailedException">Tests\Unit\Models\OrgTest::it_enforces_unique_name_constraint
Failed asserting that exception of type "Illuminate\Database\QueryException" is thrown.</failure>
    </testcase>
    <testcase name="it_has_timestamps" file="/home/user/cmis.marketing.limited/tests/Unit/Models/OrgTest.php" line="169" class="Tests\Unit\Models\OrgTest" classname="Tests.Unit.Models.OrgTest" assertions="2" time="0.064341"/>
  </testsuite>
</testsuites>
