<?xml version="1.0" encoding="UTF-8"?>
<testsuites>
  <testsuite name="/home/cmis-test/public_html/phpunit.xml" tests="27" assertions="39" errors="1" failures="1" skipped="0" time="20.569959">
    <testsuite name="Unit" tests="27" assertions="39" errors="1" failures="1" skipped="0" time="20.569959">
      <testsuite name="Tests\Unit\Models\Social\SocialPostTest" file="/home/cmis-test/public_html/tests/Unit/Models/Social/SocialPostTest.php" tests="11" assertions="18" errors="0" failures="0" skipped="0" time="18.177734">
        <testcase name="it_stores_carousel_children_media" file="/home/cmis-test/public_html/tests/Unit/Models/Social/SocialPostTest.php" line="307" class="Tests\Unit\Models\Social\SocialPostTest" classname="Tests.Unit.Models.Social.SocialPostTest" assertions="3" time="17.181889">
          <system-out>Enabling RLS on cmis.orgs...
Enabling RLS on cmis.org_markets...
Enabling RLS on cmis.user_orgs...
Enabling RLS on cmis.campaigns...
Enabling RLS on cmis.content_plans...
Enabling RLS on cmis.content_items...
Enabling RLS on cmis.creative_assets...
Enabling RLS on cmis.ad_accounts...
Enabling RLS on cmis.ad_campaigns...
Enabling RLS on cmis.ad_sets...
Enabling RLS on cmis.ad_entities...
Enabling RLS on cmis.ad_metrics...
Creating RLS policy for cmis.orgs...
Creating RLS policy for cmis.org_markets...
Creating RLS policy for cmis.user_orgs...
Creating RLS policy for cmis.campaigns...
Creating RLS policy for cmis.content_plans...
Creating RLS policy for cmis.content_items...
Creating RLS policy for cmis.creative_assets...
Creating RLS policy for cmis.ad_accounts...
Creating RLS policy for cmis.ad_campaigns...
Creating RLS policy for cmis.ad_sets...
Creating RLS policy for cmis.ad_entities...
Creating RLS policy for cmis.ad_metrics...
Row-Level Security enabled successfully!

⚠️  CRITICAL MIGRATION: Converting users.user_id from BIGINT to UUID
This will invalidate all existing user sessions and API tokens.
Press Ctrl+C within 10 seconds to abort...

Step 1/10: Checking current schema...
✓ Users table already uses UUID. Skipping migration.

📊 Adding performance indexes...

Creating indexes for campaigns table...
✓ Created index: idx_campaigns_org_status
✓ Created index: idx_campaigns_dates
✓ Created index: idx_campaigns_created
Creating indexes for content_plans table...
✓ Created index: idx_content_plans_campaign
✓ Created index: idx_content_plans_org_created
Creating indexes for content_items table...
✓ Created index: idx_content_items_plan
✓ Created index: idx_content_items_status
Creating indexes for ad_accounts table...
✓ Created index: idx_ad_accounts_status
Creating indexes for ad_campaigns table...
✓ Created index: idx_ad_campaigns_dates
Creating indexes for ad_metrics table...
Creating indexes for user_orgs table...
✓ Created index: idx_user_orgs_user
✓ Created index: idx_user_orgs_org
Creating indexes for creative_assets table...
✓ Created index: idx_creative_assets_created
Creating indexes for compliance_audits table...
✓ Created index: idx_compliance_audits_status

✓ All performance indexes created successfully!
✓ Query performance should be significantly improved


📊 Adding foreign key constraints for user reference columns...

⚠️  Could not add FK fk_user_permissions_user: SQLSTATE[42830]: Invalid foreign key: 7 ERROR:  there is no unique constraint matching given keys fo...
⚠️  Could not add FK fk_user_activities_user: SQLSTATE[42830]: Invalid foreign key: 7 ERROR:  there is no unique constraint matching given keys fo...
⚠️  Could not add FK fk_user_sessions_user: SQLSTATE[42830]: Invalid foreign key: 7 ERROR:  there is no unique constraint matching given keys fo...
⚠️  Could not add FK fk_sessions_user: SQLSTATE[42830]: Invalid foreign key: 7 ERROR:  there is no unique constraint matching given keys fo...
⚠️  Could not add FK fk_scheduled_social_posts_user: SQLSTATE[42830]: Invalid foreign key: 7 ERROR:  there is no unique constraint matching given keys fo...
⚠️  Could not add FK fk_security_context_audit_user: SQLSTATE[42830]: Invalid foreign key: 7 ERROR:  there is no unique constraint matching given keys fo...
⚠️  Could not add FK fk_audience_templates_created_by: SQLSTATE[42830]: Invalid foreign key: 7 ERROR:  there is no unique constraint matching given keys fo...
⚠️  Could not add FK fk_campaign_context_links_created_by: SQLSTATE[42830]: Invalid foreign key: 7 ERROR:  there is no unique constraint matching given keys fo...
⚠️  Could not add FK fk_campaigns_created_by: SQLSTATE[42830]: Invalid foreign key: 7 ERROR:  there is no unique constraint matching given keys fo...
⚠️  Could not add FK fk_integrations_created_by: SQLSTATE[42830]: Invalid foreign key: 7 ERROR:  there is no unique constraint matching given keys fo...
⚠️  Could not add FK fk_roles_created_by: SQLSTATE[42830]: Invalid foreign key: 7 ERROR:  there is no unique constraint matching given keys fo...
⚠️  Could not add FK fk_campaign_context_links_updated_by: SQLSTATE[42830]: Invalid foreign key: 7 ERROR:  there is no unique constraint matching given keys fo...
⚠️  Could not add FK fk_integrations_updated_by: SQLSTATE[42830]: Invalid foreign key: 7 ERROR:  there is no unique constraint matching given keys fo...
⚠️  Could not add FK fk_team_invitations_invited_by: SQLSTATE[42830]: Invalid foreign key: 7 ERROR:  there is no unique constraint matching given keys fo...
⚠️  Could not add FK fk_user_orgs_invited_by: SQLSTATE[42830]: Invalid foreign key: 7 ERROR:  there is no unique constraint matching given keys fo...

✅ Foreign key migration complete!
   Added: 0
   Skipped: 15

✓ Fixed performance_metrics constraints
✓ Notifications table created with RLS policies

📊 Creating foreign keys directly...

⚠️  Could not add FK fk_user_permissions_user: SQLSTATE[42830]: Invalid foreign key: 7 ERROR:  there is no unique constraint ma...
⚠️  Could not add FK fk_user_activities_user: SQLSTATE[42830]: Invalid foreign key: 7 ERROR:  there is no unique constraint ma...
⚠️  Could not add FK fk_user_sessions_user: SQLSTATE[42830]: Invalid foreign key: 7 ERROR:  there is no unique constraint ma...
⚠️  Could not add FK fk_sessions_user: SQLSTATE[42830]: Invalid foreign key: 7 ERROR:  there is no unique constraint ma...
⚠️  Could not add FK fk_scheduled_social_posts_user: SQLSTATE[42830]: Invalid foreign key: 7 ERROR:  there is no unique constraint ma...
⚠️  Could not add FK fk_security_context_audit_user: SQLSTATE[42830]: Invalid foreign key: 7 ERROR:  there is no unique constraint ma...
⚠️  Could not add FK fk_notifications_user: SQLSTATE[42830]: Invalid foreign key: 7 ERROR:  there is no unique constraint ma...
⚠️  Could not add FK fk_audience_templates_created_by: SQLSTATE[42830]: Invalid foreign key: 7 ERROR:  there is no unique constraint ma...
⚠️  Could not add FK fk_campaign_context_links_created_by: SQLSTATE[42830]: Invalid foreign key: 7 ERROR:  there is no unique constraint ma...
⚠️  Could not add FK fk_campaigns_created_by: SQLSTATE[42830]: Invalid foreign key: 7 ERROR:  there is no unique constraint ma...
⚠️  Could not add FK fk_integrations_created_by: SQLSTATE[42830]: Invalid foreign key: 7 ERROR:  there is no unique constraint ma...
⚠️  Could not add FK fk_roles_created_by: SQLSTATE[42830]: Invalid foreign key: 7 ERROR:  there is no unique constraint ma...
⚠️  Could not add FK fk_campaign_context_links_updated_by: SQLSTATE[42830]: Invalid foreign key: 7 ERROR:  there is no unique constraint ma...
⚠️  Could not add FK fk_integrations_updated_by: SQLSTATE[42830]: Invalid foreign key: 7 ERROR:  there is no unique constraint ma...
⚠️  Could not add FK fk_team_invitations_invited_by: SQLSTATE[42830]: Invalid foreign key: 7 ERROR:  there is no unique constraint ma...
⚠️  Could not add FK fk_user_orgs_invited_by: SQLSTATE[42830]: Invalid foreign key: 7 ERROR:  there is no unique constraint ma...
✓ Added FK: fk_notifications_org on cmis.notifications.org_id -&gt; cmis.orgs.org_id

✅ Foreign key creation complete!
   Added: 1
   Skipped: 16

✓ Added updated_at to cmis.orgs
✓ Added created_at to cmis.user_orgs
✓ Added updated_at to cmis.user_orgs
✓ Added created_at to cmis.org_markets
✓ Added updated_at to cmis.org_markets
✓ Added updated_at to cmis.ad_campaigns
✓ Added updated_at to cmis.ad_metrics
✓ Added updated_at to cmis.ai_actions
✓ Added updated_at to cmis.ai_generated_campaigns
✓ Added updated_at to cmis.ai_models
✓ Added updated_at to cmis.cognitive_tracker_template
✓ Added updated_at to cmis.cognitive_trends
✓ Added updated_at to cmis.compliance_audits
✓ Added updated_at to cmis.content_plans
✓ Added updated_at to cmis.contexts
✓ Added updated_at to cmis.contexts_base
✓ Added updated_at to cmis.copy_components
✓ Added updated_at to cmis.creative_assets
✓ Added updated_at to cmis.creative_briefs
✓ Added updated_at to cmis.experiments
✓ Added updated_at to cmis.export_bundles
✓ Added updated_at to cmis.field_definitions
✓ Added updated_at to cmis.field_values
✓ Added updated_at to cmis.job_batches
✓ Added updated_at to cmis.jobs
✓ Added updated_at to cmis.meta_documentation
✓ Added updated_at to cmis.meta_field_dictionary
✓ Added updated_at to cmis.meta_function_descriptions
✓ Added updated_at to cmis.offerings_full_details
✓ Added updated_at to cmis.offerings_old
✓ Added updated_at to cmis.password_reset_tokens
✓ Added updated_at to cmis.predictive_visual_engine
✓ Added updated_at to cmis.reference_entities
✓ Added updated_at to cmis.roles
✓ Added updated_at to cmis.security_context_audit
✓ Added updated_at to cmis.social_post_metrics
✓ Added updated_at to cmis.social_posts
✓ Added updated_at to cmis.team_account_access
✓ Added updated_at to cmis.user_activities
✓ Added updated_at to cmis.user_sessions
✓ Added updated_at to cmis.value_contexts
✓ Added created_at to cmis.permissions
✓ Added updated_at to cmis.permissions
✓ Added created_at to cmis.role_permissions
✓ Added updated_at to cmis.role_permissions
✓ Added created_at to cmis.user_permissions
✓ Added updated_at to cmis.user_permissions
✓ Added created_at to cmis.social_accounts
✓ Added created_at to cmis.team_invitations
✓ Added updated_at to cmis.team_invitations
✓ Added created_at to cmis.sessions
✓ Added updated_at to cmis.sessions
✓ Added current_org_id to cmis.users
✓ Added status to cmis.users
✓ Added id column to cmis.notifications
✓ Created transaction context functions
✓ Added notifiable_type and notifiable_id to cmis.notifications
✓ Added post_id to cmis.scheduled_social_posts
✓ Added metadata to cmis.users
✓ Added primary key to cmis.users(user_id)
✓ Added account_username to cmis.integrations
✓ Added account_name to cmis.integrations
✓ Added refresh_token to cmis.integrations
✓ Added token_expires_at to cmis.integrations
✓ Added expires_at to cmis.integrations
✓ Added status to cmis.integrations
✓ Added metadata to cmis.integrations
✓ Added scopes to cmis.integrations
✓ Added user_org_id to cmis.user_orgs
✓ Added invited_at to cmis.user_orgs
✓ Made campaign_external_id nullable in cmis.ad_campaigns
✓ Created table: cmis.team_members
✓ Created table: cmis.leads
✓ Created table: cmis.webhooks
✓ Created table: cmis.contacts
✓ Created table: cmis.knowledge_index
✓ Created table: cmis.subscriptions
✓ Created table: cmis.api_logs
✓ Created table: cmis.content_plan_items
✓ Created table: cmis.offerings
✓ Created table: cmis.content
✓ Created table: cmis.platform_connections
✓ Created table: cmis.assets
✓ Created table: cmis.invoices
✓ Created table: cmis.audiences
✓ Created table: cmis.templates
✓ Created table: cmis.posts
✓ Created table: cmis.custom_fields
✓ Created table: cmis.comments
✓ Created table: cmis.budgets
✓ Created table: cmis.audit_logs

✅ Migration complete! Created 20 missing tables.
✓ Added code column to public.markets
✓ Updated cmis.markets view to include code column
✓ Added name column to cmis.permissions

✅ Added missing columns successfully!
✓ Created table: cmis.audience_segments
✓ Created table: cmis.analytics_snapshots
✓ Created table: cmis.analytics_reports
✓ Created table: cmis.activities
✓ Created table: cmis.workflows
✓ Created table: cmis.tags
✓ Created table: cmis.notification_preferences
✓ Created table: cmis.metrics
✓ Created table: cmis.content_media
✓ Created table: cmis.campaign_budgets

✅ Migration complete! Created 10 additional tables.
✓ Added team_member_id to team_members
✓ Added updated_at to api_logs
✓ Added name to markets
✓ Added knowledge_id to knowledge_index
✓ Added platform to posts
✓ Added commentable_type to comments
✓ Added commentable_id to comments
✓ Added total_amount to budgets
✓ Added title to knowledge_index
✓ Added score to leads
✓ Added log_id to audit_logs

✅ All column fixes applied successfully!
✓ Created table: cmis.activity_logs
✓ Created table: cmis.settings
✓ Created table: cmis.schedules
✓ Created table: cmis.campaign_analytics
✓ Created table: cmis.social_posts_v2
✓ Created table: cmis.social_accounts_v2
✓ Created table: cmis.content_plans_v2
✓ Created table: cmis.scheduled_social_posts_v2
✓ Created table: cmis.embeddings_cache
✓ Created table: cmis.campaign_metrics

✅ Migration complete! Created 10 additional tables.
✓ Made event_type nullable in webhooks
✓ Made plan_id nullable in content_plan_items
✓ Made role_name nullable in roles
✓ Made permission_code nullable in permissions
✓ Made brief_data nullable in creative_briefs

✅ All NULL constraint fixes applied!
✓ Added usage_count to assets
✓ Added report_name to analytics_reports
✓ Added activity_id to activity_logs
✓ Added status column to cmis.user_orgs
✓ Added ad_account_id to cmis.ad_campaigns
✓ Added updated_at to public.markets
✓ Created personal_access_tokens table
✓ Made role_code nullable in cmis.roles
✓ Made audience_id nullable in cmis.audience_segments
✓ Updated cmis.markets view with correct columns

✅ All critical schema fixes applied successfully!
✓ Made user_id nullable in cmis.team_members
✓ Made permission_name nullable in cmis.permissions
✓ Made content_id nullable in cmis.content_media
✓ Verified plan_id is nullable in cmis.content_items
✓ Updated cmis.markets view to include both market_name and name

✅ All NOT NULL constraint fixes applied successfully!
Fixing pgvector dimension mismatch (1536 → 768)...
✓ cmis.knowledge_index.embedding already correct or doesn't exist

✅ All pgvector dimension fixes applied successfully!
Note: Gemini text-embedding-004 produces 768-dimensional vectors.

🔧 Fixing remaining schema issues for tests...

⊘ ad_account_id already exists in cmis.ad_campaigns
✓ users.user_id has primary key constraint
⊘ personal_access_tokens table already exists
⊘ status column already exists in cmis.user_orgs
⊘ updated_at already exists in public.markets

✅ All schema fixes completed successfully!
   You can now run the test suite.

</system-out>
        </testcase>
        <testcase name="it_stores_video_urls" file="/home/cmis-test/public_html/tests/Unit/Models/Social/SocialPostTest.php" line="275" class="Tests\Unit\Models\Social\SocialPostTest" classname="Tests.Unit.Models.Social.SocialPostTest" assertions="2" time="0.097542"/>
        <testcase name="it_can_find_by_post_external_id" file="/home/cmis-test/public_html/tests/Unit/Models/Social/SocialPostTest.php" line="242" class="Tests\Unit\Models\Social\SocialPostTest" classname="Tests.Unit.Models.Social.SocialPostTest" assertions="2" time="0.113839"/>
        <testcase name="it_stores_metrics_as_json" file="/home/cmis-test/public_html/tests/Unit/Models/Social/SocialPostTest.php" line="87" class="Tests\Unit\Models\Social\SocialPostTest" classname="Tests.Unit.Models.Social.SocialPostTest" assertions="2" time="0.097714"/>
        <testcase name="it_validates_media_type" file="/home/cmis-test/public_html/tests/Unit/Models/Social/SocialPostTest.php" line="126" class="Tests\Unit\Models\Social\SocialPostTest" classname="Tests.Unit.Models.Social.SocialPostTest" assertions="1" time="0.087998"/>
        <testcase name="it_belongs_to_organization_and_integration" file="/home/cmis-test/public_html/tests/Unit/Models/Social/SocialPostTest.php" line="58" class="Tests\Unit\Models\Social\SocialPostTest" classname="Tests.Unit.Models.Social.SocialPostTest" assertions="2" time="0.097818"/>
        <testcase name="it_can_be_soft_deleted" file="/home/cmis-test/public_html/tests/Unit/Models/Social/SocialPostTest.php" line="210" class="Tests\Unit\Models\Social\SocialPostTest" classname="Tests.Unit.Models.Social.SocialPostTest" assertions="2" time="0.096678"/>
        <testcase name="it_generates_uuid_for_primary_key" file="/home/cmis-test/public_html/tests/Unit/Models/Social/SocialPostTest.php" line="183" class="Tests\Unit\Models\Social\SocialPostTest" classname="Tests.Unit.Models.Social.SocialPostTest" assertions="1" time="0.137811"/>
        <testcase name="it_can_create_a_social_post" file="/home/cmis-test/public_html/tests/Unit/Models/Social/SocialPostTest.php" line="27" class="Tests\Unit\Models\Social\SocialPostTest" classname="Tests.Unit.Models.Social.SocialPostTest" assertions="1" time="0.092846"/>
        <testcase name="it_calculates_engagement_rate" file="/home/cmis-test/public_html/tests/Unit/Models/Social/SocialPostTest.php" line="345" class="Tests\Unit\Models\Social\SocialPostTest" classname="Tests.Unit.Models.Social.SocialPostTest" assertions="1" time="0.088135"/>
        <testcase name="it_validates_provider" file="/home/cmis-test/public_html/tests/Unit/Models/Social/SocialPostTest.php" line="155" class="Tests\Unit\Models\Social\SocialPostTest" classname="Tests.Unit.Models.Social.SocialPostTest" assertions="1" time="0.085464"/>
      </testsuite>
      <testsuite name="Tests\Unit\Formatters\DateFormatterTest" file="/home/cmis-test/public_html/tests/Unit/Formatters/DateFormatterTest.php" tests="13" assertions="19" errors="0" failures="0" skipped="0" time="1.138980">
        <testcase name="it_formats_date_with_time" file="/home/cmis-test/public_html/tests/Unit/Formatters/DateFormatterTest.php" line="42" class="Tests\Unit\Formatters\DateFormatterTest" classname="Tests.Unit.Formatters.DateFormatterTest" assertions="1" time="0.091028"/>
        <testcase name="it_formats_date_for_display" file="/home/cmis-test/public_html/tests/Unit/Formatters/DateFormatterTest.php" line="22" class="Tests\Unit\Formatters\DateFormatterTest" classname="Tests.Unit.Formatters.DateFormatterTest" assertions="1" time="0.076833"/>
        <testcase name="it_gets_quarter_from_date" file="/home/cmis-test/public_html/tests/Unit/Formatters/DateFormatterTest.php" line="246" class="Tests\Unit\Formatters\DateFormatterTest" classname="Tests.Unit.Formatters.DateFormatterTest" assertions="4" time="0.074071"/>
        <testcase name="it_converts_to_timezone" file="/home/cmis-test/public_html/tests/Unit/Formatters/DateFormatterTest.php" line="104" class="Tests\Unit\Formatters\DateFormatterTest" classname="Tests.Unit.Formatters.DateFormatterTest" assertions="1" time="0.085408"/>
        <testcase name="it_formats_month_year" file="/home/cmis-test/public_html/tests/Unit/Formatters/DateFormatterTest.php" line="226" class="Tests\Unit\Formatters\DateFormatterTest" classname="Tests.Unit.Formatters.DateFormatterTest" assertions="1" time="0.081879"/>
        <testcase name="it_formats_date_for_humans" file="/home/cmis-test/public_html/tests/Unit/Formatters/DateFormatterTest.php" line="62" class="Tests\Unit\Formatters\DateFormatterTest" classname="Tests.Unit.Formatters.DateFormatterTest" assertions="1" time="0.091946"/>
        <testcase name="it_gets_start_of_day" file="/home/cmis-test/public_html/tests/Unit/Formatters/DateFormatterTest.php" line="124" class="Tests\Unit\Formatters\DateFormatterTest" classname="Tests.Unit.Formatters.DateFormatterTest" assertions="1" time="0.117920"/>
        <testcase name="it_checks_if_date_is_past" file="/home/cmis-test/public_html/tests/Unit/Formatters/DateFormatterTest.php" line="184" class="Tests\Unit\Formatters\DateFormatterTest" classname="Tests.Unit.Formatters.DateFormatterTest" assertions="2" time="0.078359"/>
        <testcase name="it_calculates_age_from_date" file="/home/cmis-test/public_html/tests/Unit/Formatters/DateFormatterTest.php" line="164" class="Tests\Unit\Formatters\DateFormatterTest" classname="Tests.Unit.Formatters.DateFormatterTest" assertions="1" time="0.090724"/>
        <testcase name="it_formats_iso8601" file="/home/cmis-test/public_html/tests/Unit/Formatters/DateFormatterTest.php" line="271" class="Tests\Unit\Formatters\DateFormatterTest" classname="Tests.Unit.Formatters.DateFormatterTest" assertions="2" time="0.074596"/>
        <testcase name="it_gets_end_of_day" file="/home/cmis-test/public_html/tests/Unit/Formatters/DateFormatterTest.php" line="144" class="Tests\Unit\Formatters\DateFormatterTest" classname="Tests.Unit.Formatters.DateFormatterTest" assertions="1" time="0.079355"/>
        <testcase name="it_checks_if_date_is_future" file="/home/cmis-test/public_html/tests/Unit/Formatters/DateFormatterTest.php" line="205" class="Tests\Unit\Formatters\DateFormatterTest" classname="Tests.Unit.Formatters.DateFormatterTest" assertions="2" time="0.096481"/>
        <testcase name="it_formats_arabic_dates" file="/home/cmis-test/public_html/tests/Unit/Formatters/DateFormatterTest.php" line="82" class="Tests\Unit\Formatters\DateFormatterTest" classname="Tests.Unit.Formatters.DateFormatterTest" assertions="1" time="0.100380"/>
      </testsuite>
      <testsuite name="Tests\Unit\Services\FacebookServiceTest" file="/home/cmis-test/public_html/tests/Unit/Services/FacebookServiceTest.php" tests="3" assertions="2" errors="1" failures="1" skipped="0" time="1.253245">
        <testcase name="it_can_get_comments" file="/home/cmis-test/public_html/tests/Unit/Services/FacebookServiceTest.php" line="198" class="Tests\Unit\Services\FacebookServiceTest" classname="Tests.Unit.Services.FacebookServiceTest" assertions="0" time="0.444105">
          <error type="ErrorException">Tests\Unit\Services\FacebookServiceTest::it_can_get_comments
ErrorException: Undefined array key "success"

/home/cmis-test/public_html/vendor/laravel/framework/src/Illuminate/Foundation/Bootstrap/HandleExceptions.php:258
/home/cmis-test/public_html/tests/Unit/Services/FacebookServiceTest.php:218</error>
        </testcase>
        <testcase name="it_can_reply_to_comment" file="/home/cmis-test/public_html/tests/Unit/Services/FacebookServiceTest.php" line="228" class="Tests\Unit\Services\FacebookServiceTest" classname="Tests.Unit.Services.FacebookServiceTest" assertions="1" time="0.419889"/>
        <testcase name="it_handles_api_errors" file="/home/cmis-test/public_html/tests/Unit/Services/FacebookServiceTest.php" line="300" class="Tests\Unit\Services\FacebookServiceTest" classname="Tests.Unit.Services.FacebookServiceTest" assertions="1" time="0.389252">
          <failure type="PHPUnit\Framework\ExpectationFailedException">Tests\Unit\Services\FacebookServiceTest::it_handles_api_errors
Failed asserting that true is false.

/home/cmis-test/public_html/tests/Unit/Services/FacebookServiceTest.php:313</failure>
        </testcase>
      </testsuite>
    </testsuite>
  </testsuite>
</testsuites>
