<?xml version="1.0" encoding="UTF-8"?>
<testsuites>
  <testsuite name="/home/cmis-test/public_html/phpunit.xml" tests="13" assertions="5" errors="10" failures="1" skipped="0" time="17.386149">
    <testsuite name="Unit" tests="13" assertions="5" errors="10" failures="1" skipped="0" time="17.386149">
      <testsuite name="Tests\Unit\Jobs\UpdateCampaignStatsJobTest" file="/home/cmis-test/public_html/tests/Unit/Jobs/UpdateCampaignStatsJobTest.php" tests="12" assertions="2" errors="10" failures="0" skipped="0" time="17.273530">
        <testcase name="it_calculates_conversion_rate" file="/home/cmis-test/public_html/tests/Unit/Jobs/UpdateCampaignStatsJobTest.php" line="81" class="Tests\Unit\Jobs\UpdateCampaignStatsJobTest" classname="Tests.Unit.Jobs.UpdateCampaignStatsJobTest" assertions="0" time="16.227901">
          <error type="ErrorException">Tests\Unit\Jobs\UpdateCampaignStatsJobTest::it_calculates_conversion_rate
ErrorException: Trying to access array offset on null

/home/cmis-test/public_html/vendor/laravel/framework/src/Illuminate/Foundation/Bootstrap/HandleExceptions.php:258
/home/cmis-test/public_html/tests/Unit/Jobs/UpdateCampaignStatsJobTest.php:98</error>
          <system-out>Enabling RLS on cmis.orgs...
Enabling RLS on cmis.org_markets...
Enabling RLS on cmis.user_orgs...
Enabling RLS on cmis.campaigns...
Enabling RLS on cmis.content_plans...
Enabling RLS on cmis.content_items...
Enabling RLS on cmis.creative_assets...
Enabling RLS on cmis.ad_accounts...
Enabling RLS on cmis.ad_campaigns...
Enabling RLS on cmis.ad_sets...
Enabling RLS on cmis.ad_entities...
Enabling RLS on cmis.ad_metrics...
Creating RLS policy for cmis.orgs...
Creating RLS policy for cmis.org_markets...
Creating RLS policy for cmis.user_orgs...
Creating RLS policy for cmis.campaigns...
Creating RLS policy for cmis.content_plans...
Creating RLS policy for cmis.content_items...
Creating RLS policy for cmis.creative_assets...
Creating RLS policy for cmis.ad_accounts...
Creating RLS policy for cmis.ad_campaigns...
Creating RLS policy for cmis.ad_sets...
Creating RLS policy for cmis.ad_entities...
Creating RLS policy for cmis.ad_metrics...
Row-Level Security enabled successfully!

⚠️  CRITICAL MIGRATION: Converting users.user_id from BIGINT to UUID
This will invalidate all existing user sessions and API tokens.
Press Ctrl+C within 10 seconds to abort...

Step 1/10: Checking current schema...
✓ Users table already uses UUID. Skipping migration.

📊 Adding performance indexes...

Creating indexes for campaigns table...
✓ Created index: idx_campaigns_org_status
✓ Created index: idx_campaigns_dates
✓ Created index: idx_campaigns_created
Creating indexes for content_plans table...
✓ Created index: idx_content_plans_campaign
✓ Created index: idx_content_plans_org_created
Creating indexes for content_items table...
✓ Created index: idx_content_items_plan
✓ Created index: idx_content_items_status
Creating indexes for ad_accounts table...
✓ Created index: idx_ad_accounts_status
Creating indexes for ad_campaigns table...
⚠ Warning: Could not create index idx_ad_campaigns_account: SQLSTATE[42703]: Undefined column: 7 ERROR:  column "ad_account_id" does not exist (Connection: pgsql, SQL: 
                    CREATE INDEX IF NOT EXISTS idx_ad_campaigns_account
                    ON cmis.ad_campaigns (ad_account_id, status)
                )
⚠ Warning: Could not create index idx_ad_campaigns_dates: SQLSTATE[25P02]: In failed sql transaction: 7 ERROR:  current transaction is aborted, commands ignored until end of transaction block (Connection: pgsql, SQL: 
                    CREATE INDEX IF NOT EXISTS idx_ad_campaigns_dates
                    ON cmis.ad_campaigns (start_date, end_date)
                )
Creating indexes for ad_metrics table...
⚠ Warning: Could not create index idx_ad_metrics_entity_date: SQLSTATE[25P02]: In failed sql transaction: 7 ERROR:  current transaction is aborted, commands ignored until end of transaction block (Connection: pgsql, SQL: 
                    CREATE INDEX IF NOT EXISTS idx_ad_metrics_entity_date
                    ON cmis.ad_metrics (ad_entity_id, recorded_at DESC)
                )
⚠ Warning: Could not create index idx_ad_metrics_date: SQLSTATE[25P02]: In failed sql transaction: 7 ERROR:  current transaction is aborted, commands ignored until end of transaction block (Connection: pgsql, SQL: 
                    CREATE INDEX IF NOT EXISTS idx_ad_metrics_date
                    ON cmis.ad_metrics (recorded_at DESC)
                )
⚠ Warning: Could not create index idx_ad_metrics_campaign: SQLSTATE[25P02]: In failed sql transaction: 7 ERROR:  current transaction is aborted, commands ignored until end of transaction block (Connection: pgsql, SQL: 
                    CREATE INDEX IF NOT EXISTS idx_ad_metrics_campaign
                    ON cmis.ad_metrics (ad_campaign_id, recorded_at DESC)
                )
Creating indexes for user_orgs table...
⚠ Warning: Could not create index idx_user_orgs_user: SQLSTATE[25P02]: In failed sql transaction: 7 ERROR:  current transaction is aborted, commands ignored until end of transaction block (Connection: pgsql, SQL: 
                    CREATE INDEX IF NOT EXISTS idx_user_orgs_user
                    ON cmis.user_orgs (user_id, is_active)
                )
⚠ Warning: Could not create index idx_user_orgs_org: SQLSTATE[25P02]: In failed sql transaction: 7 ERROR:  current transaction is aborted, commands ignored until end of transaction block (Connection: pgsql, SQL: 
                    CREATE INDEX IF NOT EXISTS idx_user_orgs_org
                    ON cmis.user_orgs (org_id, is_active)
                )
Creating indexes for creative_assets table...
⚠ Warning: Could not create index idx_creative_assets_org: SQLSTATE[25P02]: In failed sql transaction: 7 ERROR:  current transaction is aborted, commands ignored until end of transaction block (Connection: pgsql, SQL: 
                    CREATE INDEX IF NOT EXISTS idx_creative_assets_org
                    ON cmis.creative_assets (org_id, asset_type)
                )
⚠ Warning: Could not create index idx_creative_assets_created: SQLSTATE[25P02]: In failed sql transaction: 7 ERROR:  current transaction is aborted, commands ignored until end of transaction block (Connection: pgsql, SQL: 
                    CREATE INDEX IF NOT EXISTS idx_creative_assets_created
                    ON cmis.creative_assets (created_at DESC)
                )
Creating indexes for compliance_audits table...
⚠ Warning: Could not create index idx_compliance_audits_content: SQLSTATE[25P02]: In failed sql transaction: 7 ERROR:  current transaction is aborted, commands ignored until end of transaction block (Connection: pgsql, SQL: 
                    CREATE INDEX IF NOT EXISTS idx_compliance_audits_content
                    ON cmis.compliance_audits (content_item_id)
                )
⚠ Warning: Could not create index idx_compliance_audits_status: SQLSTATE[25P02]: In failed sql transaction: 7 ERROR:  current transaction is aborted, commands ignored until end of transaction block (Connection: pgsql, SQL: 
                    CREATE INDEX IF NOT EXISTS idx_compliance_audits_status
                    ON cmis.compliance_audits (status, created_at DESC)
                )
Creating indexes for activity_logs table...
⚠ Warning: Could not create index idx_audit_user_date: SQLSTATE[25P02]: In failed sql transaction: 7 ERROR:  current transaction is aborted, commands ignored until end of transaction block (Connection: pgsql, SQL: 
                    CREATE INDEX IF NOT EXISTS idx_audit_user_date
                    ON cmis_audit.activity_logs (user_id, created_at DESC)
                )
⚠ Warning: Could not create index idx_audit_action: SQLSTATE[25P02]: In failed sql transaction: 7 ERROR:  current transaction is aborted, commands ignored until end of transaction block (Connection: pgsql, SQL: 
                    CREATE INDEX IF NOT EXISTS idx_audit_action
                    ON cmis_audit.activity_logs (action, created_at DESC)
                )
⚠ Warning: Could not create index idx_audit_model: SQLSTATE[25P02]: In failed sql transaction: 7 ERROR:  current transaction is aborted, commands ignored until end of transaction block (Connection: pgsql, SQL: 
                    CREATE INDEX IF NOT EXISTS idx_audit_model
                    ON cmis_audit.activity_logs (model_type, model_id)
                )
Creating indexes for personal_access_tokens table...
⚠ Warning: Could not create index idx_tokens_tokenable: SQLSTATE[25P02]: In failed sql transaction: 7 ERROR:  current transaction is aborted, commands ignored until end of transaction block (Connection: pgsql, SQL: 
                    CREATE INDEX IF NOT EXISTS idx_tokens_tokenable
                    ON personal_access_tokens (tokenable_type, tokenable_id)
                )
⚠ Warning: Could not create index idx_tokens_created: SQLSTATE[25P02]: In failed sql transaction: 7 ERROR:  current transaction is aborted, commands ignored until end of transaction block (Connection: pgsql, SQL: 
                    CREATE INDEX IF NOT EXISTS idx_tokens_created
                    ON personal_access_tokens (created_at DESC)
                )

✓ All performance indexes created successfully!
✓ Query performance should be significantly improved


📊 Adding foreign key constraints for user reference columns...

⚠️  Could not add FK fk_user_permissions_user: SQLSTATE[42830]: Invalid foreign key: 7 ERROR:  there is no unique constraint matching given keys fo...
⚠️  Could not add FK fk_user_activities_user: SQLSTATE[42830]: Invalid foreign key: 7 ERROR:  there is no unique constraint matching given keys fo...
⚠️  Could not add FK fk_user_sessions_user: SQLSTATE[42830]: Invalid foreign key: 7 ERROR:  there is no unique constraint matching given keys fo...
⚠️  Could not add FK fk_sessions_user: SQLSTATE[42830]: Invalid foreign key: 7 ERROR:  there is no unique constraint matching given keys fo...
⚠️  Could not add FK fk_scheduled_social_posts_user: SQLSTATE[42830]: Invalid foreign key: 7 ERROR:  there is no unique constraint matching given keys fo...
⚠️  Could not add FK fk_security_context_audit_user: SQLSTATE[42830]: Invalid foreign key: 7 ERROR:  there is no unique constraint matching given keys fo...
⚠️  Could not add FK fk_audience_templates_created_by: SQLSTATE[42830]: Invalid foreign key: 7 ERROR:  there is no unique constraint matching given keys fo...
⚠️  Could not add FK fk_campaign_context_links_created_by: SQLSTATE[42830]: Invalid foreign key: 7 ERROR:  there is no unique constraint matching given keys fo...
⚠️  Could not add FK fk_campaigns_created_by: SQLSTATE[42830]: Invalid foreign key: 7 ERROR:  there is no unique constraint matching given keys fo...
⚠️  Could not add FK fk_integrations_created_by: SQLSTATE[42830]: Invalid foreign key: 7 ERROR:  there is no unique constraint matching given keys fo...
⚠️  Could not add FK fk_roles_created_by: SQLSTATE[42830]: Invalid foreign key: 7 ERROR:  there is no unique constraint matching given keys fo...
⚠️  Could not add FK fk_campaign_context_links_updated_by: SQLSTATE[42830]: Invalid foreign key: 7 ERROR:  there is no unique constraint matching given keys fo...
⚠️  Could not add FK fk_integrations_updated_by: SQLSTATE[42830]: Invalid foreign key: 7 ERROR:  there is no unique constraint matching given keys fo...
⚠️  Could not add FK fk_team_invitations_invited_by: SQLSTATE[42830]: Invalid foreign key: 7 ERROR:  there is no unique constraint matching given keys fo...
⚠️  Could not add FK fk_user_orgs_invited_by: SQLSTATE[42830]: Invalid foreign key: 7 ERROR:  there is no unique constraint matching given keys fo...

✅ Foreign key migration complete!
   Added: 0
   Skipped: 15

✓ Fixed performance_metrics constraints
✓ Notifications table created with RLS policies

📊 Creating foreign keys directly...

⚠️  Could not add FK fk_user_permissions_user: SQLSTATE[42830]: Invalid foreign key: 7 ERROR:  there is no unique constraint ma...
⚠️  Could not add FK fk_user_activities_user: SQLSTATE[42830]: Invalid foreign key: 7 ERROR:  there is no unique constraint ma...
⚠️  Could not add FK fk_user_sessions_user: SQLSTATE[42830]: Invalid foreign key: 7 ERROR:  there is no unique constraint ma...
⚠️  Could not add FK fk_sessions_user: SQLSTATE[42830]: Invalid foreign key: 7 ERROR:  there is no unique constraint ma...
⚠️  Could not add FK fk_scheduled_social_posts_user: SQLSTATE[42830]: Invalid foreign key: 7 ERROR:  there is no unique constraint ma...
⚠️  Could not add FK fk_security_context_audit_user: SQLSTATE[42830]: Invalid foreign key: 7 ERROR:  there is no unique constraint ma...
⚠️  Could not add FK fk_notifications_user: SQLSTATE[42830]: Invalid foreign key: 7 ERROR:  there is no unique constraint ma...
⚠️  Could not add FK fk_audience_templates_created_by: SQLSTATE[42830]: Invalid foreign key: 7 ERROR:  there is no unique constraint ma...
⚠️  Could not add FK fk_campaign_context_links_created_by: SQLSTATE[42830]: Invalid foreign key: 7 ERROR:  there is no unique constraint ma...
⚠️  Could not add FK fk_campaigns_created_by: SQLSTATE[42830]: Invalid foreign key: 7 ERROR:  there is no unique constraint ma...
⚠️  Could not add FK fk_integrations_created_by: SQLSTATE[42830]: Invalid foreign key: 7 ERROR:  there is no unique constraint ma...
⚠️  Could not add FK fk_roles_created_by: SQLSTATE[42830]: Invalid foreign key: 7 ERROR:  there is no unique constraint ma...
⚠️  Could not add FK fk_campaign_context_links_updated_by: SQLSTATE[42830]: Invalid foreign key: 7 ERROR:  there is no unique constraint ma...
⚠️  Could not add FK fk_integrations_updated_by: SQLSTATE[42830]: Invalid foreign key: 7 ERROR:  there is no unique constraint ma...
⚠️  Could not add FK fk_team_invitations_invited_by: SQLSTATE[42830]: Invalid foreign key: 7 ERROR:  there is no unique constraint ma...
⚠️  Could not add FK fk_user_orgs_invited_by: SQLSTATE[42830]: Invalid foreign key: 7 ERROR:  there is no unique constraint ma...
✓ Added FK: fk_notifications_org on cmis.notifications.org_id -&gt; cmis.orgs.org_id

✅ Foreign key creation complete!
   Added: 1
   Skipped: 16

✓ Added updated_at to cmis.orgs
✓ Added created_at to cmis.user_orgs
✓ Added updated_at to cmis.user_orgs
✓ Added created_at to cmis.org_markets
✓ Added updated_at to cmis.org_markets
✓ Added updated_at to cmis.ad_campaigns
✓ Added updated_at to cmis.ad_metrics
✓ Added updated_at to cmis.ai_actions
✓ Added updated_at to cmis.ai_generated_campaigns
✓ Added updated_at to cmis.ai_models
✓ Added updated_at to cmis.cognitive_tracker_template
✓ Added updated_at to cmis.cognitive_trends
✓ Added updated_at to cmis.compliance_audits
✓ Added updated_at to cmis.content_plans
✓ Added updated_at to cmis.contexts
✓ Added updated_at to cmis.contexts_base
✓ Added updated_at to cmis.copy_components
✓ Added updated_at to cmis.creative_assets
✓ Added updated_at to cmis.creative_briefs
✓ Added updated_at to cmis.experiments
✓ Added updated_at to cmis.export_bundles
✓ Added updated_at to cmis.field_definitions
✓ Added updated_at to cmis.field_values
✓ Added updated_at to cmis.job_batches
✓ Added updated_at to cmis.jobs
✓ Added updated_at to cmis.meta_documentation
✓ Added updated_at to cmis.meta_field_dictionary
✓ Added updated_at to cmis.meta_function_descriptions
✓ Added updated_at to cmis.offerings_full_details
✓ Added updated_at to cmis.offerings_old
✓ Added updated_at to cmis.password_reset_tokens
✓ Added updated_at to cmis.predictive_visual_engine
✓ Added updated_at to cmis.reference_entities
✓ Added updated_at to cmis.roles
✓ Added updated_at to cmis.security_context_audit
✓ Added updated_at to cmis.social_post_metrics
✓ Added updated_at to cmis.social_posts
✓ Added updated_at to cmis.team_account_access
✓ Added updated_at to cmis.user_activities
✓ Added updated_at to cmis.user_sessions
✓ Added updated_at to cmis.value_contexts
✓ Added created_at to cmis.permissions
✓ Added updated_at to cmis.permissions
✓ Added created_at to cmis.role_permissions
✓ Added updated_at to cmis.role_permissions
✓ Added created_at to cmis.user_permissions
✓ Added updated_at to cmis.user_permissions
✓ Added created_at to cmis.social_accounts
✓ Added created_at to cmis.team_invitations
✓ Added updated_at to cmis.team_invitations
✓ Added created_at to cmis.sessions
✓ Added updated_at to cmis.sessions
✓ Added current_org_id to cmis.users
✓ Added status to cmis.users
✓ Added id column to cmis.notifications
✓ Created transaction context functions
✓ Added notifiable_type and notifiable_id to cmis.notifications
✓ Added post_id to cmis.scheduled_social_posts
✓ Added metadata to cmis.users
✓ Added primary key to cmis.users(user_id)
✓ Added account_username to cmis.integrations
✓ Added account_name to cmis.integrations
✓ Added refresh_token to cmis.integrations
✓ Added token_expires_at to cmis.integrations
✓ Added expires_at to cmis.integrations
✓ Added status to cmis.integrations
✓ Added metadata to cmis.integrations
✓ Added scopes to cmis.integrations
✓ Added user_org_id to cmis.user_orgs
✓ Added invited_at to cmis.user_orgs
✓ Made campaign_external_id nullable in cmis.ad_campaigns
✓ Created table: cmis.team_members
✓ Created table: cmis.leads
✓ Created table: cmis.webhooks
✓ Created table: cmis.contacts
✓ Created table: cmis.knowledge_index
✓ Created table: cmis.subscriptions
✓ Created table: cmis.api_logs
✓ Created table: cmis.content_plan_items
✓ Created table: cmis.offerings
✓ Created table: cmis.content
✓ Created table: cmis.platform_connections
✓ Created table: cmis.assets
✓ Created table: cmis.invoices
✓ Created table: cmis.audiences
✓ Created table: cmis.templates
✓ Created table: cmis.posts
✓ Created table: cmis.custom_fields
✓ Created table: cmis.comments
✓ Created table: cmis.budgets
✓ Created table: cmis.audit_logs

✅ Migration complete! Created 20 missing tables.
✓ Added code column to public.markets
✓ Updated cmis.markets view to include code column
✓ Added name column to cmis.permissions

✅ Added missing columns successfully!
✓ Created table: cmis.audience_segments
✓ Created table: cmis.analytics_snapshots
✓ Created table: cmis.analytics_reports
✓ Created table: cmis.activities
✓ Created table: cmis.workflows
✓ Created table: cmis.tags
✓ Created table: cmis.notification_preferences
✓ Created table: cmis.metrics
✓ Created table: cmis.content_media
✓ Created table: cmis.campaign_budgets

✅ Migration complete! Created 10 additional tables.
✓ Added team_member_id to team_members
✓ Added updated_at to api_logs
✓ Added name to markets
✓ Added knowledge_id to knowledge_index
✓ Added platform to posts
✓ Added commentable_type to comments
✓ Added commentable_id to comments
✓ Added total_amount to budgets
✓ Added title to knowledge_index
✓ Added score to leads
✓ Added log_id to audit_logs

✅ All column fixes applied successfully!
✓ Created table: cmis.activity_logs
✓ Created table: cmis.settings
✓ Created table: cmis.schedules
✓ Created table: cmis.campaign_analytics
✓ Created table: cmis.social_posts_v2
✓ Created table: cmis.social_accounts_v2
✓ Created table: cmis.content_plans_v2
✓ Created table: cmis.scheduled_social_posts_v2
✓ Created table: cmis.embeddings_cache
✓ Created table: cmis.campaign_metrics

✅ Migration complete! Created 10 additional tables.
✓ Made event_type nullable in webhooks
✓ Made plan_id nullable in content_plan_items
✓ Made role_name nullable in roles
✓ Made permission_code nullable in permissions
✓ Made brief_data nullable in creative_briefs

✅ All NULL constraint fixes applied!
✓ Added usage_count to assets
✓ Added report_name to analytics_reports
✓ Added activity_id to activity_logs
</system-out>
        </testcase>
        <testcase name="it_stores_stats_snapshot" file="/home/cmis-test/public_html/tests/Unit/Jobs/UpdateCampaignStatsJobTest.php" line="302" class="Tests\Unit\Jobs\UpdateCampaignStatsJobTest" classname="Tests.Unit.Jobs.UpdateCampaignStatsJobTest" assertions="0" time="0.097272">
          <error type="ErrorException">Tests\Unit\Jobs\UpdateCampaignStatsJobTest::it_stores_stats_snapshot
ErrorException: Trying to access array offset on null

/home/cmis-test/public_html/vendor/laravel/framework/src/Illuminate/Foundation/Bootstrap/HandleExceptions.php:258
/home/cmis-test/public_html/tests/Unit/Jobs/UpdateCampaignStatsJobTest.php:319</error>
        </testcase>
        <testcase name="it_aggregates_platform_stats" file="/home/cmis-test/public_html/tests/Unit/Jobs/UpdateCampaignStatsJobTest.php" line="135" class="Tests\Unit\Jobs\UpdateCampaignStatsJobTest" classname="Tests.Unit.Jobs.UpdateCampaignStatsJobTest" assertions="0" time="0.096713">
          <error type="ErrorException">Tests\Unit\Jobs\UpdateCampaignStatsJobTest::it_aggregates_platform_stats
ErrorException: Trying to access array offset on null

/home/cmis-test/public_html/vendor/laravel/framework/src/Illuminate/Foundation/Bootstrap/HandleExceptions.php:258
/home/cmis-test/public_html/tests/Unit/Jobs/UpdateCampaignStatsJobTest.php:152</error>
        </testcase>
        <testcase name="it_handles_campaigns_with_no_data" file="/home/cmis-test/public_html/tests/Unit/Jobs/UpdateCampaignStatsJobTest.php" line="276" class="Tests\Unit\Jobs\UpdateCampaignStatsJobTest" classname="Tests.Unit.Jobs.UpdateCampaignStatsJobTest" assertions="0" time="0.079129">
          <error type="ErrorException">Tests\Unit\Jobs\UpdateCampaignStatsJobTest::it_handles_campaigns_with_no_data
ErrorException: Trying to access array offset on null

/home/cmis-test/public_html/vendor/laravel/framework/src/Illuminate/Foundation/Bootstrap/HandleExceptions.php:258
/home/cmis-test/public_html/tests/Unit/Jobs/UpdateCampaignStatsJobTest.php:293</error>
        </testcase>
        <testcase name="it_calculates_engagement_metrics" file="/home/cmis-test/public_html/tests/Unit/Jobs/UpdateCampaignStatsJobTest.php" line="54" class="Tests\Unit\Jobs\UpdateCampaignStatsJobTest" classname="Tests.Unit.Jobs.UpdateCampaignStatsJobTest" assertions="0" time="0.088176">
          <error type="ErrorException">Tests\Unit\Jobs\UpdateCampaignStatsJobTest::it_calculates_engagement_metrics
ErrorException: Trying to access array offset on null

/home/cmis-test/public_html/vendor/laravel/framework/src/Illuminate/Foundation/Bootstrap/HandleExceptions.php:258
/home/cmis-test/public_html/tests/Unit/Jobs/UpdateCampaignStatsJobTest.php:71</error>
        </testcase>
        <testcase name="it_updates_reach_metrics" file="/home/cmis-test/public_html/tests/Unit/Jobs/UpdateCampaignStatsJobTest.php" line="249" class="Tests\Unit\Jobs\UpdateCampaignStatsJobTest" classname="Tests.Unit.Jobs.UpdateCampaignStatsJobTest" assertions="0" time="0.087036">
          <error type="ErrorException">Tests\Unit\Jobs\UpdateCampaignStatsJobTest::it_updates_reach_metrics
ErrorException: Trying to access array offset on null

/home/cmis-test/public_html/vendor/laravel/framework/src/Illuminate/Foundation/Bootstrap/HandleExceptions.php:258
/home/cmis-test/public_html/tests/Unit/Jobs/UpdateCampaignStatsJobTest.php:266</error>
        </testcase>
        <testcase name="it_can_be_dispatched" file="/home/cmis-test/public_html/tests/Unit/Jobs/UpdateCampaignStatsJobTest.php" line="162" class="Tests\Unit\Jobs\UpdateCampaignStatsJobTest" classname="Tests.Unit.Jobs.UpdateCampaignStatsJobTest" assertions="1" time="0.090655"/>
        <testcase name="it_tracks_cost_per_click" file="/home/cmis-test/public_html/tests/Unit/Jobs/UpdateCampaignStatsJobTest.php" line="219" class="Tests\Unit\Jobs\UpdateCampaignStatsJobTest" classname="Tests.Unit.Jobs.UpdateCampaignStatsJobTest" assertions="0" time="0.095258">
          <error type="ErrorException">Tests\Unit\Jobs\UpdateCampaignStatsJobTest::it_tracks_cost_per_click
ErrorException: Trying to access array offset on null

/home/cmis-test/public_html/vendor/laravel/framework/src/Illuminate/Foundation/Bootstrap/HandleExceptions.php:258
/home/cmis-test/public_html/tests/Unit/Jobs/UpdateCampaignStatsJobTest.php:239</error>
        </testcase>
        <testcase name="it_updates_roi_metrics" file="/home/cmis-test/public_html/tests/Unit/Jobs/UpdateCampaignStatsJobTest.php" line="108" class="Tests\Unit\Jobs\UpdateCampaignStatsJobTest" classname="Tests.Unit.Jobs.UpdateCampaignStatsJobTest" assertions="0" time="0.075836">
          <error type="ErrorException">Tests\Unit\Jobs\UpdateCampaignStatsJobTest::it_updates_roi_metrics
ErrorException: Trying to access array offset on null

/home/cmis-test/public_html/vendor/laravel/framework/src/Illuminate/Foundation/Bootstrap/HandleExceptions.php:258
/home/cmis-test/public_html/tests/Unit/Jobs/UpdateCampaignStatsJobTest.php:125</error>
        </testcase>
        <testcase name="it_calculates_click_through_rate" file="/home/cmis-test/public_html/tests/Unit/Jobs/UpdateCampaignStatsJobTest.php" line="189" class="Tests\Unit\Jobs\UpdateCampaignStatsJobTest" classname="Tests.Unit.Jobs.UpdateCampaignStatsJobTest" assertions="0" time="0.140701">
          <error type="ErrorException">Tests\Unit\Jobs\UpdateCampaignStatsJobTest::it_calculates_click_through_rate
ErrorException: Trying to access array offset on null

/home/cmis-test/public_html/vendor/laravel/framework/src/Illuminate/Foundation/Bootstrap/HandleExceptions.php:258
/home/cmis-test/public_html/tests/Unit/Jobs/UpdateCampaignStatsJobTest.php:209</error>
        </testcase>
        <testcase name="it_updates_campaign_statistics" file="/home/cmis-test/public_html/tests/Unit/Jobs/UpdateCampaignStatsJobTest.php" line="28" class="Tests\Unit\Jobs\UpdateCampaignStatsJobTest" classname="Tests.Unit.Jobs.UpdateCampaignStatsJobTest" assertions="0" time="0.101985">
          <error type="ErrorException">Tests\Unit\Jobs\UpdateCampaignStatsJobTest::it_updates_campaign_statistics
ErrorException: Trying to access array offset on null

/home/cmis-test/public_html/vendor/laravel/framework/src/Illuminate/Foundation/Bootstrap/HandleExceptions.php:258
/home/cmis-test/public_html/tests/Unit/Jobs/UpdateCampaignStatsJobTest.php:45</error>
        </testcase>
        <testcase name="it_respects_org_isolation" file="/home/cmis-test/public_html/tests/Unit/Jobs/UpdateCampaignStatsJobTest.php" line="329" class="Tests\Unit\Jobs\UpdateCampaignStatsJobTest" classname="Tests.Unit.Jobs.UpdateCampaignStatsJobTest" assertions="1" time="0.092868"/>
      </testsuite>
      <testsuite name="Tests\Unit\Models\Creative\ContentPlanTest" file="/home/cmis-test/public_html/tests/Unit/Models/Creative/ContentPlanTest.php" tests="1" assertions="3" errors="0" failures="1" skipped="0" time="0.112619">
        <testcase name="it_cascades_soft_delete_to_content_items" file="/home/cmis-test/public_html/tests/Unit/Models/Creative/ContentPlanTest.php" line="180" class="Tests\Unit\Models\Creative\ContentPlanTest" classname="Tests.Unit.Models.Creative.ContentPlanTest" assertions="3" time="0.112619">
          <failure type="PHPUnit\Framework\ExpectationFailedException">Tests\Unit\Models\Creative\ContentPlanTest::it_cascades_soft_delete_to_content_items
Failed asserting that 1 matches expected 0.

/home/cmis-test/public_html/tests/Unit/Models/Creative/ContentPlanTest.php:211</failure>
        </testcase>
      </testsuite>
    </testsuite>
  </testsuite>
</testsuites>
