<testsuites id="" name="" tests="6" failures="6" skipped="0" errors="0" time="5.109313">
<testsuite name="auth.spec.ts" timestamp="2025-11-14T11:04:16.449Z" hostname="chromium" tests="1" failures="1" skipped="0" time="0.01" errors="0">
<testcase name="Authentication › should display login page" classname="auth.spec.ts" time="0.01">
<failure message="auth.spec.ts:20:3 should display login page" type="FAILURE">
<![CDATA[  [chromium] › auth.spec.ts:20:3 › Authentication › should display login page ──────────────────────

    Error: browserType.launch: 
    ╔══════════════════════════════════════════════════════╗
    ║ Host system is missing dependencies to run browsers. ║
    ║ Please install them with the following command:      ║
    ║                                                      ║
    ║     npx playwright install-deps                      ║
    ║                                                      ║
    ║ Alternatively, use apt:                              ║
    ║     apt-get install libatk1.0-0t64\                  ║
    ║         libatk-bridge2.0-0t64\                       ║
    ║         libatspi2.0-0t64\                            ║
    ║         libxdamage1\                                 ║
    ║         libasound2t64                                ║
    ║                                                      ║
    ║ <3 Playwright Team                                   ║
    ╚══════════════════════════════════════════════════════╝
]]>
</failure>
</testcase>
</testsuite>
<testsuite name="auth.spec.ts" timestamp="2025-11-14T11:04:16.449Z" hostname="firefox" tests="1" failures="1" skipped="0" time="0.009" errors="0">
<testcase name="Authentication › should display login page" classname="auth.spec.ts" time="0.009">
<failure message="auth.spec.ts:20:3 should display login page" type="FAILURE">
<![CDATA[  [firefox] › auth.spec.ts:20:3 › Authentication › should display login page ───────────────────────

    Error: browserType.launch: Executable doesn't exist at /root/.cache/ms-playwright/firefox-1495/firefox/firefox
    ╔═════════════════════════════════════════════════════════════════════════╗
    ║ Looks like Playwright Test or Playwright was just installed or updated. ║
    ║ Please run the following command to download new browsers:              ║
    ║                                                                         ║
    ║     npx playwright install                                              ║
    ║                                                                         ║
    ║ <3 Playwright Team                                                      ║
    ╚═════════════════════════════════════════════════════════════════════════╝
]]>
</failure>
</testcase>
</testsuite>
<testsuite name="auth.spec.ts" timestamp="2025-11-14T11:04:16.449Z" hostname="webkit" tests="1" failures="1" skipped="0" time="0.009" errors="0">
<testcase name="Authentication › should display login page" classname="auth.spec.ts" time="0.009">
<failure message="auth.spec.ts:20:3 should display login page" type="FAILURE">
<![CDATA[  [webkit] › auth.spec.ts:20:3 › Authentication › should display login page ────────────────────────

    Error: browserType.launch: Executable doesn't exist at /root/.cache/ms-playwright/webkit-2215/pw_run.sh
    ╔═════════════════════════════════════════════════════════════════════════╗
    ║ Looks like Playwright Test or Playwright was just installed or updated. ║
    ║ Please run the following command to download new browsers:              ║
    ║                                                                         ║
    ║     npx playwright install                                              ║
    ║                                                                         ║
    ║ <3 Playwright Team                                                      ║
    ╚═════════════════════════════════════════════════════════════════════════╝
]]>
</failure>
</testcase>
</testsuite>
<testsuite name="auth.spec.ts" timestamp="2025-11-14T11:04:16.449Z" hostname="Mobile Chrome" tests="1" failures="1" skipped="0" time="0.008" errors="0">
<testcase name="Authentication › should display login page" classname="auth.spec.ts" time="0.008">
<failure message="auth.spec.ts:20:3 should display login page" type="FAILURE">
<![CDATA[  [Mobile Chrome] › auth.spec.ts:20:3 › Authentication › should display login page ─────────────────

    Error: browserType.launch: 
    ╔══════════════════════════════════════════════════════╗
    ║ Host system is missing dependencies to run browsers. ║
    ║ Please install them with the following command:      ║
    ║                                                      ║
    ║     npx playwright install-deps                      ║
    ║                                                      ║
    ║ Alternatively, use apt:                              ║
    ║     apt-get install libatk1.0-0t64\                  ║
    ║         libatk-bridge2.0-0t64\                       ║
    ║         libatspi2.0-0t64\                            ║
    ║         libxdamage1\                                 ║
    ║         libasound2t64                                ║
    ║                                                      ║
    ║ <3 Playwright Team                                   ║
    ╚══════════════════════════════════════════════════════╝
]]>
</failure>
</testcase>
</testsuite>
<testsuite name="auth.spec.ts" timestamp="2025-11-14T11:04:16.449Z" hostname="Mobile Safari" tests="1" failures="1" skipped="0" time="0.009" errors="0">
<testcase name="Authentication › should display login page" classname="auth.spec.ts" time="0.009">
<failure message="auth.spec.ts:20:3 should display login page" type="FAILURE">
<![CDATA[  [Mobile Safari] › auth.spec.ts:20:3 › Authentication › should display login page ─────────────────

    Error: browserType.launch: Executable doesn't exist at /root/.cache/ms-playwright/webkit-2215/pw_run.sh
    ╔═════════════════════════════════════════════════════════════════════════╗
    ║ Looks like Playwright Test or Playwright was just installed or updated. ║
    ║ Please run the following command to download new browsers:              ║
    ║                                                                         ║
    ║     npx playwright install                                              ║
    ║                                                                         ║
    ║ <3 Playwright Team                                                      ║
    ╚═════════════════════════════════════════════════════════════════════════╝
]]>
</failure>
</testcase>
</testsuite>
<testsuite name="auth.spec.ts" timestamp="2025-11-14T11:04:16.449Z" hostname="iPad" tests="1" failures="1" skipped="0" time="0.008" errors="0">
<testcase name="Authentication › should display login page" classname="auth.spec.ts" time="0.008">
<failure message="auth.spec.ts:20:3 should display login page" type="FAILURE">
<![CDATA[  [iPad] › auth.spec.ts:20:3 › Authentication › should display login page ──────────────────────────

    Error: browserType.launch: 
    ╔══════════════════════════════════════════════════════╗
    ║ Host system is missing dependencies to run browsers. ║
    ║ Please install them with the following command:      ║
    ║                                                      ║
    ║     npx playwright install-deps                      ║
    ║                                                      ║
    ║ Alternatively, use apt:                              ║
    ║     apt-get install libatk1.0-0t64\                  ║
    ║         libatk-bridge2.0-0t64\                       ║
    ║         libatspi2.0-0t64\                            ║
    ║         libxdamage1\                                 ║
    ║         libasound2t64                                ║
    ║                                                      ║
    ║ <3 Playwright Team                                   ║
    ╚══════════════════════════════════════════════════════╝
]]>
</failure>
</testcase>
</testsuite>
</testsuites>